#
# There is insufficient memory for the Java Runtime Environment to continue.
# Native memory allocation (mmap) failed to map 26214400 bytes for Failed to commit area from 0x0000000087c00000 to 0x0000000089500000 of length 26214400.
# Possible reasons:
#   The system is out of physical RAM or swap space
#   The process is running with CompressedOops enabled, and the Java Heap may be blocking the growth of the native heap
# Possible solutions:
#   Reduce memory load on the system
#   Increase physical memory or swap space
#   Check if swap backing store is full
#   Decrease Java heap size (-Xmx/-Xms)
#   Decrease number of Java threads
#   Decrease Java thread stack sizes (-Xss)
#   Set larger code cache with -XX:ReservedCodeCacheSize=
#   JVM is running with Unscaled Compressed Oops mode in which the Java heap is
#     placed in the first 4GB address space. The Java Heap base address is the
#     maximum limit for the native heap growth. Please use -XX:HeapBaseMinAddress
#     to set the Java Heap base and to place the Java Heap above 4GB virtual address.
# This output file may be truncated or incomplete.
#
#  Out of Memory Error (./src/hotspot/os/windows/os_windows.cpp:3521), pid=3236, tid=17536
#
# JRE version: OpenJDK Runtime Environment (11.0.12+7) (build 11.0.12+7-b1504.28-7817840)
# Java VM: OpenJDK 64-Bit Server VM (11.0.12+7-b1504.28-7817840, mixed mode, tiered, compressed oops, g1 gc, windows-amd64)
# No core dump will be written. Minidumps are not enabled by default on client versions of Windows
#

---------------  S U M M A R Y ------------

Command Line: --add-opens=java.base/java.util=ALL-UNNAMED --add-opens=java.base/java.lang=ALL-UNNAMED --add-opens=java.base/java.lang.invoke=ALL-UNNAMED --add-opens=java.base/java.util=ALL-UNNAMED --add-opens=java.prefs/java.util.prefs=ALL-UNNAMED --add-opens=java.prefs/java.util.prefs=ALL-UNNAMED --add-opens=java.base/java.nio.charset=ALL-UNNAMED --add-opens=java.base/java.net=ALL-UNNAMED --add-opens=java.base/java.util.concurrent.atomic=ALL-UNNAMED -Xmx2048m -Dfile.encoding=UTF-8 -Duser.country=KR -Duser.language=ko -Duser.variant org.gradle.launcher.daemon.bootstrap.GradleDaemon 7.3.3

Host: 11th Gen Intel(R) Core(TM) i5-1135G7 @ 2.40GHz, 8 cores, 7G,  Windows 10 , 64 bit Build 19041 (10.0.19041.1706)
Time: Wed Jun 15 11:41:00 2022 대한민국 표준시 elapsed time: 9.411414 seconds (0d 0h 0m 9s)

---------------  T H R E A D  ---------------

Current thread (0x00000212fd154000):  VMThread "VM Thread" [stack: 0x000000d096a00000,0x000000d096b00000] [id=17536]

Stack: [0x000000d096a00000,0x000000d096b00000]
[error occurred during error reporting (printing stack bounds), id 0xc0000005, EXCEPTION_ACCESS_VIOLATION (0xc0000005) at pc=0x00000212e67c12e7]

Native frames: (J=compiled Java code, j=interpreted, Vv=VM code, C=native code)
V  [jvm.dll+0x5fbcea]
V  [jvm.dll+0x731905]
V  [jvm.dll+0x732f1d]
V  [jvm.dll+0x733535]
V  [jvm.dll+0x7334eb]
V  [jvm.dll+0x5fb080]
V  [jvm.dll+0x5fb818]
C  [ntdll.dll+0xa209f]
C  [ntdll.dll+0x51454]
C  [ntdll.dll+0xa0bce]
C  0x00000212e67c12e7

VM_Operation (0x000000d097cf3be0): G1CollectForAllocation, mode: safepoint, requested by thread 0x0000021280e6d000


---------------  P R O C E S S  ---------------

Threads class SMR info:
_java_thread_list=0x0000021281a63d90, length=121, elements={
0x00000212e2caf800, 0x00000212fd15a000, 0x00000212fd177800, 0x00000212fda2e800,
0x00000212fda7d800, 0x00000212fda80000, 0x00000212fda81000, 0x00000212fda8f800,
0x00000212fda91000, 0x00000212fdbe8800, 0x00000212feed0000, 0x00000212fdc18800,
0x0000021280736000, 0x0000021280fd0800, 0x00000212ff28b000, 0x0000021280d4f000,
0x0000021280e6d000, 0x00000212fedda800, 0x00000212802c6800, 0x0000021281333000,
0x0000021281331800, 0x0000021281334000, 0x0000021281332000, 0x00000212808b0800,
0x00000212808ab000, 0x00000212808ac800, 0x00000212808b1800, 0x00000212808ac000,
0x00000212808b2800, 0x00000212808b3000, 0x00000212808b0000, 0x00000212808ad800,
0x00000212808b4000, 0x00000212808ae800, 0x00000212808af000, 0x00000212808b7000,
0x00000212808b5000, 0x00000212808b5800, 0x00000212808b8000, 0x00000212808b9800,
0x00000212fe379000, 0x00000212fe378800, 0x00000212fe37c800, 0x00000212fe37a000,
0x00000212fe377800, 0x00000212fe37d800, 0x00000212fe37e000, 0x00000212fe37f000,
0x00000212fe37b000, 0x00000212fe380000, 0x00000212fe380800, 0x00000212fe381800,
0x00000212fe37b800, 0x00000212fe384000, 0x00000212fe386800, 0x00000212fe384800,
0x00000212fe383000, 0x00000212fe385800, 0x00000212fe382000, 0x00000212815c3800,
0x00000212815c2800, 0x00000212815c4800, 0x00000212815c5000, 0x00000212815c6000,
0x00000212815c7000, 0x00000212815c1000, 0x00000212815c7800, 0x00000212815c2000,
0x00000212815cb800, 0x00000212815ca000, 0x00000212815cb000, 0x00000212815c9800,
0x00000212815cc800, 0x00000212815cd800, 0x00000212815ce000, 0x00000212815c8800,
0x00000212815cf000, 0x00000212815d0000, 0x0000021281f62000, 0x0000021281f63000,
0x0000021281f65800, 0x0000021281f64000, 0x0000021281f64800, 0x0000021281f5f800,
0x0000021281f66800, 0x0000021281f60800, 0x0000021281f61800, 0x0000021281f6a800,
0x0000021281f68000, 0x0000021281f6d000, 0x0000021281f6c000, 0x0000021281f67000,
0x0000021281f6d800, 0x0000021281f6e800, 0x0000021281f6b000, 0x0000021281f68800,
0x0000021281f69800, 0x0000021280857000, 0x0000021280859000, 0x0000021280854000,
0x0000021280855800, 0x0000021280859800, 0x000002128085a800, 0x0000021280855000,
0x000002128085b800, 0x000002128085c000, 0x0000021280856800, 0x000002128085d000,
0x000002128085d800, 0x0000021280858000, 0x000002128085f800, 0x000002128085e800,
0x0000021280862000, 0x0000021280860000, 0x0000021280861000, 0x0000021280862800,
0x0000021283043000, 0x0000021283046800, 0x0000021283047000, 0x0000021283044800,
0x0000021283042000
}

Java Threads: ( => current thread )
  0x00000212e2caf800 JavaThread "main" [_thread_blocked, id=12996, stack(0x000000d096400000,0x000000d096500000)]
  0x00000212fd15a000 JavaThread "Reference Handler" daemon [_thread_blocked, id=1420, stack(0x000000d096b00000,0x000000d096c00000)]
  0x00000212fd177800 JavaThread "Finalizer" daemon [_thread_blocked, id=18868, stack(0x000000d096c00000,0x000000d096d00000)]
  0x00000212fda2e800 JavaThread "Signal Dispatcher" daemon [_thread_blocked, id=12848, stack(0x000000d096d00000,0x000000d096e00000)]
  0x00000212fda7d800 JavaThread "Attach Listener" daemon [_thread_blocked, id=1076, stack(0x000000d096e00000,0x000000d096f00000)]
  0x00000212fda80000 JavaThread "Service Thread" daemon [_thread_blocked, id=5732, stack(0x000000d096f00000,0x000000d097000000)]
  0x00000212fda81000 JavaThread "C2 CompilerThread0" daemon [_thread_in_native, id=14284, stack(0x000000d097000000,0x000000d097100000)]
  0x00000212fda8f800 JavaThread "C1 CompilerThread0" daemon [_thread_blocked, id=4120, stack(0x000000d097100000,0x000000d097200000)]
  0x00000212fda91000 JavaThread "Sweeper thread" daemon [_thread_blocked, id=16260, stack(0x000000d097200000,0x000000d097300000)]
  0x00000212fdbe8800 JavaThread "Common-Cleaner" daemon [_thread_blocked, id=16632, stack(0x000000d097300000,0x000000d097400000)]
  0x00000212feed0000 JavaThread "Daemon health stats" [_thread_blocked, id=3888, stack(0x000000d097700000,0x000000d097800000)]
  0x00000212fdc18800 JavaThread "Incoming local TCP Connector on port 50698" [_thread_in_native, id=19100, stack(0x000000d097500000,0x000000d097600000)]
  0x0000021280736000 JavaThread "Daemon periodic checks" [_thread_blocked, id=19328, stack(0x000000d097800000,0x000000d097900000)]
  0x0000021280fd0800 JavaThread "Daemon" [_thread_blocked, id=19584, stack(0x000000d097900000,0x000000d097a00000)]
  0x00000212ff28b000 JavaThread "Handler for socket connection from /127.0.0.1:50698 to /127.0.0.1:50699" [_thread_in_native, id=19416, stack(0x000000d097a00000,0x000000d097b00000)]
  0x0000021280d4f000 JavaThread "Cancel handler" [_thread_blocked, id=19740, stack(0x000000d097b00000,0x000000d097c00000)]
  0x0000021280e6d000 JavaThread "Daemon worker" [_thread_blocked, id=17656, stack(0x000000d097c00000,0x000000d097d00000)]
  0x00000212fedda800 JavaThread "Asynchronous log dispatcher for DefaultDaemonConnection: socket connection from /127.0.0.1:50698 to /127.0.0.1:50699" [_thread_blocked, id=4024, stack(0x000000d097d00000,0x000000d097e00000)]
  0x00000212802c6800 JavaThread "Stdin handler" [_thread_blocked, id=2948, stack(0x000000d097e00000,0x000000d097f00000)]
  0x0000021281333000 JavaThread "Daemon client event forwarder" [_thread_blocked, id=17380, stack(0x000000d097f00000,0x000000d098000000)]
  0x0000021281331800 JavaThread "Cache worker for journal cache (C:\Users\dede9\.gradle\caches\journal-1)" [_thread_blocked, id=2280, stack(0x000000d098600000,0x000000d098700000)]
  0x0000021281334000 JavaThread "File lock request listener" [_thread_in_native, id=19428, stack(0x000000d098700000,0x000000d098800000)]
  0x0000021281332000 JavaThread "Cache worker for file hash cache (C:\Users\dede9\.gradle\caches\7.3.3\fileHashes)" [_thread_blocked, id=16084, stack(0x000000d098900000,0x000000d098a00000)]
  0x00000212808b0800 JavaThread "Cache worker for file hash cache (C:\Users\dede9\AndroidStudioProjects\teamBUPJ\.gradle\7.3.3\fileHashes)" [_thread_blocked, id=1824, stack(0x000000d098a00000,0x000000d098b00000)]
  0x00000212808ab000 JavaThread "File watcher server" daemon [_thread_in_native, id=1644, stack(0x000000d098b00000,0x000000d098c00000)]
  0x00000212808ac800 JavaThread "File watcher consumer" daemon [_thread_blocked, id=16640, stack(0x000000d098c00000,0x000000d098d00000)]
  0x00000212808b1800 JavaThread "jar transforms" [_thread_blocked, id=1304, stack(0x000000d098d00000,0x000000d098e00000)]
  0x00000212808ac000 JavaThread "jar transforms Thread 2" [_thread_blocked, id=12088, stack(0x000000d098e00000,0x000000d098f00000)]
  0x00000212808b2800 JavaThread "jar transforms Thread 3" [_thread_blocked, id=14404, stack(0x000000d098f00000,0x000000d099000000)]
  0x00000212808b3000 JavaThread "jar transforms Thread 4" [_thread_blocked, id=12400, stack(0x000000d099000000,0x000000d099100000)]
  0x00000212808b0000 JavaThread "jar transforms Thread 5" [_thread_blocked, id=5932, stack(0x000000d099100000,0x000000d099200000)]
  0x00000212808ad800 JavaThread "jar transforms Thread 6" [_thread_blocked, id=19560, stack(0x000000d099200000,0x000000d099300000)]
  0x00000212808b4000 JavaThread "jar transforms Thread 7" [_thread_blocked, id=6136, stack(0x000000d099300000,0x000000d099400000)]
  0x00000212808ae800 JavaThread "jar transforms Thread 8" [_thread_blocked, id=10104, stack(0x000000d099400000,0x000000d099500000)]
  0x00000212808af000 JavaThread "Cache worker for checksums cache (C:\Users\dede9\AndroidStudioProjects\teamBUPJ\.gradle\7.3.3\checksums)" [_thread_blocked, id=1960, stack(0x000000d099500000,0x000000d099600000)]
  0x00000212808b7000 JavaThread "Cache worker for cache directory md-supplier (C:\Users\dede9\.gradle\caches\7.3.3\md-supplier)" [_thread_blocked, id=1436, stack(0x000000d099600000,0x000000d099700000)]
  0x00000212808b5000 JavaThread "Cache worker for cache directory md-rule (C:\Users\dede9\.gradle\caches\7.3.3\md-rule)" [_thread_blocked, id=13844, stack(0x000000d099700000,0x000000d099800000)]
  0x00000212808b5800 JavaThread "Cache worker for execution history cache (C:\Users\dede9\.gradle\caches\7.3.3\executionHistory)" [_thread_blocked, id=19256, stack(0x000000d099800000,0x000000d099900000)]
  0x00000212808b8000 JavaThread "Cache worker for file content cache (C:\Users\dede9\.gradle\caches\7.3.3\fileContent)" [_thread_blocked, id=8972, stack(0x000000d099900000,0x000000d099a00000)]
  0x00000212808b9800 JavaThread "Cache worker for dependencies-accessors (C:\Users\dede9\AndroidStudioProjects\teamBUPJ\.gradle\7.3.3\dependencies-accessors)" [_thread_blocked, id=18360, stack(0x000000d099a00000,0x000000d099b00000)]
  0x00000212fe379000 JavaThread "Cache worker for Build Output Cleanup Cache (C:\Users\dede9\AndroidStudioProjects\teamBUPJ\.gradle\buildOutputCleanup)" [_thread_blocked, id=10340, stack(0x000000d099b00000,0x000000d099c00000)]
  0x00000212fe378800 JavaThread "Unconstrained build operations" [_thread_blocked, id=2984, stack(0x000000d099c00000,0x000000d099d00000)]
  0x00000212fe37c800 JavaThread "Unconstrained build operations Thread 2" [_thread_blocked, id=3428, stack(0x000000d099d00000,0x000000d099e00000)]
  0x00000212fe37a000 JavaThread "Unconstrained build operations Thread 3" [_thread_blocked, id=9208, stack(0x000000d099e00000,0x000000d099f00000)]
  0x00000212fe377800 JavaThread "Unconstrained build operations Thread 4" [_thread_blocked, id=19420, stack(0x000000d099f00000,0x000000d09a000000)]
  0x00000212fe37d800 JavaThread "Unconstrained build operations Thread 5" [_thread_blocked, id=11304, stack(0x000000d09a000000,0x000000d09a100000)]
  0x00000212fe37e000 JavaThread "Unconstrained build operations Thread 6" [_thread_blocked, id=18400, stack(0x000000d09a100000,0x000000d09a200000)]
  0x00000212fe37f000 JavaThread "Unconstrained build operations Thread 7" [_thread_blocked, id=10328, stack(0x000000d09a200000,0x000000d09a300000)]
  0x00000212fe37b000 JavaThread "Unconstrained build operations Thread 8" [_thread_blocked, id=11820, stack(0x000000d09a300000,0x000000d09a400000)]
  0x00000212fe380000 JavaThread "Unconstrained build operations Thread 9" [_thread_blocked, id=1280, stack(0x000000d09a400000,0x000000d09a500000)]
  0x00000212fe380800 JavaThread "Unconstrained build operations Thread 10" [_thread_blocked, id=16192, stack(0x000000d09a500000,0x000000d09a600000)]
  0x00000212fe381800 JavaThread "Unconstrained build operations Thread 11" [_thread_blocked, id=10220, stack(0x000000d09a600000,0x000000d09a700000)]
  0x00000212fe37b800 JavaThread "Unconstrained build operations Thread 12" [_thread_blocked, id=18228, stack(0x000000d09a700000,0x000000d09a800000)]
  0x00000212fe384000 JavaThread "Unconstrained build operations Thread 13" [_thread_blocked, id=15216, stack(0x000000d09a800000,0x000000d09a900000)]
  0x00000212fe386800 JavaThread "Unconstrained build operations Thread 14" [_thread_blocked, id=10492, stack(0x000000d09a900000,0x000000d09aa00000)]
  0x00000212fe384800 JavaThread "Unconstrained build operations Thread 15" [_thread_blocked, id=12804, stack(0x000000d09aa00000,0x000000d09ab00000)]
  0x00000212fe383000 JavaThread "Unconstrained build operations Thread 16" [_thread_blocked, id=16580, stack(0x000000d09ab00000,0x000000d09ac00000)]
  0x00000212fe385800 JavaThread "Unconstrained build operations Thread 17" [_thread_blocked, id=18996, stack(0x000000d09ac00000,0x000000d09ad00000)]
  0x00000212fe382000 JavaThread "Unconstrained build operations Thread 18" [_thread_blocked, id=13012, stack(0x000000d09ad00000,0x000000d09ae00000)]
  0x00000212815c3800 JavaThread "Unconstrained build operations Thread 19" [_thread_blocked, id=440, stack(0x000000d09ae00000,0x000000d09af00000)]
  0x00000212815c2800 JavaThread "Unconstrained build operations Thread 20" [_thread_blocked, id=9180, stack(0x000000d09af00000,0x000000d09b000000)]
  0x00000212815c4800 JavaThread "Unconstrained build operations Thread 21" [_thread_blocked, id=1776, stack(0x000000d09b000000,0x000000d09b100000)]
  0x00000212815c5000 JavaThread "Unconstrained build operations Thread 22" [_thread_blocked, id=4744, stack(0x000000d09b100000,0x000000d09b200000)]
  0x00000212815c6000 JavaThread "Unconstrained build operations Thread 23" [_thread_blocked, id=8552, stack(0x000000d09b200000,0x000000d09b300000)]
  0x00000212815c7000 JavaThread "Unconstrained build operations Thread 24" [_thread_blocked, id=944, stack(0x000000d09b300000,0x000000d09b400000)]
  0x00000212815c1000 JavaThread "Unconstrained build operations Thread 25" [_thread_blocked, id=19680, stack(0x000000d09b400000,0x000000d09b500000)]
  0x00000212815c7800 JavaThread "Unconstrained build operations Thread 26" [_thread_blocked, id=16844, stack(0x000000d09b500000,0x000000d09b600000)]
  0x00000212815c2000 JavaThread "Unconstrained build operations Thread 27" [_thread_blocked, id=18352, stack(0x000000d09b600000,0x000000d09b700000)]
  0x00000212815cb800 JavaThread "Unconstrained build operations Thread 28" [_thread_blocked, id=6132, stack(0x000000d09b700000,0x000000d09b800000)]
  0x00000212815ca000 JavaThread "Unconstrained build operations Thread 29" [_thread_blocked, id=14252, stack(0x000000d09b800000,0x000000d09b900000)]
  0x00000212815cb000 JavaThread "Unconstrained build operations Thread 30" [_thread_blocked, id=4300, stack(0x000000d09b900000,0x000000d09ba00000)]
  0x00000212815c9800 JavaThread "Unconstrained build operations Thread 31" [_thread_blocked, id=6108, stack(0x000000d09ba00000,0x000000d09bb00000)]
  0x00000212815cc800 JavaThread "Unconstrained build operations Thread 32" [_thread_blocked, id=17696, stack(0x000000d09bb00000,0x000000d09bc00000)]
  0x00000212815cd800 JavaThread "Unconstrained build operations Thread 33" [_thread_blocked, id=14144, stack(0x000000d09bc00000,0x000000d09bd00000)]
  0x00000212815ce000 JavaThread "Unconstrained build operations Thread 34" [_thread_blocked, id=14152, stack(0x000000d09bd00000,0x000000d09be00000)]
  0x00000212815c8800 JavaThread "Unconstrained build operations Thread 35" [_thread_blocked, id=10332, stack(0x000000d09be00000,0x000000d09bf00000)]
  0x00000212815cf000 JavaThread "Unconstrained build operations Thread 36" [_thread_blocked, id=12648, stack(0x000000d09bf00000,0x000000d09c000000)]
  0x00000212815d0000 JavaThread "Unconstrained build operations Thread 37" [_thread_blocked, id=4672, stack(0x000000d09c000000,0x000000d09c100000)]
  0x0000021281f62000 JavaThread "Unconstrained build operations Thread 38" [_thread_blocked, id=10260, stack(0x000000d09c100000,0x000000d09c200000)]
  0x0000021281f63000 JavaThread "Unconstrained build operations Thread 39" [_thread_blocked, id=17000, stack(0x000000d09c200000,0x000000d09c300000)]
  0x0000021281f65800 JavaThread "Unconstrained build operations Thread 40" [_thread_blocked, id=11000, stack(0x000000d09c300000,0x000000d09c400000)]
  0x0000021281f64000 JavaThread "Unconstrained build operations Thread 41" [_thread_blocked, id=16048, stack(0x000000d09c400000,0x000000d09c500000)]
  0x0000021281f64800 JavaThread "Unconstrained build operations Thread 42" [_thread_blocked, id=11476, stack(0x000000d09c500000,0x000000d09c600000)]
  0x0000021281f5f800 JavaThread "Unconstrained build operations Thread 43" [_thread_blocked, id=3844, stack(0x000000d09c600000,0x000000d09c700000)]
  0x0000021281f66800 JavaThread "Unconstrained build operations Thread 44" [_thread_blocked, id=292, stack(0x000000d09c700000,0x000000d09c800000)]
  0x0000021281f60800 JavaThread "Unconstrained build operations Thread 45" [_thread_blocked, id=6228, stack(0x000000d09c800000,0x000000d09c900000)]
  0x0000021281f61800 JavaThread "Unconstrained build operations Thread 46" [_thread_blocked, id=14400, stack(0x000000d09c900000,0x000000d09ca00000)]
  0x0000021281f6a800 JavaThread "Unconstrained build operations Thread 47" [_thread_blocked, id=17092, stack(0x000000d09ca00000,0x000000d09cb00000)]
  0x0000021281f68000 JavaThread "Unconstrained build operations Thread 48" [_thread_blocked, id=6308, stack(0x000000d09cb00000,0x000000d09cc00000)]
  0x0000021281f6d000 JavaThread "Unconstrained build operations Thread 49" [_thread_blocked, id=17348, stack(0x000000d09cc00000,0x000000d09cd00000)]
  0x0000021281f6c000 JavaThread "Unconstrained build operations Thread 50" [_thread_blocked, id=2696, stack(0x000000d09cd00000,0x000000d09ce00000)]
  0x0000021281f67000 JavaThread "Unconstrained build operations Thread 51" [_thread_blocked, id=13900, stack(0x000000d09ce00000,0x000000d09cf00000)]
  0x0000021281f6d800 JavaThread "Unconstrained build operations Thread 52" [_thread_blocked, id=15644, stack(0x000000d09cf00000,0x000000d09d000000)]
  0x0000021281f6e800 JavaThread "Unconstrained build operations Thread 53" [_thread_blocked, id=18584, stack(0x000000d09d000000,0x000000d09d100000)]
  0x0000021281f6b000 JavaThread "Unconstrained build operations Thread 54" [_thread_blocked, id=15472, stack(0x000000d09d100000,0x000000d09d200000)]
  0x0000021281f68800 JavaThread "Unconstrained build operations Thread 55" [_thread_blocked, id=14200, stack(0x000000d09d200000,0x000000d09d300000)]
  0x0000021281f69800 JavaThread "Unconstrained build operations Thread 56" [_thread_blocked, id=20032, stack(0x000000d09d300000,0x000000d09d400000)]
  0x0000021280857000 JavaThread "Unconstrained build operations Thread 57" [_thread_blocked, id=2768, stack(0x000000d09d400000,0x000000d09d500000)]
  0x0000021280859000 JavaThread "Unconstrained build operations Thread 58" [_thread_blocked, id=132, stack(0x000000d09d500000,0x000000d09d600000)]
  0x0000021280854000 JavaThread "Unconstrained build operations Thread 59" [_thread_blocked, id=12252, stack(0x000000d09d600000,0x000000d09d700000)]
  0x0000021280855800 JavaThread "Unconstrained build operations Thread 60" [_thread_blocked, id=15676, stack(0x000000d09d700000,0x000000d09d800000)]
  0x0000021280859800 JavaThread "Unconstrained build operations Thread 61" [_thread_blocked, id=8736, stack(0x000000d09d800000,0x000000d09d900000)]
  0x000002128085a800 JavaThread "Unconstrained build operations Thread 62" [_thread_blocked, id=16448, stack(0x000000d09d900000,0x000000d09da00000)]
  0x0000021280855000 JavaThread "Unconstrained build operations Thread 63" [_thread_blocked, id=4048, stack(0x000000d09da00000,0x000000d09db00000)]
  0x000002128085b800 JavaThread "Unconstrained build operations Thread 64" [_thread_blocked, id=13608, stack(0x000000d09db00000,0x000000d09dc00000)]
  0x000002128085c000 JavaThread "Unconstrained build operations Thread 65" [_thread_blocked, id=5788, stack(0x000000d09dc00000,0x000000d09dd00000)]
  0x0000021280856800 JavaThread "Unconstrained build operations Thread 66" [_thread_blocked, id=7380, stack(0x000000d09dd00000,0x000000d09de00000)]
  0x000002128085d000 JavaThread "Unconstrained build operations Thread 67" [_thread_blocked, id=18096, stack(0x000000d09de00000,0x000000d09df00000)]
  0x000002128085d800 JavaThread "Unconstrained build operations Thread 68" [_thread_blocked, id=19692, stack(0x000000d09df00000,0x000000d09e000000)]
  0x0000021280858000 JavaThread "Unconstrained build operations Thread 69" [_thread_blocked, id=17120, stack(0x000000d09e000000,0x000000d09e100000)]
  0x000002128085f800 JavaThread "Unconstrained build operations Thread 70" [_thread_blocked, id=11628, stack(0x000000d09e100000,0x000000d09e200000)]
  0x000002128085e800 JavaThread "Unconstrained build operations Thread 71" [_thread_blocked, id=13424, stack(0x000000d09e200000,0x000000d09e300000)]
  0x0000021280862000 JavaThread "Unconstrained build operations Thread 72" [_thread_blocked, id=16960, stack(0x000000d09e300000,0x000000d09e400000)]
  0x0000021280860000 JavaThread "Unconstrained build operations Thread 73" [_thread_blocked, id=4800, stack(0x000000d09e400000,0x000000d09e500000)]
  0x0000021280861000 JavaThread "Unconstrained build operations Thread 74" [_thread_blocked, id=19544, stack(0x000000d09e500000,0x000000d09e600000)]
  0x0000021280862800 JavaThread "Unconstrained build operations Thread 75" [_thread_blocked, id=15476, stack(0x000000d09e600000,0x000000d09e700000)]
  0x0000021283043000 JavaThread "Unconstrained build operations Thread 76" [_thread_blocked, id=16268, stack(0x000000d09e700000,0x000000d09e800000)]
  0x0000021283046800 JavaThread "Unconstrained build operations Thread 77" [_thread_blocked, id=18000, stack(0x000000d09e800000,0x000000d09e900000)]
  0x0000021283047000 JavaThread "Unconstrained build operations Thread 78" [_thread_blocked, id=3360, stack(0x000000d09e900000,0x000000d09ea00000)]
  0x0000021283044800 JavaThread "Unconstrained build operations Thread 79" [_thread_blocked, id=20412, stack(0x000000d09ea00000,0x000000d09eb00000)]
  0x0000021283042000 JavaThread "Unconstrained build operations Thread 80" [_thread_blocked, id=10508, stack(0x000000d09eb00000,0x000000d09ec00000)]

Other Threads:
=>0x00000212fd154000 VMThread "VM Thread" [stack: 0x000000d096a00000,0x000000d096b00000] [id=17536]
  0x00000212fdbeb800 WatcherThread [stack: 0x000000d097400000,0x000000d097500000] [id=17708]
  0x00000212e2cc7800 GCTaskThread "GC Thread#0" [stack: 0x000000d096500000,0x000000d096600000] [id=10912]
  0x00000212fe72f000 GCTaskThread "GC Thread#1" [stack: 0x000000d097600000,0x000000d097700000] [id=7636]
  0x00000212feeb4800 GCTaskThread "GC Thread#2" [stack: 0x000000d098000000,0x000000d098100000] [id=13768]
  0x0000021280d4a000 GCTaskThread "GC Thread#3" [stack: 0x000000d098100000,0x000000d098200000] [id=8876]
  0x0000021280e50000 GCTaskThread "GC Thread#4" [stack: 0x000000d098200000,0x000000d098300000] [id=2320]
  0x0000021280681000 GCTaskThread "GC Thread#5" [stack: 0x000000d098300000,0x000000d098400000] [id=10892]
  0x00000212802b3800 GCTaskThread "GC Thread#6" [stack: 0x000000d098400000,0x000000d098500000] [id=8224]
  0x00000212feda7000 GCTaskThread "GC Thread#7" [stack: 0x000000d098500000,0x000000d098600000] [id=10204]
  0x00000212e2cf8800 ConcurrentGCThread "G1 Main Marker" [stack: 0x000000d096600000,0x000000d096700000] [id=10584]
  0x00000212e2cfa000 ConcurrentGCThread "G1 Conc#0" [stack: 0x000000d096700000,0x000000d096800000] [id=10168]
  0x0000021280e82000 ConcurrentGCThread "G1 Conc#1" [stack: 0x000000d098800000,0x000000d098900000] [id=13268]
  0x00000212e2d8e000 ConcurrentGCThread "G1 Refine#0" [stack: 0x000000d096800000,0x000000d096900000] [id=18544]
  0x00000212fcfa2800 ConcurrentGCThread "G1 Young RemSet Sampling" [stack: 0x000000d096900000,0x000000d096a00000] [id=7552]

Threads with active compile tasks:
C2 CompilerThread0   9433 6788       4       org.objectweb.asm.Frame::execute (2318 bytes)

VM state:at safepoint (normal execution)

VM Mutex/Monitor currently owned by a thread:  ([mutex/lock_event])
[0x00000212e2cabc00] Threads_lock - owner thread: 0x00000212fd154000
[0x00000212e2cab300] Heap_lock - owner thread: 0x0000021280e6d000

Heap address: 0x0000000080000000, size: 2048 MB, Compressed Oops mode: 32-bit
Narrow klass base: 0x0000000000000000, Narrow klass shift: 3
Compressed class space size: 1073741824 Address: 0x0000000100000000

Heap:
 garbage-first heap   total 152576K, used 76409K [0x0000000080000000, 0x0000000100000000)
  region size 1024K, 4 young (4096K), 4 survivors (4096K)
 Metaspace       used 65363K, capacity 67289K, committed 67532K, reserved 1107968K
  class space    used 8449K, capacity 9132K, committed 9164K, reserved 1048576K
Heap Regions: E=young(eden), S=young(survivor), O=old, HS=humongous(starts), HC=humongous(continues), CS=collection set, F=free, A=archive, TAMS=top-at-mark-start (previous, next)
|   0|0x0000000080000000, 0x0000000080100000, 0x0000000080100000|100%| O|  |TAMS 0x0000000080100000, 0x0000000080000000| Untracked 
|   1|0x0000000080100000, 0x0000000080200000, 0x0000000080200000|100%| O|  |TAMS 0x0000000080200000, 0x0000000080100000| Untracked 
|   2|0x0000000080200000, 0x0000000080300000, 0x0000000080300000|100%| O|  |TAMS 0x0000000080300000, 0x0000000080200000| Untracked 
|   3|0x0000000080300000, 0x0000000080400000, 0x0000000080400000|100%|HS|  |TAMS 0x0000000080400000, 0x0000000080300000| Complete 
|   4|0x0000000080400000, 0x0000000080500000, 0x0000000080500000|100%|HC|  |TAMS 0x0000000080500000, 0x0000000080400000| Complete 
|   5|0x0000000080500000, 0x0000000080600000, 0x0000000080600000|100%|HC|  |TAMS 0x0000000080600000, 0x0000000080500000| Complete 
|   6|0x0000000080600000, 0x0000000080700000, 0x0000000080700000|100%| O|  |TAMS 0x0000000080700000, 0x0000000080600000| Untracked 
|   7|0x0000000080700000, 0x0000000080800000, 0x0000000080800000|100%| O|  |TAMS 0x0000000080800000, 0x0000000080700000| Untracked 
|   8|0x0000000080800000, 0x0000000080900000, 0x0000000080900000|100%| O|  |TAMS 0x0000000080900000, 0x0000000080800000| Untracked 
|   9|0x0000000080900000, 0x0000000080a00000, 0x0000000080a00000|100%| O|  |TAMS 0x0000000080a00000, 0x0000000080900000| Untracked 
|  10|0x0000000080a00000, 0x0000000080b00000, 0x0000000080b00000|100%| O|  |TAMS 0x0000000080b00000, 0x0000000080a00000| Untracked 
|  11|0x0000000080b00000, 0x0000000080c00000, 0x0000000080c00000|100%| O|  |TAMS 0x0000000080c00000, 0x0000000080b00000| Untracked 
|  12|0x0000000080c00000, 0x0000000080d00000, 0x0000000080d00000|100%| O|  |TAMS 0x0000000080d00000, 0x0000000080c00000| Untracked 
|  13|0x0000000080d00000, 0x0000000080e00000, 0x0000000080e00000|100%| O|  |TAMS 0x0000000080e00000, 0x0000000080d00000| Untracked 
|  14|0x0000000080e00000, 0x0000000080f00000, 0x0000000080f00000|100%| O|  |TAMS 0x0000000080f00000, 0x0000000080e00000| Untracked 
|  15|0x0000000080f00000, 0x0000000081000000, 0x0000000081000000|100%| O|  |TAMS 0x0000000081000000, 0x0000000080f00000| Untracked 
|  16|0x0000000081000000, 0x0000000081100000, 0x0000000081100000|100%|HS|  |TAMS 0x0000000081100000, 0x0000000081000000| Complete 
|  17|0x0000000081100000, 0x0000000081200000, 0x0000000081200000|100%|HC|  |TAMS 0x0000000081200000, 0x0000000081100000| Complete 
|  18|0x0000000081200000, 0x0000000081300000, 0x0000000081300000|100%|HS|  |TAMS 0x0000000081300000, 0x0000000081200000| Complete 
|  19|0x0000000081300000, 0x0000000081400000, 0x0000000081400000|100%|HC|  |TAMS 0x0000000081400000, 0x0000000081300000| Complete 
|  20|0x0000000081400000, 0x0000000081500000, 0x0000000081500000|100%|HC|  |TAMS 0x0000000081500000, 0x0000000081400000| Complete 
|  21|0x0000000081500000, 0x0000000081600000, 0x0000000081600000|100%|HS|  |TAMS 0x0000000081600000, 0x0000000081500000| Complete 
|  22|0x0000000081600000, 0x0000000081700000, 0x0000000081700000|100%|HS|  |TAMS 0x0000000081700000, 0x0000000081600000| Complete 
|  23|0x0000000081700000, 0x0000000081800000, 0x0000000081800000|100%|HC|  |TAMS 0x0000000081800000, 0x0000000081700000| Complete 
|  24|0x0000000081800000, 0x0000000081900000, 0x0000000081900000|100%|HC|  |TAMS 0x0000000081900000, 0x0000000081800000| Complete 
|  25|0x0000000081900000, 0x0000000081a00000, 0x0000000081a00000|100%|HC|  |TAMS 0x0000000081a00000, 0x0000000081900000| Complete 
|  26|0x0000000081a00000, 0x0000000081b00000, 0x0000000081b00000|100%| O|  |TAMS 0x0000000081b00000, 0x0000000081a00000| Untracked 
|  27|0x0000000081b00000, 0x0000000081c00000, 0x0000000081c00000|100%| O|  |TAMS 0x0000000081c00000, 0x0000000081b00000| Untracked 
|  28|0x0000000081c00000, 0x0000000081d00000, 0x0000000081d00000|100%| O|  |TAMS 0x0000000081d00000, 0x0000000081c00000| Untracked 
|  29|0x0000000081d00000, 0x0000000081e00000, 0x0000000081e00000|100%| O|  |TAMS 0x0000000081e00000, 0x0000000081d00000| Untracked 
|  30|0x0000000081e00000, 0x0000000081f00000, 0x0000000081f00000|100%| O|  |TAMS 0x0000000081f00000, 0x0000000081e00000| Untracked 
|  31|0x0000000081f00000, 0x0000000082000000, 0x0000000082000000|100%| O|  |TAMS 0x0000000082000000, 0x0000000081f00000| Untracked 
|  32|0x0000000082000000, 0x0000000082100000, 0x0000000082100000|100%| O|  |TAMS 0x0000000082100000, 0x0000000082000000| Untracked 
|  33|0x0000000082100000, 0x0000000082200000, 0x0000000082200000|100%| O|  |TAMS 0x0000000082200000, 0x0000000082100000| Untracked 
|  34|0x0000000082200000, 0x0000000082300000, 0x0000000082300000|100%|HS|  |TAMS 0x0000000082300000, 0x0000000082200000| Complete 
|  35|0x0000000082300000, 0x0000000082400000, 0x0000000082400000|100%|HS|  |TAMS 0x0000000082400000, 0x0000000082300000| Complete 
|  36|0x0000000082400000, 0x0000000082500000, 0x0000000082500000|100%|HC|  |TAMS 0x0000000082500000, 0x0000000082400000| Complete 
|  37|0x0000000082500000, 0x0000000082600000, 0x0000000082600000|100%|HC|  |TAMS 0x0000000082600000, 0x0000000082500000| Complete 
|  38|0x0000000082600000, 0x0000000082700000, 0x0000000082700000|100%| O|  |TAMS 0x0000000082700000, 0x0000000082600000| Untracked 
|  39|0x0000000082700000, 0x0000000082800000, 0x0000000082800000|100%| O|  |TAMS 0x0000000082800000, 0x0000000082700000| Untracked 
|  40|0x0000000082800000, 0x0000000082900000, 0x0000000082900000|100%| O|  |TAMS 0x0000000082900000, 0x0000000082800000| Untracked 
|  41|0x0000000082900000, 0x0000000082a00000, 0x0000000082a00000|100%| O|  |TAMS 0x0000000082a00000, 0x0000000082900000| Untracked 
|  42|0x0000000082a00000, 0x0000000082b00000, 0x0000000082b00000|100%| O|  |TAMS 0x0000000082b00000, 0x0000000082a00000| Untracked 
|  43|0x0000000082b00000, 0x0000000082c00000, 0x0000000082c00000|100%| O|  |TAMS 0x0000000082c00000, 0x0000000082b00000| Untracked 
|  44|0x0000000082c00000, 0x0000000082d00000, 0x0000000082d00000|100%| O|  |TAMS 0x0000000082d00000, 0x0000000082c00000| Untracked 
|  45|0x0000000082d00000, 0x0000000082e00000, 0x0000000082e00000|100%| O|  |TAMS 0x0000000082e00000, 0x0000000082d00000| Untracked 
|  46|0x0000000082e00000, 0x0000000082f00000, 0x0000000082f00000|100%| O|  |TAMS 0x0000000082f00000, 0x0000000082e00000| Untracked 
|  47|0x0000000082f00000, 0x0000000083000000, 0x0000000083000000|100%| O|  |TAMS 0x0000000083000000, 0x0000000082f00000| Untracked 
|  48|0x0000000083000000, 0x0000000083100000, 0x0000000083100000|100%|HS|  |TAMS 0x0000000083100000, 0x0000000083000000| Complete 
|  49|0x0000000083100000, 0x0000000083200000, 0x0000000083200000|100%|HC|  |TAMS 0x0000000083200000, 0x0000000083100000| Complete 
|  50|0x0000000083200000, 0x0000000083300000, 0x0000000083300000|100%|HC|  |TAMS 0x0000000083300000, 0x0000000083200000| Complete 
|  51|0x0000000083300000, 0x0000000083400000, 0x0000000083400000|100%|HC|  |TAMS 0x0000000083400000, 0x0000000083300000| Complete 
|  52|0x0000000083400000, 0x0000000083500000, 0x0000000083500000|100%| O|  |TAMS 0x0000000083500000, 0x0000000083400000| Untracked 
|  53|0x0000000083500000, 0x0000000083600000, 0x0000000083600000|100%| O|  |TAMS 0x0000000083600000, 0x0000000083500000| Untracked 
|  54|0x0000000083600000, 0x0000000083700000, 0x0000000083700000|100%|HS|  |TAMS 0x0000000083700000, 0x0000000083600000| Complete 
|  55|0x0000000083700000, 0x0000000083800000, 0x0000000083800000|100%|HS|  |TAMS 0x0000000083800000, 0x0000000083700000| Complete 
|  56|0x0000000083800000, 0x0000000083900000, 0x0000000083900000|100%| O|  |TAMS 0x0000000083900000, 0x0000000083800000| Untracked 
|  57|0x0000000083900000, 0x0000000083a00000, 0x0000000083a00000|100%| O|  |TAMS 0x0000000083a00000, 0x0000000083900000| Untracked 
|  58|0x0000000083a00000, 0x0000000083b00000, 0x0000000083b00000|100%| O|  |TAMS 0x0000000083b00000, 0x0000000083a00000| Untracked 
|  59|0x0000000083b00000, 0x0000000083c00000, 0x0000000083c00000|100%| O|  |TAMS 0x0000000083c00000, 0x0000000083b00000| Untracked 
|  60|0x0000000083c00000, 0x0000000083d00000, 0x0000000083d00000|100%|HS|  |TAMS 0x0000000083d00000, 0x0000000083c00000| Complete 
|  61|0x0000000083d00000, 0x0000000083e00000, 0x0000000083e00000|100%|HC|  |TAMS 0x0000000083e00000, 0x0000000083d00000| Complete 
|  62|0x0000000083e00000, 0x0000000083f00000, 0x0000000083f00000|100%| O|  |TAMS 0x0000000083f00000, 0x0000000083e00000| Untracked 
|  63|0x0000000083f00000, 0x0000000084000000, 0x0000000084000000|100%| O|  |TAMS 0x0000000084000000, 0x0000000083f00000| Untracked 
|  64|0x0000000084000000, 0x0000000084100000, 0x0000000084100000|100%| O|  |TAMS 0x0000000084100000, 0x0000000084000000| Untracked 
|  65|0x0000000084100000, 0x0000000084200000, 0x0000000084200000|100%| O|  |TAMS 0x0000000084200000, 0x0000000084100000| Untracked 
|  66|0x0000000084200000, 0x0000000084300000, 0x0000000084300000|100%| O|  |TAMS 0x0000000084300000, 0x0000000084200000| Untracked 
|  67|0x0000000084300000, 0x0000000084400000, 0x0000000084400000|100%| O|  |TAMS 0x0000000084400000, 0x0000000084300000| Untracked 
|  68|0x0000000084400000, 0x0000000084500000, 0x0000000084500000|100%| O|  |TAMS 0x0000000084500000, 0x0000000084400000| Untracked 
|  69|0x0000000084500000, 0x0000000084600000, 0x0000000084600000|100%| O|  |TAMS 0x0000000084600000, 0x0000000084500000| Untracked 
|  70|0x0000000084600000, 0x0000000084700000, 0x0000000084700000|100%| O|  |TAMS 0x000000008469c400, 0x0000000084600000| Untracked 
|  71|0x0000000084700000, 0x000000008470c400, 0x0000000084800000|  4%| O|  |TAMS 0x0000000084700000, 0x0000000084700000| Untracked 
|  72|0x0000000084800000, 0x0000000084800000, 0x0000000084900000|  0%| F|  |TAMS 0x0000000084800000, 0x0000000084800000| Untracked 
|  73|0x0000000084900000, 0x0000000084900000, 0x0000000084a00000|  0%| F|  |TAMS 0x0000000084900000, 0x0000000084900000| Untracked 
|  74|0x0000000084a00000, 0x0000000084a00000, 0x0000000084b00000|  0%| F|  |TAMS 0x0000000084a00000, 0x0000000084a00000| Untracked 
|  75|0x0000000084b00000, 0x0000000084b00000, 0x0000000084c00000|  0%| F|  |TAMS 0x0000000084b00000, 0x0000000084b00000| Untracked 
|  76|0x0000000084c00000, 0x0000000084c00000, 0x0000000084d00000|  0%| F|  |TAMS 0x0000000084c00000, 0x0000000084c00000| Untracked 
|  77|0x0000000084d00000, 0x0000000084d00000, 0x0000000084e00000|  0%| F|  |TAMS 0x0000000084d00000, 0x0000000084d00000| Untracked 
|  78|0x0000000084e00000, 0x0000000084e00000, 0x0000000084f00000|  0%| F|  |TAMS 0x0000000084e00000, 0x0000000084e00000| Untracked 
|  79|0x0000000084f00000, 0x0000000084f00000, 0x0000000085000000|  0%| F|  |TAMS 0x0000000084f00000, 0x0000000084f00000| Untracked 
|  80|0x0000000085000000, 0x0000000085000000, 0x0000000085100000|  0%| F|  |TAMS 0x0000000085000000, 0x0000000085000000| Untracked 
|  81|0x0000000085100000, 0x0000000085100000, 0x0000000085200000|  0%| F|  |TAMS 0x0000000085100000, 0x0000000085100000| Untracked 
|  82|0x0000000085200000, 0x0000000085200000, 0x0000000085300000|  0%| F|  |TAMS 0x0000000085200000, 0x0000000085200000| Untracked 
|  83|0x0000000085300000, 0x0000000085300000, 0x0000000085400000|  0%| F|  |TAMS 0x0000000085300000, 0x0000000085300000| Untracked 
|  84|0x0000000085400000, 0x0000000085400000, 0x0000000085500000|  0%| F|  |TAMS 0x0000000085400000, 0x0000000085400000| Untracked 
|  85|0x0000000085500000, 0x0000000085500000, 0x0000000085600000|  0%| F|  |TAMS 0x0000000085500000, 0x0000000085500000| Untracked 
|  86|0x0000000085600000, 0x0000000085692250, 0x0000000085700000| 57%| S|CS|TAMS 0x0000000085600000, 0x0000000085600000| Complete 
|  87|0x0000000085700000, 0x0000000085700000, 0x0000000085800000|  0%| F|  |TAMS 0x0000000085700000, 0x0000000085700000| Untracked 
|  88|0x0000000085800000, 0x0000000085800000, 0x0000000085900000|  0%| F|  |TAMS 0x0000000085800000, 0x0000000085800000| Untracked 
|  89|0x0000000085900000, 0x0000000085a00000, 0x0000000085a00000|100%| S|CS|TAMS 0x0000000085900000, 0x0000000085900000| Complete 
|  90|0x0000000085a00000, 0x0000000085b00000, 0x0000000085b00000|100%| S|CS|TAMS 0x0000000085a00000, 0x0000000085a00000| Complete 
|  91|0x0000000085b00000, 0x0000000085c00000, 0x0000000085c00000|100%| S|CS|TAMS 0x0000000085b00000, 0x0000000085b00000| Complete 
|  92|0x0000000085c00000, 0x0000000085c00000, 0x0000000085d00000|  0%| F|  |TAMS 0x0000000085c00000, 0x0000000085c00000| Untracked 
|  93|0x0000000085d00000, 0x0000000085d00000, 0x0000000085e00000|  0%| F|  |TAMS 0x0000000085d00000, 0x0000000085d00000| Untracked 
|  94|0x0000000085e00000, 0x0000000085e00000, 0x0000000085f00000|  0%| F|  |TAMS 0x0000000085e00000, 0x0000000085e00000| Untracked 
|  95|0x0000000085f00000, 0x0000000085f00000, 0x0000000086000000|  0%| F|  |TAMS 0x0000000085f00000, 0x0000000085f00000| Untracked 
|  96|0x0000000086000000, 0x0000000086000000, 0x0000000086100000|  0%| F|  |TAMS 0x0000000086000000, 0x0000000086000000| Untracked 
|  97|0x0000000086100000, 0x0000000086100000, 0x0000000086200000|  0%| F|  |TAMS 0x0000000086100000, 0x0000000086100000| Untracked 
|  98|0x0000000086200000, 0x0000000086200000, 0x0000000086300000|  0%| F|  |TAMS 0x0000000086200000, 0x0000000086200000| Untracked 
|  99|0x0000000086300000, 0x0000000086300000, 0x0000000086400000|  0%| F|  |TAMS 0x0000000086300000, 0x0000000086300000| Untracked 
| 100|0x0000000086400000, 0x0000000086400000, 0x0000000086500000|  0%| F|  |TAMS 0x0000000086400000, 0x0000000086400000| Untracked 
| 101|0x0000000086500000, 0x0000000086500000, 0x0000000086600000|  0%| F|  |TAMS 0x0000000086500000, 0x0000000086500000| Untracked 
| 102|0x0000000086600000, 0x0000000086600000, 0x0000000086700000|  0%| F|  |TAMS 0x0000000086600000, 0x0000000086600000| Untracked 
| 103|0x0000000086700000, 0x0000000086700000, 0x0000000086800000|  0%| F|  |TAMS 0x0000000086700000, 0x0000000086700000| Untracked 
| 104|0x0000000086800000, 0x0000000086800000, 0x0000000086900000|  0%| F|  |TAMS 0x0000000086800000, 0x0000000086800000| Untracked 
| 105|0x0000000086900000, 0x0000000086900000, 0x0000000086a00000|  0%| F|  |TAMS 0x0000000086900000, 0x0000000086900000| Untracked 
| 106|0x0000000086a00000, 0x0000000086a00000, 0x0000000086b00000|  0%| F|  |TAMS 0x0000000086a00000, 0x0000000086a00000| Untracked 
| 107|0x0000000086b00000, 0x0000000086b00000, 0x0000000086c00000|  0%| F|  |TAMS 0x0000000086b00000, 0x0000000086b00000| Untracked 
| 108|0x0000000086c00000, 0x0000000086c00000, 0x0000000086d00000|  0%| F|  |TAMS 0x0000000086c00000, 0x0000000086c00000| Untracked 
| 109|0x0000000086d00000, 0x0000000086d00000, 0x0000000086e00000|  0%| F|  |TAMS 0x0000000086d00000, 0x0000000086d00000| Untracked 
| 110|0x0000000086e00000, 0x0000000086e00000, 0x0000000086f00000|  0%| F|  |TAMS 0x0000000086e00000, 0x0000000086e00000| Untracked 
| 111|0x0000000086f00000, 0x0000000086f00000, 0x0000000087000000|  0%| F|  |TAMS 0x0000000086f00000, 0x0000000086f00000| Untracked 
| 112|0x0000000087000000, 0x0000000087000000, 0x0000000087100000|  0%| F|  |TAMS 0x0000000087000000, 0x0000000087000000| Untracked 
| 113|0x0000000087100000, 0x0000000087100000, 0x0000000087200000|  0%| F|  |TAMS 0x0000000087100000, 0x0000000087100000| Untracked 
| 114|0x0000000087200000, 0x0000000087200000, 0x0000000087300000|  0%| F|  |TAMS 0x0000000087200000, 0x0000000087200000| Untracked 
| 115|0x0000000087300000, 0x0000000087300000, 0x0000000087400000|  0%| F|  |TAMS 0x0000000087300000, 0x0000000087300000| Untracked 
| 116|0x0000000087400000, 0x0000000087400000, 0x0000000087500000|  0%| F|  |TAMS 0x0000000087400000, 0x0000000087400000| Untracked 
| 117|0x0000000087500000, 0x0000000087500000, 0x0000000087600000|  0%| F|  |TAMS 0x0000000087500000, 0x0000000087500000| Untracked 
| 118|0x0000000087600000, 0x0000000087600000, 0x0000000087700000|  0%| F|  |TAMS 0x0000000087600000, 0x0000000087600000| Untracked 
| 119|0x0000000087700000, 0x0000000087700000, 0x0000000087800000|  0%| F|  |TAMS 0x0000000087700000, 0x0000000087700000| Untracked 
| 120|0x0000000087800000, 0x0000000087800000, 0x0000000087900000|  0%| F|  |TAMS 0x0000000087800000, 0x0000000087800000| Untracked 
| 121|0x0000000087900000, 0x0000000087900000, 0x0000000087a00000|  0%| F|  |TAMS 0x0000000087900000, 0x0000000087900000| Untracked 
| 122|0x0000000087a00000, 0x0000000087a00000, 0x0000000087b00000|  0%| F|  |TAMS 0x0000000087a00000, 0x0000000087a00000| Untracked 
| 123|0x0000000087b00000, 0x0000000087b00000, 0x0000000087c00000|  0%| F|  |TAMS 0x0000000087b00000, 0x0000000087b00000| Untracked 

Card table byte_map: [0x00000212f5f00000,0x00000212f6300000] _byte_map_base: 0x00000212f5b00000

Marking Bits (Prev, Next): (CMBitMap*) 0x00000212e2cefcd0, (CMBitMap*) 0x00000212e2cefc98
 Prev Bits: [0x00000212f8700000, 0x00000212fa700000)
 Next Bits: [0x00000212f6700000, 0x00000212f8700000)

Polling page: 0x00000212e2490000

Metaspace:

Usage:
  Non-class:     56.79 MB capacity,    55.58 MB ( 98%) used,     1.04 MB (  2%) free+waste,   176.19 KB ( <1%) overhead. 
      Class:      8.92 MB capacity,     8.25 MB ( 93%) used,   598.36 KB (  7%) free+waste,    84.25 KB ( <1%) overhead. 
       Both:     65.71 MB capacity,    63.83 MB ( 97%) used,     1.63 MB (  2%) free+waste,   260.44 KB ( <1%) overhead. 

Virtual space:
  Non-class space:       58.00 MB reserved,      57.00 MB ( 98%) committed 
      Class space:        1.00 GB reserved,       8.95 MB ( <1%) committed 
             Both:        1.06 GB reserved,      65.95 MB (  6%) committed 

Chunk freelists:
   Non-Class:  19.00 KB
       Class:  20.00 KB
        Both:  39.00 KB

MaxMetaspaceSize: 17179869184.00 GB
CompressedClassSpaceSize: 1.00 GB
Initial GC threshold: 20.80 MB
Current GC threshold: 103.88 MB
CDS: off

CodeHeap 'non-profiled nmethods': size=120000Kb used=3295Kb max_used=3295Kb free=116704Kb
 bounds [0x00000212ee290000, 0x00000212ee5d0000, 0x00000212f57c0000]
CodeHeap 'profiled nmethods': size=120000Kb used=13814Kb max_used=13814Kb free=106185Kb
 bounds [0x00000212e6d60000, 0x00000212e7ae0000, 0x00000212ee290000]
CodeHeap 'non-nmethods': size=5760Kb used=2346Kb max_used=2376Kb free=3413Kb
 bounds [0x00000212e67c0000, 0x00000212e6a30000, 0x00000212e6d60000]
 total_blobs=7697 nmethods=6853 adapters=756
 compilation: enabled
              stopped_count=0, restarted_count=0
 full_count=0

Compilation events (20 events):
Event: 9.386 Thread 0x00000212fda8f800 6923       3       sun.invoke.util.VerifyAccess$1::run (5 bytes)
Event: 9.386 Thread 0x00000212fda8f800 nmethod 6923 0x00000212e7ad1710 code [0x00000212e7ad18e0, 0x00000212e7ad1ac8]
Event: 9.388 Thread 0x00000212fda8f800 6924       3       org.objectweb.asm.ClassWriter::toByteArray (1535 bytes)
Event: 9.392 Thread 0x00000212fda8f800 nmethod 6924 0x00000212e7ad1b90 code [0x00000212e7ad24e0, 0x00000212e7ad65d8]
Event: 9.392 Thread 0x00000212fda8f800 6927       3       sun.net.www.protocol.file.FileURLConnection::<init> (38 bytes)
Event: 9.392 Thread 0x00000212fda8f800 nmethod 6927 0x00000212e7ad8690 code [0x00000212e7ad8880, 0x00000212e7ad8c78]
Event: 9.392 Thread 0x00000212fda8f800 6926       3       java.util.LinkedHashMap$LinkedValues::size (8 bytes)
Event: 9.392 Thread 0x00000212fda8f800 nmethod 6926 0x00000212e7ad8e10 code [0x00000212e7ad8fc0, 0x00000212e7ad90d8]
Event: 9.392 Thread 0x00000212fda8f800 6925  s    3       org.gradle.internal.classloader.VisitableURLClassLoader::getUserData (48 bytes)
Event: 9.393 Thread 0x00000212fda8f800 nmethod 6925 0x00000212e7ad9190 code [0x00000212e7ad93a0, 0x00000212e7ad9a38]
Event: 9.393 Thread 0x00000212fda8f800 6928       3       com.google.common.reflect.TypeToken$4::visitClass (10 bytes)
Event: 9.393 Thread 0x00000212fda8f800 nmethod 6928 0x00000212e7ad9c10 code [0x00000212e7ad9dc0, 0x00000212e7ad9f88]
Event: 9.395 Thread 0x00000212fda8f800 6929       3       com.google.common.reflect.Types$ClassOwnership$2::getOwnerType (14 bytes)
Event: 9.395 Thread 0x00000212fda8f800 nmethod 6929 0x00000212e7ada090 code [0x00000212e7ada2a0, 0x00000212e7ada748]
Event: 9.395 Thread 0x00000212fda8f800 6930       3       com.google.common.reflect.Types::newParameterizedTypeWithOwner (44 bytes)
Event: 9.396 Thread 0x00000212fda8f800 nmethod 6930 0x00000212e7ada910 code [0x00000212e7adabe0, 0x00000212e7adb888]
Event: 9.396 Thread 0x00000212fda8f800 6931       3       com.google.common.reflect.Types::newParameterizedType (17 bytes)
Event: 9.396 Thread 0x00000212fda8f800 nmethod 6931 0x00000212e7adbd10 code [0x00000212e7adbf40, 0x00000212e7adc4d8]
Event: 9.396 Thread 0x00000212fda8f800 6932       3       com.google.common.reflect.Types$ParameterizedTypeImpl::<init> (55 bytes)
Event: 9.397 Thread 0x00000212fda8f800 nmethod 6932 0x00000212e7adc710 code [0x00000212e7adc9a0, 0x00000212e7add528]

GC Heap History (20 events):
Event: 5.518 GC heap after
{Heap after GC invocations=9 (full 0):
 garbage-first heap   total 126976K, used 40474K [0x0000000080000000, 0x0000000100000000)
  region size 1024K, 6 young (6144K), 6 survivors (6144K)
 Metaspace       used 40940K, capacity 42007K, committed 42316K, reserved 1085440K
  class space    used 5205K, capacity 5588K, committed 5708K, reserved 1048576K
}
Event: 6.040 GC heap before
{Heap before GC invocations=9 (full 0):
 garbage-first heap   total 126976K, used 90650K [0x0000000080000000, 0x0000000100000000)
  region size 1024K, 51 young (52224K), 6 survivors (6144K)
 Metaspace       used 44358K, capacity 45492K, committed 45644K, reserved 1089536K
  class space    used 5714K, capacity 6144K, committed 6220K, reserved 1048576K
}
Event: 6.045 GC heap after
{Heap after GC invocations=10 (full 0):
 garbage-first heap   total 126976K, used 47719K [0x0000000080000000, 0x0000000100000000)
  region size 1024K, 4 young (4096K), 4 survivors (4096K)
 Metaspace       used 44358K, capacity 45492K, committed 45644K, reserved 1089536K
  class space    used 5714K, capacity 6144K, committed 6220K, reserved 1048576K
}
Event: 6.408 GC heap before
{Heap before GC invocations=10 (full 0):
 garbage-first heap   total 126976K, used 91751K [0x0000000080000000, 0x0000000100000000)
  region size 1024K, 47 young (48128K), 4 survivors (4096K)
 Metaspace       used 46700K, capacity 47907K, committed 48204K, reserved 1091584K
  class space    used 5929K, capacity 6350K, committed 6476K, reserved 1048576K
}
Event: 6.412 GC heap after
{Heap after GC invocations=11 (full 0):
 garbage-first heap   total 126976K, used 51157K [0x0000000080000000, 0x0000000100000000)
  region size 1024K, 4 young (4096K), 4 survivors (4096K)
 Metaspace       used 46700K, capacity 47907K, committed 48204K, reserved 1091584K
  class space    used 5929K, capacity 6350K, committed 6476K, reserved 1048576K
}
Event: 6.838 GC heap before
{Heap before GC invocations=11 (full 0):
 garbage-first heap   total 126976K, used 98261K [0x0000000080000000, 0x0000000100000000)
  region size 1024K, 46 young (47104K), 4 survivors (4096K)
 Metaspace       used 49699K, capacity 51236K, committed 51404K, reserved 1093632K
  class space    used 6441K, capacity 6993K, committed 7116K, reserved 1048576K
}
Event: 6.843 GC heap after
{Heap after GC invocations=12 (full 0):
 garbage-first heap   total 126976K, used 58358K [0x0000000080000000, 0x0000000100000000)
  region size 1024K, 4 young (4096K), 4 survivors (4096K)
 Metaspace       used 49699K, capacity 51236K, committed 51404K, reserved 1093632K
  class space    used 6441K, capacity 6993K, committed 7116K, reserved 1048576K
}
Event: 7.536 GC heap before
{Heap before GC invocations=12 (full 0):
 garbage-first heap   total 126976K, used 98294K [0x0000000080000000, 0x0000000100000000)
  region size 1024K, 43 young (44032K), 4 survivors (4096K)
 Metaspace       used 51551K, capacity 53098K, committed 53324K, reserved 1095680K
  class space    used 6641K, capacity 7202K, committed 7244K, reserved 1048576K
}
Event: 7.540 GC heap after
{Heap after GC invocations=13 (full 0):
 garbage-first heap   total 126976K, used 60302K [0x0000000080000000, 0x0000000100000000)
  region size 1024K, 6 young (6144K), 6 survivors (6144K)
 Metaspace       used 51551K, capacity 53098K, committed 53324K, reserved 1095680K
  class space    used 6641K, capacity 7202K, committed 7244K, reserved 1048576K
}
Event: 7.789 GC heap before
{Heap before GC invocations=13 (full 0):
 garbage-first heap   total 126976K, used 75662K [0x0000000080000000, 0x0000000100000000)
  region size 1024K, 21 young (21504K), 6 survivors (6144K)
 Metaspace       used 51830K, capacity 53428K, committed 53708K, reserved 1095680K
  class space    used 6677K, capacity 7243K, committed 7372K, reserved 1048576K
}
Event: 7.798 GC heap after
{Heap after GC invocations=14 (full 0):
 garbage-first heap   total 126976K, used 66992K [0x0000000080000000, 0x0000000100000000)
  region size 1024K, 6 young (6144K), 6 survivors (6144K)
 Metaspace       used 51830K, capacity 53428K, committed 53708K, reserved 1095680K
  class space    used 6677K, capacity 7243K, committed 7372K, reserved 1048576K
}
Event: 8.133 GC heap before
{Heap before GC invocations=15 (full 0):
 garbage-first heap   total 126976K, used 101808K [0x0000000080000000, 0x0000000100000000)
  region size 1024K, 39 young (39936K), 6 survivors (6144K)
 Metaspace       used 54711K, capacity 56283K, committed 56524K, reserved 1097728K
  class space    used 7156K, capacity 7748K, committed 7884K, reserved 1048576K
}
Event: 8.138 GC heap after
{Heap after GC invocations=16 (full 0):
 garbage-first heap   total 126976K, used 72963K [0x0000000080000000, 0x0000000100000000)
  region size 1024K, 4 young (4096K), 4 survivors (4096K)
 Metaspace       used 54711K, capacity 56283K, committed 56524K, reserved 1097728K
  class space    used 7156K, capacity 7748K, committed 7884K, reserved 1048576K
}
Event: 8.261 GC heap before
{Heap before GC invocations=16 (full 0):
 garbage-first heap   total 126976K, used 102659K [0x0000000080000000, 0x0000000100000000)
  region size 1024K, 33 young (33792K), 4 survivors (4096K)
 Metaspace       used 54800K, capacity 56411K, committed 56780K, reserved 1097728K
  class space    used 7156K, capacity 7748K, committed 7884K, reserved 1048576K
}
Event: 8.270 GC heap after
{Heap after GC invocations=17 (full 0):
 garbage-first heap   total 126976K, used 73814K [0x0000000080000000, 0x0000000100000000)
  region size 1024K, 2 young (2048K), 2 survivors (2048K)
 Metaspace       used 54800K, capacity 56411K, committed 56780K, reserved 1097728K
  class space    used 7156K, capacity 7748K, committed 7884K, reserved 1048576K
}
Event: 8.602 GC heap before
{Heap before GC invocations=18 (full 0):
 garbage-first heap   total 126976K, used 104534K [0x0000000080000000, 0x0000000100000000)
  region size 1024K, 32 young (32768K), 2 survivors (2048K)
 Metaspace       used 57242K, capacity 58954K, committed 59084K, reserved 1099776K
  class space    used 7429K, capacity 8062K, committed 8140K, reserved 1048576K
}
Event: 8.604 GC heap after
{Heap after GC invocations=19 (full 0):
 garbage-first heap   total 126976K, used 74520K [0x0000000080000000, 0x0000000100000000)
  region size 1024K, 3 young (3072K), 3 survivors (3072K)
 Metaspace       used 57242K, capacity 58954K, committed 59084K, reserved 1099776K
  class space    used 7429K, capacity 8062K, committed 8140K, reserved 1048576K
}
Event: 8.975 GC heap before
{Heap before GC invocations=19 (full 0):
 garbage-first heap   total 126976K, used 105240K [0x0000000080000000, 0x0000000100000000)
  region size 1024K, 33 young (33792K), 3 survivors (3072K)
 Metaspace       used 61283K, capacity 63040K, committed 63180K, reserved 1103872K
  class space    used 7924K, capacity 8593K, committed 8652K, reserved 1048576K
}
Event: 8.980 GC heap after
{Heap after GC invocations=20 (full 0):
 garbage-first heap   total 126976K, used 75424K [0x0000000080000000, 0x0000000100000000)
  region size 1024K, 4 young (4096K), 4 survivors (4096K)
 Metaspace       used 61283K, capacity 63040K, committed 63180K, reserved 1103872K
  class space    used 7924K, capacity 8593K, committed 8652K, reserved 1048576K
}
Event: 9.403 GC heap before
{Heap before GC invocations=21 (full 0):
 garbage-first heap   total 126976K, used 106144K [0x0000000080000000, 0x0000000100000000)
  region size 1024K, 34 young (34816K), 4 survivors (4096K)
 Metaspace       used 65363K, capacity 67289K, committed 67532K, reserved 1107968K
  class space    used 8449K, capacity 9132K, committed 9164K, reserved 1048576K
}

Deoptimization events (20 events):
Event: 8.531 Thread 0x0000021280e6d000 Uncommon trap: trap_request=0xffffffde fr.pc=0x00000212ee2b42e4 relative=0x00000000000001c4
Event: 8.531 Thread 0x0000021280e6d000 Uncommon trap: reason=class_check action=maybe_recompile pc=0x00000212ee2b42e4 method=java.lang.String.equals(Ljava/lang/Object;)Z @ 8 c2
Event: 8.531 Thread 0x0000021280e6d000 DEOPT PACKING pc=0x00000212ee2b42e4 sp=0x000000d097cf7fe0
Event: 8.531 Thread 0x0000021280e6d000 DEOPT UNPACKING pc=0x00000212e67c85af sp=0x000000d097cf7f88 mode 2
Event: 8.552 Thread 0x0000021280e6d000 DEOPT PACKING pc=0x00000212e6d9df3c sp=0x000000d097cf8d20
Event: 8.552 Thread 0x0000021280e6d000 DEOPT UNPACKING pc=0x00000212e6809d0e sp=0x000000d097cf8180 mode 0
Event: 8.698 Thread 0x0000021280e6d000 Uncommon trap: trap_request=0xffffff45 fr.pc=0x00000212ee451af4 relative=0x0000000000000d54
Event: 8.699 Thread 0x0000021280e6d000 Uncommon trap: reason=unstable_fused_if action=reinterpret pc=0x00000212ee451af4 method=org.objectweb.asm.ByteVector.putUTF8(Ljava/lang/String;)Lorg/objectweb/asm/ByteVector; @ 93 c2
Event: 8.699 Thread 0x0000021280e6d000 DEOPT PACKING pc=0x00000212ee451af4 sp=0x000000d097cf7900
Event: 8.699 Thread 0x0000021280e6d000 DEOPT UNPACKING pc=0x00000212e67c85af sp=0x000000d097cf7858 mode 2
Event: 8.722 Thread 0x0000021280e6d000 Uncommon trap: trap_request=0xffffff45 fr.pc=0x00000212ee3dceec relative=0x000000000000020c
Event: 8.722 Thread 0x0000021280e6d000 Uncommon trap: reason=unstable_fused_if action=reinterpret pc=0x00000212ee3dceec method=org.objectweb.asm.ByteVector.putUTF8(Ljava/lang/String;)Lorg/objectweb/asm/ByteVector; @ 93 c2
Event: 8.722 Thread 0x0000021280e6d000 DEOPT PACKING pc=0x00000212ee3dceec sp=0x000000d097cf7c40
Event: 8.722 Thread 0x0000021280e6d000 DEOPT UNPACKING pc=0x00000212e67c85af sp=0x000000d097cf7bc0 mode 2
Event: 9.043 Thread 0x0000021280e6d000 DEOPT PACKING pc=0x00000212e7a1f5d4 sp=0x000000d097cf67d0
Event: 9.043 Thread 0x0000021280e6d000 DEOPT UNPACKING pc=0x00000212e6809d0e sp=0x000000d097cf5c78 mode 0
Event: 9.043 Thread 0x0000021280e6d000 DEOPT PACKING pc=0x00000212e7a21018 sp=0x000000d097cf6820
Event: 9.044 Thread 0x0000021280e6d000 DEOPT UNPACKING pc=0x00000212e6809d0e sp=0x000000d097cf5ca0 mode 0
Event: 9.076 Thread 0x0000021280e6d000 DEOPT PACKING pc=0x00000212e79efc99 sp=0x000000d097cf7370
Event: 9.076 Thread 0x0000021280e6d000 DEOPT UNPACKING pc=0x00000212e6809d0e sp=0x000000d097cf6880 mode 0

Classes redefined (0 events):
No events

Internal exceptions (20 events):
Event: 7.844 Thread 0x0000021280e6d000 Exception <a 'java/lang/ClassNotFoundException'{0x0000000087ab62f0}: org/gradle/api/DefaultTaskBeanInfo> (0x0000000087ab62f0) thrown at [./src/hotspot/share/classfile/systemDictionary.cpp, line 231]
Event: 7.845 Thread 0x0000021280e6d000 Exception <a 'java/lang/ClassNotFoundException'{0x0000000087ae3e28}: org/gradle/api/internal/AbstractTaskBeanInfo> (0x0000000087ae3e28) thrown at [./src/hotspot/share/classfile/systemDictionary.cpp, line 231]
Event: 7.846 Thread 0x0000021280e6d000 Exception <a 'java/lang/ClassNotFoundException'{0x0000000087912340}: org/gradle/api/internal/AbstractTaskCustomizer> (0x0000000087912340) thrown at [./src/hotspot/share/classfile/systemDictionary.cpp, line 231]
Event: 7.848 Thread 0x0000021280e6d000 Exception <a 'java/lang/ClassNotFoundException'{0x0000000087987388}: org/gradle/api/DefaultTaskCustomizer> (0x0000000087987388) thrown at [./src/hotspot/share/classfile/systemDictionary.cpp, line 231]
Event: 7.850 Thread 0x0000021280e6d000 Exception <a 'java/lang/ClassNotFoundException'{0x000000008780ad40}: org/gradle/api/internal/ConventionTaskCustomizer> (0x000000008780ad40) thrown at [./src/hotspot/share/classfile/systemDictionary.cpp, line 231]
Event: 7.852 Thread 0x0000021280e6d000 Exception <a 'java/lang/ClassNotFoundException'{0x0000000087845578}: org/gradle/api/tasks/DeleteCustomizer> (0x0000000087845578) thrown at [./src/hotspot/share/classfile/systemDictionary.cpp, line 231]
Event: 7.853 Thread 0x0000021280e6d000 Exception <a 'java/lang/ClassNotFoundException'{0x0000000087887300}: org/gradle/api/tasks/Delete_DecoratedCustomizer> (0x0000000087887300) thrown at [./src/hotspot/share/classfile/systemDictionary.cpp, line 231]
Event: 7.888 Thread 0x0000021280e6d000 Exception <a 'java/lang/NoSuchMethodError'{0x0000000087678b88}: 'void java.lang.invoke.DirectMethodHandle$Holder.invokeVirtual(java.lang.Object, java.lang.Object)'> (0x0000000087678b88) thrown at [./src/hotspot/share/interpreter/linkResolver.cpp, line 773]
Event: 8.378 Thread 0x0000021280e6d000 Exception <a 'java/lang/NoSuchMethodError'{0x0000000086d8b0d0}: 'void java.lang.invoke.DirectMethodHandle$Holder.invokeSpecialIFC(java.lang.Object, java.lang.Object, java.lang.Object)'> (0x0000000086d8b0d0) thrown at [./src/hotspot/share/interpreter/linkResolver.cpp, line 773]
Event: 8.403 Thread 0x0000021280e6d000 Implicit null exception at 0x00000212ee2fe93d to 0x00000212ee2feaa8
Event: 8.464 Thread 0x0000021280e6d000 Exception <a 'java/lang/NoSuchMethodError'{0x00000000867ce3a8}: 'int java.lang.invoke.DirectMethodHandle$Holder.invokeStatic(java.lang.Object, int, java.lang.Object, java.lang.Object)'> (0x00000000867ce3a8) thrown at [./src/hotspot/share/interpreter/linkResolver.cpp, line 773]
Event: 8.567 Thread 0x0000021280e6d000 Exception <a 'java/lang/ClassNotFoundException'{0x0000000086029998}: build_e8hajt9xfy95ux4z7z46sx7d4BeanInfo> (0x0000000086029998) thrown at [./src/hotspot/share/classfile/systemDictionary.cpp, line 231]
Event: 8.568 Thread 0x0000021280e6d000 Exception <a 'java/lang/ClassNotFoundException'{0x0000000086035698}: build_e8hajt9xfy95ux4z7z46sx7d4Customizer> (0x0000000086035698) thrown at [./src/hotspot/share/classfile/systemDictionary.cpp, line 231]
Event: 8.692 Thread 0x0000021280e6d000 Exception <a 'java/lang/NoSuchMethodError'{0x000000008737cd30}: 'java.lang.Object java.lang.invoke.DirectMethodHandle$Holder.invokeStatic(java.lang.Object, java.lang.Object, java.lang.Object, java.lang.Object, int)'> (0x000000008737cd30) thrown at [./src/hotspot/share/interpreter/linkResolver.cpp, line 773]
Event: 8.692 Thread 0x0000021280e6d000 Exception <a 'java/lang/NoSuchMethodError'{0x0000000087381728}: 'java.lang.Object java.lang.invoke.DirectMethodHandle$Holder.invokeSpecial(java.lang.Object, java.lang.Object, java.lang.Object, java.lang.Object, java.lang.Object, int)'> (0x0000000087381728) thrown at [./src/hotspot/share/interpreter/linkResolver.cpp, line 773]
Event: 8.692 Thread 0x0000021280e6d000 Exception <a 'java/lang/NoSuchMethodError'{0x0000000087386a68}: 'java.lang.Object java.lang.invoke.Invokers$Holder.linkToTargetMethod(java.lang.Object, java.lang.Object, java.lang.Object, int, java.lang.Object)'> (0x0000000087386a68) thrown at [./src/hotspot/share/interpreter/linkResolver.cpp, line 773]
Event: 8.881 Thread 0x0000021280e6d000 Exception <a 'java/lang/NoSuchMethodError'{0x00000000864678a8}: 'java.lang.Object java.lang.invoke.DirectMethodHandle$Holder.invokeSpecial(java.lang.Object, java.lang.Object, int, int, java.lang.Object, java.lang.Object, java.lang.Object)'> (0x00000000864678a8) thrown at [./src/hotspot/share/interpreter/linkResolver.cpp, line 773]
Event: 8.882 Thread 0x0000021280e6d000 Exception <a 'java/lang/NoSuchMethodError'{0x000000008646c0d0}: 'java.lang.Object java.lang.invoke.DelegatingMethodHandle$Holder.reinvoke_L(java.lang.Object, int, int, java.lang.Object, java.lang.Object, java.lang.Object)'> (0x000000008646c0d0) thrown at [./src/hotspot/share/interpreter/linkResolver.cpp, line 773]
Event: 9.100 Thread 0x0000021280e6d000 Exception <a 'java/lang/NoSuchMethodError'{0x00000000875b4c08}: 'int java.lang.invoke.DirectMethodHandle$Holder.invokeInterface(java.lang.Object, java.lang.Object, java.lang.Object, java.lang.Object)'> (0x00000000875b4c08) thrown at [./src/hotspot/share/interpreter/linkResolver.cpp, line 773]
Event: 9.305 Thread 0x0000021280e6d000 Exception <a 'java/lang/NoSuchMethodError'{0x0000000086532988}: 'void java.lang.invoke.DirectMethodHandle$Holder.invokeInterface(java.lang.Object, java.lang.Object, java.lang.Object, java.lang.Object)'> (0x0000000086532988) thrown at [./src/hotspot/share/interpreter/linkResolver.cpp, line 773]

Events (20 events):
Event: 9.398 loading class org/gradle/internal/jvm/inspection/DefaultJvmMetadataDetector done
Event: 9.399 loading class org/gradle/internal/jvm/inspection/ProbedSystemProperty
Event: 9.399 loading class org/gradle/internal/jvm/inspection/ProbedSystemProperty done
Event: 9.399 loading class org/gradle/internal/jvm/inspection/JvmInstallationMetadata
Event: 9.399 loading class org/gradle/internal/jvm/inspection/JvmInstallationMetadata done
Event: 9.400 loading class org/gradle/internal/jvm/inspection/JvmMetadataDetector
Event: 9.400 loading class org/gradle/internal/jvm/inspection/JvmMetadataDetector done
Event: 9.401 loading class org/gradle/internal/jvm/inspection/JvmInstallationMetadata$DefaultJvmInstallationMetadata
Event: 9.401 loading class org/gradle/internal/jvm/inspection/JvmInstallationMetadata$DefaultJvmInstallationMetadata done
Event: 9.401 loading class org/gradle/internal/jvm/inspection/JvmInstallationMetadata$DefaultJvmInstallationMetadata
Event: 9.401 loading class org/gradle/internal/jvm/inspection/JvmInstallationMetadata$DefaultJvmInstallationMetadata done
Event: 9.401 loading class org/gradle/internal/remote/internal/hub/MessageHubBackedServer
Event: 9.401 loading class org/gradle/internal/remote/internal/hub/MessageHubBackedServer done
Event: 9.402 loading class org/gradle/internal/jvm/inspection/DefaultJvmVersionDetector
Event: 9.402 loading class org/gradle/internal/jvm/inspection/DefaultJvmVersionDetector done
Event: 9.402 loading class org/gradle/process/internal/health/memory/DefaultOsMemoryInfo
Event: 9.402 loading class org/gradle/process/internal/health/memory/DefaultOsMemoryInfo done
Event: 9.403 loading class org/gradle/process/internal/health/memory/MBeanOsMemoryInfo
Event: 9.403 loading class org/gradle/process/internal/health/memory/MBeanOsMemoryInfo done
Event: 9.403 Executing VM operation: G1CollectForAllocation


Dynamic libraries:
0x00007ff712870000 - 0x00007ff71287a000 	C:\Program Files\Android\Android Studio\jre\bin\java.exe
0x00007fff1db70000 - 0x00007fff1dd65000 	C:\WINDOWS\SYSTEM32\ntdll.dll
0x00007fff1d4d0000 - 0x00007fff1d58d000 	C:\WINDOWS\System32\KERNEL32.DLL
0x00007fff1b300000 - 0x00007fff1b5cd000 	C:\WINDOWS\System32\KERNELBASE.dll
0x00007fff1b5d0000 - 0x00007fff1b6d0000 	C:\WINDOWS\System32\ucrtbase.dll
0x00007fff05640000 - 0x00007fff05659000 	C:\Program Files\Android\Android Studio\jre\bin\jli.dll
0x00007ffef57e0000 - 0x00007ffef57f7000 	C:\Program Files\Android\Android Studio\jre\bin\VCRUNTIME140.dll
0x00007fff1c740000 - 0x00007fff1c8e0000 	C:\WINDOWS\System32\USER32.dll
0x00007fff1b740000 - 0x00007fff1b762000 	C:\WINDOWS\System32\win32u.dll
0x00007fff1d950000 - 0x00007fff1d97a000 	C:\WINDOWS\System32\GDI32.dll
0x00007fff1b8c0000 - 0x00007fff1b9cb000 	C:\WINDOWS\System32\gdi32full.dll
0x00007fff1b820000 - 0x00007fff1b8bd000 	C:\WINDOWS\System32\msvcp_win.dll
0x00007ffeeec00000 - 0x00007ffeeee9a000 	C:\WINDOWS\WinSxS\amd64_microsoft.windows.common-controls_6595b64144ccf1df_6.0.19041.1110_none_60b5254171f9507e\COMCTL32.dll
0x00007fff1cd60000 - 0x00007fff1cdfe000 	C:\WINDOWS\System32\msvcrt.dll
0x00007fff1cf40000 - 0x00007fff1cf70000 	C:\WINDOWS\System32\IMM32.DLL
0x00007ffede790000 - 0x00007ffede82d000 	C:\Program Files\Android\Android Studio\jre\bin\msvcp140.dll
0x00007ffeb4420000 - 0x00007ffeb4f05000 	C:\Program Files\Android\Android Studio\jre\bin\server\jvm.dll
0x00007fff1c560000 - 0x00007fff1c60e000 	C:\WINDOWS\System32\ADVAPI32.dll
0x00007fff1d6b0000 - 0x00007fff1d74c000 	C:\WINDOWS\System32\sechost.dll
0x00007fff1c610000 - 0x00007fff1c735000 	C:\WINDOWS\System32\RPCRT4.dll
0x00007fff1d940000 - 0x00007fff1d948000 	C:\WINDOWS\System32\PSAPI.DLL
0x00007fff05c50000 - 0x00007fff05c59000 	C:\WINDOWS\SYSTEM32\WSOCK32.dll
0x00007fff19a10000 - 0x00007fff19a1a000 	C:\WINDOWS\SYSTEM32\VERSION.dll
0x00007fff1cf70000 - 0x00007fff1cfdb000 	C:\WINDOWS\System32\WS2_32.dll
0x00007fff0f6d0000 - 0x00007fff0f6f7000 	C:\WINDOWS\SYSTEM32\WINMM.dll
0x00007fff19b10000 - 0x00007fff19b22000 	C:\WINDOWS\SYSTEM32\kernel.appcore.dll
0x00007fff05240000 - 0x00007fff05251000 	C:\Program Files\Android\Android Studio\jre\bin\verify.dll
0x00007fff176e0000 - 0x00007fff178c4000 	C:\WINDOWS\SYSTEM32\DBGHELP.DLL
0x00007fff125f0000 - 0x00007fff1261c000 	C:\WINDOWS\SYSTEM32\dbgcore.DLL
0x00007fff1b9d0000 - 0x00007fff1ba52000 	C:\WINDOWS\System32\bcryptPrimitives.dll
0x00007ffef1080000 - 0x00007ffef10a9000 	C:\Program Files\Android\Android Studio\jre\bin\java.dll
0x00007fff19ad0000 - 0x00007fff19adb000 	C:\Program Files\Android\Android Studio\jre\bin\jimage.dll
0x00007fff04a50000 - 0x00007fff04a68000 	C:\Program Files\Android\Android Studio\jre\bin\zip.dll
0x00007fff1bd50000 - 0x00007fff1c494000 	C:\WINDOWS\System32\SHELL32.dll
0x00007fff191c0000 - 0x00007fff19954000 	C:\WINDOWS\SYSTEM32\windows.storage.dll
0x00007fff1d0f0000 - 0x00007fff1d444000 	C:\WINDOWS\System32\combase.dll
0x00007fff1ace0000 - 0x00007fff1ad0c000 	C:\WINDOWS\SYSTEM32\Wldp.dll
0x00007fff1bca0000 - 0x00007fff1bd4d000 	C:\WINDOWS\System32\SHCORE.dll
0x00007fff1ce00000 - 0x00007fff1ce55000 	C:\WINDOWS\System32\shlwapi.dll
0x00007fff1b1c0000 - 0x00007fff1b1df000 	C:\WINDOWS\SYSTEM32\profapi.dll
0x00007ffef1610000 - 0x00007ffef162a000 	C:\Program Files\Android\Android Studio\jre\bin\net.dll
0x00007fff164f0000 - 0x00007fff165fa000 	C:\WINDOWS\SYSTEM32\WINHTTP.dll
0x00007fff1aa40000 - 0x00007fff1aaaa000 	C:\WINDOWS\system32\mswsock.dll
0x00007ffef1060000 - 0x00007ffef1074000 	C:\Program Files\Android\Android Studio\jre\bin\nio.dll
0x00007fff04ab0000 - 0x00007fff04ad7000 	C:\Users\dede9\.gradle\native\e1d6ef7f7dcc3fd88c89a11ec53ec762bb8ba0a96d01ffa2cd45eb1d1d8dd5c5\windows-amd64\native-platform.dll
0x00007ffed98b0000 - 0x00007ffed99f4000 	C:\Users\dede9\.gradle\native\5664cfc778a61ccfe75a443a1ab52a65af34e5dc3c78e0209fed803814484fcb\windows-amd64\native-platform-file-events.dll
0x00007fff19a90000 - 0x00007fff19a9a000 	C:\Program Files\Android\Android Studio\jre\bin\management.dll
0x00007fff133e0000 - 0x00007fff133ed000 	C:\Program Files\Android\Android Studio\jre\bin\management_ext.dll
0x00007fff1ac30000 - 0x00007fff1ac48000 	C:\WINDOWS\SYSTEM32\CRYPTSP.dll
0x00007fff1a350000 - 0x00007fff1a384000 	C:\WINDOWS\system32\rsaenh.dll
0x00007fff1b280000 - 0x00007fff1b2a7000 	C:\WINDOWS\System32\bcrypt.dll
0x00007fff1b180000 - 0x00007fff1b1ae000 	C:\WINDOWS\SYSTEM32\USERENV.dll
0x00007fff1ac50000 - 0x00007fff1ac5c000 	C:\WINDOWS\SYSTEM32\CRYPTBASE.dll
0x00007fff1a6e0000 - 0x00007fff1a71b000 	C:\WINDOWS\SYSTEM32\IPHLPAPI.DLL
0x00007fff1d930000 - 0x00007fff1d938000 	C:\WINDOWS\System32\NSI.dll
0x00007fff15930000 - 0x00007fff15947000 	C:\WINDOWS\SYSTEM32\dhcpcsvc6.DLL
0x00007fff15910000 - 0x00007fff1592d000 	C:\WINDOWS\SYSTEM32\dhcpcsvc.DLL
0x00007fff1a780000 - 0x00007fff1a84b000 	C:\WINDOWS\SYSTEM32\DNSAPI.dll

dbghelp: loaded successfully - version: 4.0.5 - missing functions: none
symbol engine: initialized successfully - sym options: 0x614 - pdb path: .;C:\Program Files\Android\Android Studio\jre\bin;C:\WINDOWS\SYSTEM32;C:\WINDOWS\WinSxS\amd64_microsoft.windows.common-controls_6595b64144ccf1df_6.0.19041.1110_none_60b5254171f9507e;C:\Program Files\Android\Android Studio\jre\bin\server;C:\Users\dede9\.gradle\native\e1d6ef7f7dcc3fd88c89a11ec53ec762bb8ba0a96d01ffa2cd45eb1d1d8dd5c5\windows-amd64;C:\Users\dede9\.gradle\native\5664cfc778a61ccfe75a443a1ab52a65af34e5dc3c78e0209fed803814484fcb\windows-amd64

VM Arguments:
jvm_args: --add-opens=java.base/java.util=ALL-UNNAMED --add-opens=java.base/java.lang=ALL-UNNAMED --add-opens=java.base/java.lang.invoke=ALL-UNNAMED --add-opens=java.base/java.util=ALL-UNNAMED --add-opens=java.prefs/java.util.prefs=ALL-UNNAMED --add-opens=java.prefs/java.util.prefs=ALL-UNNAMED --add-opens=java.base/java.nio.charset=ALL-UNNAMED --add-opens=java.base/java.net=ALL-UNNAMED --add-opens=java.base/java.util.concurrent.atomic=ALL-UNNAMED -Xmx2048m -Dfile.encoding=UTF-8 -Duser.country=KR -Duser.language=ko -Duser.variant 
java_command: org.gradle.launcher.daemon.bootstrap.GradleDaemon 7.3.3
java_class_path (initial): C:\Users\dede9\.gradle\wrapper\dists\gradle-7.3.3-bin\6a41zxkdtcxs8rphpq6y0069z\gradle-7.3.3\lib\gradle-launcher-7.3.3.jar
Launcher Type: SUN_STANDARD

[Global flags]
     intx CICompilerCount                          = 4                                         {product} {ergonomic}
     uint ConcGCThreads                            = 2                                         {product} {ergonomic}
     uint G1ConcRefinementThreads                  = 8                                         {product} {ergonomic}
   size_t G1HeapRegionSize                         = 1048576                                   {product} {ergonomic}
    uintx GCDrainStackTargetSize                   = 64                                        {product} {ergonomic}
   size_t InitialHeapSize                          = 130023424                                 {product} {ergonomic}
   size_t MarkStackSize                            = 4194304                                   {product} {ergonomic}
   size_t MaxHeapSize                              = 2147483648                                {product} {command line}
   size_t MaxNewSize                               = 1287651328                                {product} {ergonomic}
   size_t MinHeapDeltaBytes                        = 1048576                                   {product} {ergonomic}
    uintx NonNMethodCodeHeapSize                   = 5836300                                {pd product} {ergonomic}
    uintx NonProfiledCodeHeapSize                  = 122910970                              {pd product} {ergonomic}
    uintx ProfiledCodeHeapSize                     = 122910970                              {pd product} {ergonomic}
    uintx ReservedCodeCacheSize                    = 251658240                              {pd product} {ergonomic}
     bool SegmentedCodeCache                       = true                                      {product} {ergonomic}
     bool UseCompressedClassPointers               = true                                 {lp64_product} {ergonomic}
     bool UseCompressedOops                        = true                                 {lp64_product} {ergonomic}
     bool UseG1GC                                  = true                                      {product} {ergonomic}
     bool UseLargePagesIndividualAllocation        = false                                  {pd product} {ergonomic}

Logging:
Log output configuration:
 #0: stdout all=warning uptime,level,tags
 #1: stderr all=off uptime,level,tags

Environment Variables:
JAVA_HOME=C:\Program Files\Java\jdk1.8.0_321
CLASSPATH=.;C:\_server\apache-tomcat-9.0.45\lib\servlet-api.jar;C:\Program Files\Java\jdk1.8.0_321\lib\mssql-jdbc-9.2.1.jre15.jar
PATH=C:\Program Files (x86)\VMware\VMware Workstation\bin\;C:\app\dede9\product\18.0.0\dbhomeXE\bin;C:\Program Files (x86)\Windows Resource Kits\Tools\;C:\Program Files\Java\jdk1.8.0_321\bin;C:\_server\apache-tomcat-9.0.45\bin;C:\Program Files\Common Files\Oracle\Java\javapath;C:\Program Files (x86)\Common Files\Oracle\Java\javapath;C:\WINDOWS\system32;C:\WINDOWS;C:\WINDOWS\System32\Wbem;C:\WINDOWS\System32\WindowsPowerShell\v1.0\;C:\WINDOWS\System32\OpenSSH\;C:\Program Files\Microsoft SQL Server\Client SDK\ODBC\170\Tools\Binn\;C:\Program Files (x86)\Microsoft SQL Server\150\Tools\Binn\;C:\Program Files\Microsoft SQL Server\150\Tools\Binn\;C:\Program Files\Microsoft SQL Server\150\DTS\Binn\;C:\Program Files (x86)\Microsoft SQL Server\150\DTS\Binn\;C:\Program Files\Git\cmd;C:\Users\dede9\anaconda3;C:\Users\dede9\anaconda3\Library\mingw-w64\bin;C:\Users\dede9\anaconda3\Library\usr\bin;C:\Users\dede9\anaconda3\Library\bin;C:\Users\dede9\anaconda3\Scripts;C:\Users\dede9\AppData\Local\Programs\Python\Python39\Scripts\;C:\Users\dede9\AppData\Local\Programs\Python\Python39\;C:\Users\dede9\AppData\Local\Microsoft\WindowsApps;C:\Program Files\Bandizip\;C:\Users\dede9\AppData\Local\Programs\Microsoft VS Code\bin;C:\Program Files\Azure Data Studio\bin;C:\Program Files\JetBrains\PyCharm Community Edition 2021.3.2\bin;;C:\Users\dede9\AppData\Local\GitHubDesktop\bin
USERNAME=dede9
OS=Windows_NT
PROCESSOR_IDENTIFIER=Intel64 Family 6 Model 140 Stepping 1, GenuineIntel



---------------  S Y S T E M  ---------------

OS: Windows 10 , 64 bit Build 19041 (10.0.19041.1706)
OS uptime: 4 days 7:10 hours

CPU:total 8 (initial active 8) (4 cores per cpu, 2 threads per core) family 6 model 140 stepping 1 microcode 0x8a, cmov, cx8, fxsr, mmx, sse, sse2, sse3, ssse3, sse4.1, sse4.2, popcnt, avx, avx2, aes, clmul, erms, 3dnowpref, lzcnt, ht, tsc, tscinvbit, bmi1, bmi2, adx, evex, sha, fma

Memory: 4k page, system-wide physical 7916M (270M free)
TotalPageFile size 16112M (AvailPageFile size 11M)
current process WorkingSet (physical memory assigned to process): 332M, peak: 332M
current process commit charge ("private bytes"): 370M, peak: 395M

vm_info: OpenJDK 64-Bit Server VM (11.0.12+7-b1504.28-7817840) for windows-amd64 JRE (11.0.12+7-b1504.28-7817840), built on Oct 13 2021 22:12:33 by "builder" with MS VC++ 14.0 (VS2015)

END.
