#
# There is insufficient memory for the Java Runtime Environment to continue.
# Native memory allocation (malloc) failed to allocate 2099216 bytes for Chunk::new
# Possible reasons:
#   The system is out of physical RAM or swap space
#   The process is running with CompressedOops enabled, and the Java Heap may be blocking the growth of the native heap
# Possible solutions:
#   Reduce memory load on the system
#   Increase physical memory or swap space
#   Check if swap backing store is full
#   Decrease Java heap size (-Xmx/-Xms)
#   Decrease number of Java threads
#   Decrease Java thread stack sizes (-Xss)
#   Set larger code cache with -XX:ReservedCodeCacheSize=
#   JVM is running with Unscaled Compressed Oops mode in which the Java heap is
#     placed in the first 4GB address space. The Java Heap base address is the
#     maximum limit for the native heap growth. Please use -XX:HeapBaseMinAddress
#     to set the Java Heap base and to place the Java Heap above 4GB virtual address.
# This output file may be truncated or incomplete.
#
#  Out of Memory Error (./src/hotspot/share/memory/arena.cpp:197), pid=19096, tid=18812
#
# JRE version: OpenJDK Runtime Environment (11.0.12+7) (build 11.0.12+7-b1504.28-7817840)
# Java VM: OpenJDK 64-Bit Server VM (11.0.12+7-b1504.28-7817840, mixed mode, tiered, compressed oops, g1 gc, windows-amd64)
# No core dump will be written. Minidumps are not enabled by default on client versions of Windows
#

---------------  S U M M A R Y ------------

Command Line: --add-opens=java.base/java.util=ALL-UNNAMED --add-opens=java.base/java.lang=ALL-UNNAMED --add-opens=java.base/java.lang.invoke=ALL-UNNAMED --add-opens=java.base/java.util=ALL-UNNAMED --add-opens=java.prefs/java.util.prefs=ALL-UNNAMED --add-opens=java.prefs/java.util.prefs=ALL-UNNAMED --add-opens=java.base/java.nio.charset=ALL-UNNAMED --add-opens=java.base/java.net=ALL-UNNAMED --add-opens=java.base/java.util.concurrent.atomic=ALL-UNNAMED -Xmx2048m -Dfile.encoding=UTF-8 -Duser.country=KR -Duser.language=ko -Duser.variant org.gradle.launcher.daemon.bootstrap.GradleDaemon 7.3.3

Host: 11th Gen Intel(R) Core(TM) i5-1135G7 @ 2.40GHz, 8 cores, 7G,  Windows 10 , 64 bit Build 19041 (10.0.19041.1706)
Time: Wed Jun 15 11:41:13 2022 대한민국 표준시 elapsed time: 7.336037 seconds (0d 0h 0m 7s)

---------------  T H R E A D  ---------------

Current thread (0x000001bd315ff000):  JavaThread "C2 CompilerThread1" daemon [_thread_in_native, id=18812, stack(0x0000002d04100000,0x0000002d04200000)]


Current CompileTask:
C2:   7336 6068       4       org.objectweb.asm.Frame::execute (2318 bytes)

Stack: [0x0000002d04100000,0x0000002d04200000]
Native frames: (J=compiled Java code, j=interpreted, Vv=VM code, C=native code)
V  [jvm.dll+0x5fbcea]
V  [jvm.dll+0x731905]
V  [jvm.dll+0x732f1d]
V  [jvm.dll+0x7335d3]
V  [jvm.dll+0x247bf8]
V  [jvm.dll+0xc018c]
V  [jvm.dll+0xc06cc]
V  [jvm.dll+0x35b31d]
V  [jvm.dll+0x328803]
V  [jvm.dll+0x327cfa]
V  [jvm.dll+0x200602]
V  [jvm.dll+0x1ff794]
V  [jvm.dll+0x18868c]
V  [jvm.dll+0x20e0d7]
V  [jvm.dll+0x20c901]
V  [jvm.dll+0x6f9b7f]
V  [jvm.dll+0x6f26a5]
V  [jvm.dll+0x5fabf6]
C  [ucrtbase.dll+0x21bb2]
C  [KERNEL32.DLL+0x17034]
C  [ntdll.dll+0x52651]


---------------  P R O C E S S  ---------------

Threads class SMR info:
_java_thread_list=0x000001bd37182070, length=122, elements={
0x000001bd12430800, 0x000001bd2e873000, 0x000001bd2e87b800, 0x000001bd2e8a0800,
0x000001bd2e8a2800, 0x000001bd2f18b800, 0x000001bd2f1af000, 0x000001bd2f1bf800,
0x000001bd2e8ac000, 0x000001bd2f31f000, 0x000001bd2f320000, 0x000001bd2f31a000,
0x000001bd2f31d800, 0x000001bd2f31b000, 0x000001bd2f320800, 0x000001bd315ff000,
0x000001bd2f31e000, 0x000001bd2f31b800, 0x000001bd2f31c800, 0x000001bd32a88800,
0x000001bd32a8c800, 0x000001bd32a8a000, 0x000001bd32a8f000, 0x000001bd32a8a800,
0x000001bd32a8d000, 0x000001bd32a89000, 0x000001bd32a8f800, 0x000001bd32a90800,
0x000001bd32a91000, 0x000001bd32a8b800, 0x000001bd32a93800, 0x000001bd32a92000,
0x000001bd32a93000, 0x000001bd32a8e000, 0x000001bd32a94800, 0x000001bd32a97000,
0x000001bd32a95800, 0x000001bd32a96000, 0x000001bd346c1000, 0x000001bd346bd000,
0x000001bd346c3000, 0x000001bd346be000, 0x000001bd346c3800, 0x000001bd346c0800,
0x000001bd346c4800, 0x000001bd346be800, 0x000001bd346c9800, 0x000001bd346ca000,
0x000001bd346c7000, 0x000001bd346c7800, 0x000001bd346cb000, 0x000001bd346c6000,
0x000001bd346c8800, 0x000001bd346c5800, 0x000001bd32532000, 0x000001bd32534800,
0x000001bd32533800, 0x000001bd32535800, 0x000001bd32536000, 0x000001bd32530800,
0x000001bd32531800, 0x000001bd32537000, 0x000001bd32533000, 0x000001bd32539800,
0x000001bd3253c000, 0x000001bd32538800, 0x000001bd3253d800, 0x000001bd3253a800,
0x000001bd3253c800, 0x000001bd3253b000, 0x000001bd32538000, 0x000001bd3253e800,
0x000001bd3253f000, 0x000001bd35055800, 0x000001bd35054800, 0x000001bd35056800,
0x000001bd35051800, 0x000001bd35053000, 0x000001bd35057000, 0x000001bd35058000,
0x000001bd35052000, 0x000001bd35054000, 0x000001bd3505b000, 0x000001bd3505c000,
0x000001bd3505d000, 0x000001bd35058800, 0x000001bd3505f800, 0x000001bd3505a800,
0x000001bd35059800, 0x000001bd3505d800, 0x000001bd3505e800, 0x000001bd35060000,
0x000001bd314a2000, 0x000001bd314a0000, 0x000001bd314a1000, 0x000001bd314a2800,
0x000001bd314a3800, 0x000001bd3149e000, 0x000001bd314a4800, 0x000001bd3149e800,
0x000001bd314a5000, 0x000001bd3149f800, 0x000001bd314a8800, 0x000001bd314aa000,
0x000001bd314ab800, 0x000001bd314a6000, 0x000001bd314a9000, 0x000001bd314ab000,
0x000001bd314ac800, 0x000001bd314a7000, 0x000001bd314a7800, 0x000001bd34a24000,
0x000001bd34a24800, 0x000001bd34a28000, 0x000001bd34a26800, 0x000001bd34a27000,
0x000001bd34a22800, 0x000001bd34a29000, 0x000001bd34a25800, 0x000001bd34a23000,
0x000001bd34a2b800, 0x000001bd34a2d000
}

Java Threads: ( => current thread )
  0x000001bd12430800 JavaThread "main" [_thread_blocked, id=12760, stack(0x0000002d02a00000,0x0000002d02b00000)]
  0x000001bd2e873000 JavaThread "Reference Handler" daemon [_thread_blocked, id=3224, stack(0x0000002d03100000,0x0000002d03200000)]
  0x000001bd2e87b800 JavaThread "Finalizer" daemon [_thread_blocked, id=17264, stack(0x0000002d03200000,0x0000002d03300000)]
  0x000001bd2e8a0800 JavaThread "Signal Dispatcher" daemon [_thread_blocked, id=17896, stack(0x0000002d03300000,0x0000002d03400000)]
  0x000001bd2e8a2800 JavaThread "Attach Listener" daemon [_thread_blocked, id=18092, stack(0x0000002d03400000,0x0000002d03500000)]
  0x000001bd2f18b800 JavaThread "Service Thread" daemon [_thread_blocked, id=12352, stack(0x0000002d03500000,0x0000002d03600000)]
  0x000001bd2f1af000 JavaThread "C2 CompilerThread0" daemon [_thread_in_native, id=17384, stack(0x0000002d03600000,0x0000002d03700000)]
  0x000001bd2f1bf800 JavaThread "C1 CompilerThread0" daemon [_thread_blocked, id=7528, stack(0x0000002d03700000,0x0000002d03800000)]
  0x000001bd2e8ac000 JavaThread "Sweeper thread" daemon [_thread_blocked, id=3136, stack(0x0000002d03800000,0x0000002d03900000)]
  0x000001bd2f31f000 JavaThread "Common-Cleaner" daemon [_thread_blocked, id=13620, stack(0x0000002d03900000,0x0000002d03a00000)]
  0x000001bd2f320000 JavaThread "Daemon health stats" [_thread_blocked, id=12476, stack(0x0000002d03d00000,0x0000002d03e00000)]
  0x000001bd2f31a000 JavaThread "Incoming local TCP Connector on port 50711" [_thread_in_native, id=13736, stack(0x0000002d03b00000,0x0000002d03c00000)]
  0x000001bd2f31d800 JavaThread "Daemon periodic checks" [_thread_blocked, id=12072, stack(0x0000002d03e00000,0x0000002d03f00000)]
  0x000001bd2f31b000 JavaThread "Daemon" [_thread_blocked, id=18048, stack(0x0000002d03f00000,0x0000002d04000000)]
  0x000001bd2f320800 JavaThread "Handler for socket connection from /127.0.0.1:50711 to /127.0.0.1:50712" [_thread_in_native, id=5700, stack(0x0000002d04000000,0x0000002d04100000)]
=>0x000001bd315ff000 JavaThread "C2 CompilerThread1" daemon [_thread_in_native, id=18812, stack(0x0000002d04100000,0x0000002d04200000)]
  0x000001bd2f31e000 JavaThread "Cancel handler" [_thread_blocked, id=7684, stack(0x0000002d04200000,0x0000002d04300000)]
  0x000001bd2f31b800 JavaThread "Daemon worker" [_thread_blocked, id=4968, stack(0x0000002d04300000,0x0000002d04400000)]
  0x000001bd2f31c800 JavaThread "Asynchronous log dispatcher for DefaultDaemonConnection: socket connection from /127.0.0.1:50711 to /127.0.0.1:50712" [_thread_blocked, id=15384, stack(0x0000002d04400000,0x0000002d04500000)]
  0x000001bd32a88800 JavaThread "Stdin handler" [_thread_blocked, id=8836, stack(0x0000002d04500000,0x0000002d04600000)]
  0x000001bd32a8c800 JavaThread "Daemon client event forwarder" [_thread_blocked, id=11588, stack(0x0000002d04600000,0x0000002d04700000)]
  0x000001bd32a8a000 JavaThread "Cache worker for journal cache (C:\Users\dede9\.gradle\caches\journal-1)" [_thread_blocked, id=11464, stack(0x0000002d04d00000,0x0000002d04e00000)]
  0x000001bd32a8f000 JavaThread "File lock request listener" [_thread_in_native, id=18904, stack(0x0000002d04e00000,0x0000002d04f00000)]
  0x000001bd32a8a800 JavaThread "Cache worker for file hash cache (C:\Users\dede9\.gradle\caches\7.3.3\fileHashes)" [_thread_blocked, id=17712, stack(0x0000002d05000000,0x0000002d05100000)]
  0x000001bd32a8d000 JavaThread "Cache worker for file hash cache (C:\Users\dede9\AndroidStudioProjects\teamBUPJ\.gradle\7.3.3\fileHashes)" [_thread_blocked, id=20216, stack(0x0000002d05100000,0x0000002d05200000)]
  0x000001bd32a89000 JavaThread "File watcher server" daemon [_thread_in_native, id=10036, stack(0x0000002d05200000,0x0000002d05300000)]
  0x000001bd32a8f800 JavaThread "File watcher consumer" daemon [_thread_blocked, id=6904, stack(0x0000002d05300000,0x0000002d05400000)]
  0x000001bd32a90800 JavaThread "jar transforms" [_thread_blocked, id=17440, stack(0x0000002d05400000,0x0000002d05500000)]
  0x000001bd32a91000 JavaThread "jar transforms Thread 2" [_thread_blocked, id=1132, stack(0x0000002d05500000,0x0000002d05600000)]
  0x000001bd32a8b800 JavaThread "jar transforms Thread 3" [_thread_blocked, id=15324, stack(0x0000002d05600000,0x0000002d05700000)]
  0x000001bd32a93800 JavaThread "jar transforms Thread 4" [_thread_blocked, id=2376, stack(0x0000002d05700000,0x0000002d05800000)]
  0x000001bd32a92000 JavaThread "jar transforms Thread 5" [_thread_blocked, id=19260, stack(0x0000002d05800000,0x0000002d05900000)]
  0x000001bd32a93000 JavaThread "jar transforms Thread 6" [_thread_blocked, id=19956, stack(0x0000002d05900000,0x0000002d05a00000)]
  0x000001bd32a8e000 JavaThread "jar transforms Thread 7" [_thread_blocked, id=15652, stack(0x0000002d05a00000,0x0000002d05b00000)]
  0x000001bd32a94800 JavaThread "jar transforms Thread 8" [_thread_blocked, id=7576, stack(0x0000002d05b00000,0x0000002d05c00000)]
  0x000001bd32a97000 JavaThread "Cache worker for checksums cache (C:\Users\dede9\AndroidStudioProjects\teamBUPJ\.gradle\7.3.3\checksums)" [_thread_blocked, id=14260, stack(0x0000002d05c00000,0x0000002d05d00000)]
  0x000001bd32a95800 JavaThread "Cache worker for cache directory md-supplier (C:\Users\dede9\.gradle\caches\7.3.3\md-supplier)" [_thread_blocked, id=19732, stack(0x0000002d05d00000,0x0000002d05e00000)]
  0x000001bd32a96000 JavaThread "Cache worker for cache directory md-rule (C:\Users\dede9\.gradle\caches\7.3.3\md-rule)" [_thread_blocked, id=8036, stack(0x0000002d05e00000,0x0000002d05f00000)]
  0x000001bd346c1000 JavaThread "Cache worker for execution history cache (C:\Users\dede9\.gradle\caches\7.3.3\executionHistory)" [_thread_blocked, id=6484, stack(0x0000002d05f00000,0x0000002d06000000)]
  0x000001bd346bd000 JavaThread "Cache worker for file content cache (C:\Users\dede9\.gradle\caches\7.3.3\fileContent)" [_thread_blocked, id=1504, stack(0x0000002d06000000,0x0000002d06100000)]
  0x000001bd346c3000 JavaThread "Cache worker for dependencies-accessors (C:\Users\dede9\AndroidStudioProjects\teamBUPJ\.gradle\7.3.3\dependencies-accessors)" [_thread_blocked, id=17388, stack(0x0000002d06100000,0x0000002d06200000)]
  0x000001bd346be000 JavaThread "Cache worker for Build Output Cleanup Cache (C:\Users\dede9\AndroidStudioProjects\teamBUPJ\.gradle\buildOutputCleanup)" [_thread_blocked, id=752, stack(0x0000002d06200000,0x0000002d06300000)]
  0x000001bd346c3800 JavaThread "Unconstrained build operations" [_thread_blocked, id=10380, stack(0x0000002d06300000,0x0000002d06400000)]
  0x000001bd346c0800 JavaThread "Unconstrained build operations Thread 2" [_thread_blocked, id=16436, stack(0x0000002d06400000,0x0000002d06500000)]
  0x000001bd346c4800 JavaThread "Unconstrained build operations Thread 3" [_thread_blocked, id=2740, stack(0x0000002d06500000,0x0000002d06600000)]
  0x000001bd346be800 JavaThread "Unconstrained build operations Thread 4" [_thread_blocked, id=2564, stack(0x0000002d06600000,0x0000002d06700000)]
  0x000001bd346c9800 JavaThread "Unconstrained build operations Thread 5" [_thread_blocked, id=11472, stack(0x0000002d06700000,0x0000002d06800000)]
  0x000001bd346ca000 JavaThread "Unconstrained build operations Thread 6" [_thread_blocked, id=2872, stack(0x0000002d06800000,0x0000002d06900000)]
  0x000001bd346c7000 JavaThread "Unconstrained build operations Thread 7" [_thread_blocked, id=5124, stack(0x0000002d06900000,0x0000002d06a00000)]
  0x000001bd346c7800 JavaThread "Unconstrained build operations Thread 8" [_thread_blocked, id=14104, stack(0x0000002d06a00000,0x0000002d06b00000)]
  0x000001bd346cb000 JavaThread "Unconstrained build operations Thread 9" [_thread_blocked, id=16764, stack(0x0000002d06b00000,0x0000002d06c00000)]
  0x000001bd346c6000 JavaThread "Unconstrained build operations Thread 10" [_thread_blocked, id=18984, stack(0x0000002d06c00000,0x0000002d06d00000)]
  0x000001bd346c8800 JavaThread "Unconstrained build operations Thread 11" [_thread_blocked, id=10432, stack(0x0000002d06d00000,0x0000002d06e00000)]
  0x000001bd346c5800 JavaThread "Unconstrained build operations Thread 12" [_thread_blocked, id=18440, stack(0x0000002d06e00000,0x0000002d06f00000)]
  0x000001bd32532000 JavaThread "Unconstrained build operations Thread 13" [_thread_blocked, id=3204, stack(0x0000002d06f00000,0x0000002d07000000)]
  0x000001bd32534800 JavaThread "Unconstrained build operations Thread 14" [_thread_blocked, id=18120, stack(0x0000002d07000000,0x0000002d07100000)]
  0x000001bd32533800 JavaThread "Unconstrained build operations Thread 15" [_thread_blocked, id=14248, stack(0x0000002d07100000,0x0000002d07200000)]
  0x000001bd32535800 JavaThread "Unconstrained build operations Thread 16" [_thread_blocked, id=13772, stack(0x0000002d07200000,0x0000002d07300000)]
  0x000001bd32536000 JavaThread "Unconstrained build operations Thread 17" [_thread_blocked, id=5396, stack(0x0000002d07300000,0x0000002d07400000)]
  0x000001bd32530800 JavaThread "Unconstrained build operations Thread 18" [_thread_blocked, id=19048, stack(0x0000002d07400000,0x0000002d07500000)]
  0x000001bd32531800 JavaThread "Unconstrained build operations Thread 19" [_thread_blocked, id=19548, stack(0x0000002d07500000,0x0000002d07600000)]
  0x000001bd32537000 JavaThread "Unconstrained build operations Thread 20" [_thread_blocked, id=14128, stack(0x0000002d07600000,0x0000002d07700000)]
  0x000001bd32533000 JavaThread "Unconstrained build operations Thread 21" [_thread_blocked, id=12728, stack(0x0000002d07700000,0x0000002d07800000)]
  0x000001bd32539800 JavaThread "Unconstrained build operations Thread 22" [_thread_blocked, id=10876, stack(0x0000002d07800000,0x0000002d07900000)]
  0x000001bd3253c000 JavaThread "Unconstrained build operations Thread 23" [_thread_blocked, id=18340, stack(0x0000002d07900000,0x0000002d07a00000)]
  0x000001bd32538800 JavaThread "Unconstrained build operations Thread 24" [_thread_blocked, id=12268, stack(0x0000002d07a00000,0x0000002d07b00000)]
  0x000001bd3253d800 JavaThread "Unconstrained build operations Thread 25" [_thread_blocked, id=18248, stack(0x0000002d07b00000,0x0000002d07c00000)]
  0x000001bd3253a800 JavaThread "Unconstrained build operations Thread 26" [_thread_blocked, id=5760, stack(0x0000002d07c00000,0x0000002d07d00000)]
  0x000001bd3253c800 JavaThread "Unconstrained build operations Thread 27" [_thread_blocked, id=14460, stack(0x0000002d07d00000,0x0000002d07e00000)]
  0x000001bd3253b000 JavaThread "Unconstrained build operations Thread 28" [_thread_blocked, id=14056, stack(0x0000002d07e00000,0x0000002d07f00000)]
  0x000001bd32538000 JavaThread "Unconstrained build operations Thread 29" [_thread_blocked, id=5728, stack(0x0000002d07f00000,0x0000002d08000000)]
  0x000001bd3253e800 JavaThread "Unconstrained build operations Thread 30" [_thread_blocked, id=12248, stack(0x0000002d08000000,0x0000002d08100000)]
  0x000001bd3253f000 JavaThread "Unconstrained build operations Thread 31" [_thread_blocked, id=15564, stack(0x0000002d08100000,0x0000002d08200000)]
  0x000001bd35055800 JavaThread "Unconstrained build operations Thread 32" [_thread_blocked, id=13472, stack(0x0000002d08200000,0x0000002d08300000)]
  0x000001bd35054800 JavaThread "Unconstrained build operations Thread 33" [_thread_blocked, id=1796, stack(0x0000002d08300000,0x0000002d08400000)]
  0x000001bd35056800 JavaThread "Unconstrained build operations Thread 34" [_thread_blocked, id=4036, stack(0x0000002d08400000,0x0000002d08500000)]
  0x000001bd35051800 JavaThread "Unconstrained build operations Thread 35" [_thread_blocked, id=2840, stack(0x0000002d08500000,0x0000002d08600000)]
  0x000001bd35053000 JavaThread "Unconstrained build operations Thread 36" [_thread_blocked, id=17848, stack(0x0000002d08600000,0x0000002d08700000)]
  0x000001bd35057000 JavaThread "Unconstrained build operations Thread 37" [_thread_blocked, id=9068, stack(0x0000002d08700000,0x0000002d08800000)]
  0x000001bd35058000 JavaThread "Unconstrained build operations Thread 38" [_thread_blocked, id=12880, stack(0x0000002d08800000,0x0000002d08900000)]
  0x000001bd35052000 JavaThread "Unconstrained build operations Thread 39" [_thread_blocked, id=15340, stack(0x0000002d08900000,0x0000002d08a00000)]
  0x000001bd35054000 JavaThread "Unconstrained build operations Thread 40" [_thread_blocked, id=13368, stack(0x0000002d08a00000,0x0000002d08b00000)]
  0x000001bd3505b000 JavaThread "Unconstrained build operations Thread 41" [_thread_blocked, id=10320, stack(0x0000002d08b00000,0x0000002d08c00000)]
  0x000001bd3505c000 JavaThread "Unconstrained build operations Thread 42" [_thread_blocked, id=992, stack(0x0000002d08c00000,0x0000002d08d00000)]
  0x000001bd3505d000 JavaThread "Unconstrained build operations Thread 43" [_thread_blocked, id=2016, stack(0x0000002d08d00000,0x0000002d08e00000)]
  0x000001bd35058800 JavaThread "Unconstrained build operations Thread 44" [_thread_blocked, id=11156, stack(0x0000002d08e00000,0x0000002d08f00000)]
  0x000001bd3505f800 JavaThread "Unconstrained build operations Thread 45" [_thread_blocked, id=13288, stack(0x0000002d08f00000,0x0000002d09000000)]
  0x000001bd3505a800 JavaThread "Unconstrained build operations Thread 46" [_thread_blocked, id=13448, stack(0x0000002d09000000,0x0000002d09100000)]
  0x000001bd35059800 JavaThread "Unconstrained build operations Thread 47" [_thread_blocked, id=3872, stack(0x0000002d09100000,0x0000002d09200000)]
  0x000001bd3505d800 JavaThread "Unconstrained build operations Thread 48" [_thread_blocked, id=8100, stack(0x0000002d09200000,0x0000002d09300000)]
  0x000001bd3505e800 JavaThread "Unconstrained build operations Thread 49" [_thread_blocked, id=18820, stack(0x0000002d09300000,0x0000002d09400000)]
  0x000001bd35060000 JavaThread "Unconstrained build operations Thread 50" [_thread_blocked, id=10164, stack(0x0000002d09400000,0x0000002d09500000)]
  0x000001bd314a2000 JavaThread "Unconstrained build operations Thread 51" [_thread_blocked, id=4256, stack(0x0000002d09500000,0x0000002d09600000)]
  0x000001bd314a0000 JavaThread "Unconstrained build operations Thread 52" [_thread_blocked, id=10948, stack(0x0000002d09600000,0x0000002d09700000)]
  0x000001bd314a1000 JavaThread "Unconstrained build operations Thread 53" [_thread_blocked, id=15832, stack(0x0000002d09700000,0x0000002d09800000)]
  0x000001bd314a2800 JavaThread "Unconstrained build operations Thread 54" [_thread_blocked, id=1984, stack(0x0000002d09800000,0x0000002d09900000)]
  0x000001bd314a3800 JavaThread "Unconstrained build operations Thread 55" [_thread_blocked, id=13068, stack(0x0000002d09900000,0x0000002d09a00000)]
  0x000001bd3149e000 JavaThread "Unconstrained build operations Thread 56" [_thread_blocked, id=10396, stack(0x0000002d09a00000,0x0000002d09b00000)]
  0x000001bd314a4800 JavaThread "Unconstrained build operations Thread 57" [_thread_blocked, id=10360, stack(0x0000002d09b00000,0x0000002d09c00000)]
  0x000001bd3149e800 JavaThread "Unconstrained build operations Thread 58" [_thread_blocked, id=3316, stack(0x0000002d09c00000,0x0000002d09d00000)]
  0x000001bd314a5000 JavaThread "Unconstrained build operations Thread 59" [_thread_blocked, id=10032, stack(0x0000002d09d00000,0x0000002d09e00000)]
  0x000001bd3149f800 JavaThread "Unconstrained build operations Thread 60" [_thread_blocked, id=7744, stack(0x0000002d09e00000,0x0000002d09f00000)]
  0x000001bd314a8800 JavaThread "Unconstrained build operations Thread 61" [_thread_blocked, id=4892, stack(0x0000002d09f00000,0x0000002d0a000000)]
  0x000001bd314aa000 JavaThread "Unconstrained build operations Thread 62" [_thread_blocked, id=13992, stack(0x0000002d0a000000,0x0000002d0a100000)]
  0x000001bd314ab800 JavaThread "Unconstrained build operations Thread 63" [_thread_blocked, id=13180, stack(0x0000002d0a100000,0x0000002d0a200000)]
  0x000001bd314a6000 JavaThread "Unconstrained build operations Thread 64" [_thread_blocked, id=6296, stack(0x0000002d0a200000,0x0000002d0a300000)]
  0x000001bd314a9000 JavaThread "Unconstrained build operations Thread 65" [_thread_blocked, id=14436, stack(0x0000002d0a300000,0x0000002d0a400000)]
  0x000001bd314ab000 JavaThread "Unconstrained build operations Thread 66" [_thread_blocked, id=6944, stack(0x0000002d0a400000,0x0000002d0a500000)]
  0x000001bd314ac800 JavaThread "Unconstrained build operations Thread 67" [_thread_blocked, id=1336, stack(0x0000002d0a500000,0x0000002d0a600000)]
  0x000001bd314a7000 JavaThread "Unconstrained build operations Thread 68" [_thread_blocked, id=7280, stack(0x0000002d0a600000,0x0000002d0a700000)]
  0x000001bd314a7800 JavaThread "Unconstrained build operations Thread 69" [_thread_blocked, id=6816, stack(0x0000002d0a700000,0x0000002d0a800000)]
  0x000001bd34a24000 JavaThread "Unconstrained build operations Thread 70" [_thread_blocked, id=10768, stack(0x0000002d0a800000,0x0000002d0a900000)]
  0x000001bd34a24800 JavaThread "Unconstrained build operations Thread 71" [_thread_blocked, id=20424, stack(0x0000002d0a900000,0x0000002d0aa00000)]
  0x000001bd34a28000 JavaThread "Unconstrained build operations Thread 72" [_thread_blocked, id=18044, stack(0x0000002d0aa00000,0x0000002d0ab00000)]
  0x000001bd34a26800 JavaThread "Unconstrained build operations Thread 73" [_thread_blocked, id=14308, stack(0x0000002d0ab00000,0x0000002d0ac00000)]
  0x000001bd34a27000 JavaThread "Unconstrained build operations Thread 74" [_thread_blocked, id=10964, stack(0x0000002d0ac00000,0x0000002d0ad00000)]
  0x000001bd34a22800 JavaThread "Unconstrained build operations Thread 75" [_thread_blocked, id=11608, stack(0x0000002d0ad00000,0x0000002d0ae00000)]
  0x000001bd34a29000 JavaThread "Unconstrained build operations Thread 76" [_thread_blocked, id=19480, stack(0x0000002d0ae00000,0x0000002d0af00000)]
  0x000001bd34a25800 JavaThread "Unconstrained build operations Thread 77" [_thread_blocked, id=18312, stack(0x0000002d0af00000,0x0000002d0b000000)]
  0x000001bd34a23000 JavaThread "Unconstrained build operations Thread 78" [_thread_blocked, id=8964, stack(0x0000002d0b000000,0x0000002d0b100000)]
  0x000001bd34a2b800 JavaThread "Unconstrained build operations Thread 79" [_thread_blocked, id=16500, stack(0x0000002d0b100000,0x0000002d0b200000)]
  0x000001bd34a2d000 JavaThread "Unconstrained build operations Thread 80" [_thread_blocked, id=4956, stack(0x0000002d0b200000,0x0000002d0b300000)]

Other Threads:
  0x000001bd2e86e000 VMThread "VM Thread" [stack: 0x0000002d03000000,0x0000002d03100000] [id=8920]
  0x000001bd2f332000 WatcherThread [stack: 0x0000002d03a00000,0x0000002d03b00000] [id=13348]
  0x000001bd12448000 GCTaskThread "GC Thread#0" [stack: 0x0000002d02b00000,0x0000002d02c00000] [id=10600]
  0x000001bd2f7aa800 GCTaskThread "GC Thread#1" [stack: 0x0000002d03c00000,0x0000002d03d00000] [id=16776]
  0x000001bd30c7c800 GCTaskThread "GC Thread#2" [stack: 0x0000002d04700000,0x0000002d04800000] [id=20448]
  0x000001bd311bb000 GCTaskThread "GC Thread#3" [stack: 0x0000002d04800000,0x0000002d04900000] [id=13004]
  0x000001bd31628800 GCTaskThread "GC Thread#4" [stack: 0x0000002d04900000,0x0000002d04a00000] [id=9684]
  0x000001bd30a17800 GCTaskThread "GC Thread#5" [stack: 0x0000002d04a00000,0x0000002d04b00000] [id=14184]
  0x000001bd31c00800 GCTaskThread "GC Thread#6" [stack: 0x0000002d04b00000,0x0000002d04c00000] [id=1312]
  0x000001bd30a58800 GCTaskThread "GC Thread#7" [stack: 0x0000002d04c00000,0x0000002d04d00000] [id=13912]
  0x000001bd1247c000 ConcurrentGCThread "G1 Main Marker" [stack: 0x0000002d02c00000,0x0000002d02d00000] [id=2444]
  0x000001bd1247d000 ConcurrentGCThread "G1 Conc#0" [stack: 0x0000002d02d00000,0x0000002d02e00000] [id=13456]
  0x000001bd30380000 ConcurrentGCThread "G1 Conc#1" [stack: 0x0000002d04f00000,0x0000002d05000000] [id=1284]
  0x000001bd2e6c0800 ConcurrentGCThread "G1 Refine#0" [stack: 0x0000002d02e00000,0x0000002d02f00000] [id=6728]
  0x000001bd2e6c1800 ConcurrentGCThread "G1 Young RemSet Sampling" [stack: 0x0000002d02f00000,0x0000002d03000000] [id=12920]

Threads with active compile tasks:
C2 CompilerThread0   7371 6069       4       org.objectweb.asm.SymbolTable::addConstantMemberReference (147 bytes)
C2 CompilerThread1   7371 6068       4       org.objectweb.asm.Frame::execute (2318 bytes)

VM state:not at safepoint (normal execution)

VM Mutex/Monitor currently owned by a thread: None

Heap address: 0x0000000080000000, size: 2048 MB, Compressed Oops mode: 32-bit
Narrow klass base: 0x0000000000000000, Narrow klass shift: 3
Compressed class space size: 1073741824 Address: 0x0000000100000000

Heap:
 garbage-first heap   total 126976K, used 76286K [0x0000000080000000, 0x0000000100000000)
  region size 1024K, 8 young (8192K), 4 survivors (4096K)
 Metaspace       used 59912K, capacity 61722K, committed 62028K, reserved 1103872K
  class space    used 7715K, capacity 8383K, committed 8524K, reserved 1048576K
Heap Regions: E=young(eden), S=young(survivor), O=old, HS=humongous(starts), HC=humongous(continues), CS=collection set, F=free, A=archive, TAMS=top-at-mark-start (previous, next)
|   0|0x0000000080000000, 0x0000000080100000, 0x0000000080100000|100%| O|  |TAMS 0x0000000080100000, 0x0000000080000000| Updating 
|   1|0x0000000080100000, 0x0000000080200000, 0x0000000080200000|100%| O|  |TAMS 0x0000000080200000, 0x0000000080100000| Updating 
|   2|0x0000000080200000, 0x0000000080300000, 0x0000000080300000|100%| O|  |TAMS 0x0000000080300000, 0x0000000080200000| Updating 
|   3|0x0000000080300000, 0x0000000080400000, 0x0000000080400000|100%|HS|  |TAMS 0x0000000080400000, 0x0000000080300000| Complete 
|   4|0x0000000080400000, 0x0000000080500000, 0x0000000080500000|100%|HC|  |TAMS 0x0000000080500000, 0x0000000080400000| Complete 
|   5|0x0000000080500000, 0x0000000080600000, 0x0000000080600000|100%|HC|  |TAMS 0x0000000080600000, 0x0000000080500000| Complete 
|   6|0x0000000080600000, 0x0000000080700000, 0x0000000080700000|100%| O|  |TAMS 0x0000000080700000, 0x0000000080600000| Updating 
|   7|0x0000000080700000, 0x0000000080800000, 0x0000000080800000|100%| O|  |TAMS 0x0000000080800000, 0x0000000080700000| Updating 
|   8|0x0000000080800000, 0x0000000080900000, 0x0000000080900000|100%| O|  |TAMS 0x0000000080900000, 0x0000000080800000| Updating 
|   9|0x0000000080900000, 0x0000000080a00000, 0x0000000080a00000|100%| O|  |TAMS 0x0000000080a00000, 0x0000000080900000| Updating 
|  10|0x0000000080a00000, 0x0000000080b00000, 0x0000000080b00000|100%| O|  |TAMS 0x0000000080b00000, 0x0000000080a00000| Updating 
|  11|0x0000000080b00000, 0x0000000080c00000, 0x0000000080c00000|100%| O|  |TAMS 0x0000000080c00000, 0x0000000080b00000| Updating 
|  12|0x0000000080c00000, 0x0000000080d00000, 0x0000000080d00000|100%| O|  |TAMS 0x0000000080d00000, 0x0000000080c00000| Updating 
|  13|0x0000000080d00000, 0x0000000080e00000, 0x0000000080e00000|100%| O|  |TAMS 0x0000000080e00000, 0x0000000080d00000| Updating 
|  14|0x0000000080e00000, 0x0000000080f00000, 0x0000000080f00000|100%| O|  |TAMS 0x0000000080f00000, 0x0000000080e00000| Updating 
|  15|0x0000000080f00000, 0x0000000081000000, 0x0000000081000000|100%| O|  |TAMS 0x0000000081000000, 0x0000000080f00000| Updating 
|  16|0x0000000081000000, 0x0000000081100000, 0x0000000081100000|100%|HS|  |TAMS 0x0000000081100000, 0x0000000081000000| Complete 
|  17|0x0000000081100000, 0x0000000081200000, 0x0000000081200000|100%|HC|  |TAMS 0x0000000081200000, 0x0000000081100000| Complete 
|  18|0x0000000081200000, 0x0000000081300000, 0x0000000081300000|100%|HS|  |TAMS 0x0000000081300000, 0x0000000081200000| Complete 
|  19|0x0000000081300000, 0x0000000081400000, 0x0000000081400000|100%|HC|  |TAMS 0x0000000081400000, 0x0000000081300000| Complete 
|  20|0x0000000081400000, 0x0000000081500000, 0x0000000081500000|100%|HC|  |TAMS 0x0000000081500000, 0x0000000081400000| Complete 
|  21|0x0000000081500000, 0x0000000081600000, 0x0000000081600000|100%|HS|  |TAMS 0x0000000081600000, 0x0000000081500000| Complete 
|  22|0x0000000081600000, 0x0000000081700000, 0x0000000081700000|100%|HS|  |TAMS 0x0000000081700000, 0x0000000081600000| Complete 
|  23|0x0000000081700000, 0x0000000081800000, 0x0000000081800000|100%|HC|  |TAMS 0x0000000081800000, 0x0000000081700000| Complete 
|  24|0x0000000081800000, 0x0000000081900000, 0x0000000081900000|100%|HC|  |TAMS 0x0000000081900000, 0x0000000081800000| Complete 
|  25|0x0000000081900000, 0x0000000081a00000, 0x0000000081a00000|100%|HC|  |TAMS 0x0000000081a00000, 0x0000000081900000| Complete 
|  26|0x0000000081a00000, 0x0000000081b00000, 0x0000000081b00000|100%| O|  |TAMS 0x0000000081b00000, 0x0000000081a00000| Updating 
|  27|0x0000000081b00000, 0x0000000081c00000, 0x0000000081c00000|100%| O|  |TAMS 0x0000000081c00000, 0x0000000081b00000| Updating 
|  28|0x0000000081c00000, 0x0000000081d00000, 0x0000000081d00000|100%| O|  |TAMS 0x0000000081d00000, 0x0000000081c00000| Updating 
|  29|0x0000000081d00000, 0x0000000081e00000, 0x0000000081e00000|100%| O|  |TAMS 0x0000000081e00000, 0x0000000081d00000| Updating 
|  30|0x0000000081e00000, 0x0000000081f00000, 0x0000000081f00000|100%| O|  |TAMS 0x0000000081f00000, 0x0000000081e00000| Updating 
|  31|0x0000000081f00000, 0x0000000082000000, 0x0000000082000000|100%| O|  |TAMS 0x0000000082000000, 0x0000000081f00000| Updating 
|  32|0x0000000082000000, 0x0000000082100000, 0x0000000082100000|100%| O|  |TAMS 0x0000000082100000, 0x0000000082000000| Updating 
|  33|0x0000000082100000, 0x0000000082200000, 0x0000000082200000|100%| O|  |TAMS 0x0000000082200000, 0x0000000082100000| Updating 
|  34|0x0000000082200000, 0x0000000082300000, 0x0000000082300000|100%| O|  |TAMS 0x0000000082300000, 0x0000000082200000| Updating 
|  35|0x0000000082300000, 0x0000000082400000, 0x0000000082400000|100%|HS|  |TAMS 0x0000000082400000, 0x0000000082300000| Complete 
|  36|0x0000000082400000, 0x0000000082500000, 0x0000000082500000|100%|HS|  |TAMS 0x0000000082500000, 0x0000000082400000| Complete 
|  37|0x0000000082500000, 0x0000000082600000, 0x0000000082600000|100%|HC|  |TAMS 0x0000000082600000, 0x0000000082500000| Complete 
|  38|0x0000000082600000, 0x0000000082700000, 0x0000000082700000|100%|HC|  |TAMS 0x0000000082700000, 0x0000000082600000| Complete 
|  39|0x0000000082700000, 0x0000000082800000, 0x0000000082800000|100%| O|  |TAMS 0x0000000082800000, 0x0000000082700000| Updating 
|  40|0x0000000082800000, 0x0000000082900000, 0x0000000082900000|100%| O|  |TAMS 0x0000000082900000, 0x0000000082800000| Updating 
|  41|0x0000000082900000, 0x0000000082a00000, 0x0000000082a00000|100%| O|  |TAMS 0x0000000082a00000, 0x0000000082900000| Updating 
|  42|0x0000000082a00000, 0x0000000082b00000, 0x0000000082b00000|100%| O|  |TAMS 0x0000000082b00000, 0x0000000082a00000| Updating 
|  43|0x0000000082b00000, 0x0000000082c00000, 0x0000000082c00000|100%| O|  |TAMS 0x0000000082c00000, 0x0000000082b00000| Updating 
|  44|0x0000000082c00000, 0x0000000082d00000, 0x0000000082d00000|100%| O|  |TAMS 0x0000000082d00000, 0x0000000082c00000| Updating 
|  45|0x0000000082d00000, 0x0000000082e00000, 0x0000000082e00000|100%|HS|  |TAMS 0x0000000082e00000, 0x0000000082d00000| Complete 
|  46|0x0000000082e00000, 0x0000000082f00000, 0x0000000082f00000|100%|HC|  |TAMS 0x0000000082f00000, 0x0000000082e00000| Complete 
|  47|0x0000000082f00000, 0x0000000083000000, 0x0000000083000000|100%|HC|  |TAMS 0x0000000083000000, 0x0000000082f00000| Complete 
|  48|0x0000000083000000, 0x0000000083100000, 0x0000000083100000|100%|HC|  |TAMS 0x0000000083100000, 0x0000000083000000| Complete 
|  49|0x0000000083100000, 0x0000000083200000, 0x0000000083200000|100%| O|  |TAMS 0x0000000083200000, 0x0000000083100000| Updating 
|  50|0x0000000083200000, 0x0000000083300000, 0x0000000083300000|100%| O|  |TAMS 0x0000000083300000, 0x0000000083200000| Updating 
|  51|0x0000000083300000, 0x0000000083400000, 0x0000000083400000|100%| O|  |TAMS 0x0000000083400000, 0x0000000083300000| Updating 
|  52|0x0000000083400000, 0x0000000083500000, 0x0000000083500000|100%| O|  |TAMS 0x0000000083500000, 0x0000000083400000| Updating 
|  53|0x0000000083500000, 0x0000000083600000, 0x0000000083600000|100%| O|  |TAMS 0x0000000083600000, 0x0000000083500000| Updating 
|  54|0x0000000083600000, 0x0000000083700000, 0x0000000083700000|100%| O|  |TAMS 0x0000000083700000, 0x0000000083600000| Updating 
|  55|0x0000000083700000, 0x0000000083800000, 0x0000000083800000|100%| O|  |TAMS 0x0000000083800000, 0x0000000083700000| Updating 
|  56|0x0000000083800000, 0x0000000083900000, 0x0000000083900000|100%|HS|  |TAMS 0x0000000083900000, 0x0000000083800000| Complete 
|  57|0x0000000083900000, 0x0000000083a00000, 0x0000000083a00000|100%|HS|  |TAMS 0x0000000083a00000, 0x0000000083900000| Complete 
|  58|0x0000000083a00000, 0x0000000083b00000, 0x0000000083b00000|100%| O|  |TAMS 0x0000000083b00000, 0x0000000083a00000| Updating 
|  59|0x0000000083b00000, 0x0000000083c00000, 0x0000000083c00000|100%| O|  |TAMS 0x0000000083c00000, 0x0000000083b00000| Updating 
|  60|0x0000000083c00000, 0x0000000083d00000, 0x0000000083d00000|100%| O|  |TAMS 0x0000000083d00000, 0x0000000083c00000| Updating 
|  61|0x0000000083d00000, 0x0000000083e00000, 0x0000000083e00000|100%|HS|  |TAMS 0x0000000083e00000, 0x0000000083d00000| Complete 
|  62|0x0000000083e00000, 0x0000000083f00000, 0x0000000083f00000|100%|HC|  |TAMS 0x0000000083f00000, 0x0000000083e00000| Complete 
|  63|0x0000000083f00000, 0x0000000084000000, 0x0000000084000000|100%| O|  |TAMS 0x0000000084000000, 0x0000000083f00000| Updating 
|  64|0x0000000084000000, 0x0000000084100000, 0x0000000084100000|100%| O|  |TAMS 0x0000000084100000, 0x0000000084000000| Updating 
|  65|0x0000000084100000, 0x0000000084200000, 0x0000000084200000|100%| O|  |TAMS 0x0000000084200000, 0x0000000084100000| Updating 
|  66|0x0000000084200000, 0x0000000084300000, 0x0000000084300000|100%| O|  |TAMS 0x0000000084300000, 0x0000000084200000| Updating 
|  67|0x0000000084300000, 0x0000000084400000, 0x0000000084400000|100%| O|  |TAMS 0x0000000084400000, 0x0000000084300000| Updating 
|  68|0x0000000084400000, 0x0000000084431a00, 0x0000000084500000| 19%| O|  |TAMS 0x0000000084431a00, 0x0000000084400000| Updating 
|  69|0x0000000084500000, 0x0000000084500000, 0x0000000084600000|  0%| F|  |TAMS 0x0000000084500000, 0x0000000084500000| Untracked 
|  70|0x0000000084600000, 0x0000000084600000, 0x0000000084700000|  0%| F|  |TAMS 0x0000000084600000, 0x0000000084600000| Untracked 
|  71|0x0000000084700000, 0x0000000084700000, 0x0000000084800000|  0%| F|  |TAMS 0x0000000084700000, 0x0000000084700000| Untracked 
|  72|0x0000000084800000, 0x0000000084800000, 0x0000000084900000|  0%| F|  |TAMS 0x0000000084800000, 0x0000000084800000| Untracked 
|  73|0x0000000084900000, 0x0000000084900000, 0x0000000084a00000|  0%| F|  |TAMS 0x0000000084900000, 0x0000000084900000| Untracked 
|  74|0x0000000084a00000, 0x0000000084a00000, 0x0000000084b00000|  0%| F|  |TAMS 0x0000000084a00000, 0x0000000084a00000| Untracked 
|  75|0x0000000084b00000, 0x0000000084b00000, 0x0000000084c00000|  0%| F|  |TAMS 0x0000000084b00000, 0x0000000084b00000| Untracked 
|  76|0x0000000084c00000, 0x0000000084c00000, 0x0000000084d00000|  0%| F|  |TAMS 0x0000000084c00000, 0x0000000084c00000| Untracked 
|  77|0x0000000084d00000, 0x0000000084d00000, 0x0000000084e00000|  0%| F|  |TAMS 0x0000000084d00000, 0x0000000084d00000| Untracked 
|  78|0x0000000084e00000, 0x0000000084e00000, 0x0000000084f00000|  0%| F|  |TAMS 0x0000000084e00000, 0x0000000084e00000| Untracked 
|  79|0x0000000084f00000, 0x0000000084f00000, 0x0000000085000000|  0%| F|  |TAMS 0x0000000084f00000, 0x0000000084f00000| Untracked 
|  80|0x0000000085000000, 0x0000000085000000, 0x0000000085100000|  0%| F|  |TAMS 0x0000000085000000, 0x0000000085000000| Untracked 
|  81|0x0000000085100000, 0x0000000085100000, 0x0000000085200000|  0%| F|  |TAMS 0x0000000085100000, 0x0000000085100000| Untracked 
|  82|0x0000000085200000, 0x0000000085200000, 0x0000000085300000|  0%| F|  |TAMS 0x0000000085200000, 0x0000000085200000| Untracked 
|  83|0x0000000085300000, 0x0000000085300000, 0x0000000085400000|  0%| F|  |TAMS 0x0000000085300000, 0x0000000085300000| Untracked 
|  84|0x0000000085400000, 0x0000000085400000, 0x0000000085500000|  0%| F|  |TAMS 0x0000000085400000, 0x0000000085400000| Untracked 
|  85|0x0000000085500000, 0x0000000085500000, 0x0000000085600000|  0%| F|  |TAMS 0x0000000085500000, 0x0000000085500000| Untracked 
|  86|0x0000000085600000, 0x0000000085600000, 0x0000000085700000|  0%| F|  |TAMS 0x0000000085600000, 0x0000000085600000| Untracked 
|  87|0x0000000085700000, 0x0000000085700000, 0x0000000085800000|  0%| F|  |TAMS 0x0000000085700000, 0x0000000085700000| Untracked 
|  88|0x0000000085800000, 0x0000000085800000, 0x0000000085900000|  0%| F|  |TAMS 0x0000000085800000, 0x0000000085800000| Untracked 
|  89|0x0000000085900000, 0x0000000085900000, 0x0000000085a00000|  0%| F|  |TAMS 0x0000000085900000, 0x0000000085900000| Untracked 
|  90|0x0000000085a00000, 0x0000000085a4e1e8, 0x0000000085b00000| 30%| S|CS|TAMS 0x0000000085a00000, 0x0000000085a00000| Complete 
|  91|0x0000000085b00000, 0x0000000085c00000, 0x0000000085c00000|100%| S|CS|TAMS 0x0000000085b00000, 0x0000000085b00000| Complete 
|  92|0x0000000085c00000, 0x0000000085d00000, 0x0000000085d00000|100%| S|CS|TAMS 0x0000000085c00000, 0x0000000085c00000| Complete 
|  93|0x0000000085d00000, 0x0000000085e00000, 0x0000000085e00000|100%| S|CS|TAMS 0x0000000085d00000, 0x0000000085d00000| Complete 
|  94|0x0000000085e00000, 0x0000000085e00000, 0x0000000085f00000|  0%| F|  |TAMS 0x0000000085e00000, 0x0000000085e00000| Untracked 
|  95|0x0000000085f00000, 0x0000000085f00000, 0x0000000086000000|  0%| F|  |TAMS 0x0000000085f00000, 0x0000000085f00000| Untracked 
|  96|0x0000000086000000, 0x0000000086000000, 0x0000000086100000|  0%| F|  |TAMS 0x0000000086000000, 0x0000000086000000| Untracked 
|  97|0x0000000086100000, 0x0000000086100000, 0x0000000086200000|  0%| F|  |TAMS 0x0000000086100000, 0x0000000086100000| Untracked 
|  98|0x0000000086200000, 0x0000000086200000, 0x0000000086300000|  0%| F|  |TAMS 0x0000000086200000, 0x0000000086200000| Untracked 
|  99|0x0000000086300000, 0x0000000086300000, 0x0000000086400000|  0%| F|  |TAMS 0x0000000086300000, 0x0000000086300000| Untracked 
| 100|0x0000000086400000, 0x0000000086400000, 0x0000000086500000|  0%| F|  |TAMS 0x0000000086400000, 0x0000000086400000| Untracked 
| 101|0x0000000086500000, 0x0000000086500000, 0x0000000086600000|  0%| F|  |TAMS 0x0000000086500000, 0x0000000086500000| Untracked 
| 102|0x0000000086600000, 0x0000000086600000, 0x0000000086700000|  0%| F|  |TAMS 0x0000000086600000, 0x0000000086600000| Untracked 
| 103|0x0000000086700000, 0x0000000086700000, 0x0000000086800000|  0%| F|  |TAMS 0x0000000086700000, 0x0000000086700000| Untracked 
| 104|0x0000000086800000, 0x0000000086800000, 0x0000000086900000|  0%| F|  |TAMS 0x0000000086800000, 0x0000000086800000| Untracked 
| 105|0x0000000086900000, 0x0000000086900000, 0x0000000086a00000|  0%| F|  |TAMS 0x0000000086900000, 0x0000000086900000| Untracked 
| 106|0x0000000086a00000, 0x0000000086a00000, 0x0000000086b00000|  0%| F|  |TAMS 0x0000000086a00000, 0x0000000086a00000| Untracked 
| 107|0x0000000086b00000, 0x0000000086b00000, 0x0000000086c00000|  0%| F|  |TAMS 0x0000000086b00000, 0x0000000086b00000| Untracked 
| 108|0x0000000086c00000, 0x0000000086c00000, 0x0000000086d00000|  0%| F|  |TAMS 0x0000000086c00000, 0x0000000086c00000| Untracked 
| 109|0x0000000086d00000, 0x0000000086d00000, 0x0000000086e00000|  0%| F|  |TAMS 0x0000000086d00000, 0x0000000086d00000| Untracked 
| 110|0x0000000086e00000, 0x0000000086e00000, 0x0000000086f00000|  0%| F|  |TAMS 0x0000000086e00000, 0x0000000086e00000| Untracked 
| 111|0x0000000086f00000, 0x0000000086f00000, 0x0000000087000000|  0%| F|  |TAMS 0x0000000086f00000, 0x0000000086f00000| Untracked 
| 112|0x0000000087000000, 0x0000000087000000, 0x0000000087100000|  0%| F|  |TAMS 0x0000000087000000, 0x0000000087000000| Untracked 
| 113|0x0000000087100000, 0x0000000087100000, 0x0000000087200000|  0%| F|  |TAMS 0x0000000087100000, 0x0000000087100000| Untracked 
| 114|0x0000000087200000, 0x0000000087200000, 0x0000000087300000|  0%| F|  |TAMS 0x0000000087200000, 0x0000000087200000| Untracked 
| 115|0x0000000087300000, 0x0000000087300000, 0x0000000087400000|  0%| F|  |TAMS 0x0000000087300000, 0x0000000087300000| Untracked 
| 116|0x0000000087400000, 0x0000000087400000, 0x0000000087500000|  0%| F|  |TAMS 0x0000000087400000, 0x0000000087400000| Untracked 
| 117|0x0000000087500000, 0x0000000087500000, 0x0000000087600000|  0%| F|  |TAMS 0x0000000087500000, 0x0000000087500000| Untracked 
| 118|0x0000000087600000, 0x0000000087600000, 0x0000000087700000|  0%| F|  |TAMS 0x0000000087600000, 0x0000000087600000| Untracked 
| 119|0x0000000087700000, 0x0000000087780800, 0x0000000087800000| 50%| E|  |TAMS 0x0000000087700000, 0x0000000087700000| Complete 
| 120|0x0000000087800000, 0x0000000087900000, 0x0000000087900000|100%| E|CS|TAMS 0x0000000087800000, 0x0000000087800000| Complete 
| 121|0x0000000087900000, 0x0000000087a00000, 0x0000000087a00000|100%| E|CS|TAMS 0x0000000087900000, 0x0000000087900000| Complete 
| 122|0x0000000087a00000, 0x0000000087b00000, 0x0000000087b00000|100%| E|CS|TAMS 0x0000000087a00000, 0x0000000087a00000| Complete 
| 123|0x0000000087b00000, 0x0000000087c00000, 0x0000000087c00000|100%| E|CS|TAMS 0x0000000087b00000, 0x0000000087b00000| Complete 

Card table byte_map: [0x000001bd275a0000,0x000001bd279a0000] _byte_map_base: 0x000001bd271a0000

Marking Bits (Prev, Next): (CMBitMap*) 0x000001bd12473190, (CMBitMap*) 0x000001bd12473158
 Prev Bits: [0x000001bd29da0000, 0x000001bd2bda0000)
 Next Bits: [0x000001bd27da0000, 0x000001bd29da0000)

Polling page: 0x000001bd12510000

Metaspace:

Usage:
  Non-class:     52.16 MB capacity,    51.01 MB ( 98%) used,  1012.95 KB (  2%) free+waste,   159.44 KB ( <1%) overhead. 
      Class:      8.19 MB capacity,     7.54 MB ( 92%) used,   586.25 KB (  7%) free+waste,    76.50 KB ( <1%) overhead. 
       Both:     60.35 MB capacity,    58.56 MB ( 97%) used,     1.56 MB (  3%) free+waste,   235.94 KB ( <1%) overhead. 

Virtual space:
  Non-class space:       54.00 MB reserved,      52.25 MB ( 97%) committed 
      Class space:        1.00 GB reserved,       8.32 MB ( <1%) committed 
             Both:        1.05 GB reserved,      60.57 MB (  6%) committed 

Chunk freelists:
   Non-Class:  30.00 KB
       Class:  30.00 KB
        Both:  60.00 KB

MaxMetaspaceSize: 17179869184.00 GB
CompressedClassSpaceSize: 1.00 GB
Initial GC threshold: 20.80 MB
Current GC threshold: 100.96 MB
CDS: off

CodeHeap 'non-profiled nmethods': size=120000Kb used=3473Kb max_used=3473Kb free=116526Kb
 bounds [0x000001bd1f210000, 0x000001bd1f580000, 0x000001bd26740000]
CodeHeap 'profiled nmethods': size=120000Kb used=13124Kb max_used=13124Kb free=106875Kb
 bounds [0x000001bd17ce0000, 0x000001bd189c0000, 0x000001bd1f210000]
CodeHeap 'non-nmethods': size=5760Kb used=2334Kb max_used=2366Kb free=3426Kb
 bounds [0x000001bd17740000, 0x000001bd179b0000, 0x000001bd17ce0000]
 total_blobs=6997 nmethods=6172 adapters=736
 compilation: enabled
              stopped_count=0, restarted_count=0
 full_count=0

Compilation events (20 events):
Event: 7.290 Thread 0x000001bd2f1bf800 6172 %     3       org.gradle.internal.instantiation.generator.AbstractClassGenerator::inspectType @ 517 (560 bytes)
Event: 7.293 Thread 0x000001bd2f1bf800 nmethod 6172% 0x000001bd1898bb90 code [0x000001bd1898c3a0, 0x000001bd18991768]
Event: 7.298 Thread 0x000001bd2f1bf800 6173       3       com.google.common.cache.CacheBuilder$1::recordMisses (1 bytes)
Event: 7.298 Thread 0x000001bd2f1bf800 nmethod 6173 0x000001bd18993090 code [0x000001bd18993240, 0x000001bd18993338]
Event: 7.298 Thread 0x000001bd2f1bf800 6174       3       org.gradle.api.internal.collections.AbstractIterationOrderRetainingElementSource$Element::getValues (16 bytes)
Event: 7.298 Thread 0x000001bd2f1bf800 nmethod 6174 0x000001bd18993410 code [0x000001bd189935c0, 0x000001bd18993748]
Event: 7.301 Thread 0x000001bd2f1bf800 6175 %     3       org.gradle.internal.instantiation.generator.AbstractClassGenerator::inspectType @ 480 (560 bytes)
Event: 7.304 Thread 0x000001bd2f1bf800 nmethod 6175% 0x000001bd18993810 code [0x000001bd18994020, 0x000001bd18999328]
Event: 7.305 Thread 0x000001bd2f1bf800 6176       1       org.gradle.api.internal.collections.AbstractIterationOrderRetainingElementSource::getInserted (5 bytes)
Event: 7.305 Thread 0x000001bd2f1bf800 nmethod 6176 0x000001bd1f573710 code [0x000001bd1f5738c0, 0x000001bd1f573978]
Event: 7.319 Thread 0x000001bd2f1bf800 6177       3       org.gradle.internal.instantiation.generator.AbstractClassGenerator::inspectType (560 bytes)
Event: 7.322 Thread 0x000001bd2f1bf800 nmethod 6177 0x000001bd1899ac90 code [0x000001bd1899b4a0, 0x000001bd189a06c8]
Event: 7.322 Thread 0x000001bd2f1bf800 6178       3       org.gradle.model.internal.asm.AsmClassGeneratorUtils::unboxOrCast (332 bytes)
Event: 7.323 Thread 0x000001bd2f1bf800 nmethod 6178 0x000001bd189a2010 code [0x000001bd189a24e0, 0x000001bd189a4258]
Event: 7.323 Thread 0x000001bd2f1bf800 6179       3       com.google.common.collect.LinkedHashMultimap::createCollection (14 bytes)
Event: 7.323 Thread 0x000001bd2f1bf800 nmethod 6179 0x000001bd189a4c90 code [0x000001bd189a4e40, 0x000001bd189a4fe8]
Event: 7.323 Thread 0x000001bd2f1bf800 6180       3       com.google.common.collect.AbstractMapBasedMultimap$WrappedCollection$WrappedIterator::hasNext (14 bytes)
Event: 7.324 Thread 0x000001bd2f1bf800 nmethod 6180 0x000001bd189a5090 code [0x000001bd189a5280, 0x000001bd189a5688]
Event: 7.332 Thread 0x000001bd2f1bf800 6181       3       org.gradle.api.internal.DefaultDomainObjectCollection::getMutationGuard (10 bytes)
Event: 7.332 Thread 0x000001bd2f1bf800 nmethod 6181 0x000001bd189a5810 code [0x000001bd189a59c0, 0x000001bd189a5b88]

GC Heap History (20 events):
Event: 4.237 GC heap before
{Heap before GC invocations=5 (full 0):
 garbage-first heap   total 126976K, used 94613K [0x0000000080000000, 0x0000000100000000)
  region size 1024K, 68 young (69632K), 4 survivors (4096K)
 Metaspace       used 32559K, capacity 33500K, committed 33664K, reserved 1079296K
  class space    used 4405K, capacity 4716K, committed 4736K, reserved 1048576K
}
Event: 4.241 GC heap after
{Heap after GC invocations=6 (full 0):
 garbage-first heap   total 126976K, used 35343K [0x0000000080000000, 0x0000000100000000)
  region size 1024K, 9 young (9216K), 9 survivors (9216K)
 Metaspace       used 32559K, capacity 33500K, committed 33664K, reserved 1079296K
  class space    used 4405K, capacity 4716K, committed 4736K, reserved 1048576K
}
Event: 4.423 GC heap before
{Heap before GC invocations=6 (full 0):
 garbage-first heap   total 126976K, used 46607K [0x0000000080000000, 0x0000000100000000)
  region size 1024K, 21 young (21504K), 9 survivors (9216K)
 Metaspace       used 34816K, capacity 35797K, committed 35840K, reserved 1081344K
  class space    used 4651K, capacity 4991K, committed 4992K, reserved 1048576K
}
Event: 4.430 GC heap after
{Heap after GC invocations=7 (full 0):
 garbage-first heap   total 126976K, used 36890K [0x0000000080000000, 0x0000000100000000)
  region size 1024K, 2 young (2048K), 2 survivors (2048K)
 Metaspace       used 34816K, capacity 35797K, committed 35840K, reserved 1081344K
  class space    used 4651K, capacity 4991K, committed 4992K, reserved 1048576K
}
Event: 4.913 GC heap before
{Heap before GC invocations=8 (full 0):
 garbage-first heap   total 126976K, used 93210K [0x0000000080000000, 0x0000000100000000)
  region size 1024K, 54 young (55296K), 2 survivors (2048K)
 Metaspace       used 41434K, capacity 42461K, committed 42572K, reserved 1085440K
  class space    used 5301K, capacity 5694K, committed 5708K, reserved 1048576K
}
Event: 4.917 GC heap after
{Heap after GC invocations=9 (full 0):
 garbage-first heap   total 126976K, used 41919K [0x0000000080000000, 0x0000000100000000)
  region size 1024K, 7 young (7168K), 7 survivors (7168K)
 Metaspace       used 41434K, capacity 42461K, committed 42572K, reserved 1085440K
  class space    used 5301K, capacity 5694K, committed 5708K, reserved 1048576K
}
Event: 5.382 GC heap before
{Heap before GC invocations=9 (full 0):
 garbage-first heap   total 126976K, used 96191K [0x0000000080000000, 0x0000000100000000)
  region size 1024K, 56 young (57344K), 7 survivors (7168K)
 Metaspace       used 45309K, capacity 46597K, committed 46796K, reserved 1089536K
  class space    used 5756K, capacity 6255K, committed 6348K, reserved 1048576K
}
Event: 5.387 GC heap after
{Heap after GC invocations=10 (full 0):
 garbage-first heap   total 126976K, used 48816K [0x0000000080000000, 0x0000000100000000)
  region size 1024K, 4 young (4096K), 4 survivors (4096K)
 Metaspace       used 45309K, capacity 46597K, committed 46796K, reserved 1089536K
  class space    used 5756K, capacity 6255K, committed 6348K, reserved 1048576K
}
Event: 5.760 GC heap before
{Heap before GC invocations=10 (full 0):
 garbage-first heap   total 126976K, used 101040K [0x0000000080000000, 0x0000000100000000)
  region size 1024K, 51 young (52224K), 4 survivors (4096K)
 Metaspace       used 47471K, capacity 48829K, committed 48844K, reserved 1091584K
  class space    used 6089K, capacity 6593K, committed 6604K, reserved 1048576K
}
Event: 5.764 GC heap after
{Heap after GC invocations=11 (full 0):
 garbage-first heap   total 126976K, used 57171K [0x0000000080000000, 0x0000000100000000)
  region size 1024K, 7 young (7168K), 7 survivors (7168K)
 Metaspace       used 47471K, capacity 48829K, committed 48844K, reserved 1091584K
  class space    used 6089K, capacity 6593K, committed 6604K, reserved 1048576K
}
Event: 6.173 GC heap before
{Heap before GC invocations=11 (full 0):
 garbage-first heap   total 126976K, used 100179K [0x0000000080000000, 0x0000000100000000)
  region size 1024K, 49 young (50176K), 7 survivors (7168K)
 Metaspace       used 50494K, capacity 52048K, committed 52172K, reserved 1093632K
  class space    used 6563K, capacity 7111K, committed 7116K, reserved 1048576K
}
Event: 6.178 GC heap after
{Heap after GC invocations=12 (full 0):
 garbage-first heap   total 126976K, used 59736K [0x0000000080000000, 0x0000000100000000)
  region size 1024K, 3 young (3072K), 3 survivors (3072K)
 Metaspace       used 50494K, capacity 52048K, committed 52172K, reserved 1093632K
  class space    used 6563K, capacity 7111K, committed 7116K, reserved 1048576K
}
Event: 6.560 GC heap before
{Heap before GC invocations=12 (full 0):
 garbage-first heap   total 126976K, used 90456K [0x0000000080000000, 0x0000000100000000)
  region size 1024K, 35 young (35840K), 3 survivors (3072K)
 Metaspace       used 51443K, capacity 53117K, committed 53324K, reserved 1095680K
  class space    used 6642K, capacity 7223K, committed 7244K, reserved 1048576K
}
Event: 6.566 GC heap after
{Heap after GC invocations=13 (full 0):
 garbage-first heap   total 126976K, used 61599K [0x0000000080000000, 0x0000000100000000)
  region size 1024K, 5 young (5120K), 5 survivors (5120K)
 Metaspace       used 51443K, capacity 53117K, committed 53324K, reserved 1095680K
  class space    used 6642K, capacity 7223K, committed 7244K, reserved 1048576K
}
Event: 6.635 GC heap before
{Heap before GC invocations=14 (full 0):
 garbage-first heap   total 126976K, used 68767K [0x0000000080000000, 0x0000000100000000)
  region size 1024K, 12 young (12288K), 5 survivors (5120K)
 Metaspace       used 51443K, capacity 53105K, committed 53324K, reserved 1095680K
  class space    used 6640K, capacity 7219K, committed 7244K, reserved 1048576K
}
Event: 6.641 GC heap after
{Heap after GC invocations=15 (full 0):
 garbage-first heap   total 126976K, used 67909K [0x0000000080000000, 0x0000000100000000)
  region size 1024K, 6 young (6144K), 6 survivors (6144K)
 Metaspace       used 51443K, capacity 53105K, committed 53324K, reserved 1095680K
  class space    used 6640K, capacity 7219K, committed 7244K, reserved 1048576K
}
Event: 6.958 GC heap before
{Heap before GC invocations=16 (full 0):
 garbage-first heap   total 126976K, used 103749K [0x0000000080000000, 0x0000000100000000)
  region size 1024K, 39 young (39936K), 6 survivors (6144K)
 Metaspace       used 55315K, capacity 57105K, committed 57292K, reserved 1099776K
  class space    used 7135K, capacity 7765K, committed 7884K, reserved 1048576K
}
Event: 6.961 GC heap after
{Heap after GC invocations=17 (full 0):
 garbage-first heap   total 126976K, used 72371K [0x0000000080000000, 0x0000000100000000)
  region size 1024K, 3 young (3072K), 3 survivors (3072K)
 Metaspace       used 55315K, capacity 57105K, committed 57292K, reserved 1099776K
  class space    used 7135K, capacity 7765K, committed 7884K, reserved 1048576K
}
Event: 7.312 GC heap before
{Heap before GC invocations=17 (full 0):
 garbage-first heap   total 126976K, used 103091K [0x0000000080000000, 0x0000000100000000)
  region size 1024K, 33 young (33792K), 3 survivors (3072K)
 Metaspace       used 59675K, capacity 61484K, committed 61644K, reserved 1101824K
  class space    used 7672K, capacity 8324K, committed 8396K, reserved 1048576K
}
Event: 7.318 GC heap after
{Heap after GC invocations=18 (full 0):
 garbage-first heap   total 126976K, used 73214K [0x0000000080000000, 0x0000000100000000)
  region size 1024K, 4 young (4096K), 4 survivors (4096K)
 Metaspace       used 59675K, capacity 61484K, committed 61644K, reserved 1101824K
  class space    used 7672K, capacity 8324K, committed 8396K, reserved 1048576K
}

Deoptimization events (20 events):
Event: 6.920 Thread 0x000001bd2f31b800 Uncommon trap: trap_request=0xffffff4d fr.pc=0x000001bd1f41a1ac relative=0x000000000000092c
Event: 6.920 Thread 0x000001bd2f31b800 Uncommon trap: reason=unstable_if action=reinterpret pc=0x000001bd1f41a1ac method=java.io.BufferedInputStream.read([BII)I @ 56 c2
Event: 6.920 Thread 0x000001bd2f31b800 DEOPT PACKING pc=0x000001bd1f41a1ac sp=0x0000002d043f7690
Event: 6.920 Thread 0x000001bd2f31b800 DEOPT UNPACKING pc=0x000001bd177485af sp=0x0000002d043f7648 mode 2
Event: 6.961 Thread 0x000001bd2f31f000 Uncommon trap: trap_request=0xffffffde fr.pc=0x000001bd1f36ff6c relative=0x000000000000052c
Event: 6.961 Thread 0x000001bd2f31f000 Uncommon trap: reason=class_check action=maybe_recompile pc=0x000001bd1f36ff6c method=jdk.internal.ref.PhantomCleanable.clean()V @ 12 c2
Event: 6.961 Thread 0x000001bd2f31f000 DEOPT PACKING pc=0x000001bd1f36ff6c sp=0x0000002d039ff0f0
Event: 6.961 Thread 0x000001bd2f31f000 DEOPT UNPACKING pc=0x000001bd177485af sp=0x0000002d039ff0d0 mode 2
Event: 7.102 Thread 0x000001bd2f31b800 Uncommon trap: trap_request=0xffffff4d fr.pc=0x000001bd1f55ed88 relative=0x0000000000000328
Event: 7.102 Thread 0x000001bd2f31b800 Uncommon trap: reason=unstable_if action=reinterpret pc=0x000001bd1f55ed88 method=org.gradle.internal.instantiation.generator.AbstractClassGenerator$InjectionAnnotationValidator.validateMethod(Ljava/lang/reflect/Method;Lorg/gradle/internal/reflect/Propert
Event: 7.102 Thread 0x000001bd2f31b800 DEOPT PACKING pc=0x000001bd1f55ed88 sp=0x0000002d043f7850
Event: 7.102 Thread 0x000001bd2f31b800 DEOPT UNPACKING pc=0x000001bd177485af sp=0x0000002d043f7818 mode 2
Event: 7.102 Thread 0x000001bd2f31b800 Uncommon trap: trap_request=0xffffff4d fr.pc=0x000001bd1f560a90 relative=0x00000000000003f0
Event: 7.102 Thread 0x000001bd2f31b800 Uncommon trap: reason=unstable_if action=reinterpret pc=0x000001bd1f560a90 method=org.gradle.internal.instantiation.generator.AbstractClassGenerator$InjectionAnnotationValidator.validateMethod(Ljava/lang/reflect/Method;Lorg/gradle/internal/reflect/Propert
Event: 7.102 Thread 0x000001bd2f31b800 DEOPT PACKING pc=0x000001bd1f560a90 sp=0x0000002d043f77c0
Event: 7.102 Thread 0x000001bd2f31b800 DEOPT UNPACKING pc=0x000001bd177485af sp=0x0000002d043f7780 mode 2
Event: 7.212 Thread 0x000001bd2f31b800 Uncommon trap: trap_request=0xffffffde fr.pc=0x000001bd1f52ce2c relative=0x000000000000142c
Event: 7.213 Thread 0x000001bd2f31b800 Uncommon trap: reason=class_check action=maybe_recompile pc=0x000001bd1f52ce2c method=jdk.internal.loader.BuiltinClassLoader.loadClassOrNull(Ljava/lang/String;Z)Ljava/lang/Class; @ 86 c2
Event: 7.213 Thread 0x000001bd2f31b800 DEOPT PACKING pc=0x000001bd1f52ce2c sp=0x0000002d043f5d70
Event: 7.213 Thread 0x000001bd2f31b800 DEOPT UNPACKING pc=0x000001bd177485af sp=0x0000002d043f5d38 mode 2

Classes redefined (0 events):
No events

Internal exceptions (20 events):
Event: 6.610 Thread 0x000001bd2f31b800 Exception <a 'java/security/PrivilegedActionException'{0x00000000879e12e0}> (0x00000000879e12e0) thrown at [./src/hotspot/share/prims/jvm.cpp, line 1306]
Event: 6.656 Thread 0x000001bd2f31b800 Exception <a 'java/lang/ClassNotFoundException'{0x0000000087a2e440}: org/gradle/api/tasks/Delete_DecoratedBeanInfo> (0x0000000087a2e440) thrown at [./src/hotspot/share/classfile/systemDictionary.cpp, line 231]
Event: 6.657 Thread 0x000001bd2f31b800 Exception <a 'java/lang/ClassNotFoundException'{0x0000000087a596f0}: org/gradle/api/tasks/DeleteBeanInfo> (0x0000000087a596f0) thrown at [./src/hotspot/share/classfile/systemDictionary.cpp, line 231]
Event: 6.658 Thread 0x000001bd2f31b800 Exception <a 'java/lang/ClassNotFoundException'{0x0000000087a879c0}: org/gradle/api/internal/ConventionTaskBeanInfo> (0x0000000087a879c0) thrown at [./src/hotspot/share/classfile/systemDictionary.cpp, line 231]
Event: 6.658 Thread 0x000001bd2f31b800 Exception <a 'java/lang/ClassNotFoundException'{0x0000000087ab17b0}: org/gradle/api/DefaultTaskBeanInfo> (0x0000000087ab17b0) thrown at [./src/hotspot/share/classfile/systemDictionary.cpp, line 231]
Event: 6.659 Thread 0x000001bd2f31b800 Exception <a 'java/lang/ClassNotFoundException'{0x0000000087adf2e8}: org/gradle/api/internal/AbstractTaskBeanInfo> (0x0000000087adf2e8) thrown at [./src/hotspot/share/classfile/systemDictionary.cpp, line 231]
Event: 6.659 Thread 0x000001bd2f31b800 Exception <a 'java/lang/ClassNotFoundException'{0x000000008790d7d0}: org/gradle/api/internal/AbstractTaskCustomizer> (0x000000008790d7d0) thrown at [./src/hotspot/share/classfile/systemDictionary.cpp, line 231]
Event: 6.661 Thread 0x000001bd2f31b800 Exception <a 'java/lang/ClassNotFoundException'{0x0000000087982800}: org/gradle/api/DefaultTaskCustomizer> (0x0000000087982800) thrown at [./src/hotspot/share/classfile/systemDictionary.cpp, line 231]
Event: 6.664 Thread 0x000001bd2f31b800 Exception <a 'java/lang/ClassNotFoundException'{0x0000000087806070}: org/gradle/api/internal/ConventionTaskCustomizer> (0x0000000087806070) thrown at [./src/hotspot/share/classfile/systemDictionary.cpp, line 231]
Event: 6.665 Thread 0x000001bd2f31b800 Exception <a 'java/lang/ClassNotFoundException'{0x00000000878408a8}: org/gradle/api/tasks/DeleteCustomizer> (0x00000000878408a8) thrown at [./src/hotspot/share/classfile/systemDictionary.cpp, line 231]
Event: 6.666 Thread 0x000001bd2f31b800 Exception <a 'java/lang/ClassNotFoundException'{0x0000000087882600}: org/gradle/api/tasks/Delete_DecoratedCustomizer> (0x0000000087882600) thrown at [./src/hotspot/share/classfile/systemDictionary.cpp, line 231]
Event: 6.691 Thread 0x000001bd2f31b800 Exception <a 'java/lang/ClassNotFoundException'{0x00000000877ce670}: build_e8hajt9xfy95ux4z7z46sx7d4BeanInfo> (0x00000000877ce670) thrown at [./src/hotspot/share/classfile/systemDictionary.cpp, line 231]
Event: 6.692 Thread 0x000001bd2f31b800 Exception <a 'java/lang/ClassNotFoundException'{0x00000000877da370}: build_e8hajt9xfy95ux4z7z46sx7d4Customizer> (0x00000000877da370) thrown at [./src/hotspot/share/classfile/systemDictionary.cpp, line 231]
Event: 6.779 Thread 0x000001bd2f31b800 Exception <a 'java/lang/NoSuchMethodError'{0x0000000086520078}: 'java.lang.Object java.lang.invoke.DirectMethodHandle$Holder.invokeStatic(java.lang.Object, java.lang.Object, java.lang.Object, java.lang.Object, int)'> (0x0000000086520078) thrown at [./src/hotspot/share/interpreter/linkResolver.cpp, line 773]
Event: 6.779 Thread 0x000001bd2f31b800 Exception <a 'java/lang/NoSuchMethodError'{0x0000000086524a70}: 'java.lang.Object java.lang.invoke.DirectMethodHandle$Holder.invokeSpecial(java.lang.Object, java.lang.Object, java.lang.Object, java.lang.Object, java.lang.Object, int)'> (0x0000000086524a70) thrown at [./src/hotspot/share/interpreter/linkResolver.cpp, line 773]
Event: 6.779 Thread 0x000001bd2f31b800 Exception <a 'java/lang/NoSuchMethodError'{0x00000000865290b0}: 'java.lang.Object java.lang.invoke.Invokers$Holder.linkToTargetMethod(java.lang.Object, java.lang.Object, java.lang.Object, int, java.lang.Object)'> (0x00000000865290b0) thrown at [./src/hotspot/share/interpreter/linkResolver.cpp, line 773]
Event: 6.940 Thread 0x000001bd2f31b800 Exception <a 'java/lang/NoSuchMethodError'{0x00000000857fdee8}: 'java.lang.Object java.lang.invoke.DirectMethodHandle$Holder.invokeSpecial(java.lang.Object, java.lang.Object, int, int, java.lang.Object, java.lang.Object, java.lang.Object)'> (0x00000000857fdee8) thrown at [./src/hotspot/share/interpreter/linkResolver.cpp, line 773]
Event: 6.940 Thread 0x000001bd2f31b800 Exception <a 'java/lang/NoSuchMethodError'{0x0000000085602c90}: 'java.lang.Object java.lang.invoke.DelegatingMethodHandle$Holder.reinvoke_L(java.lang.Object, int, int, java.lang.Object, java.lang.Object, java.lang.Object)'> (0x0000000085602c90) thrown at [./src/hotspot/share/interpreter/linkResolver.cpp, line 773]
Event: 7.093 Thread 0x000001bd2f31b800 Exception <a 'java/lang/NoSuchMethodError'{0x0000000087034550}: 'int java.lang.invoke.DirectMethodHandle$Holder.invokeInterface(java.lang.Object, java.lang.Object, java.lang.Object, java.lang.Object)'> (0x0000000087034550) thrown at [./src/hotspot/share/interpreter/linkResolver.cpp, line 773]
Event: 7.271 Thread 0x000001bd2f31b800 Exception <a 'java/lang/NoSuchMethodError'{0x000000008619e560}: 'void java.lang.invoke.DirectMethodHandle$Holder.invokeInterface(java.lang.Object, java.lang.Object, java.lang.Object, java.lang.Object)'> (0x000000008619e560) thrown at [./src/hotspot/share/interpreter/linkResolver.cpp, line 773]

Events (20 events):
Event: 7.331 loading class org/gradle/internal/deprecation/DeprecatableConfiguration
Event: 7.331 loading class org/gradle/internal/deprecation/DeprecatableConfiguration done
Event: 7.331 loading class org/gradle/api/artifacts/Configuration
Event: 7.331 loading class org/gradle/api/artifacts/Configuration done
Event: 7.331 loading class org/gradle/internal/deprecation/DeprecatableConfiguration
Event: 7.331 loading class org/gradle/internal/deprecation/DeprecatableConfiguration done
Event: 7.331 loading class org/gradle/api/artifacts/Configuration
Event: 7.331 loading class org/gradle/api/artifacts/Configuration done
Event: 7.331 loading class org/gradle/api/artifacts/PublishArtifact
Event: 7.331 loading class org/gradle/api/artifacts/PublishArtifact done
Event: 7.331 loading class org/gradle/api/artifacts/Configuration
Event: 7.331 loading class org/gradle/api/artifacts/Configuration done
Event: 7.331 loading class org/gradle/api/Task
Event: 7.331 loading class org/gradle/api/Task done
Event: 7.331 loading class org/gradle/api/Task
Event: 7.331 loading class org/gradle/api/Task done
Event: 7.331 loading class org/gradle/api/Action
Event: 7.331 loading class org/gradle/api/Action done
Event: 7.332 loading class org/gradle/api/plugins/JvmEcosystemPlugin
Event: 7.332 loading class org/gradle/api/plugins/JvmEcosystemPlugin done


Dynamic libraries:
0x00007ff712870000 - 0x00007ff71287a000 	C:\Program Files\Android\Android Studio\jre\bin\java.exe
0x00007fff1db70000 - 0x00007fff1dd65000 	C:\WINDOWS\SYSTEM32\ntdll.dll
0x00007fff1d4d0000 - 0x00007fff1d58d000 	C:\WINDOWS\System32\KERNEL32.DLL
0x00007fff1b300000 - 0x00007fff1b5cd000 	C:\WINDOWS\System32\KERNELBASE.dll
0x00007fff1b5d0000 - 0x00007fff1b6d0000 	C:\WINDOWS\System32\ucrtbase.dll
0x00007fff05640000 - 0x00007fff05659000 	C:\Program Files\Android\Android Studio\jre\bin\jli.dll
0x00007ffef57e0000 - 0x00007ffef57f7000 	C:\Program Files\Android\Android Studio\jre\bin\VCRUNTIME140.dll
0x00007fff1c740000 - 0x00007fff1c8e0000 	C:\WINDOWS\System32\USER32.dll
0x00007fff1b740000 - 0x00007fff1b762000 	C:\WINDOWS\System32\win32u.dll
0x00007fff1d950000 - 0x00007fff1d97a000 	C:\WINDOWS\System32\GDI32.dll
0x00007fff1b8c0000 - 0x00007fff1b9cb000 	C:\WINDOWS\System32\gdi32full.dll
0x00007fff1b820000 - 0x00007fff1b8bd000 	C:\WINDOWS\System32\msvcp_win.dll
0x00007ffeeec00000 - 0x00007ffeeee9a000 	C:\WINDOWS\WinSxS\amd64_microsoft.windows.common-controls_6595b64144ccf1df_6.0.19041.1110_none_60b5254171f9507e\COMCTL32.dll
0x00007fff1cd60000 - 0x00007fff1cdfe000 	C:\WINDOWS\System32\msvcrt.dll
0x00007fff1cf40000 - 0x00007fff1cf70000 	C:\WINDOWS\System32\IMM32.DLL
0x00007ffede790000 - 0x00007ffede82d000 	C:\Program Files\Android\Android Studio\jre\bin\msvcp140.dll
0x00007ffeb4420000 - 0x00007ffeb4f05000 	C:\Program Files\Android\Android Studio\jre\bin\server\jvm.dll
0x00007fff1c560000 - 0x00007fff1c60e000 	C:\WINDOWS\System32\ADVAPI32.dll
0x00007fff1d6b0000 - 0x00007fff1d74c000 	C:\WINDOWS\System32\sechost.dll
0x00007fff1c610000 - 0x00007fff1c735000 	C:\WINDOWS\System32\RPCRT4.dll
0x00007fff1d940000 - 0x00007fff1d948000 	C:\WINDOWS\System32\PSAPI.DLL
0x00007fff05c50000 - 0x00007fff05c59000 	C:\WINDOWS\SYSTEM32\WSOCK32.dll
0x00007fff19a10000 - 0x00007fff19a1a000 	C:\WINDOWS\SYSTEM32\VERSION.dll
0x00007fff0f6d0000 - 0x00007fff0f6f7000 	C:\WINDOWS\SYSTEM32\WINMM.dll
0x00007fff1cf70000 - 0x00007fff1cfdb000 	C:\WINDOWS\System32\WS2_32.dll
0x00007fff19b10000 - 0x00007fff19b22000 	C:\WINDOWS\SYSTEM32\kernel.appcore.dll
0x00007fff05240000 - 0x00007fff05251000 	C:\Program Files\Android\Android Studio\jre\bin\verify.dll
0x00007fff176e0000 - 0x00007fff178c4000 	C:\WINDOWS\SYSTEM32\DBGHELP.DLL
0x00007fff125f0000 - 0x00007fff1261c000 	C:\WINDOWS\SYSTEM32\dbgcore.DLL
0x00007fff1b9d0000 - 0x00007fff1ba52000 	C:\WINDOWS\System32\bcryptPrimitives.dll
0x00007ffef1080000 - 0x00007ffef10a9000 	C:\Program Files\Android\Android Studio\jre\bin\java.dll
0x00007fff19ad0000 - 0x00007fff19adb000 	C:\Program Files\Android\Android Studio\jre\bin\jimage.dll
0x00007fff04a50000 - 0x00007fff04a68000 	C:\Program Files\Android\Android Studio\jre\bin\zip.dll
0x00007fff1bd50000 - 0x00007fff1c494000 	C:\WINDOWS\System32\SHELL32.dll
0x00007fff191c0000 - 0x00007fff19954000 	C:\WINDOWS\SYSTEM32\windows.storage.dll
0x00007fff1d0f0000 - 0x00007fff1d444000 	C:\WINDOWS\System32\combase.dll
0x00007fff1ace0000 - 0x00007fff1ad0c000 	C:\WINDOWS\SYSTEM32\Wldp.dll
0x00007fff1bca0000 - 0x00007fff1bd4d000 	C:\WINDOWS\System32\SHCORE.dll
0x00007fff1ce00000 - 0x00007fff1ce55000 	C:\WINDOWS\System32\shlwapi.dll
0x00007fff1b1c0000 - 0x00007fff1b1df000 	C:\WINDOWS\SYSTEM32\profapi.dll
0x00007ffef1610000 - 0x00007ffef162a000 	C:\Program Files\Android\Android Studio\jre\bin\net.dll
0x00007fff164f0000 - 0x00007fff165fa000 	C:\WINDOWS\SYSTEM32\WINHTTP.dll
0x00007fff1aa40000 - 0x00007fff1aaaa000 	C:\WINDOWS\system32\mswsock.dll
0x00007ffef1060000 - 0x00007ffef1074000 	C:\Program Files\Android\Android Studio\jre\bin\nio.dll
0x00007fff04ab0000 - 0x00007fff04ad7000 	C:\Users\dede9\.gradle\native\e1d6ef7f7dcc3fd88c89a11ec53ec762bb8ba0a96d01ffa2cd45eb1d1d8dd5c5\windows-amd64\native-platform.dll
0x00007ffed98b0000 - 0x00007ffed99f4000 	C:\Users\dede9\.gradle\native\5664cfc778a61ccfe75a443a1ab52a65af34e5dc3c78e0209fed803814484fcb\windows-amd64\native-platform-file-events.dll
0x00007fff19a90000 - 0x00007fff19a9a000 	C:\Program Files\Android\Android Studio\jre\bin\management.dll
0x00007fff133e0000 - 0x00007fff133ed000 	C:\Program Files\Android\Android Studio\jre\bin\management_ext.dll
0x00007fff1ac30000 - 0x00007fff1ac48000 	C:\WINDOWS\SYSTEM32\CRYPTSP.dll
0x00007fff1a350000 - 0x00007fff1a384000 	C:\WINDOWS\system32\rsaenh.dll
0x00007fff1b280000 - 0x00007fff1b2a7000 	C:\WINDOWS\System32\bcrypt.dll
0x00007fff1b180000 - 0x00007fff1b1ae000 	C:\WINDOWS\SYSTEM32\USERENV.dll
0x00007fff1ac50000 - 0x00007fff1ac5c000 	C:\WINDOWS\SYSTEM32\CRYPTBASE.dll
0x00007fff1a6e0000 - 0x00007fff1a71b000 	C:\WINDOWS\SYSTEM32\IPHLPAPI.DLL
0x00007fff1d930000 - 0x00007fff1d938000 	C:\WINDOWS\System32\NSI.dll
0x00007fff15930000 - 0x00007fff15947000 	C:\WINDOWS\SYSTEM32\dhcpcsvc6.DLL
0x00007fff15910000 - 0x00007fff1592d000 	C:\WINDOWS\SYSTEM32\dhcpcsvc.DLL
0x00007fff1a780000 - 0x00007fff1a84b000 	C:\WINDOWS\SYSTEM32\DNSAPI.dll

dbghelp: loaded successfully - version: 4.0.5 - missing functions: none
symbol engine: initialized successfully - sym options: 0x614 - pdb path: .;C:\Program Files\Android\Android Studio\jre\bin;C:\WINDOWS\SYSTEM32;C:\WINDOWS\WinSxS\amd64_microsoft.windows.common-controls_6595b64144ccf1df_6.0.19041.1110_none_60b5254171f9507e;C:\Program Files\Android\Android Studio\jre\bin\server;C:\Users\dede9\.gradle\native\e1d6ef7f7dcc3fd88c89a11ec53ec762bb8ba0a96d01ffa2cd45eb1d1d8dd5c5\windows-amd64;C:\Users\dede9\.gradle\native\5664cfc778a61ccfe75a443a1ab52a65af34e5dc3c78e0209fed803814484fcb\windows-amd64

VM Arguments:
jvm_args: --add-opens=java.base/java.util=ALL-UNNAMED --add-opens=java.base/java.lang=ALL-UNNAMED --add-opens=java.base/java.lang.invoke=ALL-UNNAMED --add-opens=java.base/java.util=ALL-UNNAMED --add-opens=java.prefs/java.util.prefs=ALL-UNNAMED --add-opens=java.prefs/java.util.prefs=ALL-UNNAMED --add-opens=java.base/java.nio.charset=ALL-UNNAMED --add-opens=java.base/java.net=ALL-UNNAMED --add-opens=java.base/java.util.concurrent.atomic=ALL-UNNAMED -Xmx2048m -Dfile.encoding=UTF-8 -Duser.country=KR -Duser.language=ko -Duser.variant 
java_command: org.gradle.launcher.daemon.bootstrap.GradleDaemon 7.3.3
java_class_path (initial): C:\Users\dede9\.gradle\wrapper\dists\gradle-7.3.3-bin\6a41zxkdtcxs8rphpq6y0069z\gradle-7.3.3\lib\gradle-launcher-7.3.3.jar
Launcher Type: SUN_STANDARD

[Global flags]
     intx CICompilerCount                          = 4                                         {product} {ergonomic}
     uint ConcGCThreads                            = 2                                         {product} {ergonomic}
     uint G1ConcRefinementThreads                  = 8                                         {product} {ergonomic}
   size_t G1HeapRegionSize                         = 1048576                                   {product} {ergonomic}
    uintx GCDrainStackTargetSize                   = 64                                        {product} {ergonomic}
   size_t InitialHeapSize                          = 130023424                                 {product} {ergonomic}
   size_t MarkStackSize                            = 4194304                                   {product} {ergonomic}
   size_t MaxHeapSize                              = 2147483648                                {product} {command line}
   size_t MaxNewSize                               = 1287651328                                {product} {ergonomic}
   size_t MinHeapDeltaBytes                        = 1048576                                   {product} {ergonomic}
    uintx NonNMethodCodeHeapSize                   = 5836300                                {pd product} {ergonomic}
    uintx NonProfiledCodeHeapSize                  = 122910970                              {pd product} {ergonomic}
    uintx ProfiledCodeHeapSize                     = 122910970                              {pd product} {ergonomic}
    uintx ReservedCodeCacheSize                    = 251658240                              {pd product} {ergonomic}
     bool SegmentedCodeCache                       = true                                      {product} {ergonomic}
     bool UseCompressedClassPointers               = true                                 {lp64_product} {ergonomic}
     bool UseCompressedOops                        = true                                 {lp64_product} {ergonomic}
     bool UseG1GC                                  = true                                      {product} {ergonomic}
     bool UseLargePagesIndividualAllocation        = false                                  {pd product} {ergonomic}

Logging:
Log output configuration:
 #0: stdout all=warning uptime,level,tags
 #1: stderr all=off uptime,level,tags

Environment Variables:
JAVA_HOME=C:\Program Files\Java\jdk1.8.0_321
CLASSPATH=.;C:\_server\apache-tomcat-9.0.45\lib\servlet-api.jar;C:\Program Files\Java\jdk1.8.0_321\lib\mssql-jdbc-9.2.1.jre15.jar
PATH=C:\Program Files (x86)\VMware\VMware Workstation\bin\;C:\app\dede9\product\18.0.0\dbhomeXE\bin;C:\Program Files (x86)\Windows Resource Kits\Tools\;C:\Program Files\Java\jdk1.8.0_321\bin;C:\_server\apache-tomcat-9.0.45\bin;C:\Program Files\Common Files\Oracle\Java\javapath;C:\Program Files (x86)\Common Files\Oracle\Java\javapath;C:\WINDOWS\system32;C:\WINDOWS;C:\WINDOWS\System32\Wbem;C:\WINDOWS\System32\WindowsPowerShell\v1.0\;C:\WINDOWS\System32\OpenSSH\;C:\Program Files\Microsoft SQL Server\Client SDK\ODBC\170\Tools\Binn\;C:\Program Files (x86)\Microsoft SQL Server\150\Tools\Binn\;C:\Program Files\Microsoft SQL Server\150\Tools\Binn\;C:\Program Files\Microsoft SQL Server\150\DTS\Binn\;C:\Program Files (x86)\Microsoft SQL Server\150\DTS\Binn\;C:\Program Files\Git\cmd;C:\Users\dede9\anaconda3;C:\Users\dede9\anaconda3\Library\mingw-w64\bin;C:\Users\dede9\anaconda3\Library\usr\bin;C:\Users\dede9\anaconda3\Library\bin;C:\Users\dede9\anaconda3\Scripts;C:\Users\dede9\AppData\Local\Programs\Python\Python39\Scripts\;C:\Users\dede9\AppData\Local\Programs\Python\Python39\;C:\Users\dede9\AppData\Local\Microsoft\WindowsApps;C:\Program Files\Bandizip\;C:\Users\dede9\AppData\Local\Programs\Microsoft VS Code\bin;C:\Program Files\Azure Data Studio\bin;C:\Program Files\JetBrains\PyCharm Community Edition 2021.3.2\bin;;C:\Users\dede9\AppData\Local\GitHubDesktop\bin
USERNAME=dede9
OS=Windows_NT
PROCESSOR_IDENTIFIER=Intel64 Family 6 Model 140 Stepping 1, GenuineIntel



---------------  S Y S T E M  ---------------

OS: Windows 10 , 64 bit Build 19041 (10.0.19041.1706)
OS uptime: 4 days 7:10 hours

CPU:total 8 (initial active 8) (4 cores per cpu, 2 threads per core) family 6 model 140 stepping 1 microcode 0x8a, cmov, cx8, fxsr, mmx, sse, sse2, sse3, ssse3, sse4.1, sse4.2, popcnt, avx, avx2, aes, clmul, erms, 3dnowpref, lzcnt, ht, tsc, tscinvbit, bmi1, bmi2, adx, evex, sha, fma

Memory: 4k page, system-wide physical 7916M (462M free)
TotalPageFile size 16112M (AvailPageFile size 5M)
current process WorkingSet (physical memory assigned to process): 342M, peak: 342M
current process commit charge ("private bytes"): 382M, peak: 382M

vm_info: OpenJDK 64-Bit Server VM (11.0.12+7-b1504.28-7817840) for windows-amd64 JRE (11.0.12+7-b1504.28-7817840), built on Oct 13 2021 22:12:33 by "builder" with MS VC++ 14.0 (VS2015)

END.
