#
# There is insufficient memory for the Java Runtime Environment to continue.
# Native memory allocation (malloc) failed to allocate 32744 bytes for ChunkPool::allocate
# Possible reasons:
#   The system is out of physical RAM or swap space
#   The process is running with CompressedOops enabled, and the Java Heap may be blocking the growth of the native heap
# Possible solutions:
#   Reduce memory load on the system
#   Increase physical memory or swap space
#   Check if swap backing store is full
#   Decrease Java heap size (-Xmx/-Xms)
#   Decrease number of Java threads
#   Decrease Java thread stack sizes (-Xss)
#   Set larger code cache with -XX:ReservedCodeCacheSize=
#   JVM is running with Unscaled Compressed Oops mode in which the Java heap is
#     placed in the first 4GB address space. The Java Heap base address is the
#     maximum limit for the native heap growth. Please use -XX:HeapBaseMinAddress
#     to set the Java Heap base and to place the Java Heap above 4GB virtual address.
# This output file may be truncated or incomplete.
#
#  Out of Memory Error (./src/hotspot/share/memory/arena.cpp:81), pid=14120, tid=15320
#
# JRE version: OpenJDK Runtime Environment (11.0.12+7) (build 11.0.12+7-b1504.28-7817840)
# Java VM: OpenJDK 64-Bit Server VM (11.0.12+7-b1504.28-7817840, mixed mode, tiered, compressed oops, g1 gc, windows-amd64)
# No core dump will be written. Minidumps are not enabled by default on client versions of Windows
#

---------------  S U M M A R Y ------------

Command Line: --add-opens=java.base/java.util=ALL-UNNAMED --add-opens=java.base/java.lang=ALL-UNNAMED --add-opens=java.base/java.lang.invoke=ALL-UNNAMED --add-opens=java.base/java.util=ALL-UNNAMED --add-opens=java.prefs/java.util.prefs=ALL-UNNAMED --add-opens=java.prefs/java.util.prefs=ALL-UNNAMED --add-opens=java.base/java.nio.charset=ALL-UNNAMED --add-opens=java.base/java.net=ALL-UNNAMED --add-opens=java.base/java.util.concurrent.atomic=ALL-UNNAMED -Xmx2048m -Dfile.encoding=UTF-8 -Duser.country=KR -Duser.language=ko -Duser.variant org.gradle.launcher.daemon.bootstrap.GradleDaemon 7.3.3

Host: 11th Gen Intel(R) Core(TM) i5-1135G7 @ 2.40GHz, 8 cores, 7G,  Windows 10 , 64 bit Build 19041 (10.0.19041.1706)
Time: Wed Jun 15 11:41:38 2022 대한민국 표준시 elapsed time: 6.846118 seconds (0d 0h 0m 6s)

---------------  T H R E A D  ---------------

Current thread (0x0000021f7b60d800):  JavaThread "C2 CompilerThread0" daemon [_thread_in_native, id=15320, stack(0x000000f292700000,0x000000f292800000)]


Current CompileTask:
C2:   6846 4399       4       java.net.URLClassLoader$1::run (5 bytes)

Stack: [0x000000f292700000,0x000000f292800000]
Native frames: (J=compiled Java code, j=interpreted, Vv=VM code, C=native code)
V  [jvm.dll+0x5fbcea]
V  [jvm.dll+0x731905]
V  [jvm.dll+0x732f1d]
V  [jvm.dll+0x7335d3]
V  [jvm.dll+0x247bf8]
V  [jvm.dll+0xc041b]
V  [jvm.dll+0xc06cc]
V  [jvm.dll+0xc02cc]
V  [jvm.dll+0x6282e0]
V  [jvm.dll+0x62c3fe]
V  [jvm.dll+0x19d188]
V  [jvm.dll+0x20070e]
V  [jvm.dll+0x1ff794]
V  [jvm.dll+0x18868c]
V  [jvm.dll+0x20e0d7]
V  [jvm.dll+0x20c901]
V  [jvm.dll+0x6f9b7f]
V  [jvm.dll+0x6f26a5]
V  [jvm.dll+0x5fabf6]
C  [ucrtbase.dll+0x21bb2]
C  [KERNEL32.DLL+0x17034]
C  [ntdll.dll+0x52651]


---------------  P R O C E S S  ---------------

Threads class SMR info:
_java_thread_list=0x0000021f7d7d5b40, length=42, elements={
0x0000021f6086f800, 0x0000021f7acf2800, 0x0000021f7acf6800, 0x0000021f7ad21800,
0x0000021f7b608800, 0x0000021f7b60b800, 0x0000021f7b60d800, 0x0000021f7b614000,
0x0000021f7b61e000, 0x0000021f7b778000, 0x0000021f7ce60800, 0x0000021f7d5c2800,
0x0000021f7d8e8800, 0x0000021f7dd3f000, 0x0000021f7e6e1000, 0x0000021f7e0e0800,
0x0000021f7c98f800, 0x0000021f7dc11800, 0x0000021f7e322000, 0x0000021f7dc0b800,
0x0000021f7dc0b000, 0x0000021f7dc0c800, 0x0000021f7dc0d800, 0x0000021f7dc09800,
0x0000021f7dc10000, 0x0000021f7dc0f000, 0x0000021f7dc0e000, 0x0000021f7dc0a000,
0x0000021f7e963000, 0x0000021f7e965800, 0x0000021f7e963800, 0x0000021f7e964800,
0x0000021f7e966000, 0x0000021f7e967000, 0x0000021f7e961800, 0x0000021f7e968000,
0x0000021f7e962000, 0x0000021f7e968800, 0x0000021f7e96e800, 0x0000021f7e969800,
0x0000021f7e96c000, 0x0000021f7e96b000
}

Java Threads: ( => current thread )
  0x0000021f6086f800 JavaThread "main" [_thread_blocked, id=19012, stack(0x000000f291b00000,0x000000f291c00000)]
  0x0000021f7acf2800 JavaThread "Reference Handler" daemon [_thread_blocked, id=19992, stack(0x000000f292200000,0x000000f292300000)]
  0x0000021f7acf6800 JavaThread "Finalizer" daemon [_thread_blocked, id=8612, stack(0x000000f292300000,0x000000f292400000)]
  0x0000021f7ad21800 JavaThread "Signal Dispatcher" daemon [_thread_blocked, id=12956, stack(0x000000f292400000,0x000000f292500000)]
  0x0000021f7b608800 JavaThread "Attach Listener" daemon [_thread_blocked, id=13380, stack(0x000000f292500000,0x000000f292600000)]
  0x0000021f7b60b800 JavaThread "Service Thread" daemon [_thread_blocked, id=10940, stack(0x000000f292600000,0x000000f292700000)]
=>0x0000021f7b60d800 JavaThread "C2 CompilerThread0" daemon [_thread_in_native, id=15320, stack(0x000000f292700000,0x000000f292800000)]
  0x0000021f7b614000 JavaThread "C1 CompilerThread0" daemon [_thread_blocked, id=18832, stack(0x000000f292800000,0x000000f292900000)]
  0x0000021f7b61e000 JavaThread "Sweeper thread" daemon [_thread_blocked, id=13984, stack(0x000000f292900000,0x000000f292a00000)]
  0x0000021f7b778000 JavaThread "Common-Cleaner" daemon [_thread_blocked, id=6100, stack(0x000000f292a00000,0x000000f292b00000)]
  0x0000021f7ce60800 JavaThread "Daemon health stats" [_thread_blocked, id=1616, stack(0x000000f292f00000,0x000000f293000000)]
  0x0000021f7d5c2800 JavaThread "Incoming local TCP Connector on port 50729" [_thread_in_native, id=12644, stack(0x000000f292c00000,0x000000f292d00000)]
  0x0000021f7d8e8800 JavaThread "Daemon periodic checks" [_thread_blocked, id=9516, stack(0x000000f292e00000,0x000000f292f00000)]
  0x0000021f7dd3f000 JavaThread "Daemon" [_thread_blocked, id=11680, stack(0x000000f293000000,0x000000f293100000)]
  0x0000021f7e6e1000 JavaThread "Handler for socket connection from /127.0.0.1:50729 to /127.0.0.1:50730" [_thread_in_native, id=17044, stack(0x000000f293100000,0x000000f293200000)]
  0x0000021f7e0e0800 JavaThread "Cancel handler" [_thread_blocked, id=12440, stack(0x000000f293200000,0x000000f293300000)]
  0x0000021f7c98f800 JavaThread "Daemon worker" [_thread_in_vm, id=12824, stack(0x000000f293300000,0x000000f293400000)]
  0x0000021f7dc11800 JavaThread "Asynchronous log dispatcher for DefaultDaemonConnection: socket connection from /127.0.0.1:50729 to /127.0.0.1:50730" [_thread_blocked, id=9768, stack(0x000000f293400000,0x000000f293500000)]
  0x0000021f7e322000 JavaThread "Stdin handler" [_thread_blocked, id=12928, stack(0x000000f293500000,0x000000f293600000)]
  0x0000021f7dc0b800 JavaThread "Daemon client event forwarder" [_thread_blocked, id=15828, stack(0x000000f293600000,0x000000f293700000)]
  0x0000021f7dc0b000 JavaThread "Cache worker for journal cache (C:\Users\dede9\.gradle\caches\journal-1)" [_thread_blocked, id=3208, stack(0x000000f293d00000,0x000000f293e00000)]
  0x0000021f7dc0c800 JavaThread "File lock request listener" [_thread_in_native, id=13532, stack(0x000000f293e00000,0x000000f293f00000)]
  0x0000021f7dc0d800 JavaThread "Cache worker for file hash cache (C:\Users\dede9\.gradle\caches\7.3.3\fileHashes)" [_thread_blocked, id=1812, stack(0x000000f294000000,0x000000f294100000)]
  0x0000021f7dc09800 JavaThread "C2 CompilerThread1" daemon [_thread_in_native, id=17972, stack(0x000000f294100000,0x000000f294200000)]
  0x0000021f7dc10000 JavaThread "Cache worker for file hash cache (C:\Users\dede9\AndroidStudioProjects\teamBUPJ\.gradle\7.3.3\fileHashes)" [_thread_blocked, id=12680, stack(0x000000f294200000,0x000000f294300000)]
  0x0000021f7dc0f000 JavaThread "File watcher server" daemon [_thread_in_native, id=17996, stack(0x000000f294300000,0x000000f294400000)]
  0x0000021f7dc0e000 JavaThread "File watcher consumer" daemon [_thread_blocked, id=340, stack(0x000000f294400000,0x000000f294500000)]
  0x0000021f7dc0a000 JavaThread "jar transforms" [_thread_blocked, id=15624, stack(0x000000f294500000,0x000000f294600000)]
  0x0000021f7e963000 JavaThread "jar transforms Thread 2" [_thread_blocked, id=15656, stack(0x000000f294600000,0x000000f294700000)]
  0x0000021f7e965800 JavaThread "jar transforms Thread 3" [_thread_blocked, id=17288, stack(0x000000f294700000,0x000000f294800000)]
  0x0000021f7e963800 JavaThread "jar transforms Thread 4" [_thread_blocked, id=19344, stack(0x000000f294800000,0x000000f294900000)]
  0x0000021f7e964800 JavaThread "jar transforms Thread 5" [_thread_blocked, id=20248, stack(0x000000f294900000,0x000000f294a00000)]
  0x0000021f7e966000 JavaThread "jar transforms Thread 6" [_thread_blocked, id=18732, stack(0x000000f294a00000,0x000000f294b00000)]
  0x0000021f7e967000 JavaThread "jar transforms Thread 7" [_thread_blocked, id=13748, stack(0x000000f294b00000,0x000000f294c00000)]
  0x0000021f7e961800 JavaThread "jar transforms Thread 8" [_thread_blocked, id=12416, stack(0x000000f294c00000,0x000000f294d00000)]
  0x0000021f7e968000 JavaThread "Cache worker for checksums cache (C:\Users\dede9\AndroidStudioProjects\teamBUPJ\.gradle\7.3.3\checksums)" [_thread_blocked, id=7372, stack(0x000000f294d00000,0x000000f294e00000)]
  0x0000021f7e962000 JavaThread "Cache worker for cache directory md-supplier (C:\Users\dede9\.gradle\caches\7.3.3\md-supplier)" [_thread_blocked, id=13948, stack(0x000000f294e00000,0x000000f294f00000)]
  0x0000021f7e968800 JavaThread "Cache worker for cache directory md-rule (C:\Users\dede9\.gradle\caches\7.3.3\md-rule)" [_thread_blocked, id=12520, stack(0x000000f294f00000,0x000000f295000000)]
  0x0000021f7e96e800 JavaThread "Cache worker for execution history cache (C:\Users\dede9\.gradle\caches\7.3.3\executionHistory)" [_thread_blocked, id=2496, stack(0x000000f295000000,0x000000f295100000)]
  0x0000021f7e969800 JavaThread "Cache worker for file content cache (C:\Users\dede9\.gradle\caches\7.3.3\fileContent)" [_thread_blocked, id=5576, stack(0x000000f295100000,0x000000f295200000)]
  0x0000021f7e96c000 JavaThread "Cache worker for dependencies-accessors (C:\Users\dede9\AndroidStudioProjects\teamBUPJ\.gradle\7.3.3\dependencies-accessors)" [_thread_blocked, id=16124, stack(0x000000f295200000,0x000000f295300000)]
  0x0000021f7e96b000 JavaThread "Cache worker for Build Output Cleanup Cache (C:\Users\dede9\AndroidStudioProjects\teamBUPJ\.gradle\buildOutputCleanup)" [_thread_blocked, id=17556, stack(0x000000f295300000,0x000000f295400000)]

Other Threads:
  0x0000021f7acec000 VMThread "VM Thread" [stack: 0x000000f292100000,0x000000f292200000] [id=12468]
  0x0000021f7b79a000 WatcherThread [stack: 0x000000f292b00000,0x000000f292c00000] [id=19656]
  0x0000021f60888000 GCTaskThread "GC Thread#0" [stack: 0x000000f291c00000,0x000000f291d00000] [id=8120]
  0x0000021f7beb0800 GCTaskThread "GC Thread#1" [stack: 0x000000f292d00000,0x000000f292e00000] [id=2276]
  0x0000021f7d0ec000 GCTaskThread "GC Thread#2" [stack: 0x000000f293700000,0x000000f293800000] [id=16940]
  0x0000021f7cb2a800 GCTaskThread "GC Thread#3" [stack: 0x000000f293800000,0x000000f293900000] [id=17704]
  0x0000021f7e0f9800 GCTaskThread "GC Thread#4" [stack: 0x000000f293900000,0x000000f293a00000] [id=14292]
  0x0000021f7d72b800 GCTaskThread "GC Thread#5" [stack: 0x000000f293a00000,0x000000f293b00000] [id=19376]
  0x0000021f7ea74800 GCTaskThread "GC Thread#6" [stack: 0x000000f293b00000,0x000000f293c00000] [id=20096]
  0x0000021f7ca91800 GCTaskThread "GC Thread#7" [stack: 0x000000f293c00000,0x000000f293d00000] [id=9576]
  0x0000021f608ba000 ConcurrentGCThread "G1 Main Marker" [stack: 0x000000f291d00000,0x000000f291e00000] [id=8628]
  0x0000021f608bb800 ConcurrentGCThread "G1 Conc#0" [stack: 0x000000f291e00000,0x000000f291f00000] [id=18888]
  0x0000021f7dd26800 ConcurrentGCThread "G1 Conc#1" [stack: 0x000000f293f00000,0x000000f294000000] [id=4676]
  0x0000021f60948800 ConcurrentGCThread "G1 Refine#0" [stack: 0x000000f291f00000,0x000000f292000000] [id=15272]
  0x0000021f60949800 ConcurrentGCThread "G1 Young RemSet Sampling" [stack: 0x000000f292000000,0x000000f292100000] [id=10992]

Threads with active compile tasks:
C2 CompilerThread0   6865 4399       4       java.net.URLClassLoader$1::run (5 bytes)
C2 CompilerThread1   6865 4398       4       org.objectweb.asm.SymbolTable::put (150 bytes)

VM state:not at safepoint (normal execution)

VM Mutex/Monitor currently owned by a thread: None

Heap address: 0x0000000080000000, size: 2048 MB, Compressed Oops mode: 32-bit
Narrow klass base: 0x0000000000000000, Narrow klass shift: 3
Compressed class space size: 1073741824 Address: 0x0000000100000000

Heap:
 garbage-first heap   total 126976K, used 94371K [0x0000000080000000, 0x0000000100000000)
  region size 1024K, 42 young (43008K), 5 survivors (5120K)
 Metaspace       used 50715K, capacity 52297K, committed 52480K, reserved 1095680K
  class space    used 6569K, capacity 7150K, committed 7168K, reserved 1048576K
Heap Regions: E=young(eden), S=young(survivor), O=old, HS=humongous(starts), HC=humongous(continues), CS=collection set, F=free, A=archive, TAMS=top-at-mark-start (previous, next)
|   0|0x0000000080000000, 0x0000000080100000, 0x0000000080100000|100%| O|  |TAMS 0x0000000080100000, 0x0000000080000000| Untracked 
|   1|0x0000000080100000, 0x0000000080200000, 0x0000000080200000|100%| O|  |TAMS 0x0000000080200000, 0x0000000080100000| Untracked 
|   2|0x0000000080200000, 0x0000000080300000, 0x0000000080300000|100%| O|  |TAMS 0x0000000080300000, 0x0000000080200000| Untracked 
|   3|0x0000000080300000, 0x0000000080400000, 0x0000000080400000|100%|HS|  |TAMS 0x0000000080400000, 0x0000000080300000| Complete 
|   4|0x0000000080400000, 0x0000000080500000, 0x0000000080500000|100%|HC|  |TAMS 0x0000000080500000, 0x0000000080400000| Complete 
|   5|0x0000000080500000, 0x0000000080600000, 0x0000000080600000|100%|HC|  |TAMS 0x0000000080600000, 0x0000000080500000| Complete 
|   6|0x0000000080600000, 0x0000000080700000, 0x0000000080700000|100%| O|  |TAMS 0x0000000080700000, 0x0000000080600000| Untracked 
|   7|0x0000000080700000, 0x0000000080800000, 0x0000000080800000|100%| O|  |TAMS 0x0000000080800000, 0x0000000080700000| Untracked 
|   8|0x0000000080800000, 0x0000000080900000, 0x0000000080900000|100%| O|  |TAMS 0x0000000080900000, 0x0000000080800000| Untracked 
|   9|0x0000000080900000, 0x0000000080a00000, 0x0000000080a00000|100%| O|  |TAMS 0x0000000080a00000, 0x0000000080900000| Untracked 
|  10|0x0000000080a00000, 0x0000000080b00000, 0x0000000080b00000|100%| O|  |TAMS 0x0000000080b00000, 0x0000000080a00000| Untracked 
|  11|0x0000000080b00000, 0x0000000080c00000, 0x0000000080c00000|100%| O|  |TAMS 0x0000000080c00000, 0x0000000080b00000| Untracked 
|  12|0x0000000080c00000, 0x0000000080d00000, 0x0000000080d00000|100%| O|  |TAMS 0x0000000080d00000, 0x0000000080c00000| Untracked 
|  13|0x0000000080d00000, 0x0000000080e00000, 0x0000000080e00000|100%| O|  |TAMS 0x0000000080e00000, 0x0000000080d00000| Untracked 
|  14|0x0000000080e00000, 0x0000000080f00000, 0x0000000080f00000|100%| O|  |TAMS 0x0000000080f00000, 0x0000000080e00000| Untracked 
|  15|0x0000000080f00000, 0x0000000081000000, 0x0000000081000000|100%| O|  |TAMS 0x0000000081000000, 0x0000000080f00000| Untracked 
|  16|0x0000000081000000, 0x0000000081100000, 0x0000000081100000|100%|HS|  |TAMS 0x0000000081100000, 0x0000000081000000| Complete 
|  17|0x0000000081100000, 0x0000000081200000, 0x0000000081200000|100%|HC|  |TAMS 0x0000000081200000, 0x0000000081100000| Complete 
|  18|0x0000000081200000, 0x0000000081300000, 0x0000000081300000|100%|HS|  |TAMS 0x0000000081300000, 0x0000000081200000| Complete 
|  19|0x0000000081300000, 0x0000000081400000, 0x0000000081400000|100%|HC|  |TAMS 0x0000000081400000, 0x0000000081300000| Complete 
|  20|0x0000000081400000, 0x0000000081500000, 0x0000000081500000|100%|HC|  |TAMS 0x0000000081500000, 0x0000000081400000| Complete 
|  21|0x0000000081500000, 0x0000000081600000, 0x0000000081600000|100%|HS|  |TAMS 0x0000000081600000, 0x0000000081500000| Complete 
|  22|0x0000000081600000, 0x0000000081700000, 0x0000000081700000|100%|HS|  |TAMS 0x0000000081700000, 0x0000000081600000| Complete 
|  23|0x0000000081700000, 0x0000000081800000, 0x0000000081800000|100%|HC|  |TAMS 0x0000000081800000, 0x0000000081700000| Complete 
|  24|0x0000000081800000, 0x0000000081900000, 0x0000000081900000|100%|HC|  |TAMS 0x0000000081900000, 0x0000000081800000| Complete 
|  25|0x0000000081900000, 0x0000000081a00000, 0x0000000081a00000|100%|HC|  |TAMS 0x0000000081a00000, 0x0000000081900000| Complete 
|  26|0x0000000081a00000, 0x0000000081b00000, 0x0000000081b00000|100%| O|  |TAMS 0x0000000081b00000, 0x0000000081a00000| Untracked 
|  27|0x0000000081b00000, 0x0000000081c00000, 0x0000000081c00000|100%| O|  |TAMS 0x0000000081c00000, 0x0000000081b00000| Untracked 
|  28|0x0000000081c00000, 0x0000000081d00000, 0x0000000081d00000|100%| O|  |TAMS 0x0000000081d00000, 0x0000000081c00000| Untracked 
|  29|0x0000000081d00000, 0x0000000081e00000, 0x0000000081e00000|100%| O|  |TAMS 0x0000000081e00000, 0x0000000081d00000| Untracked 
|  30|0x0000000081e00000, 0x0000000081f00000, 0x0000000081f00000|100%| O|  |TAMS 0x0000000081f00000, 0x0000000081e00000| Untracked 
|  31|0x0000000081f00000, 0x0000000082000000, 0x0000000082000000|100%| O|  |TAMS 0x0000000082000000, 0x0000000081f00000| Untracked 
|  32|0x0000000082000000, 0x0000000082100000, 0x0000000082100000|100%| O|  |TAMS 0x0000000082100000, 0x0000000082000000| Untracked 
|  33|0x0000000082100000, 0x0000000082200000, 0x0000000082200000|100%| O|  |TAMS 0x00000000821a4e00, 0x0000000082100000| Untracked 
|  34|0x0000000082200000, 0x0000000082300000, 0x0000000082300000|100%|HS|  |TAMS 0x0000000082200000, 0x0000000082200000| Complete 
|  35|0x0000000082300000, 0x0000000082400000, 0x0000000082400000|100%|HS|  |TAMS 0x0000000082300000, 0x0000000082300000| Complete 
|  36|0x0000000082400000, 0x0000000082500000, 0x0000000082500000|100%|HC|  |TAMS 0x0000000082400000, 0x0000000082400000| Complete 
|  37|0x0000000082500000, 0x0000000082600000, 0x0000000082600000|100%|HC|  |TAMS 0x0000000082500000, 0x0000000082500000| Complete 
|  38|0x0000000082600000, 0x0000000082700000, 0x0000000082700000|100%| O|  |TAMS 0x0000000082600000, 0x0000000082600000| Untracked 
|  39|0x0000000082700000, 0x0000000082800000, 0x0000000082800000|100%| O|  |TAMS 0x0000000082700000, 0x0000000082700000| Untracked 
|  40|0x0000000082800000, 0x0000000082900000, 0x0000000082900000|100%| O|  |TAMS 0x0000000082800000, 0x0000000082800000| Untracked 
|  41|0x0000000082900000, 0x0000000082a00000, 0x0000000082a00000|100%| O|  |TAMS 0x0000000082900000, 0x0000000082900000| Untracked 
|  42|0x0000000082a00000, 0x0000000082b00000, 0x0000000082b00000|100%| O|  |TAMS 0x0000000082a00000, 0x0000000082a00000| Untracked 
|  43|0x0000000082b00000, 0x0000000082c00000, 0x0000000082c00000|100%| O|  |TAMS 0x0000000082b00000, 0x0000000082b00000| Untracked 
|  44|0x0000000082c00000, 0x0000000082d00000, 0x0000000082d00000|100%| O|  |TAMS 0x0000000082c00000, 0x0000000082c00000| Untracked 
|  45|0x0000000082d00000, 0x0000000082e00000, 0x0000000082e00000|100%|HS|  |TAMS 0x0000000082d00000, 0x0000000082d00000| Complete 
|  46|0x0000000082e00000, 0x0000000082f00000, 0x0000000082f00000|100%|HC|  |TAMS 0x0000000082e00000, 0x0000000082e00000| Complete 
|  47|0x0000000082f00000, 0x0000000083000000, 0x0000000083000000|100%|HC|  |TAMS 0x0000000082f00000, 0x0000000082f00000| Complete 
|  48|0x0000000083000000, 0x0000000083100000, 0x0000000083100000|100%|HC|  |TAMS 0x0000000083000000, 0x0000000083000000| Complete 
|  49|0x0000000083100000, 0x0000000083200000, 0x0000000083200000|100%| O|  |TAMS 0x0000000083100000, 0x0000000083100000| Untracked 
|  50|0x0000000083200000, 0x0000000083300000, 0x0000000083300000|100%| O|  |TAMS 0x0000000083200000, 0x0000000083200000| Untracked 
|  51|0x0000000083300000, 0x00000000833e1c00, 0x0000000083400000| 88%| O|  |TAMS 0x0000000083300000, 0x0000000083300000| Untracked 
|  52|0x0000000083400000, 0x0000000083400000, 0x0000000083500000|  0%| F|  |TAMS 0x0000000083400000, 0x0000000083400000| Untracked 
|  53|0x0000000083500000, 0x0000000083500000, 0x0000000083600000|  0%| F|  |TAMS 0x0000000083500000, 0x0000000083500000| Untracked 
|  54|0x0000000083600000, 0x0000000083600000, 0x0000000083700000|  0%| F|  |TAMS 0x0000000083600000, 0x0000000083600000| Untracked 
|  55|0x0000000083700000, 0x0000000083700000, 0x0000000083800000|  0%| F|  |TAMS 0x0000000083700000, 0x0000000083700000| Untracked 
|  56|0x0000000083800000, 0x0000000083800000, 0x0000000083900000|  0%| F|  |TAMS 0x0000000083800000, 0x0000000083800000| Untracked 
|  57|0x0000000083900000, 0x0000000083900000, 0x0000000083a00000|  0%| F|  |TAMS 0x0000000083900000, 0x0000000083900000| Untracked 
|  58|0x0000000083a00000, 0x0000000083a00000, 0x0000000083b00000|  0%| F|  |TAMS 0x0000000083a00000, 0x0000000083a00000| Untracked 
|  59|0x0000000083b00000, 0x0000000083b00000, 0x0000000083c00000|  0%| F|  |TAMS 0x0000000083b00000, 0x0000000083b00000| Untracked 
|  60|0x0000000083c00000, 0x0000000083c00000, 0x0000000083d00000|  0%| F|  |TAMS 0x0000000083c00000, 0x0000000083c00000| Untracked 
|  61|0x0000000083d00000, 0x0000000083d00000, 0x0000000083e00000|  0%| F|  |TAMS 0x0000000083d00000, 0x0000000083d00000| Untracked 
|  62|0x0000000083e00000, 0x0000000083e00000, 0x0000000083f00000|  0%| F|  |TAMS 0x0000000083e00000, 0x0000000083e00000| Untracked 
|  63|0x0000000083f00000, 0x0000000083f00000, 0x0000000084000000|  0%| F|  |TAMS 0x0000000083f00000, 0x0000000083f00000| Untracked 
|  64|0x0000000084000000, 0x0000000084000000, 0x0000000084100000|  0%| F|  |TAMS 0x0000000084000000, 0x0000000084000000| Untracked 
|  65|0x0000000084100000, 0x0000000084100000, 0x0000000084200000|  0%| F|  |TAMS 0x0000000084100000, 0x0000000084100000| Untracked 
|  66|0x0000000084200000, 0x0000000084200000, 0x0000000084300000|  0%| F|  |TAMS 0x0000000084200000, 0x0000000084200000| Untracked 
|  67|0x0000000084300000, 0x0000000084300000, 0x0000000084400000|  0%| F|  |TAMS 0x0000000084300000, 0x0000000084300000| Untracked 
|  68|0x0000000084400000, 0x0000000084400000, 0x0000000084500000|  0%| F|  |TAMS 0x0000000084400000, 0x0000000084400000| Untracked 
|  69|0x0000000084500000, 0x0000000084500000, 0x0000000084600000|  0%| F|  |TAMS 0x0000000084500000, 0x0000000084500000| Untracked 
|  70|0x0000000084600000, 0x0000000084600000, 0x0000000084700000|  0%| F|  |TAMS 0x0000000084600000, 0x0000000084600000| Untracked 
|  71|0x0000000084700000, 0x0000000084747100, 0x0000000084800000| 27%| S|CS|TAMS 0x0000000084700000, 0x0000000084700000| Complete 
|  72|0x0000000084800000, 0x0000000084900000, 0x0000000084900000|100%| S|CS|TAMS 0x0000000084800000, 0x0000000084800000| Complete 
|  73|0x0000000084900000, 0x0000000084a00000, 0x0000000084a00000|100%| S|CS|TAMS 0x0000000084900000, 0x0000000084900000| Complete 
|  74|0x0000000084a00000, 0x0000000084b00000, 0x0000000084b00000|100%| S|CS|TAMS 0x0000000084a00000, 0x0000000084a00000| Complete 
|  75|0x0000000084b00000, 0x0000000084c00000, 0x0000000084c00000|100%| S|CS|TAMS 0x0000000084b00000, 0x0000000084b00000| Complete 
|  76|0x0000000084c00000, 0x0000000084c00000, 0x0000000084d00000|  0%| F|  |TAMS 0x0000000084c00000, 0x0000000084c00000| Untracked 
|  77|0x0000000084d00000, 0x0000000084d00000, 0x0000000084e00000|  0%| F|  |TAMS 0x0000000084d00000, 0x0000000084d00000| Untracked 
|  78|0x0000000084e00000, 0x0000000084e00000, 0x0000000084f00000|  0%| F|  |TAMS 0x0000000084e00000, 0x0000000084e00000| Untracked 
|  79|0x0000000084f00000, 0x0000000084f00000, 0x0000000085000000|  0%| F|  |TAMS 0x0000000084f00000, 0x0000000084f00000| Untracked 
|  80|0x0000000085000000, 0x0000000085000000, 0x0000000085100000|  0%| F|  |TAMS 0x0000000085000000, 0x0000000085000000| Untracked 
|  81|0x0000000085100000, 0x0000000085100000, 0x0000000085200000|  0%| F|  |TAMS 0x0000000085100000, 0x0000000085100000| Untracked 
|  82|0x0000000085200000, 0x0000000085200000, 0x0000000085300000|  0%| F|  |TAMS 0x0000000085200000, 0x0000000085200000| Untracked 
|  83|0x0000000085300000, 0x0000000085300000, 0x0000000085400000|  0%| F|  |TAMS 0x0000000085300000, 0x0000000085300000| Untracked 
|  84|0x0000000085400000, 0x0000000085400000, 0x0000000085500000|  0%| F|  |TAMS 0x0000000085400000, 0x0000000085400000| Untracked 
|  85|0x0000000085500000, 0x0000000085500000, 0x0000000085600000|  0%| F|  |TAMS 0x0000000085500000, 0x0000000085500000| Untracked 
|  86|0x0000000085600000, 0x0000000085600000, 0x0000000085700000|  0%| F|  |TAMS 0x0000000085600000, 0x0000000085600000| Untracked 
|  87|0x0000000085700000, 0x0000000085780800, 0x0000000085800000| 50%| E|  |TAMS 0x0000000085700000, 0x0000000085700000| Complete 
|  88|0x0000000085800000, 0x0000000085900000, 0x0000000085900000|100%| E|CS|TAMS 0x0000000085800000, 0x0000000085800000| Complete 
|  89|0x0000000085900000, 0x0000000085a00000, 0x0000000085a00000|100%| E|CS|TAMS 0x0000000085900000, 0x0000000085900000| Complete 
|  90|0x0000000085a00000, 0x0000000085b00000, 0x0000000085b00000|100%| E|CS|TAMS 0x0000000085a00000, 0x0000000085a00000| Complete 
|  91|0x0000000085b00000, 0x0000000085c00000, 0x0000000085c00000|100%| E|CS|TAMS 0x0000000085b00000, 0x0000000085b00000| Complete 
|  92|0x0000000085c00000, 0x0000000085d00000, 0x0000000085d00000|100%| E|CS|TAMS 0x0000000085c00000, 0x0000000085c00000| Complete 
|  93|0x0000000085d00000, 0x0000000085e00000, 0x0000000085e00000|100%| E|CS|TAMS 0x0000000085d00000, 0x0000000085d00000| Complete 
|  94|0x0000000085e00000, 0x0000000085f00000, 0x0000000085f00000|100%| E|CS|TAMS 0x0000000085e00000, 0x0000000085e00000| Complete 
|  95|0x0000000085f00000, 0x0000000086000000, 0x0000000086000000|100%| E|CS|TAMS 0x0000000085f00000, 0x0000000085f00000| Complete 
|  96|0x0000000086000000, 0x0000000086100000, 0x0000000086100000|100%| E|CS|TAMS 0x0000000086000000, 0x0000000086000000| Complete 
|  97|0x0000000086100000, 0x0000000086200000, 0x0000000086200000|100%| E|CS|TAMS 0x0000000086100000, 0x0000000086100000| Complete 
|  98|0x0000000086200000, 0x0000000086300000, 0x0000000086300000|100%| E|CS|TAMS 0x0000000086200000, 0x0000000086200000| Complete 
|  99|0x0000000086300000, 0x0000000086400000, 0x0000000086400000|100%| E|CS|TAMS 0x0000000086300000, 0x0000000086300000| Complete 
| 100|0x0000000086400000, 0x0000000086500000, 0x0000000086500000|100%| E|CS|TAMS 0x0000000086400000, 0x0000000086400000| Complete 
| 101|0x0000000086500000, 0x0000000086600000, 0x0000000086600000|100%| E|CS|TAMS 0x0000000086500000, 0x0000000086500000| Complete 
| 102|0x0000000086600000, 0x0000000086700000, 0x0000000086700000|100%| E|CS|TAMS 0x0000000086600000, 0x0000000086600000| Complete 
| 103|0x0000000086700000, 0x0000000086800000, 0x0000000086800000|100%| E|CS|TAMS 0x0000000086700000, 0x0000000086700000| Complete 
| 104|0x0000000086800000, 0x0000000086900000, 0x0000000086900000|100%| E|CS|TAMS 0x0000000086800000, 0x0000000086800000| Complete 
| 105|0x0000000086900000, 0x0000000086a00000, 0x0000000086a00000|100%| E|CS|TAMS 0x0000000086900000, 0x0000000086900000| Complete 
| 106|0x0000000086a00000, 0x0000000086b00000, 0x0000000086b00000|100%| E|CS|TAMS 0x0000000086a00000, 0x0000000086a00000| Complete 
| 107|0x0000000086b00000, 0x0000000086c00000, 0x0000000086c00000|100%| E|CS|TAMS 0x0000000086b00000, 0x0000000086b00000| Complete 
| 108|0x0000000086c00000, 0x0000000086d00000, 0x0000000086d00000|100%| E|CS|TAMS 0x0000000086c00000, 0x0000000086c00000| Complete 
| 109|0x0000000086d00000, 0x0000000086e00000, 0x0000000086e00000|100%| E|CS|TAMS 0x0000000086d00000, 0x0000000086d00000| Complete 
| 110|0x0000000086e00000, 0x0000000086f00000, 0x0000000086f00000|100%| E|CS|TAMS 0x0000000086e00000, 0x0000000086e00000| Complete 
| 111|0x0000000086f00000, 0x0000000087000000, 0x0000000087000000|100%| E|CS|TAMS 0x0000000086f00000, 0x0000000086f00000| Complete 
| 112|0x0000000087000000, 0x0000000087100000, 0x0000000087100000|100%| E|CS|TAMS 0x0000000087000000, 0x0000000087000000| Complete 
| 113|0x0000000087100000, 0x0000000087200000, 0x0000000087200000|100%| E|CS|TAMS 0x0000000087100000, 0x0000000087100000| Complete 
| 114|0x0000000087200000, 0x0000000087300000, 0x0000000087300000|100%| E|CS|TAMS 0x0000000087200000, 0x0000000087200000| Complete 
| 115|0x0000000087300000, 0x0000000087400000, 0x0000000087400000|100%| E|CS|TAMS 0x0000000087300000, 0x0000000087300000| Complete 
| 116|0x0000000087400000, 0x0000000087500000, 0x0000000087500000|100%| E|CS|TAMS 0x0000000087400000, 0x0000000087400000| Complete 
| 117|0x0000000087500000, 0x0000000087600000, 0x0000000087600000|100%| E|CS|TAMS 0x0000000087500000, 0x0000000087500000| Complete 
| 118|0x0000000087600000, 0x0000000087700000, 0x0000000087700000|100%| E|CS|TAMS 0x0000000087600000, 0x0000000087600000| Complete 
| 119|0x0000000087700000, 0x0000000087800000, 0x0000000087800000|100%| E|CS|TAMS 0x0000000087700000, 0x0000000087700000| Complete 
| 120|0x0000000087800000, 0x0000000087900000, 0x0000000087900000|100%| E|CS|TAMS 0x0000000087800000, 0x0000000087800000| Complete 
| 121|0x0000000087900000, 0x0000000087a00000, 0x0000000087a00000|100%| E|CS|TAMS 0x0000000087900000, 0x0000000087900000| Complete 
| 122|0x0000000087a00000, 0x0000000087b00000, 0x0000000087b00000|100%| E|CS|TAMS 0x0000000087a00000, 0x0000000087a00000| Complete 
| 123|0x0000000087b00000, 0x0000000087c00000, 0x0000000087c00000|100%| E|CS|TAMS 0x0000000087b00000, 0x0000000087b00000| Complete 

Card table byte_map: [0x0000021f73ab0000,0x0000021f73eb0000] _byte_map_base: 0x0000021f736b0000

Marking Bits (Prev, Next): (CMBitMap*) 0x0000021f608b1378, (CMBitMap*) 0x0000021f608b13b0
 Prev Bits: [0x0000021f742b0000, 0x0000021f762b0000)
 Next Bits: [0x0000021f762b0000, 0x0000021f782b0000)

Polling page: 0x0000021f5e850000

Metaspace:

Usage:
  Non-class:     44.09 MB capacity,    43.11 MB ( 98%) used,   866.21 KB (  2%) free+waste,   134.81 KB ( <1%) overhead. 
      Class:      6.98 MB capacity,     6.42 MB ( 92%) used,   514.89 KB (  7%) free+waste,    65.56 KB ( <1%) overhead. 
       Both:     51.07 MB capacity,    49.53 MB ( 97%) used,     1.35 MB (  3%) free+waste,   200.38 KB ( <1%) overhead. 

Virtual space:
  Non-class space:       46.00 MB reserved,      44.25 MB ( 96%) committed 
      Class space:        1.00 GB reserved,       7.00 MB ( <1%) committed 
             Both:        1.04 GB reserved,      51.25 MB (  5%) committed 

Chunk freelists:
   Non-Class:  37.00 KB
       Class:  18.00 KB
        Both:  55.00 KB

MaxMetaspaceSize: 17179869184.00 GB
CompressedClassSpaceSize: 1.00 GB
Initial GC threshold: 20.80 MB
Current GC threshold: 58.88 MB
CDS: off

CodeHeap 'non-profiled nmethods': size=120000Kb used=2725Kb max_used=2725Kb free=117274Kb
 bounds [0x0000021f6be50000, 0x0000021f6c100000, 0x0000021f73380000]
CodeHeap 'profiled nmethods': size=120000Kb used=10358Kb max_used=10358Kb free=109641Kb
 bounds [0x0000021f64920000, 0x0000021f65340000, 0x0000021f6be50000]
CodeHeap 'non-nmethods': size=5760Kb used=2310Kb max_used=2370Kb free=3449Kb
 bounds [0x0000021f64380000, 0x0000021f645f0000, 0x0000021f64920000]
 total_blobs=5761 nmethods=4967 adapters=706
 compilation: enabled
              stopped_count=0, restarted_count=0
 full_count=0

Compilation events (20 events):
Event: 6.838 Thread 0x0000021f7b614000 5006       3       org.gradle.api.internal.attributes.DefaultImmutableAttributes::getIsolatableAttribute (31 bytes)
Event: 6.838 Thread 0x0000021f7b614000 nmethod 5006 0x0000021f6533a610 code [0x0000021f6533a800, 0x0000021f6533ac68]
Event: 6.838 Thread 0x0000021f7b614000 5008       3       org.gradle.internal.component.external.model.maven.DefaultMavenModuleResolveMetadata::include (23 bytes)
Event: 6.839 Thread 0x0000021f7b614000 nmethod 5008 0x0000021f6533ad90 code [0x0000021f6533af60, 0x0000021f6533b2a8]
Event: 6.839 Thread 0x0000021f7b614000 5009       3       com.google.common.base.Preconditions::checkNotNull (18 bytes)
Event: 6.839 Thread 0x0000021f7b614000 nmethod 5009 0x0000021f6533b410 code [0x0000021f6533b600, 0x0000021f6533b958]
Event: 6.839 Thread 0x0000021f7b614000 5007       3       java.util.ArrayDeque::getFirst (26 bytes)
Event: 6.839 Thread 0x0000021f7b614000 nmethod 5007 0x0000021f6533ba90 code [0x0000021f6533bc60, 0x0000021f6533bee8]
Event: 6.839 Thread 0x0000021f7b614000 5010       1       org.gradle.api.internal.artifacts.ivyservice.resolveengine.graph.builder.ComponentState::getImplicitCapability (5 bytes)
Event: 6.839 Thread 0x0000021f7b614000 nmethod 5010 0x0000021f6c0e8690 code [0x0000021f6c0e8840, 0x0000021f6c0e88f8]
Event: 6.842 Thread 0x0000021f7b614000 5011       3       org.gradle.api.internal.artifacts.ivyservice.resolveengine.graph.builder.ResolveState::peek (29 bytes)
Event: 6.842 Thread 0x0000021f7b614000 nmethod 5011 0x0000021f6533c090 code [0x0000021f6533c260, 0x0000021f6533c638]
Event: 6.842 Thread 0x0000021f7b614000 5013       3       org.gradle.api.internal.artifacts.ivyservice.resolveengine.graph.builder.DependencyGraphBuilder::resolveEdges (43 bytes)
Event: 6.842 Thread 0x0000021f7b614000 nmethod 5013 0x0000021f6533c790 code [0x0000021f6533c980, 0x0000021f6533ccd8]
Event: 6.842 Thread 0x0000021f7b614000 5012       1       org.gradle.internal.component.external.model.ImmutableCapability::getCapabilityId (5 bytes)
Event: 6.842 Thread 0x0000021f7b614000 nmethod 5012 0x0000021f6c0e8990 code [0x0000021f6c0e8b40, 0x0000021f6c0e8bf8]
Event: 6.843 Thread 0x0000021f7b614000 5014       3       org.gradle.launcher.daemon.server.exec.DaemonConnectionBackedEventConsumer$ForwardEvents::moreMessagesToSend (35 bytes)
Event: 6.843 Thread 0x0000021f7b614000 nmethod 5014 0x0000021f6533ce90 code [0x0000021f6533d060, 0x0000021f6533d308]
Event: 6.843 Thread 0x0000021f7b614000 5015   !   3       org.gradle.launcher.daemon.server.exec.DaemonConnectionBackedEventConsumer$ForwardEvents::getNextEvent (27 bytes)
Event: 6.843 Thread 0x0000021f7b614000 nmethod 5015 0x0000021f6533d410 code [0x0000021f6533d5e0, 0x0000021f6533d828]

GC Heap History (18 events):
Event: 0.583 GC heap before
{Heap before GC invocations=0 (full 0):
 garbage-first heap   total 126976K, used 29696K [0x0000000080000000, 0x0000000100000000)
  region size 1024K, 24 young (24576K), 0 survivors (0K)
 Metaspace       used 10178K, capacity 10403K, committed 10624K, reserved 1058816K
  class space    used 1064K, capacity 1106K, committed 1152K, reserved 1048576K
}
Event: 0.589 GC heap after
{Heap after GC invocations=1 (full 0):
 garbage-first heap   total 126976K, used 9652K [0x0000000080000000, 0x0000000100000000)
  region size 1024K, 3 young (3072K), 3 survivors (3072K)
 Metaspace       used 10178K, capacity 10403K, committed 10624K, reserved 1058816K
  class space    used 1064K, capacity 1106K, committed 1152K, reserved 1048576K
}
Event: 2.787 GC heap before
{Heap before GC invocations=1 (full 0):
 garbage-first heap   total 126976K, used 82356K [0x0000000080000000, 0x0000000100000000)
  region size 1024K, 74 young (75776K), 3 survivors (3072K)
 Metaspace       used 17882K, capacity 18322K, committed 18432K, reserved 1064960K
  class space    used 2110K, capacity 2228K, committed 2304K, reserved 1048576K
}
Event: 2.795 GC heap after
{Heap after GC invocations=2 (full 0):
 garbage-first heap   total 126976K, used 16256K [0x0000000080000000, 0x0000000100000000)
  region size 1024K, 10 young (10240K), 10 survivors (10240K)
 Metaspace       used 17882K, capacity 18322K, committed 18432K, reserved 1064960K
  class space    used 2110K, capacity 2228K, committed 2304K, reserved 1048576K
}
Event: 3.111 GC heap before
{Heap before GC invocations=2 (full 0):
 garbage-first heap   total 126976K, used 43904K [0x0000000080000000, 0x0000000100000000)
  region size 1024K, 38 young (38912K), 10 survivors (10240K)
 Metaspace       used 20574K, capacity 21067K, committed 21248K, reserved 1067008K
  class space    used 2536K, capacity 2696K, committed 2816K, reserved 1048576K
}
Event: 3.117 GC heap after
{Heap after GC invocations=3 (full 0):
 garbage-first heap   total 126976K, used 17365K [0x0000000080000000, 0x0000000100000000)
  region size 1024K, 2 young (2048K), 2 survivors (2048K)
 Metaspace       used 20574K, capacity 21067K, committed 21248K, reserved 1067008K
  class space    used 2536K, capacity 2696K, committed 2816K, reserved 1048576K
}
Event: 3.670 GC heap before
{Heap before GC invocations=4 (full 0):
 garbage-first heap   total 126976K, used 75733K [0x0000000080000000, 0x0000000100000000)
  region size 1024K, 59 young (60416K), 2 survivors (2048K)
 Metaspace       used 27212K, capacity 27865K, committed 27904K, reserved 1073152K
  class space    used 3554K, capacity 3802K, committed 3840K, reserved 1048576K
}
Event: 3.673 GC heap after
{Heap after GC invocations=5 (full 0):
 garbage-first heap   total 126976K, used 19464K [0x0000000080000000, 0x0000000100000000)
  region size 1024K, 4 young (4096K), 4 survivors (4096K)
 Metaspace       used 27212K, capacity 27865K, committed 27904K, reserved 1073152K
  class space    used 3554K, capacity 3802K, committed 3840K, reserved 1048576K
}
Event: 4.237 GC heap before
{Heap before GC invocations=5 (full 0):
 garbage-first heap   total 126976K, used 93192K [0x0000000080000000, 0x0000000100000000)
  region size 1024K, 67 young (68608K), 4 survivors (4096K)
 Metaspace       used 32307K, capacity 33200K, committed 33408K, reserved 1077248K
  class space    used 4359K, capacity 4680K, committed 4736K, reserved 1048576K
}
Event: 4.241 GC heap after
{Heap after GC invocations=6 (full 0):
 garbage-first heap   total 126976K, used 34638K [0x0000000080000000, 0x0000000100000000)
  region size 1024K, 9 young (9216K), 9 survivors (9216K)
 Metaspace       used 32307K, capacity 33200K, committed 33408K, reserved 1077248K
  class space    used 4359K, capacity 4680K, committed 4736K, reserved 1048576K
}
Event: 4.441 GC heap before
{Heap before GC invocations=6 (full 0):
 garbage-first heap   total 126976K, used 46926K [0x0000000080000000, 0x0000000100000000)
  region size 1024K, 22 young (22528K), 9 survivors (9216K)
 Metaspace       used 34852K, capacity 35801K, committed 35840K, reserved 1081344K
  class space    used 4649K, capacity 4992K, committed 4992K, reserved 1048576K
}
Event: 4.449 GC heap after
{Heap after GC invocations=7 (full 0):
 garbage-first heap   total 126976K, used 36186K [0x0000000080000000, 0x0000000100000000)
  region size 1024K, 2 young (2048K), 2 survivors (2048K)
 Metaspace       used 34852K, capacity 35801K, committed 35840K, reserved 1081344K
  class space    used 4649K, capacity 4992K, committed 4992K, reserved 1048576K
}
Event: 5.280 GC heap before
{Heap before GC invocations=8 (full 0):
 garbage-first heap   total 126976K, used 96602K [0x0000000080000000, 0x0000000100000000)
  region size 1024K, 59 young (60416K), 2 survivors (2048K)
 Metaspace       used 41757K, capacity 42776K, committed 42880K, reserved 1087488K
  class space    used 5351K, capacity 5736K, committed 5760K, reserved 1048576K
}
Event: 5.287 GC heap after
{Heap after GC invocations=9 (full 0):
 garbage-first heap   total 126976K, used 41066K [0x0000000080000000, 0x0000000100000000)
  region size 1024K, 7 young (7168K), 7 survivors (7168K)
 Metaspace       used 41757K, capacity 42776K, committed 42880K, reserved 1087488K
  class space    used 5351K, capacity 5736K, committed 5760K, reserved 1048576K
}
Event: 6.042 GC heap before
{Heap before GC invocations=9 (full 0):
 garbage-first heap   total 126976K, used 101482K [0x0000000080000000, 0x0000000100000000)
  region size 1024K, 61 young (62464K), 7 survivors (7168K)
 Metaspace       used 45923K, capacity 47136K, committed 47360K, reserved 1089536K
  class space    used 5829K, capacity 6328K, committed 6400K, reserved 1048576K
}
Event: 6.048 GC heap after
{Heap after GC invocations=10 (full 0):
 garbage-first heap   total 126976K, used 49367K [0x0000000080000000, 0x0000000100000000)
  region size 1024K, 5 young (5120K), 5 survivors (5120K)
 Metaspace       used 45923K, capacity 47136K, committed 47360K, reserved 1089536K
  class space    used 5829K, capacity 6328K, committed 6400K, reserved 1048576K
}
Event: 6.409 GC heap before
{Heap before GC invocations=10 (full 0):
 garbage-first heap   total 126976K, used 102615K [0x0000000080000000, 0x0000000100000000)
  region size 1024K, 53 young (54272K), 5 survivors (5120K)
 Metaspace       used 48231K, capacity 49615K, committed 49792K, reserved 1091584K
  class space    used 6215K, capacity 6728K, committed 6784K, reserved 1048576K
}
Event: 6.413 GC heap after
{Heap after GC invocations=11 (full 0):
 garbage-first heap   total 126976K, used 57507K [0x0000000080000000, 0x0000000100000000)
  region size 1024K, 5 young (5120K), 5 survivors (5120K)
 Metaspace       used 48231K, capacity 49615K, committed 49792K, reserved 1091584K
  class space    used 6215K, capacity 6728K, committed 6784K, reserved 1048576K
}

Deoptimization events (20 events):
Event: 6.464 Thread 0x0000021f7c98f800 DEOPT PACKING pc=0x0000021f6c050f70 sp=0x000000f2933f9be0
Event: 6.464 Thread 0x0000021f7c98f800 DEOPT UNPACKING pc=0x0000021f643885af sp=0x000000f2933f9b70 mode 2
Event: 6.474 Thread 0x0000021f7c98f800 DEOPT PACKING pc=0x0000021f649b6734 sp=0x000000f2933f7df0
Event: 6.474 Thread 0x0000021f7c98f800 DEOPT UNPACKING pc=0x0000021f643c9d0e sp=0x000000f2933f7340 mode 0
Event: 6.521 Thread 0x0000021f7c98f800 Uncommon trap: trap_request=0xffffff7e fr.pc=0x0000021f6bf8361c relative=0x000000000000023c
Event: 6.521 Thread 0x0000021f7c98f800 Uncommon trap: reason=predicate action=maybe_recompile pc=0x0000021f6bf8361c method=com.google.common.base.CharMatcher.indexIn(Ljava/lang/CharSequence;I)I @ 19 c2
Event: 6.521 Thread 0x0000021f7c98f800 DEOPT PACKING pc=0x0000021f6bf8361c sp=0x000000f2933f77b0
Event: 6.521 Thread 0x0000021f7c98f800 DEOPT UNPACKING pc=0x0000021f643885af sp=0x000000f2933f7758 mode 2
Event: 6.537 Thread 0x0000021f7c98f800 Uncommon trap: trap_request=0xffffff4d fr.pc=0x0000021f6bed3490 relative=0x00000000000001d0
Event: 6.537 Thread 0x0000021f7c98f800 Uncommon trap: reason=unstable_if action=reinterpret pc=0x0000021f6bed3490 method=java.net.URI$Parser.scan(IILjava/lang/String;)I @ 26 c2
Event: 6.537 Thread 0x0000021f7c98f800 DEOPT PACKING pc=0x0000021f6bed3490 sp=0x000000f2933f8590
Event: 6.537 Thread 0x0000021f7c98f800 DEOPT UNPACKING pc=0x0000021f643885af sp=0x000000f2933f8520 mode 2
Event: 6.537 Thread 0x0000021f7c98f800 Uncommon trap: trap_request=0xffffff4d fr.pc=0x0000021f6bfa02c4 relative=0x00000000000000a4
Event: 6.537 Thread 0x0000021f7c98f800 Uncommon trap: reason=unstable_if action=reinterpret pc=0x0000021f6bfa02c4 method=java.net.URI.match(CJJ)Z @ 45 c2
Event: 6.537 Thread 0x0000021f7c98f800 DEOPT PACKING pc=0x0000021f6bfa02c4 sp=0x000000f2933f8240
Event: 6.537 Thread 0x0000021f7c98f800 DEOPT UNPACKING pc=0x0000021f643885af sp=0x000000f2933f81c8 mode 2
Event: 6.679 Thread 0x0000021f7c98f800 Uncommon trap: trap_request=0xffffff4d fr.pc=0x0000021f6beb1c34 relative=0x00000000000001f4
Event: 6.679 Thread 0x0000021f7c98f800 Uncommon trap: reason=unstable_if action=reinterpret pc=0x0000021f6beb1c34 method=java.net.URI$Parser.scan(IILjava/lang/String;)I @ 26 c2
Event: 6.679 Thread 0x0000021f7c98f800 DEOPT PACKING pc=0x0000021f6beb1c34 sp=0x000000f2933f8640
Event: 6.679 Thread 0x0000021f7c98f800 DEOPT UNPACKING pc=0x0000021f643885af sp=0x000000f2933f85f0 mode 2

Classes redefined (0 events):
No events

Internal exceptions (20 events):
Event: 6.320 Thread 0x0000021f7c98f800 Exception <a 'java/lang/ClassNotFoundException'{0x0000000085666b70}: org/gradle/api/internal/project/DefaultProjectCustomizer> (0x0000000085666b70) thrown at [./src/hotspot/share/classfile/systemDictionary.cpp, line 231]
Event: 6.322 Thread 0x0000021f7c98f800 Exception <a 'java/lang/ClassNotFoundException'{0x0000000085514378}: org/gradle/api/internal/project/DefaultProject_DecoratedCustomizer> (0x0000000085514378) thrown at [./src/hotspot/share/classfile/systemDictionary.cpp, line 231]
Event: 6.372 Thread 0x0000021f7c98f800 Exception <a 'java/lang/NoSuchMethodError'{0x0000000084e30550}: 'java.lang.Object java.lang.invoke.DelegatingMethodHandle$Holder.reinvoke_L(java.lang.Object, java.lang.Object, java.lang.Object, java.lang.Object, java.lang.Object, java.lang.Object, java.lang.Object, java.lang.Object, java.lang.Object, java.lang.Object, java.lang.Object, java.lang.Object, java.lang.Object, java.lang.Object, java.lang.Object, java.lang.Object, java.lang.Object, java.lang.Object, java.lang.Object, java.lang.Object)'> (0x000000
Event: 6.373 Thread 0x0000021f7c98f800 Exception <a 'java/lang/NoSuchMethodError'{0x0000000084e3c7e8}: 'java.lang.Object java.lang.invoke.DirectMethodHandle$Holder.invokeSpecial(java.lang.Object, java.lang.Object, java.lang.Object, java.lang.Object, java.lang.Object, java.lang.Object, java.lang.Object, java.lang.Object, java.lang.Object, java.lang.Object, java.lang.Object, java.lang.Object, java.lang.Object, java.lang.Object, java.lang.Object, java.lang.Object, java.lang.Object, java.lang.Object, java.lang.Object, java.lang.Object)'> (0x0000000
Event: 6.373 Thread 0x0000021f7c98f800 Exception <a 'java/lang/NoSuchMethodError'{0x0000000084e42f20}: 'java.lang.Object java.lang.invoke.Invokers$Holder.invoker(java.lang.Object, java.lang.Object, java.lang.Object, java.lang.Object, java.lang.Object, java.lang.Object, java.lang.Object, java.lang.Object, java.lang.Object, java.lang.Object, java.lang.Object, java.lang.Object, java.lang.Object, java.lang.Object, java.lang.Object, java.lang.Object, java.lang.Object, java.lang.Object, java.lang.Object, java.lang.Object)'> (0x0000000084e42f20) throw
Event: 6.373 Thread 0x0000021f7c98f800 Exception <a 'java/lang/NoSuchMethodError'{0x0000000084e4a828}: 'java.lang.Object java.lang.invoke.DelegatingMethodHandle$Holder.delegate(java.lang.Object, java.lang.Object, java.lang.Object, java.lang.Object, java.lang.Object, java.lang.Object, java.lang.Object, java.lang.Object, java.lang.Object, java.lang.Object, java.lang.Object, java.lang.Object, java.lang.Object, java.lang.Object, java.lang.Object, java.lang.Object, java.lang.Object, java.lang.Object, java.lang.Object, java.lang.Object)'> (0x00000000
Event: 6.377 Thread 0x0000021f7c98f800 Exception <a 'java/lang/NoSuchMethodError'{0x0000000084ea8fa8}: 'java.lang.Object java.lang.invoke.DirectMethodHandle$Holder.invokeStatic(java.lang.Object, java.lang.Object, java.lang.Object, java.lang.Object, java.lang.Object, java.lang.Object, java.lang.Object, java.lang.Object, java.lang.Object, java.lang.Object, java.lang.Object, java.lang.Object, java.lang.Object, java.lang.Object, java.lang.Object)'> (0x0000000084ea8fa8) thrown at [./src/hotspot/share/interpreter/linkResolver.cpp, line 773]
Event: 6.379 Thread 0x0000021f7c98f800 Exception <a 'java/lang/NoSuchMethodError'{0x0000000084eb9c48}: 'java.lang.Object java.lang.invoke.DirectMethodHandle$Holder.invokeStatic(java.lang.Object, java.lang.Object, java.lang.Object, java.lang.Object, java.lang.Object, java.lang.Object, java.lang.Object, java.lang.Object, java.lang.Object, java.lang.Object, java.lang.Object, java.lang.Object, java.lang.Object, java.lang.Object, java.lang.Object, java.lang.Object)'> (0x0000000084eb9c48) thrown at [./src/hotspot/share/interpreter/linkResolver.cpp, l
Event: 6.380 Thread 0x0000021f7c98f800 Exception <a 'java/lang/NoSuchMethodError'{0x0000000084eca670}: 'java.lang.Object java.lang.invoke.DelegatingMethodHandle$Holder.reinvoke_L(java.lang.Object, java.lang.Object, java.lang.Object, java.lang.Object, java.lang.Object, java.lang.Object, java.lang.Object, java.lang.Object, java.lang.Object, java.lang.Object, java.lang.Object, java.lang.Object, java.lang.Object, java.lang.Object, java.lang.Object, java.lang.Object, java.lang.Object, java.lang.Object, java.lang.Object)'> (0x0000000084eca670) thrown
Event: 6.439 Thread 0x0000021f7c98f800 Implicit null exception at 0x0000021f6bf5d474 to 0x0000021f6bf5d684
Event: 6.440 Thread 0x0000021f7c98f800 Implicit null exception at 0x0000021f6be935f8 to 0x0000021f6be9368a
Event: 6.495 Thread 0x0000021f7c98f800 Exception <a 'java/lang/ClassNotFoundException'{0x0000000087401490}: build_ewna3lzve4c04fhw6l8detj9pBeanInfo> (0x0000000087401490) thrown at [./src/hotspot/share/classfile/systemDictionary.cpp, line 231]
Event: 6.495 Thread 0x0000021f7c98f800 Exception <a 'java/lang/ClassNotFoundException'{0x00000000874186d0}: org/gradle/api/internal/project/ProjectScriptBeanInfo> (0x00000000874186d0) thrown at [./src/hotspot/share/classfile/systemDictionary.cpp, line 231]
Event: 6.495 Thread 0x0000021f7c98f800 Exception <a 'java/lang/ClassNotFoundException'{0x000000008742fae0}: org/gradle/api/internal/project/ProjectScriptCustomizer> (0x000000008742fae0) thrown at [./src/hotspot/share/classfile/systemDictionary.cpp, line 231]
Event: 6.496 Thread 0x0000021f7c98f800 Exception <a 'java/lang/ClassNotFoundException'{0x000000008744baa8}: build_ewna3lzve4c04fhw6l8detj9pCustomizer> (0x000000008744baa8) thrown at [./src/hotspot/share/classfile/systemDictionary.cpp, line 231]
Event: 6.520 Thread 0x0000021f7c98f800 Exception <a 'java/lang/ClassNotFoundException'{0x0000000087237778}: org/gradle/plugin/use/internal/PluginRequestCollector$PluginDependenciesSpecImplBeanInfo> (0x0000000087237778) thrown at [./src/hotspot/share/classfile/systemDictionary.cpp, line 231]
Event: 6.520 Thread 0x0000021f7c98f800 Exception <a 'java/lang/ClassNotFoundException'{0x0000000087266658}: org/gradle/plugin/use/internal/PluginRequestCollector$PluginDependenciesSpecImplCustomizer> (0x0000000087266658) thrown at [./src/hotspot/share/classfile/systemDictionary.cpp, line 231]
Event: 6.523 Thread 0x0000021f7c98f800 Exception <a 'java/lang/ClassNotFoundException'{0x00000000872c8eb0}: org/gradle/plugin/use/internal/PluginRequestCollector$PluginDependencySpecImplBeanInfo> (0x00000000872c8eb0) thrown at [./src/hotspot/share/classfile/systemDictionary.cpp, line 231]
Event: 6.523 Thread 0x0000021f7c98f800 Exception <a 'java/lang/ClassNotFoundException'{0x00000000872f7010}: org/gradle/plugin/use/internal/PluginRequestCollector$PluginDependencySpecImplCustomizer> (0x00000000872f7010) thrown at [./src/hotspot/share/classfile/systemDictionary.cpp, line 231]
Event: 6.665 Thread 0x0000021f7c98f800 Exception <a 'java/lang/NoSuchMethodError'{0x00000000861baae0}: 'void java.lang.invoke.DirectMethodHandle$Holder.invokeStatic(java.lang.Object, java.lang.Object, java.lang.Object, int, java.lang.Object)'> (0x00000000861baae0) thrown at [./src/hotspot/share/interpreter/linkResolver.cpp, line 773]

Events (20 events):
Event: 6.842 loading class org/gradle/api/internal/artifacts/ivyservice/resolveengine/excludes/ModuleExclusions
Event: 6.842 loading class org/gradle/api/internal/artifacts/ivyservice/resolveengine/excludes/ModuleExclusions done
Event: 6.842 loading class org/gradle/api/internal/artifacts/ivyservice/resolveengine/excludes/factories/OptimizingExcludeFactory
Event: 6.842 loading class org/gradle/api/internal/artifacts/ivyservice/resolveengine/excludes/factories/OptimizingExcludeFactory done
Event: 6.842 loading class org/gradle/api/internal/artifacts/ivyservice/resolveengine/excludes/factories/CachingExcludeFactory$ExcludesKey
Event: 6.842 loading class org/gradle/api/internal/artifacts/ivyservice/resolveengine/excludes/factories/CachingExcludeFactory$ExcludesKey done
Event: 6.843 loading class org/gradle/api/internal/artifacts/ivyservice/resolveengine/excludes/factories/CachingExcludeFactory$ExcludesKey
Event: 6.843 loading class org/gradle/api/internal/artifacts/ivyservice/resolveengine/excludes/factories/CachingExcludeFactory$ExcludesKey done
Event: 6.843 loading class org/gradle/api/internal/artifacts/ivyservice/resolveengine/excludes/factories/CachingExcludeFactory$ExcludesKey
Event: 6.843 loading class org/gradle/api/internal/artifacts/ivyservice/resolveengine/excludes/factories/CachingExcludeFactory$ExcludesKey done
Event: 6.843 loading class org/gradle/api/internal/artifacts/ivyservice/resolveengine/excludes/factories/CachingExcludeFactory
Event: 6.843 loading class org/gradle/api/internal/artifacts/ivyservice/resolveengine/excludes/factories/CachingExcludeFactory done
Event: 6.843 loading class org/gradle/api/internal/artifacts/ivyservice/resolveengine/excludes/specs/ExcludeAllOf
Event: 6.843 loading class org/gradle/api/internal/artifacts/ivyservice/resolveengine/excludes/specs/ExcludeAllOf done
Event: 6.843 loading class org/gradle/api/internal/artifacts/ivyservice/resolveengine/excludes/specs/CompositeExclude
Event: 6.843 loading class org/gradle/api/internal/artifacts/ivyservice/resolveengine/excludes/specs/CompositeExclude done
Event: 6.844 loading class org/gradle/api/internal/artifacts/ivyservice/resolveengine/excludes/specs/ExcludeSpec
Event: 6.844 loading class org/gradle/api/internal/artifacts/ivyservice/resolveengine/excludes/specs/ExcludeSpec done
Event: 6.844 loading class org/gradle/api/internal/artifacts/ivyservice/resolveengine/excludes/specs/ExcludeAnyOf
Event: 6.844 loading class org/gradle/api/internal/artifacts/ivyservice/resolveengine/excludes/specs/ExcludeAnyOf done


Dynamic libraries:
0x00007ff712870000 - 0x00007ff71287a000 	C:\Program Files\Android\Android Studio\jre\bin\java.exe
0x00007fff1db70000 - 0x00007fff1dd65000 	C:\WINDOWS\SYSTEM32\ntdll.dll
0x00007fff1d4d0000 - 0x00007fff1d58d000 	C:\WINDOWS\System32\KERNEL32.DLL
0x00007fff1b300000 - 0x00007fff1b5cd000 	C:\WINDOWS\System32\KERNELBASE.dll
0x00007fff1b5d0000 - 0x00007fff1b6d0000 	C:\WINDOWS\System32\ucrtbase.dll
0x00007fff05640000 - 0x00007fff05659000 	C:\Program Files\Android\Android Studio\jre\bin\jli.dll
0x00007ffef57e0000 - 0x00007ffef57f7000 	C:\Program Files\Android\Android Studio\jre\bin\VCRUNTIME140.dll
0x00007fff1c740000 - 0x00007fff1c8e0000 	C:\WINDOWS\System32\USER32.dll
0x00007fff1b740000 - 0x00007fff1b762000 	C:\WINDOWS\System32\win32u.dll
0x00007fff1d950000 - 0x00007fff1d97a000 	C:\WINDOWS\System32\GDI32.dll
0x00007fff1b8c0000 - 0x00007fff1b9cb000 	C:\WINDOWS\System32\gdi32full.dll
0x00007ffeeec00000 - 0x00007ffeeee9a000 	C:\WINDOWS\WinSxS\amd64_microsoft.windows.common-controls_6595b64144ccf1df_6.0.19041.1110_none_60b5254171f9507e\COMCTL32.dll
0x00007fff1b820000 - 0x00007fff1b8bd000 	C:\WINDOWS\System32\msvcp_win.dll
0x00007fff1cd60000 - 0x00007fff1cdfe000 	C:\WINDOWS\System32\msvcrt.dll
0x00007fff1cf40000 - 0x00007fff1cf70000 	C:\WINDOWS\System32\IMM32.DLL
0x00007ffede790000 - 0x00007ffede82d000 	C:\Program Files\Android\Android Studio\jre\bin\msvcp140.dll
0x00007ffeb4420000 - 0x00007ffeb4f05000 	C:\Program Files\Android\Android Studio\jre\bin\server\jvm.dll
0x00007fff1c560000 - 0x00007fff1c60e000 	C:\WINDOWS\System32\ADVAPI32.dll
0x00007fff1d6b0000 - 0x00007fff1d74c000 	C:\WINDOWS\System32\sechost.dll
0x00007fff1c610000 - 0x00007fff1c735000 	C:\WINDOWS\System32\RPCRT4.dll
0x00007fff1d940000 - 0x00007fff1d948000 	C:\WINDOWS\System32\PSAPI.DLL
0x00007fff0f6d0000 - 0x00007fff0f6f7000 	C:\WINDOWS\SYSTEM32\WINMM.dll
0x00007fff19a10000 - 0x00007fff19a1a000 	C:\WINDOWS\SYSTEM32\VERSION.dll
0x00007fff05c50000 - 0x00007fff05c59000 	C:\WINDOWS\SYSTEM32\WSOCK32.dll
0x00007fff1cf70000 - 0x00007fff1cfdb000 	C:\WINDOWS\System32\WS2_32.dll
0x00007fff19b10000 - 0x00007fff19b22000 	C:\WINDOWS\SYSTEM32\kernel.appcore.dll
0x00007fff05240000 - 0x00007fff05251000 	C:\Program Files\Android\Android Studio\jre\bin\verify.dll
0x00007fff176e0000 - 0x00007fff178c4000 	C:\WINDOWS\SYSTEM32\DBGHELP.DLL
0x00007fff125f0000 - 0x00007fff1261c000 	C:\WINDOWS\SYSTEM32\dbgcore.DLL
0x00007fff1b9d0000 - 0x00007fff1ba52000 	C:\WINDOWS\System32\bcryptPrimitives.dll
0x00007ffef1080000 - 0x00007ffef10a9000 	C:\Program Files\Android\Android Studio\jre\bin\java.dll
0x00007fff19ad0000 - 0x00007fff19adb000 	C:\Program Files\Android\Android Studio\jre\bin\jimage.dll
0x00007fff04a50000 - 0x00007fff04a68000 	C:\Program Files\Android\Android Studio\jre\bin\zip.dll
0x00007fff1bd50000 - 0x00007fff1c494000 	C:\WINDOWS\System32\SHELL32.dll
0x00007fff191c0000 - 0x00007fff19954000 	C:\WINDOWS\SYSTEM32\windows.storage.dll
0x00007fff1d0f0000 - 0x00007fff1d444000 	C:\WINDOWS\System32\combase.dll
0x00007fff1ace0000 - 0x00007fff1ad0c000 	C:\WINDOWS\SYSTEM32\Wldp.dll
0x00007fff1bca0000 - 0x00007fff1bd4d000 	C:\WINDOWS\System32\SHCORE.dll
0x00007fff1ce00000 - 0x00007fff1ce55000 	C:\WINDOWS\System32\shlwapi.dll
0x00007fff1b1c0000 - 0x00007fff1b1df000 	C:\WINDOWS\SYSTEM32\profapi.dll
0x00007ffef1610000 - 0x00007ffef162a000 	C:\Program Files\Android\Android Studio\jre\bin\net.dll
0x00007fff164f0000 - 0x00007fff165fa000 	C:\WINDOWS\SYSTEM32\WINHTTP.dll
0x00007fff1aa40000 - 0x00007fff1aaaa000 	C:\WINDOWS\system32\mswsock.dll
0x00007ffef1060000 - 0x00007ffef1074000 	C:\Program Files\Android\Android Studio\jre\bin\nio.dll
0x00007fff04ab0000 - 0x00007fff04ad7000 	C:\Users\dede9\.gradle\native\e1d6ef7f7dcc3fd88c89a11ec53ec762bb8ba0a96d01ffa2cd45eb1d1d8dd5c5\windows-amd64\native-platform.dll
0x00007ffed98b0000 - 0x00007ffed99f4000 	C:\Users\dede9\.gradle\native\5664cfc778a61ccfe75a443a1ab52a65af34e5dc3c78e0209fed803814484fcb\windows-amd64\native-platform-file-events.dll
0x00007fff19a90000 - 0x00007fff19a9a000 	C:\Program Files\Android\Android Studio\jre\bin\management.dll
0x00007fff133e0000 - 0x00007fff133ed000 	C:\Program Files\Android\Android Studio\jre\bin\management_ext.dll
0x00007fff1ac30000 - 0x00007fff1ac48000 	C:\WINDOWS\SYSTEM32\CRYPTSP.dll
0x00007fff1a350000 - 0x00007fff1a384000 	C:\WINDOWS\system32\rsaenh.dll
0x00007fff1b280000 - 0x00007fff1b2a7000 	C:\WINDOWS\System32\bcrypt.dll
0x00007fff1b180000 - 0x00007fff1b1ae000 	C:\WINDOWS\SYSTEM32\USERENV.dll
0x00007fff1ac50000 - 0x00007fff1ac5c000 	C:\WINDOWS\SYSTEM32\CRYPTBASE.dll
0x00007fff1a6e0000 - 0x00007fff1a71b000 	C:\WINDOWS\SYSTEM32\IPHLPAPI.DLL
0x00007fff1d930000 - 0x00007fff1d938000 	C:\WINDOWS\System32\NSI.dll
0x00007fff15930000 - 0x00007fff15947000 	C:\WINDOWS\SYSTEM32\dhcpcsvc6.DLL
0x00007fff15910000 - 0x00007fff1592d000 	C:\WINDOWS\SYSTEM32\dhcpcsvc.DLL
0x00007fff1a780000 - 0x00007fff1a84b000 	C:\WINDOWS\SYSTEM32\DNSAPI.dll

dbghelp: loaded successfully - version: 4.0.5 - missing functions: none
symbol engine: initialized successfully - sym options: 0x614 - pdb path: .;C:\Program Files\Android\Android Studio\jre\bin;C:\WINDOWS\SYSTEM32;C:\WINDOWS\WinSxS\amd64_microsoft.windows.common-controls_6595b64144ccf1df_6.0.19041.1110_none_60b5254171f9507e;C:\Program Files\Android\Android Studio\jre\bin\server;C:\Users\dede9\.gradle\native\e1d6ef7f7dcc3fd88c89a11ec53ec762bb8ba0a96d01ffa2cd45eb1d1d8dd5c5\windows-amd64;C:\Users\dede9\.gradle\native\5664cfc778a61ccfe75a443a1ab52a65af34e5dc3c78e0209fed803814484fcb\windows-amd64

VM Arguments:
jvm_args: --add-opens=java.base/java.util=ALL-UNNAMED --add-opens=java.base/java.lang=ALL-UNNAMED --add-opens=java.base/java.lang.invoke=ALL-UNNAMED --add-opens=java.base/java.util=ALL-UNNAMED --add-opens=java.prefs/java.util.prefs=ALL-UNNAMED --add-opens=java.prefs/java.util.prefs=ALL-UNNAMED --add-opens=java.base/java.nio.charset=ALL-UNNAMED --add-opens=java.base/java.net=ALL-UNNAMED --add-opens=java.base/java.util.concurrent.atomic=ALL-UNNAMED -Xmx2048m -Dfile.encoding=UTF-8 -Duser.country=KR -Duser.language=ko -Duser.variant 
java_command: org.gradle.launcher.daemon.bootstrap.GradleDaemon 7.3.3
java_class_path (initial): C:\Users\dede9\.gradle\wrapper\dists\gradle-7.3.3-bin\6a41zxkdtcxs8rphpq6y0069z\gradle-7.3.3\lib\gradle-launcher-7.3.3.jar
Launcher Type: SUN_STANDARD

[Global flags]
     intx CICompilerCount                          = 4                                         {product} {ergonomic}
     uint ConcGCThreads                            = 2                                         {product} {ergonomic}
     uint G1ConcRefinementThreads                  = 8                                         {product} {ergonomic}
   size_t G1HeapRegionSize                         = 1048576                                   {product} {ergonomic}
    uintx GCDrainStackTargetSize                   = 64                                        {product} {ergonomic}
   size_t InitialHeapSize                          = 130023424                                 {product} {ergonomic}
   size_t MarkStackSize                            = 4194304                                   {product} {ergonomic}
   size_t MaxHeapSize                              = 2147483648                                {product} {command line}
   size_t MaxNewSize                               = 1287651328                                {product} {ergonomic}
   size_t MinHeapDeltaBytes                        = 1048576                                   {product} {ergonomic}
    uintx NonNMethodCodeHeapSize                   = 5836300                                {pd product} {ergonomic}
    uintx NonProfiledCodeHeapSize                  = 122910970                              {pd product} {ergonomic}
    uintx ProfiledCodeHeapSize                     = 122910970                              {pd product} {ergonomic}
    uintx ReservedCodeCacheSize                    = 251658240                              {pd product} {ergonomic}
     bool SegmentedCodeCache                       = true                                      {product} {ergonomic}
     bool UseCompressedClassPointers               = true                                 {lp64_product} {ergonomic}
     bool UseCompressedOops                        = true                                 {lp64_product} {ergonomic}
     bool UseG1GC                                  = true                                      {product} {ergonomic}
     bool UseLargePagesIndividualAllocation        = false                                  {pd product} {ergonomic}

Logging:
Log output configuration:
 #0: stdout all=warning uptime,level,tags
 #1: stderr all=off uptime,level,tags

Environment Variables:
JAVA_HOME=C:\Program Files\Java\jdk1.8.0_321
CLASSPATH=.;C:\_server\apache-tomcat-9.0.45\lib\servlet-api.jar;C:\Program Files\Java\jdk1.8.0_321\lib\mssql-jdbc-9.2.1.jre15.jar
PATH=C:\Program Files (x86)\VMware\VMware Workstation\bin\;C:\app\dede9\product\18.0.0\dbhomeXE\bin;C:\Program Files (x86)\Windows Resource Kits\Tools\;C:\Program Files\Java\jdk1.8.0_321\bin;C:\_server\apache-tomcat-9.0.45\bin;C:\Program Files\Common Files\Oracle\Java\javapath;C:\Program Files (x86)\Common Files\Oracle\Java\javapath;C:\WINDOWS\system32;C:\WINDOWS;C:\WINDOWS\System32\Wbem;C:\WINDOWS\System32\WindowsPowerShell\v1.0\;C:\WINDOWS\System32\OpenSSH\;C:\Program Files\Microsoft SQL Server\Client SDK\ODBC\170\Tools\Binn\;C:\Program Files (x86)\Microsoft SQL Server\150\Tools\Binn\;C:\Program Files\Microsoft SQL Server\150\Tools\Binn\;C:\Program Files\Microsoft SQL Server\150\DTS\Binn\;C:\Program Files (x86)\Microsoft SQL Server\150\DTS\Binn\;C:\Program Files\Git\cmd;C:\Users\dede9\anaconda3;C:\Users\dede9\anaconda3\Library\mingw-w64\bin;C:\Users\dede9\anaconda3\Library\usr\bin;C:\Users\dede9\anaconda3\Library\bin;C:\Users\dede9\anaconda3\Scripts;C:\Users\dede9\AppData\Local\Programs\Python\Python39\Scripts\;C:\Users\dede9\AppData\Local\Programs\Python\Python39\;C:\Users\dede9\AppData\Local\Microsoft\WindowsApps;C:\Program Files\Bandizip\;C:\Users\dede9\AppData\Local\Programs\Microsoft VS Code\bin;C:\Program Files\Azure Data Studio\bin;C:\Program Files\JetBrains\PyCharm Community Edition 2021.3.2\bin;;C:\Users\dede9\AppData\Local\GitHubDesktop\bin
USERNAME=dede9
OS=Windows_NT
PROCESSOR_IDENTIFIER=Intel64 Family 6 Model 140 Stepping 1, GenuineIntel



---------------  S Y S T E M  ---------------

OS: Windows 10 , 64 bit Build 19041 (10.0.19041.1706)
OS uptime: 4 days 7:11 hours

CPU:total 8 (initial active 8) (4 cores per cpu, 2 threads per core) family 6 model 140 stepping 1 microcode 0x8a, cmov, cx8, fxsr, mmx, sse, sse2, sse3, ssse3, sse4.1, sse4.2, popcnt, avx, avx2, aes, clmul, erms, 3dnowpref, lzcnt, ht, tsc, tscinvbit, bmi1, bmi2, adx, evex, sha, fma

Memory: 4k page, system-wide physical 7916M (461M free)
TotalPageFile size 16112M (AvailPageFile size 5M)
current process WorkingSet (physical memory assigned to process): 326M, peak: 329M
current process commit charge ("private bytes"): 361M, peak: 365M

vm_info: OpenJDK 64-Bit Server VM (11.0.12+7-b1504.28-7817840) for windows-amd64 JRE (11.0.12+7-b1504.28-7817840), built on Oct 13 2021 22:12:33 by "builder" with MS VC++ 14.0 (VS2015)

END.
