#
# There is insufficient memory for the Java Runtime Environment to continue.
# Native memory allocation (malloc) failed to allocate 1104496 bytes for Chunk::new
# Possible reasons:
#   The system is out of physical RAM or swap space
#   The process is running with CompressedOops enabled, and the Java Heap may be blocking the growth of the native heap
# Possible solutions:
#   Reduce memory load on the system
#   Increase physical memory or swap space
#   Check if swap backing store is full
#   Decrease Java heap size (-Xmx/-Xms)
#   Decrease number of Java threads
#   Decrease Java thread stack sizes (-Xss)
#   Set larger code cache with -XX:ReservedCodeCacheSize=
#   JVM is running with Unscaled Compressed Oops mode in which the Java heap is
#     placed in the first 4GB address space. The Java Heap base address is the
#     maximum limit for the native heap growth. Please use -XX:HeapBaseMinAddress
#     to set the Java Heap base and to place the Java Heap above 4GB virtual address.
# This output file may be truncated or incomplete.
#
#  Out of Memory Error (./src/hotspot/share/memory/arena.cpp:197), pid=10984, tid=10340
#
# JRE version: OpenJDK Runtime Environment (11.0.12+7) (build 11.0.12+7-b1504.28-7817840)
# Java VM: OpenJDK 64-Bit Server VM (11.0.12+7-b1504.28-7817840, mixed mode, tiered, compressed oops, g1 gc, windows-amd64)
# No core dump will be written. Minidumps are not enabled by default on client versions of Windows
#

---------------  S U M M A R Y ------------

Command Line: --add-opens=java.base/java.util=ALL-UNNAMED --add-opens=java.base/java.lang=ALL-UNNAMED --add-opens=java.base/java.lang.invoke=ALL-UNNAMED --add-opens=java.base/java.util=ALL-UNNAMED --add-opens=java.prefs/java.util.prefs=ALL-UNNAMED --add-opens=java.prefs/java.util.prefs=ALL-UNNAMED --add-opens=java.base/java.nio.charset=ALL-UNNAMED --add-opens=java.base/java.net=ALL-UNNAMED --add-opens=java.base/java.util.concurrent.atomic=ALL-UNNAMED -Xmx2048m -Dfile.encoding=UTF-8 -Duser.country=KR -Duser.language=ko -Duser.variant org.gradle.launcher.daemon.bootstrap.GradleDaemon 7.3.3

Host: 11th Gen Intel(R) Core(TM) i5-1135G7 @ 2.40GHz, 8 cores, 7G,  Windows 10 , 64 bit Build 19041 (10.0.19041.1706)
Time: Wed Jun 15 11:44:11 2022 대한민국 표준시 elapsed time: 4.285769 seconds (0d 0h 0m 4s)

---------------  T H R E A D  ---------------

Current thread (0x0000027652f0e000):  JavaThread "C2 CompilerThread1" daemon [_thread_in_native, id=10340, stack(0x00000093f3400000,0x00000093f3500000)]


Current CompileTask:
C2:   4285 2813  s!   4       jdk.internal.loader.URLClassPath::getLoader (194 bytes)

Stack: [0x00000093f3400000,0x00000093f3500000]
Native frames: (J=compiled Java code, j=interpreted, Vv=VM code, C=native code)
V  [jvm.dll+0x5fbcea]
V  [jvm.dll+0x731905]
V  [jvm.dll+0x732f1d]
V  [jvm.dll+0x7335d3]
V  [jvm.dll+0x247bf8]
V  [jvm.dll+0xc018c]
V  [jvm.dll+0xc06cc]
V  [jvm.dll+0x35b2db]
V  [jvm.dll+0x328803]
V  [jvm.dll+0x327cfa]
V  [jvm.dll+0x200602]
V  [jvm.dll+0x1ff794]
V  [jvm.dll+0x18868c]
V  [jvm.dll+0x20e0d7]
V  [jvm.dll+0x20c901]
V  [jvm.dll+0x6f9b7f]
V  [jvm.dll+0x6f26a5]
V  [jvm.dll+0x5fabf6]
C  [ucrtbase.dll+0x21bb2]
C  [KERNEL32.DLL+0x17034]
C  [ntdll.dll+0x52651]


---------------  P R O C E S S  ---------------

Threads class SMR info:
_java_thread_list=0x0000027653b35340, length=39, elements={
0x0000027635396800, 0x000002764f81a000, 0x000002764f823000, 0x000002764f845000,
0x000002764f847800, 0x000002764f848800, 0x000002765009b800, 0x000002765009e800,
0x00000276500ab000, 0x000002765021d000, 0x0000027651996800, 0x00000276517b7800,
0x00000276528fd800, 0x0000027650449800, 0x0000027650f3d800, 0x00000276519b3000,
0x00000276519b4000, 0x00000276527fe800, 0x000002765242f000, 0x0000027652cdb800,
0x0000027652ce1000, 0x0000027652cdd000, 0x0000027652cde000, 0x0000027652f0e000,
0x0000027652ce2000, 0x0000027652cde800, 0x0000027652cdf800, 0x0000027652ce0000,
0x0000027652cdc000, 0x0000027653a10800, 0x0000027653a0c800, 0x0000027653a0c000,
0x0000027653a0e800, 0x0000027653a0f000, 0x0000027653a11800, 0x0000027653a10000,
0x0000027653a12800, 0x0000027653a0d800, 0x0000027653a15000
}

Java Threads: ( => current thread )
  0x0000027635396800 JavaThread "main" [_thread_blocked, id=4120, stack(0x00000093f0e00000,0x00000093f0f00000)]
  0x000002764f81a000 JavaThread "Reference Handler" daemon [_thread_blocked, id=12996, stack(0x00000093f1500000,0x00000093f1600000)]
  0x000002764f823000 JavaThread "Finalizer" daemon [_thread_blocked, id=19328, stack(0x00000093f1600000,0x00000093f1700000)]
  0x000002764f845000 JavaThread "Signal Dispatcher" daemon [_thread_blocked, id=19584, stack(0x00000093f1700000,0x00000093f1800000)]
  0x000002764f847800 JavaThread "Attach Listener" daemon [_thread_blocked, id=19416, stack(0x00000093f1800000,0x00000093f1900000)]
  0x000002764f848800 JavaThread "Service Thread" daemon [_thread_blocked, id=19740, stack(0x00000093f1900000,0x00000093f1a00000)]
  0x000002765009b800 JavaThread "C2 CompilerThread0" daemon [_thread_in_native, id=17656, stack(0x00000093f1a00000,0x00000093f1b00000)]
  0x000002765009e800 JavaThread "C1 CompilerThread0" daemon [_thread_blocked, id=2948, stack(0x00000093f1b00000,0x00000093f1c00000)]
  0x00000276500ab000 JavaThread "Sweeper thread" daemon [_thread_blocked, id=17380, stack(0x00000093f1c00000,0x00000093f1d00000)]
  0x000002765021d000 JavaThread "Common-Cleaner" daemon [_thread_blocked, id=13768, stack(0x00000093f1d00000,0x00000093f1e00000)]
  0x0000027651996800 JavaThread "Daemon health stats" [_thread_blocked, id=19428, stack(0x00000093f2100000,0x00000093f2200000)]
  0x00000276517b7800 JavaThread "Incoming local TCP Connector on port 50825" [_thread_in_native, id=13268, stack(0x00000093f1f00000,0x00000093f2000000)]
  0x00000276528fd800 JavaThread "Daemon periodic checks" [_thread_blocked, id=16084, stack(0x00000093f2200000,0x00000093f2300000)]
  0x0000027650449800 JavaThread "Daemon" [_thread_blocked, id=1824, stack(0x00000093f2300000,0x00000093f2400000)]
  0x0000027650f3d800 JavaThread "Handler for socket connection from /127.0.0.1:50825 to /127.0.0.1:50826" [_thread_in_native, id=1644, stack(0x00000093f2400000,0x00000093f2500000)]
  0x00000276519b3000 JavaThread "Cancel handler" [_thread_blocked, id=16640, stack(0x00000093f2500000,0x00000093f2600000)]
  0x00000276519b4000 JavaThread "Daemon worker" [_thread_in_native, id=1304, stack(0x00000093f2600000,0x00000093f2700000)]
  0x00000276527fe800 JavaThread "Asynchronous log dispatcher for DefaultDaemonConnection: socket connection from /127.0.0.1:50825 to /127.0.0.1:50826" [_thread_blocked, id=12400, stack(0x00000093f2700000,0x00000093f2800000)]
  0x000002765242f000 JavaThread "Stdin handler" [_thread_blocked, id=5932, stack(0x00000093f2800000,0x00000093f2900000)]
  0x0000027652cdb800 JavaThread "Daemon client event forwarder" [_thread_blocked, id=19560, stack(0x00000093f2900000,0x00000093f2a00000)]
  0x0000027652ce1000 JavaThread "Cache worker for journal cache (C:\Users\dede9\.gradle\caches\journal-1)" [_thread_blocked, id=8972, stack(0x00000093f3000000,0x00000093f3100000)]
  0x0000027652cdd000 JavaThread "File lock request listener" [_thread_in_native, id=11136, stack(0x00000093f3100000,0x00000093f3200000)]
  0x0000027652cde000 JavaThread "Cache worker for file hash cache (C:\Users\dede9\.gradle\caches\7.3.3\fileHashes)" [_thread_blocked, id=18360, stack(0x00000093f3300000,0x00000093f3400000)]
=>0x0000027652f0e000 JavaThread "C2 CompilerThread1" daemon [_thread_in_native, id=10340, stack(0x00000093f3400000,0x00000093f3500000)]
  0x0000027652ce2000 JavaThread "Cache worker for file hash cache (C:\Users\dede9\AndroidStudioProjects\teamBUPJ\.gradle\7.3.3\fileHashes)" [_thread_blocked, id=2984, stack(0x00000093f3500000,0x00000093f3600000)]
  0x0000027652cde800 JavaThread "File watcher server" daemon [_thread_in_native, id=3428, stack(0x00000093f3600000,0x00000093f3700000)]
  0x0000027652cdf800 JavaThread "File watcher consumer" daemon [_thread_blocked, id=9208, stack(0x00000093f3700000,0x00000093f3800000)]
  0x0000027652ce0000 JavaThread "jar transforms" [_thread_blocked, id=19420, stack(0x00000093f3800000,0x00000093f3900000)]
  0x0000027652cdc000 JavaThread "jar transforms Thread 2" [_thread_blocked, id=11304, stack(0x00000093f3900000,0x00000093f3a00000)]
  0x0000027653a10800 JavaThread "jar transforms Thread 3" [_thread_blocked, id=18400, stack(0x00000093f3a00000,0x00000093f3b00000)]
  0x0000027653a0c800 JavaThread "jar transforms Thread 4" [_thread_blocked, id=10328, stack(0x00000093f3b00000,0x00000093f3c00000)]
  0x0000027653a0c000 JavaThread "jar transforms Thread 5" [_thread_blocked, id=11820, stack(0x00000093f3c00000,0x00000093f3d00000)]
  0x0000027653a0e800 JavaThread "jar transforms Thread 6" [_thread_blocked, id=1280, stack(0x00000093f3d00000,0x00000093f3e00000)]
  0x0000027653a0f000 JavaThread "jar transforms Thread 7" [_thread_blocked, id=16192, stack(0x00000093f3e00000,0x00000093f3f00000)]
  0x0000027653a11800 JavaThread "jar transforms Thread 8" [_thread_blocked, id=10220, stack(0x00000093f3f00000,0x00000093f4000000)]
  0x0000027653a10000 JavaThread "Cache worker for checksums cache (C:\Users\dede9\AndroidStudioProjects\teamBUPJ\.gradle\7.3.3\checksums)" [_thread_blocked, id=18228, stack(0x00000093f4000000,0x00000093f4100000)]
  0x0000027653a12800 JavaThread "Cache worker for cache directory md-supplier (C:\Users\dede9\.gradle\caches\7.3.3\md-supplier)" [_thread_blocked, id=15216, stack(0x00000093f4100000,0x00000093f4200000)]
  0x0000027653a0d800 JavaThread "Cache worker for cache directory md-rule (C:\Users\dede9\.gradle\caches\7.3.3\md-rule)" [_thread_blocked, id=4884, stack(0x00000093f4200000,0x00000093f4300000)]
  0x0000027653a15000 JavaThread "Cache worker for execution history cache (C:\Users\dede9\.gradle\caches\7.3.3\executionHistory)" [_thread_blocked, id=10492, stack(0x00000093f4300000,0x00000093f4400000)]

Other Threads:
  0x000002764f812000 VMThread "VM Thread" [stack: 0x00000093f1400000,0x00000093f1500000] [id=19100]
  0x000002765028d000 WatcherThread [stack: 0x00000093f1e00000,0x00000093f1f00000] [id=8876]
  0x00000276353a9800 GCTaskThread "GC Thread#0" [stack: 0x00000093f0f00000,0x00000093f1000000] [id=16260]
  0x000002765073e800 GCTaskThread "GC Thread#1" [stack: 0x00000093f2000000,0x00000093f2100000] [id=10204]
  0x00000276515c2800 GCTaskThread "GC Thread#2" [stack: 0x00000093f2a00000,0x00000093f2b00000] [id=6136]
  0x00000276515c3800 GCTaskThread "GC Thread#3" [stack: 0x00000093f2b00000,0x00000093f2c00000] [id=10104]
  0x0000027652b0c000 GCTaskThread "GC Thread#4" [stack: 0x00000093f2c00000,0x00000093f2d00000] [id=1960]
  0x0000027652b0d000 GCTaskThread "GC Thread#5" [stack: 0x00000093f2d00000,0x00000093f2e00000] [id=1436]
  0x0000027652474000 GCTaskThread "GC Thread#6" [stack: 0x00000093f2e00000,0x00000093f2f00000] [id=13844]
  0x0000027652474800 GCTaskThread "GC Thread#7" [stack: 0x00000093f2f00000,0x00000093f3000000] [id=19256]
  0x00000276353db800 ConcurrentGCThread "G1 Main Marker" [stack: 0x00000093f1000000,0x00000093f1100000] [id=16632]
  0x00000276353dd000 ConcurrentGCThread "G1 Conc#0" [stack: 0x00000093f1100000,0x00000093f1200000] [id=17708]
  0x00000276523f1000 ConcurrentGCThread "G1 Conc#1" [stack: 0x00000093f3200000,0x00000093f3300000] [id=18352]
  0x000002764f660800 ConcurrentGCThread "G1 Refine#0" [stack: 0x00000093f1200000,0x00000093f1300000] [id=7636]
  0x000002764f661800 ConcurrentGCThread "G1 Young RemSet Sampling" [stack: 0x00000093f1300000,0x00000093f1400000] [id=3888]

Threads with active compile tasks:
C2 CompilerThread0   4312 2832       4       jdk.internal.loader.URLClassPath::getResource (74 bytes)
C2 CompilerThread1   4312 2813  s!   4       jdk.internal.loader.URLClassPath::getLoader (194 bytes)

VM state:at safepoint (normal execution)

VM Mutex/Monitor currently owned by a thread:  ([mutex/lock_event])
[0x0000027635392d40] Threads_lock - owner thread: 0x000002764f812000
[0x00000276353931c0] Heap_lock - owner thread: 0x00000276519b4000

Heap address: 0x0000000080000000, size: 2048 MB, Compressed Oops mode: 32-bit
Narrow klass base: 0x0000000000000000, Narrow klass shift: 3
Compressed class space size: 1073741824 Address: 0x0000000100000000

Heap:
 garbage-first heap   total 126976K, used 63074K [0x0000000080000000, 0x0000000100000000)
  region size 1024K, 29 young (29696K), 1 survivors (1024K)
 Metaspace       used 34693K, capacity 35707K, committed 35840K, reserved 1081344K
  class space    used 4639K, capacity 4961K, committed 4992K, reserved 1048576K
Heap Regions: E=young(eden), S=young(survivor), O=old, HS=humongous(starts), HC=humongous(continues), CS=collection set, F=free, A=archive, TAMS=top-at-mark-start (previous, next)
|   0|0x0000000080000000, 0x0000000080100000, 0x0000000080100000|100%| O|  |TAMS 0x0000000080100000, 0x0000000080100000| Untracked 
|   1|0x0000000080100000, 0x0000000080200000, 0x0000000080200000|100%| O|  |TAMS 0x0000000080200000, 0x0000000080200000| Untracked 
|   2|0x0000000080200000, 0x0000000080300000, 0x0000000080300000|100%| O|  |TAMS 0x0000000080300000, 0x0000000080300000| Untracked 
|   3|0x0000000080300000, 0x0000000080400000, 0x0000000080400000|100%|HS|  |TAMS 0x0000000080400000, 0x0000000080400000| Complete 
|   4|0x0000000080400000, 0x0000000080500000, 0x0000000080500000|100%|HC|  |TAMS 0x0000000080500000, 0x0000000080500000| Complete 
|   5|0x0000000080500000, 0x0000000080600000, 0x0000000080600000|100%|HC|  |TAMS 0x0000000080600000, 0x0000000080600000| Complete 
|   6|0x0000000080600000, 0x0000000080700000, 0x0000000080700000|100%| O|  |TAMS 0x0000000080700000, 0x0000000080700000| Untracked 
|   7|0x0000000080700000, 0x0000000080800000, 0x0000000080800000|100%| O|  |TAMS 0x0000000080800000, 0x0000000080800000| Untracked 
|   8|0x0000000080800000, 0x0000000080900000, 0x0000000080900000|100%| O|  |TAMS 0x0000000080900000, 0x0000000080900000| Untracked 
|   9|0x0000000080900000, 0x0000000080a00000, 0x0000000080a00000|100%| O|  |TAMS 0x0000000080a00000, 0x0000000080a00000| Untracked 
|  10|0x0000000080a00000, 0x0000000080b00000, 0x0000000080b00000|100%| O|  |TAMS 0x0000000080b00000, 0x0000000080b00000| Untracked 
|  11|0x0000000080b00000, 0x0000000080c00000, 0x0000000080c00000|100%| O|  |TAMS 0x0000000080c00000, 0x0000000080c00000| Untracked 
|  12|0x0000000080c00000, 0x0000000080d00000, 0x0000000080d00000|100%| O|  |TAMS 0x0000000080d00000, 0x0000000080d00000| Untracked 
|  13|0x0000000080d00000, 0x0000000080e00000, 0x0000000080e00000|100%| O|  |TAMS 0x0000000080e00000, 0x0000000080e00000| Untracked 
|  14|0x0000000080e00000, 0x0000000080f00000, 0x0000000080f00000|100%| O|  |TAMS 0x0000000080f00000, 0x0000000080f00000| Untracked 
|  15|0x0000000080f00000, 0x0000000081000000, 0x0000000081000000|100%| O|  |TAMS 0x0000000080f7d400, 0x0000000081000000| Untracked 
|  16|0x0000000081000000, 0x0000000081100000, 0x0000000081100000|100%|HS|  |TAMS 0x0000000081000000, 0x0000000081100000| Complete 
|  17|0x0000000081100000, 0x0000000081200000, 0x0000000081200000|100%|HC|  |TAMS 0x0000000081100000, 0x0000000081200000| Complete 
|  18|0x0000000081200000, 0x0000000081300000, 0x0000000081300000|100%|HS|  |TAMS 0x0000000081200000, 0x0000000081300000| Complete 
|  19|0x0000000081300000, 0x0000000081400000, 0x0000000081400000|100%|HC|  |TAMS 0x0000000081300000, 0x0000000081400000| Complete 
|  20|0x0000000081400000, 0x0000000081500000, 0x0000000081500000|100%|HC|  |TAMS 0x0000000081400000, 0x0000000081500000| Complete 
|  21|0x0000000081500000, 0x0000000081600000, 0x0000000081600000|100%|HS|  |TAMS 0x0000000081500000, 0x0000000081600000| Complete 
|  22|0x0000000081600000, 0x0000000081700000, 0x0000000081700000|100%|HS|  |TAMS 0x0000000081600000, 0x0000000081700000| Complete 
|  23|0x0000000081700000, 0x0000000081800000, 0x0000000081800000|100%|HC|  |TAMS 0x0000000081700000, 0x0000000081800000| Complete 
|  24|0x0000000081800000, 0x0000000081900000, 0x0000000081900000|100%|HC|  |TAMS 0x0000000081800000, 0x0000000081900000| Complete 
|  25|0x0000000081900000, 0x0000000081a00000, 0x0000000081a00000|100%|HC|  |TAMS 0x0000000081900000, 0x0000000081a00000| Complete 
|  26|0x0000000081a00000, 0x0000000081b00000, 0x0000000081b00000|100%| O|  |TAMS 0x0000000081a00000, 0x0000000081b00000| Untracked 
|  27|0x0000000081b00000, 0x0000000081c00000, 0x0000000081c00000|100%| O|  |TAMS 0x0000000081b00000, 0x0000000081c00000| Untracked 
|  28|0x0000000081c00000, 0x0000000081d00000, 0x0000000081d00000|100%| O|  |TAMS 0x0000000081c00000, 0x0000000081d00000| Untracked 
|  29|0x0000000081d00000, 0x0000000081e00000, 0x0000000081e00000|100%| O|  |TAMS 0x0000000081d00000, 0x0000000081e00000| Untracked 
|  30|0x0000000081e00000, 0x0000000081f00000, 0x0000000081f00000|100%| O|  |TAMS 0x0000000081e00000, 0x0000000081f00000| Untracked 
|  31|0x0000000081f00000, 0x0000000081f19ab0, 0x0000000082000000| 11%| O|  |TAMS 0x0000000081f00000, 0x0000000082000000| Untracked 
|  32|0x0000000082000000, 0x0000000082000000, 0x0000000082100000|  0%| F|  |TAMS 0x0000000082000000, 0x0000000082000000| Untracked 
|  33|0x0000000082100000, 0x0000000082100000, 0x0000000082200000|  0%| F|  |TAMS 0x0000000082100000, 0x0000000082100000| Untracked 
|  34|0x0000000082200000, 0x0000000082200000, 0x0000000082300000|  0%| F|  |TAMS 0x0000000082200000, 0x0000000082200000| Untracked 
|  35|0x0000000082300000, 0x0000000082300000, 0x0000000082400000|  0%| F|  |TAMS 0x0000000082300000, 0x0000000082300000| Untracked 
|  36|0x0000000082400000, 0x0000000082400000, 0x0000000082500000|  0%| F|  |TAMS 0x0000000082400000, 0x0000000082400000| Untracked 
|  37|0x0000000082500000, 0x0000000082500000, 0x0000000082600000|  0%| F|  |TAMS 0x0000000082500000, 0x0000000082500000| Untracked 
|  38|0x0000000082600000, 0x0000000082600000, 0x0000000082700000|  0%| F|  |TAMS 0x0000000082600000, 0x0000000082600000| Untracked 
|  39|0x0000000082700000, 0x0000000082700000, 0x0000000082800000|  0%| F|  |TAMS 0x0000000082700000, 0x0000000082700000| Untracked 
|  40|0x0000000082800000, 0x0000000082800000, 0x0000000082900000|  0%| F|  |TAMS 0x0000000082800000, 0x0000000082800000| Untracked 
|  41|0x0000000082900000, 0x0000000082900000, 0x0000000082a00000|  0%| F|  |TAMS 0x0000000082900000, 0x0000000082900000| Untracked 
|  42|0x0000000082a00000, 0x0000000082a00000, 0x0000000082b00000|  0%| F|  |TAMS 0x0000000082a00000, 0x0000000082a00000| Untracked 
|  43|0x0000000082b00000, 0x0000000082b00000, 0x0000000082c00000|  0%| F|  |TAMS 0x0000000082b00000, 0x0000000082b00000| Untracked 
|  44|0x0000000082c00000, 0x0000000082c00000, 0x0000000082d00000|  0%| F|  |TAMS 0x0000000082c00000, 0x0000000082c00000| Untracked 
|  45|0x0000000082d00000, 0x0000000082d00000, 0x0000000082e00000|  0%| F|  |TAMS 0x0000000082d00000, 0x0000000082d00000| Untracked 
|  46|0x0000000082e00000, 0x0000000082e00000, 0x0000000082f00000|  0%| F|  |TAMS 0x0000000082e00000, 0x0000000082e00000| Untracked 
|  47|0x0000000082f00000, 0x0000000082f00000, 0x0000000083000000|  0%| F|  |TAMS 0x0000000082f00000, 0x0000000082f00000| Untracked 
|  48|0x0000000083000000, 0x0000000083000000, 0x0000000083100000|  0%| F|  |TAMS 0x0000000083000000, 0x0000000083000000| Untracked 
|  49|0x0000000083100000, 0x0000000083100000, 0x0000000083200000|  0%| F|  |TAMS 0x0000000083100000, 0x0000000083100000| Untracked 
|  50|0x0000000083200000, 0x0000000083200000, 0x0000000083300000|  0%| F|  |TAMS 0x0000000083200000, 0x0000000083200000| Untracked 
|  51|0x0000000083300000, 0x0000000083300000, 0x0000000083400000|  0%| F|  |TAMS 0x0000000083300000, 0x0000000083300000| Untracked 
|  52|0x0000000083400000, 0x0000000083400000, 0x0000000083500000|  0%| F|  |TAMS 0x0000000083400000, 0x0000000083400000| Untracked 
|  53|0x0000000083500000, 0x0000000083500000, 0x0000000083600000|  0%| F|  |TAMS 0x0000000083500000, 0x0000000083500000| Untracked 
|  54|0x0000000083600000, 0x0000000083600000, 0x0000000083700000|  0%| F|  |TAMS 0x0000000083600000, 0x0000000083600000| Untracked 
|  55|0x0000000083700000, 0x0000000083700000, 0x0000000083800000|  0%| F|  |TAMS 0x0000000083700000, 0x0000000083700000| Untracked 
|  56|0x0000000083800000, 0x0000000083800000, 0x0000000083900000|  0%| F|  |TAMS 0x0000000083800000, 0x0000000083800000| Untracked 
|  57|0x0000000083900000, 0x0000000083a00000, 0x0000000083a00000|100%| E|CS|TAMS 0x0000000083900000, 0x0000000083a00000| Complete 
|  58|0x0000000083a00000, 0x0000000083b00000, 0x0000000083b00000|100%| E|CS|TAMS 0x0000000083a00000, 0x0000000083b00000| Complete 
|  59|0x0000000083b00000, 0x0000000083c00000, 0x0000000083c00000|100%| E|CS|TAMS 0x0000000083b00000, 0x0000000083c00000| Complete 
|  60|0x0000000083c00000, 0x0000000083d00000, 0x0000000083d00000|100%| E|CS|TAMS 0x0000000083c00000, 0x0000000083d00000| Complete 
|  61|0x0000000083d00000, 0x0000000083e00000, 0x0000000083e00000|100%| E|CS|TAMS 0x0000000083d00000, 0x0000000083e00000| Complete 
|  62|0x0000000083e00000, 0x0000000083f00000, 0x0000000083f00000|100%| E|CS|TAMS 0x0000000083e00000, 0x0000000083f00000| Complete 
|  63|0x0000000083f00000, 0x0000000084000000, 0x0000000084000000|100%| E|CS|TAMS 0x0000000083f00000, 0x0000000084000000| Complete 
|  64|0x0000000084000000, 0x0000000084100000, 0x0000000084100000|100%| E|CS|TAMS 0x0000000084000000, 0x0000000084100000| Complete 
|  65|0x0000000084100000, 0x0000000084100000, 0x0000000084200000|  0%| F|  |TAMS 0x0000000084100000, 0x0000000084100000| Untracked 
|  66|0x0000000084200000, 0x0000000084200000, 0x0000000084300000|  0%| F|  |TAMS 0x0000000084200000, 0x0000000084200000| Untracked 
|  67|0x0000000084300000, 0x0000000084300000, 0x0000000084400000|  0%| F|  |TAMS 0x0000000084300000, 0x0000000084300000| Untracked 
|  68|0x0000000084400000, 0x0000000084400000, 0x0000000084500000|  0%| F|  |TAMS 0x0000000084400000, 0x0000000084400000| Untracked 
|  69|0x0000000084500000, 0x0000000084500000, 0x0000000084600000|  0%| F|  |TAMS 0x0000000084500000, 0x0000000084500000| Untracked 
|  70|0x0000000084600000, 0x0000000084600000, 0x0000000084700000|  0%| F|  |TAMS 0x0000000084600000, 0x0000000084600000| Untracked 
|  71|0x0000000084700000, 0x0000000084700000, 0x0000000084800000|  0%| F|  |TAMS 0x0000000084700000, 0x0000000084700000| Untracked 
|  72|0x0000000084800000, 0x0000000084800000, 0x0000000084900000|  0%| F|  |TAMS 0x0000000084800000, 0x0000000084800000| Untracked 
|  73|0x0000000084900000, 0x0000000084900000, 0x0000000084a00000|  0%| F|  |TAMS 0x0000000084900000, 0x0000000084900000| Untracked 
|  74|0x0000000084a00000, 0x0000000084a00000, 0x0000000084b00000|  0%| F|  |TAMS 0x0000000084a00000, 0x0000000084a00000| Untracked 
|  75|0x0000000084b00000, 0x0000000084b00000, 0x0000000084c00000|  0%| F|  |TAMS 0x0000000084b00000, 0x0000000084b00000| Untracked 
|  76|0x0000000084c00000, 0x0000000084c00000, 0x0000000084d00000|  0%| F|  |TAMS 0x0000000084c00000, 0x0000000084c00000| Untracked 
|  77|0x0000000084d00000, 0x0000000084d00000, 0x0000000084e00000|  0%| F|  |TAMS 0x0000000084d00000, 0x0000000084d00000| Untracked 
|  78|0x0000000084e00000, 0x0000000084e00000, 0x0000000084f00000|  0%| F|  |TAMS 0x0000000084e00000, 0x0000000084e00000| Untracked 
|  79|0x0000000084f00000, 0x0000000084f00000, 0x0000000085000000|  0%| F|  |TAMS 0x0000000084f00000, 0x0000000084f00000| Untracked 
|  80|0x0000000085000000, 0x0000000085000000, 0x0000000085100000|  0%| F|  |TAMS 0x0000000085000000, 0x0000000085000000| Untracked 
|  81|0x0000000085100000, 0x0000000085100000, 0x0000000085200000|  0%| F|  |TAMS 0x0000000085100000, 0x0000000085100000| Untracked 
|  82|0x0000000085200000, 0x0000000085200000, 0x0000000085300000|  0%| F|  |TAMS 0x0000000085200000, 0x0000000085200000| Untracked 
|  83|0x0000000085300000, 0x0000000085300000, 0x0000000085400000|  0%| F|  |TAMS 0x0000000085300000, 0x0000000085300000| Untracked 
|  84|0x0000000085400000, 0x0000000085400000, 0x0000000085500000|  0%| F|  |TAMS 0x0000000085400000, 0x0000000085400000| Untracked 
|  85|0x0000000085500000, 0x0000000085500000, 0x0000000085600000|  0%| F|  |TAMS 0x0000000085500000, 0x0000000085500000| Untracked 
|  86|0x0000000085600000, 0x0000000085600000, 0x0000000085700000|  0%| F|  |TAMS 0x0000000085600000, 0x0000000085600000| Untracked 
|  87|0x0000000085700000, 0x0000000085700000, 0x0000000085800000|  0%| F|  |TAMS 0x0000000085700000, 0x0000000085700000| Untracked 
|  88|0x0000000085800000, 0x0000000085800000, 0x0000000085900000|  0%| F|  |TAMS 0x0000000085800000, 0x0000000085800000| Untracked 
|  89|0x0000000085900000, 0x0000000085900000, 0x0000000085a00000|  0%| F|  |TAMS 0x0000000085900000, 0x0000000085900000| Untracked 
|  90|0x0000000085a00000, 0x0000000085a00000, 0x0000000085b00000|  0%| F|  |TAMS 0x0000000085a00000, 0x0000000085a00000| Untracked 
|  91|0x0000000085b00000, 0x0000000085b00000, 0x0000000085c00000|  0%| F|  |TAMS 0x0000000085b00000, 0x0000000085b00000| Untracked 
|  92|0x0000000085c00000, 0x0000000085c00000, 0x0000000085d00000|  0%| F|  |TAMS 0x0000000085c00000, 0x0000000085c00000| Untracked 
|  93|0x0000000085d00000, 0x0000000085d00000, 0x0000000085e00000|  0%| F|  |TAMS 0x0000000085d00000, 0x0000000085d00000| Untracked 
|  94|0x0000000085e00000, 0x0000000085eeaa10, 0x0000000085f00000| 91%| S|CS|TAMS 0x0000000085e00000, 0x0000000085e00000| Complete 
|  95|0x0000000085f00000, 0x0000000086000000, 0x0000000086000000|100%| S|CS|TAMS 0x0000000085f00000, 0x0000000085f00000| Complete 
|  96|0x0000000086000000, 0x0000000086000000, 0x0000000086100000|  0%| F|  |TAMS 0x0000000086000000, 0x0000000086000000| Untracked 
|  97|0x0000000086100000, 0x0000000086100000, 0x0000000086200000|  0%| F|  |TAMS 0x0000000086100000, 0x0000000086100000| Untracked 
|  98|0x0000000086200000, 0x0000000086200000, 0x0000000086300000|  0%| F|  |TAMS 0x0000000086200000, 0x0000000086200000| Untracked 
|  99|0x0000000086300000, 0x0000000086300000, 0x0000000086400000|  0%| F|  |TAMS 0x0000000086300000, 0x0000000086300000| Untracked 
| 100|0x0000000086400000, 0x0000000086400000, 0x0000000086500000|  0%| F|  |TAMS 0x0000000086400000, 0x0000000086400000| Untracked 
| 101|0x0000000086500000, 0x0000000086500000, 0x0000000086600000|  0%| F|  |TAMS 0x0000000086500000, 0x0000000086500000| Untracked 
| 102|0x0000000086600000, 0x0000000086600000, 0x0000000086700000|  0%| F|  |TAMS 0x0000000086600000, 0x0000000086600000| Untracked 
| 103|0x0000000086700000, 0x0000000086700000, 0x0000000086800000|  0%| F|  |TAMS 0x0000000086700000, 0x0000000086700000| Untracked 
| 104|0x0000000086800000, 0x0000000086800000, 0x0000000086900000|  0%| F|  |TAMS 0x0000000086800000, 0x0000000086800000| Untracked 
| 105|0x0000000086900000, 0x0000000086900000, 0x0000000086a00000|  0%| F|  |TAMS 0x0000000086900000, 0x0000000086900000| Untracked 
| 106|0x0000000086a00000, 0x0000000086a00000, 0x0000000086b00000|  0%| F|  |TAMS 0x0000000086a00000, 0x0000000086a00000| Untracked 
| 107|0x0000000086b00000, 0x0000000086b00000, 0x0000000086c00000|  0%| F|  |TAMS 0x0000000086b00000, 0x0000000086b00000| Untracked 
| 108|0x0000000086c00000, 0x0000000086c00000, 0x0000000086d00000|  0%| F|  |TAMS 0x0000000086c00000, 0x0000000086c00000| Untracked 
| 109|0x0000000086d00000, 0x0000000086d00000, 0x0000000086e00000|  0%| F|  |TAMS 0x0000000086d00000, 0x0000000086d00000| Untracked 
| 110|0x0000000086e00000, 0x0000000086e00000, 0x0000000086f00000|  0%| F|  |TAMS 0x0000000086e00000, 0x0000000086e00000| Untracked 
| 111|0x0000000086f00000, 0x0000000086f00000, 0x0000000087000000|  0%| F|  |TAMS 0x0000000086f00000, 0x0000000086f00000| Untracked 
| 112|0x0000000087000000, 0x0000000087000000, 0x0000000087100000|  0%| F|  |TAMS 0x0000000087000000, 0x0000000087000000| Untracked 
| 113|0x0000000087100000, 0x0000000087100000, 0x0000000087200000|  0%| F|  |TAMS 0x0000000087100000, 0x0000000087100000| Untracked 
| 114|0x0000000087200000, 0x0000000087200000, 0x0000000087300000|  0%| F|  |TAMS 0x0000000087200000, 0x0000000087200000| Untracked 
| 115|0x0000000087300000, 0x0000000087300000, 0x0000000087400000|  0%| F|  |TAMS 0x0000000087300000, 0x0000000087300000| Untracked 
| 116|0x0000000087400000, 0x0000000087400000, 0x0000000087500000|  0%| F|  |TAMS 0x0000000087400000, 0x0000000087400000| Untracked 
| 117|0x0000000087500000, 0x0000000087500000, 0x0000000087600000|  0%| F|  |TAMS 0x0000000087500000, 0x0000000087500000| Untracked 
| 118|0x0000000087600000, 0x0000000087600000, 0x0000000087700000|  0%| F|  |TAMS 0x0000000087600000, 0x0000000087600000| Untracked 
| 119|0x0000000087700000, 0x0000000087700000, 0x0000000087800000|  0%| F|  |TAMS 0x0000000087700000, 0x0000000087700000| Untracked 
| 120|0x0000000087800000, 0x0000000087800000, 0x0000000087900000|  0%| F|  |TAMS 0x0000000087800000, 0x0000000087800000| Untracked 
| 121|0x0000000087900000, 0x0000000087900000, 0x0000000087a00000|  0%| F|  |TAMS 0x0000000087900000, 0x0000000087900000| Untracked 
| 122|0x0000000087a00000, 0x0000000087a00000, 0x0000000087b00000|  0%| F|  |TAMS 0x0000000087a00000, 0x0000000087a00000| Untracked 
| 123|0x0000000087b00000, 0x0000000087b80000, 0x0000000087c00000| 50%| E|  |TAMS 0x0000000087b00000, 0x0000000087b00000| Complete 

Card table byte_map: [0x00000276485d0000,0x00000276489d0000] _byte_map_base: 0x00000276481d0000

Marking Bits (Prev, Next): (CMBitMap*) 0x00000276353d2d60, (CMBitMap*) 0x00000276353d2d28
 Prev Bits: [0x000002764add0000, 0x000002764cdd0000)
 Next Bits: [0x0000027648dd0000, 0x000002764add0000)

Polling page: 0x00000276332d0000

Metaspace:

Usage:
  Non-class:     30.03 MB capacity,    29.36 MB ( 98%) used,   591.78 KB (  2%) free+waste,    85.06 KB ( <1%) overhead. 
      Class:      4.88 MB capacity,     4.54 MB ( 93%) used,   304.13 KB (  6%) free+waste,    42.31 KB ( <1%) overhead. 
       Both:     34.90 MB capacity,    33.90 MB ( 97%) used,   895.91 KB (  3%) free+waste,   127.38 KB ( <1%) overhead. 

Virtual space:
  Non-class space:       32.00 MB reserved,      30.13 MB ( 94%) committed 
      Class space:        1.00 GB reserved,       5.00 MB ( <1%) committed 
             Both:        1.03 GB reserved,      35.13 MB (  3%) committed 

Chunk freelists:
   Non-Class:  38.00 KB
       Class:  31.00 KB
        Both:  69.00 KB

MaxMetaspaceSize: 17179869184.00 GB
CompressedClassSpaceSize: 1.00 GB
Initial GC threshold: 20.80 MB
Current GC threshold: 35.32 MB
CDS: off

CodeHeap 'non-profiled nmethods': size=120000Kb used=1573Kb max_used=1573Kb free=118426Kb
 bounds [0x0000027640970000, 0x0000027640be0000, 0x0000027647ea0000]
CodeHeap 'profiled nmethods': size=120000Kb used=6254Kb max_used=6254Kb free=113745Kb
 bounds [0x0000027639440000, 0x0000027639a60000, 0x0000027640970000]
CodeHeap 'non-nmethods': size=5760Kb used=1254Kb max_used=1287Kb free=4505Kb
 bounds [0x0000027638ea0000, 0x0000027639110000, 0x0000027639440000]
 total_blobs=3464 nmethods=2946 adapters=430
 compilation: enabled
              stopped_count=0, restarted_count=0
 full_count=0

Compilation events (20 events):
Event: 4.256 Thread 0x000002765009e800 nmethod 2902 0x0000027639a42b90 code [0x0000027639a42d80, 0x0000027639a43238]
Event: 4.256 Thread 0x000002765009e800 2903       3       org.codehaus.groovy.vmplugin.v9.Java9::isOpen (21 bytes)
Event: 4.257 Thread 0x000002765009e800 nmethod 2903 0x0000027639a43410 code [0x0000027639a43640, 0x0000027639a43d38]
Event: 4.257 Thread 0x000002765009e800 2904       3       org.codehaus.groovy.vmplugin.v9.Java9$$Lambda$339/0x00000001004cec40::get$Lambda (9 bytes)
Event: 4.257 Thread 0x000002765009e800 nmethod 2904 0x0000027639a43f90 code [0x0000027639a44160, 0x0000027639a443b8]
Event: 4.259 Thread 0x000002765009e800 2906       1       java.lang.module.ModuleDescriptor$Opens::source (5 bytes)
Event: 4.259 Thread 0x000002765009e800 nmethod 2906 0x0000027640af7b10 code [0x0000027640af7cc0, 0x0000027640af7d78]
Event: 4.262 Thread 0x000002765009e800 2910       3       org.codehaus.groovy.vmplugin.v9.Java9::isExported (21 bytes)
Event: 4.262 Thread 0x000002765009e800 nmethod 2910 0x0000027639a44490 code [0x0000027639a446c0, 0x0000027639a44db8]
Event: 4.262 Thread 0x000002765009e800 2911       3       org.codehaus.groovy.vmplugin.v9.Java9$$Lambda$340/0x00000001004ce040::get$Lambda (9 bytes)
Event: 4.262 Thread 0x000002765009e800 nmethod 2911 0x0000027639a45010 code [0x0000027639a451e0, 0x0000027639a45438]
Event: 4.262 Thread 0x000002765009e800 2912       3       org.codehaus.groovy.vmplugin.v9.Java9$$Lambda$340/0x00000001004ce040::<init> (10 bytes)
Event: 4.262 Thread 0x000002765009e800 nmethod 2912 0x0000027639a45510 code [0x0000027639a456c0, 0x0000027639a45878]
Event: 4.278 Thread 0x000002765009e800 2913       3       java.lang.invoke.BoundMethodHandle::rebind (14 bytes)
Event: 4.279 Thread 0x000002765009e800 nmethod 2913 0x0000027639a45910 code [0x0000027639a45b60, 0x0000027639a464a8]
Event: 4.279 Thread 0x000002765009e800 2914       3       java.lang.invoke.BoundMethodHandle::tooComplex (27 bytes)
Event: 4.279 Thread 0x000002765009e800 nmethod 2914 0x0000027639a46810 code [0x0000027639a46a00, 0x0000027639a46e58]
Event: 4.280 Thread 0x000002765009e800 2915       3       java.util.stream.ReferencePipeline$3$1::accept (23 bytes)
Event: 4.280 Thread 0x000002765009e800 nmethod 2915 0x0000027639a47010 code [0x0000027639a471e0, 0x0000027639a47478]
Event: 4.280 Thread 0x000002765009e800 2916       3       java.util.stream.ForEachOps$ForEachOp$OfRef::accept (11 bytes)

GC Heap History (10 events):
Event: 0.569 GC heap before
{Heap before GC invocations=0 (full 0):
 garbage-first heap   total 126976K, used 29696K [0x0000000080000000, 0x0000000100000000)
  region size 1024K, 24 young (24576K), 0 survivors (0K)
 Metaspace       used 10162K, capacity 10403K, committed 10624K, reserved 1058816K
  class space    used 1063K, capacity 1106K, committed 1152K, reserved 1048576K
}
Event: 0.574 GC heap after
{Heap after GC invocations=1 (full 0):
 garbage-first heap   total 126976K, used 9845K [0x0000000080000000, 0x0000000100000000)
  region size 1024K, 3 young (3072K), 3 survivors (3072K)
 Metaspace       used 10162K, capacity 10403K, committed 10624K, reserved 1058816K
  class space    used 1063K, capacity 1106K, committed 1152K, reserved 1048576K
}
Event: 2.700 GC heap before
{Heap before GC invocations=1 (full 0):
 garbage-first heap   total 126976K, used 83573K [0x0000000080000000, 0x0000000100000000)
  region size 1024K, 74 young (75776K), 3 survivors (3072K)
 Metaspace       used 17873K, capacity 18322K, committed 18432K, reserved 1064960K
  class space    used 2110K, capacity 2228K, committed 2304K, reserved 1048576K
}
Event: 2.706 GC heap after
{Heap after GC invocations=2 (full 0):
 garbage-first heap   total 126976K, used 15891K [0x0000000080000000, 0x0000000100000000)
  region size 1024K, 9 young (9216K), 9 survivors (9216K)
 Metaspace       used 17873K, capacity 18322K, committed 18432K, reserved 1064960K
  class space    used 2110K, capacity 2228K, committed 2304K, reserved 1048576K
}
Event: 2.935 GC heap before
{Heap before GC invocations=2 (full 0):
 garbage-first heap   total 126976K, used 43539K [0x0000000080000000, 0x0000000100000000)
  region size 1024K, 37 young (37888K), 9 survivors (9216K)
 Metaspace       used 20620K, capacity 21099K, committed 21248K, reserved 1067008K
  class space    used 2537K, capacity 2728K, committed 2816K, reserved 1048576K
}
Event: 2.941 GC heap after
{Heap after GC invocations=3 (full 0):
 garbage-first heap   total 126976K, used 17053K [0x0000000080000000, 0x0000000100000000)
  region size 1024K, 2 young (2048K), 2 survivors (2048K)
 Metaspace       used 20620K, capacity 21099K, committed 21248K, reserved 1067008K
  class space    used 2537K, capacity 2728K, committed 2816K, reserved 1048576K
}
Event: 3.364 GC heap before
{Heap before GC invocations=4 (full 0):
 garbage-first heap   total 126976K, used 67229K [0x0000000080000000, 0x0000000100000000)
  region size 1024K, 51 young (52224K), 2 survivors (2048K)
 Metaspace       used 25803K, capacity 26386K, committed 26624K, reserved 1073152K
  class space    used 3324K, capacity 3538K, committed 3584K, reserved 1048576K
}
Event: 3.367 GC heap after
{Heap after GC invocations=5 (full 0):
 garbage-first heap   total 126976K, used 18688K [0x0000000080000000, 0x0000000100000000)
  region size 1024K, 3 young (3072K), 3 survivors (3072K)
 Metaspace       used 25803K, capacity 26386K, committed 26624K, reserved 1073152K
  class space    used 3324K, capacity 3538K, committed 3584K, reserved 1048576K
}
Event: 3.951 GC heap before
{Heap before GC invocations=5 (full 0):
 garbage-first heap   total 126976K, used 86272K [0x0000000080000000, 0x0000000100000000)
  region size 1024K, 59 young (60416K), 3 survivors (3072K)
 Metaspace       used 30749K, capacity 31651K, committed 31872K, reserved 1077248K
  class space    used 4105K, capacity 4398K, committed 4480K, reserved 1048576K
}
Event: 3.954 GC heap after
{Heap after GC invocations=6 (full 0):
 garbage-first heap   total 126976K, used 34673K [0x0000000080000000, 0x0000000100000000)
  region size 1024K, 8 young (8192K), 8 survivors (8192K)
 Metaspace       used 30749K, capacity 31651K, committed 31872K, reserved 1077248K
  class space    used 4105K, capacity 4398K, committed 4480K, reserved 1048576K
}

Deoptimization events (20 events):
Event: 4.144 Thread 0x00000276519b4000 Uncommon trap: trap_request=0xffffff4d fr.pc=0x0000027640ad0cf4 relative=0x0000000000000714
Event: 4.145 Thread 0x00000276519b4000 Uncommon trap: reason=unstable_if action=reinterpret pc=0x0000027640ad0cf4 method=java.lang.Class.getPackageName()Ljava/lang/String; @ 55 c2
Event: 4.145 Thread 0x00000276519b4000 DEOPT PACKING pc=0x0000027640ad0cf4 sp=0x00000093f26f8770
Event: 4.145 Thread 0x00000276519b4000 DEOPT UNPACKING pc=0x0000027638ea85af sp=0x00000093f26f8730 mode 2
Event: 4.190 Thread 0x00000276519b4000 Uncommon trap: trap_request=0xffffffc6 fr.pc=0x0000027640aab870 relative=0x00000000000009f0
Event: 4.191 Thread 0x00000276519b4000 Uncommon trap: reason=bimorphic_or_optimized_type_check action=maybe_recompile pc=0x0000027640aab870 method=java.io.BufferedInputStream.read([BII)I @ 101 c2
Event: 4.191 Thread 0x00000276519b4000 DEOPT PACKING pc=0x0000027640aab870 sp=0x00000093f26f7e50
Event: 4.191 Thread 0x00000276519b4000 DEOPT UNPACKING pc=0x0000027638ea85af sp=0x00000093f26f7e08 mode 2
Event: 4.191 Thread 0x00000276519b4000 Uncommon trap: trap_request=0xffffffc6 fr.pc=0x0000027640aab870 relative=0x00000000000009f0
Event: 4.191 Thread 0x00000276519b4000 Uncommon trap: reason=bimorphic_or_optimized_type_check action=maybe_recompile pc=0x0000027640aab870 method=java.io.BufferedInputStream.read([BII)I @ 101 c2
Event: 4.191 Thread 0x00000276519b4000 DEOPT PACKING pc=0x0000027640aab870 sp=0x00000093f26f7e50
Event: 4.191 Thread 0x00000276519b4000 DEOPT UNPACKING pc=0x0000027638ea85af sp=0x00000093f26f7e08 mode 2
Event: 4.191 Thread 0x00000276519b4000 Uncommon trap: trap_request=0xffffffc6 fr.pc=0x0000027640aab870 relative=0x00000000000009f0
Event: 4.191 Thread 0x00000276519b4000 Uncommon trap: reason=bimorphic_or_optimized_type_check action=maybe_recompile pc=0x0000027640aab870 method=java.io.BufferedInputStream.read([BII)I @ 101 c2
Event: 4.191 Thread 0x00000276519b4000 DEOPT PACKING pc=0x0000027640aab870 sp=0x00000093f26f7e50
Event: 4.191 Thread 0x00000276519b4000 DEOPT UNPACKING pc=0x0000027638ea85af sp=0x00000093f26f7e08 mode 2
Event: 4.192 Thread 0x00000276519b4000 Uncommon trap: trap_request=0xffffffc6 fr.pc=0x0000027640aab870 relative=0x00000000000009f0
Event: 4.192 Thread 0x00000276519b4000 Uncommon trap: reason=bimorphic_or_optimized_type_check action=maybe_recompile pc=0x0000027640aab870 method=java.io.BufferedInputStream.read([BII)I @ 101 c2
Event: 4.192 Thread 0x00000276519b4000 DEOPT PACKING pc=0x0000027640aab870 sp=0x00000093f26f7e50
Event: 4.192 Thread 0x00000276519b4000 DEOPT UNPACKING pc=0x0000027638ea85af sp=0x00000093f26f7e08 mode 2

Classes redefined (0 events):
No events

Internal exceptions (20 events):
Event: 3.680 Thread 0x00000276519b4000 Exception <a 'java/lang/NoSuchMethodError'{0x0000000086717650}: <clinit>> (0x0000000086717650) thrown at [./src/hotspot/share/prims/jni.cpp, line 1365]
Event: 3.680 Thread 0x00000276519b4000 Exception <a 'java/lang/NoSuchMethodError'{0x0000000086718ce8}: <clinit>> (0x0000000086718ce8) thrown at [./src/hotspot/share/prims/jni.cpp, line 1365]
Event: 3.680 Thread 0x00000276519b4000 Exception <a 'java/lang/NoSuchMethodError'{0x000000008671a220}: <clinit>> (0x000000008671a220) thrown at [./src/hotspot/share/prims/jni.cpp, line 1365]
Event: 3.799 Thread 0x00000276519b4000 Exception <a 'java/lang/NoSuchMethodError'{0x0000000085642288}: 'java.lang.Object java.lang.invoke.DirectMethodHandle$Holder.invokeSpecialIFC(java.lang.Object, java.lang.Object, java.lang.Object, java.lang.Object)'> (0x0000000085642288) thrown at [./src/hotspot/share/interpreter/linkResolver.cpp, line 773]
Event: 3.806 Thread 0x00000276519b4000 Exception <a 'java/lang/NoSuchMethodError'{0x000000008552be60}: 'java.lang.Object java.lang.invoke.DirectMethodHandle$Holder.invokeSpecial(java.lang.Object, java.lang.Object, java.lang.Object, java.lang.Object, java.lang.Object, java.lang.Object, java.lang.Object, java.lang.Object, java.lang.Object, java.lang.Object, java.lang.Object, java.lang.Object, java.lang.Object)'> (0x000000008552be60) thrown at [./src/hotspot/share/interpreter/linkResolver.cpp, line 773]
Event: 3.806 Thread 0x00000276519b4000 Exception <a 'java/lang/NoSuchMethodError'{0x000000008553cf68}: 'java.lang.Object java.lang.invoke.DirectMethodHandle$Holder.invokeSpecial(java.lang.Object, java.lang.Object, java.lang.Object, java.lang.Object, java.lang.Object, java.lang.Object, java.lang.Object, java.lang.Object, java.lang.Object, java.lang.Object, java.lang.Object, java.lang.Object)'> (0x000000008553cf68) thrown at [./src/hotspot/share/interpreter/linkResolver.cpp, line 773]
Event: 3.807 Thread 0x00000276519b4000 Exception <a 'java/lang/NoSuchMethodError'{0x0000000085542338}: 'java.lang.Object java.lang.invoke.Invokers$Holder.linkToTargetMethod(java.lang.Object, java.lang.Object, java.lang.Object, java.lang.Object, java.lang.Object, java.lang.Object, java.lang.Object, java.lang.Object, java.lang.Object, java.lang.Object, java.lang.Object)'> (0x0000000085542338) thrown at [./src/hotspot/share/interpreter/linkResolver.cpp, line 773]
Event: 3.815 Thread 0x00000276519b4000 Exception <a 'java/lang/NoSuchMethodError'{0x00000000854968a0}: 'java.lang.Object java.lang.invoke.DirectMethodHandle$Holder.invokeSpecial(java.lang.Object, java.lang.Object, java.lang.Object, java.lang.Object, java.lang.Object, java.lang.Object, java.lang.Object, java.lang.Object, java.lang.Object, java.lang.Object, java.lang.Object, java.lang.Object, java.lang.Object, java.lang.Object)'> (0x00000000854968a0) thrown at [./src/hotspot/share/interpreter/linkResolver.cpp, line 773]
Event: 3.816 Thread 0x00000276519b4000 Exception <a 'java/lang/NoSuchMethodError'{0x00000000854a81c0}: 'java.lang.Object java.lang.invoke.Invokers$Holder.linkToTargetMethod(java.lang.Object, java.lang.Object, java.lang.Object, java.lang.Object, java.lang.Object, java.lang.Object, java.lang.Object, java.lang.Object, java.lang.Object, java.lang.Object, java.lang.Object, java.lang.Object)'> (0x00000000854a81c0) thrown at [./src/hotspot/share/interpreter/linkResolver.cpp, line 773]
Event: 3.822 Thread 0x00000276519b4000 Exception <a 'java/lang/NoSuchMethodError'{0x000000008539b958}: 'java.lang.Object java.lang.invoke.DirectMethodHandle$Holder.invokeStaticInit(java.lang.Object, java.lang.Object, java.lang.Object, java.lang.Object)'> (0x000000008539b958) thrown at [./src/hotspot/share/interpreter/linkResolver.cpp, line 773]
Event: 3.876 Thread 0x00000276519b4000 Implicit null exception at 0x0000027640a5fd75 to 0x0000027640a5ff3c
Event: 3.876 Thread 0x00000276519b4000 Implicit null exception at 0x0000027640a6722f to 0x0000027640a6729d
Event: 3.972 Thread 0x00000276519b4000 Exception <a 'java/lang/NoSuchMethodError'{0x000000008797f288}: 'java.lang.Object java.lang.invoke.Invokers$Holder.linkToTargetMethod(java.lang.Object, java.lang.Object, java.lang.Object, java.lang.Object, java.lang.Object, java.lang.Object, java.lang.Object, java.lang.Object)'> (0x000000008797f288) thrown at [./src/hotspot/share/interpreter/linkResolver.cpp, line 773]
Event: 3.974 Thread 0x00000276519b4000 Exception <a 'java/lang/NoSuchMethodError'{0x00000000879cd610}: 'java.lang.Object java.lang.invoke.Invokers$Holder.linkToTargetMethod(java.lang.Object, java.lang.Object, java.lang.Object, java.lang.Object, java.lang.Object, java.lang.Object, java.lang.Object)'> (0x00000000879cd610) thrown at [./src/hotspot/share/interpreter/linkResolver.cpp, line 773]
Event: 3.976 Thread 0x00000276519b4000 Exception <a 'java/lang/IncompatibleClassChangeError'{0x000000008780dc38}: Found class java.lang.Object, but interface was expected> (0x000000008780dc38) thrown at [./src/hotspot/share/interpreter/linkResolver.cpp, line 839]
Event: 4.118 Thread 0x00000276519b4000 Exception <a 'java/lang/NoSuchMethodError'{0x0000000086957b30}: 'int java.lang.invoke.DirectMethodHandle$Holder.invokeStatic(java.lang.Object, java.lang.Object, java.lang.Object, java.lang.Object, java.lang.Object)'> (0x0000000086957b30) thrown at [./src/hotspot/share/interpreter/linkResolver.cpp, line 773]
Event: 4.159 Thread 0x00000276519b4000 Exception <a 'java/lang/NoSuchMethodError'{0x000000008677bb38}: 'void java.lang.invoke.DirectMethodHandle$Holder.invokeStaticInit(java.lang.Object, java.lang.Object, java.lang.Object, java.lang.Object)'> (0x000000008677bb38) thrown at [./src/hotspot/share/interpreter/linkResolver.cpp, line 773]
Event: 4.241 Thread 0x00000276519b4000 Exception <a 'java/lang/NoSuchMethodError'{0x00000000863e1768}: 'void java.lang.invoke.DirectMethodHandle$Holder.invokeStaticInit(java.lang.Object, java.lang.Object, java.lang.Object)'> (0x00000000863e1768) thrown at [./src/hotspot/share/interpreter/linkResolver.cpp, line 773]
Event: 4.244 Thread 0x00000276519b4000 Exception <a 'java/lang/NoSuchMethodError'{0x0000000086207808}: 'void java.lang.invoke.DirectMethodHandle$Holder.invokeStaticInit(java.lang.Object, java.lang.Object, java.lang.Object, java.lang.Object, java.lang.Object)'> (0x0000000086207808) thrown at [./src/hotspot/share/interpreter/linkResolver.cpp, line 773]
Event: 4.278 Thread 0x00000276519b4000 Exception <a 'java/lang/NoSuchMethodError'{0x000000008627f928}: 'int java.lang.invoke.DirectMethodHandle$Holder.invokeStaticInit(java.lang.Object, java.lang.Object, java.lang.Object, java.lang.Object)'> (0x000000008627f928) thrown at [./src/hotspot/share/interpreter/linkResolver.cpp, line 773]

Events (20 events):
Event: 4.231 loading class org/codehaus/groovy/ast/stmt/Statement
Event: 4.231 loading class org/codehaus/groovy/ast/stmt/Statement done
Event: 4.232 loading class org/codehaus/groovy/ast/stmt/ReturnStatement
Event: 4.232 loading class org/codehaus/groovy/ast/stmt/ReturnStatement done
Event: 4.232 loading class java/lang/IllegalCallerException
Event: 4.233 loading class java/lang/IllegalCallerException done
Event: 4.233 loading class org/codehaus/groovy/vmplugin/v8/PluginDefaultGroovyMethods
Event: 4.233 loading class org/codehaus/groovy/vmplugin/v8/PluginDefaultGroovyMethods done
Event: 4.234 loading class org/codehaus/groovy/runtime/DefaultGroovyMethodsSupport
Event: 4.234 loading class org/codehaus/groovy/runtime/DefaultGroovyMethodsSupport done
Event: 4.235 loading class jdk/internal/module/SystemModules$all
Event: 4.237 loading class jdk/internal/module/SystemModules$all done
Event: 4.240 loading class java/util/Spliterators$IteratorSpliterator
Event: 4.240 loading class java/util/Spliterators$IteratorSpliterator done
Event: 4.275 loading class groovy/lang/Tuple
Event: 4.275 loading class groovy/lang/Tuple done
Event: 4.276 loading class groovy/lang/Tuple2
Event: 4.276 loading class groovy/lang/Tuple2 done
Event: 4.277 loading class org/codehaus/groovy/reflection/ReflectionUtils$ClassContextHelper
Event: 4.277 loading class org/codehaus/groovy/reflection/ReflectionUtils$ClassContextHelper done


Dynamic libraries:
0x00007ff6c17b0000 - 0x00007ff6c17ba000 	C:\Program Files\Android\Android Studio\jre\bin\java.exe
0x00007fff1db70000 - 0x00007fff1dd65000 	C:\WINDOWS\SYSTEM32\ntdll.dll
0x00007fff1d4d0000 - 0x00007fff1d58d000 	C:\WINDOWS\System32\KERNEL32.DLL
0x00007fff1b300000 - 0x00007fff1b5cd000 	C:\WINDOWS\System32\KERNELBASE.dll
0x00007fff1b5d0000 - 0x00007fff1b6d0000 	C:\WINDOWS\System32\ucrtbase.dll
0x00007fff05640000 - 0x00007fff05659000 	C:\Program Files\Android\Android Studio\jre\bin\jli.dll
0x00007fff05620000 - 0x00007fff05637000 	C:\Program Files\Android\Android Studio\jre\bin\VCRUNTIME140.dll
0x00007fff1c740000 - 0x00007fff1c8e0000 	C:\WINDOWS\System32\USER32.dll
0x00007fff1b740000 - 0x00007fff1b762000 	C:\WINDOWS\System32\win32u.dll
0x00007fff1d950000 - 0x00007fff1d97a000 	C:\WINDOWS\System32\GDI32.dll
0x00007fff1b8c0000 - 0x00007fff1b9cb000 	C:\WINDOWS\System32\gdi32full.dll
0x00007fff1b820000 - 0x00007fff1b8bd000 	C:\WINDOWS\System32\msvcp_win.dll
0x00007ffeeec00000 - 0x00007ffeeee9a000 	C:\WINDOWS\WinSxS\amd64_microsoft.windows.common-controls_6595b64144ccf1df_6.0.19041.1110_none_60b5254171f9507e\COMCTL32.dll
0x00007fff1cd60000 - 0x00007fff1cdfe000 	C:\WINDOWS\System32\msvcrt.dll
0x00007fff1cf40000 - 0x00007fff1cf70000 	C:\WINDOWS\System32\IMM32.DLL
0x00007ffede140000 - 0x00007ffede1dd000 	C:\Program Files\Android\Android Studio\jre\bin\msvcp140.dll
0x00007ffeb4420000 - 0x00007ffeb4f05000 	C:\Program Files\Android\Android Studio\jre\bin\server\jvm.dll
0x00007fff1c560000 - 0x00007fff1c60e000 	C:\WINDOWS\System32\ADVAPI32.dll
0x00007fff1d6b0000 - 0x00007fff1d74c000 	C:\WINDOWS\System32\sechost.dll
0x00007fff1c610000 - 0x00007fff1c735000 	C:\WINDOWS\System32\RPCRT4.dll
0x00007fff1d940000 - 0x00007fff1d948000 	C:\WINDOWS\System32\PSAPI.DLL
0x00007fff05c50000 - 0x00007fff05c59000 	C:\WINDOWS\SYSTEM32\WSOCK32.dll
0x00007fff19a10000 - 0x00007fff19a1a000 	C:\WINDOWS\SYSTEM32\VERSION.dll
0x00007fff1cf70000 - 0x00007fff1cfdb000 	C:\WINDOWS\System32\WS2_32.dll
0x00007fff0f6d0000 - 0x00007fff0f6f7000 	C:\WINDOWS\SYSTEM32\WINMM.dll
0x00007fff19b10000 - 0x00007fff19b22000 	C:\WINDOWS\SYSTEM32\kernel.appcore.dll
0x00007fff05240000 - 0x00007fff05251000 	C:\Program Files\Android\Android Studio\jre\bin\verify.dll
0x00007fff176e0000 - 0x00007fff178c4000 	C:\WINDOWS\SYSTEM32\DBGHELP.DLL
0x00007fff125f0000 - 0x00007fff1261c000 	C:\WINDOWS\SYSTEM32\dbgcore.DLL
0x00007fff1b9d0000 - 0x00007fff1ba52000 	C:\WINDOWS\System32\bcryptPrimitives.dll
0x00007ffef1080000 - 0x00007ffef10a9000 	C:\Program Files\Android\Android Studio\jre\bin\java.dll
0x00007fff19ad0000 - 0x00007fff19adb000 	C:\Program Files\Android\Android Studio\jre\bin\jimage.dll
0x00007fff04a50000 - 0x00007fff04a68000 	C:\Program Files\Android\Android Studio\jre\bin\zip.dll
0x00007fff1bd50000 - 0x00007fff1c494000 	C:\WINDOWS\System32\SHELL32.dll
0x00007fff191c0000 - 0x00007fff19954000 	C:\WINDOWS\SYSTEM32\windows.storage.dll
0x00007fff1d0f0000 - 0x00007fff1d444000 	C:\WINDOWS\System32\combase.dll
0x00007fff1ace0000 - 0x00007fff1ad0c000 	C:\WINDOWS\SYSTEM32\Wldp.dll
0x00007fff1bca0000 - 0x00007fff1bd4d000 	C:\WINDOWS\System32\SHCORE.dll
0x00007fff1ce00000 - 0x00007fff1ce55000 	C:\WINDOWS\System32\shlwapi.dll
0x00007fff1b1c0000 - 0x00007fff1b1df000 	C:\WINDOWS\SYSTEM32\profapi.dll
0x00007ffef1610000 - 0x00007ffef162a000 	C:\Program Files\Android\Android Studio\jre\bin\net.dll
0x00007fff164f0000 - 0x00007fff165fa000 	C:\WINDOWS\SYSTEM32\WINHTTP.dll
0x00007fff1aa40000 - 0x00007fff1aaaa000 	C:\WINDOWS\system32\mswsock.dll
0x00007ffef1060000 - 0x00007ffef1074000 	C:\Program Files\Android\Android Studio\jre\bin\nio.dll
0x00007fff04ab0000 - 0x00007fff04ad7000 	C:\Users\dede9\.gradle\native\e1d6ef7f7dcc3fd88c89a11ec53ec762bb8ba0a96d01ffa2cd45eb1d1d8dd5c5\windows-amd64\native-platform.dll
0x00007ffed98b0000 - 0x00007ffed99f4000 	C:\Users\dede9\.gradle\native\5664cfc778a61ccfe75a443a1ab52a65af34e5dc3c78e0209fed803814484fcb\windows-amd64\native-platform-file-events.dll
0x00007fff19a90000 - 0x00007fff19a9a000 	C:\Program Files\Android\Android Studio\jre\bin\management.dll
0x00007fff133e0000 - 0x00007fff133ed000 	C:\Program Files\Android\Android Studio\jre\bin\management_ext.dll
0x00007fff1ac30000 - 0x00007fff1ac48000 	C:\WINDOWS\SYSTEM32\CRYPTSP.dll
0x00007fff1a350000 - 0x00007fff1a384000 	C:\WINDOWS\system32\rsaenh.dll
0x00007fff1b280000 - 0x00007fff1b2a7000 	C:\WINDOWS\System32\bcrypt.dll
0x00007fff1b180000 - 0x00007fff1b1ae000 	C:\WINDOWS\SYSTEM32\USERENV.dll
0x00007fff1ac50000 - 0x00007fff1ac5c000 	C:\WINDOWS\SYSTEM32\CRYPTBASE.dll
0x00007fff1a6e0000 - 0x00007fff1a71b000 	C:\WINDOWS\SYSTEM32\IPHLPAPI.DLL
0x00007fff1d930000 - 0x00007fff1d938000 	C:\WINDOWS\System32\NSI.dll
0x00007fff15930000 - 0x00007fff15947000 	C:\WINDOWS\SYSTEM32\dhcpcsvc6.DLL
0x00007fff15910000 - 0x00007fff1592d000 	C:\WINDOWS\SYSTEM32\dhcpcsvc.DLL
0x00007fff1a780000 - 0x00007fff1a84b000 	C:\WINDOWS\SYSTEM32\DNSAPI.dll

dbghelp: loaded successfully - version: 4.0.5 - missing functions: none
symbol engine: initialized successfully - sym options: 0x614 - pdb path: .;C:\Program Files\Android\Android Studio\jre\bin;C:\WINDOWS\SYSTEM32;C:\WINDOWS\WinSxS\amd64_microsoft.windows.common-controls_6595b64144ccf1df_6.0.19041.1110_none_60b5254171f9507e;C:\Program Files\Android\Android Studio\jre\bin\server;C:\Users\dede9\.gradle\native\e1d6ef7f7dcc3fd88c89a11ec53ec762bb8ba0a96d01ffa2cd45eb1d1d8dd5c5\windows-amd64;C:\Users\dede9\.gradle\native\5664cfc778a61ccfe75a443a1ab52a65af34e5dc3c78e0209fed803814484fcb\windows-amd64

VM Arguments:
jvm_args: --add-opens=java.base/java.util=ALL-UNNAMED --add-opens=java.base/java.lang=ALL-UNNAMED --add-opens=java.base/java.lang.invoke=ALL-UNNAMED --add-opens=java.base/java.util=ALL-UNNAMED --add-opens=java.prefs/java.util.prefs=ALL-UNNAMED --add-opens=java.prefs/java.util.prefs=ALL-UNNAMED --add-opens=java.base/java.nio.charset=ALL-UNNAMED --add-opens=java.base/java.net=ALL-UNNAMED --add-opens=java.base/java.util.concurrent.atomic=ALL-UNNAMED -Xmx2048m -Dfile.encoding=UTF-8 -Duser.country=KR -Duser.language=ko -Duser.variant 
java_command: org.gradle.launcher.daemon.bootstrap.GradleDaemon 7.3.3
java_class_path (initial): C:\Users\dede9\.gradle\wrapper\dists\gradle-7.3.3-bin\6a41zxkdtcxs8rphpq6y0069z\gradle-7.3.3\lib\gradle-launcher-7.3.3.jar
Launcher Type: SUN_STANDARD

[Global flags]
     intx CICompilerCount                          = 4                                         {product} {ergonomic}
     uint ConcGCThreads                            = 2                                         {product} {ergonomic}
     uint G1ConcRefinementThreads                  = 8                                         {product} {ergonomic}
   size_t G1HeapRegionSize                         = 1048576                                   {product} {ergonomic}
    uintx GCDrainStackTargetSize                   = 64                                        {product} {ergonomic}
   size_t InitialHeapSize                          = 130023424                                 {product} {ergonomic}
   size_t MarkStackSize                            = 4194304                                   {product} {ergonomic}
   size_t MaxHeapSize                              = 2147483648                                {product} {command line}
   size_t MaxNewSize                               = 1287651328                                {product} {ergonomic}
   size_t MinHeapDeltaBytes                        = 1048576                                   {product} {ergonomic}
    uintx NonNMethodCodeHeapSize                   = 5836300                                {pd product} {ergonomic}
    uintx NonProfiledCodeHeapSize                  = 122910970                              {pd product} {ergonomic}
    uintx ProfiledCodeHeapSize                     = 122910970                              {pd product} {ergonomic}
    uintx ReservedCodeCacheSize                    = 251658240                              {pd product} {ergonomic}
     bool SegmentedCodeCache                       = true                                      {product} {ergonomic}
     bool UseCompressedClassPointers               = true                                 {lp64_product} {ergonomic}
     bool UseCompressedOops                        = true                                 {lp64_product} {ergonomic}
     bool UseG1GC                                  = true                                      {product} {ergonomic}
     bool UseLargePagesIndividualAllocation        = false                                  {pd product} {ergonomic}

Logging:
Log output configuration:
 #0: stdout all=warning uptime,level,tags
 #1: stderr all=off uptime,level,tags

Environment Variables:
JAVA_HOME=C:\Program Files\Java\jdk1.8.0_321
CLASSPATH=.;C:\_server\apache-tomcat-9.0.45\lib\servlet-api.jar;C:\Program Files\Java\jdk1.8.0_321\lib\mssql-jdbc-9.2.1.jre15.jar
PATH=C:\Program Files (x86)\VMware\VMware Workstation\bin\;C:\app\dede9\product\18.0.0\dbhomeXE\bin;C:\Program Files (x86)\Windows Resource Kits\Tools\;C:\Program Files\Java\jdk1.8.0_321\bin;C:\_server\apache-tomcat-9.0.45\bin;C:\Program Files\Common Files\Oracle\Java\javapath;C:\Program Files (x86)\Common Files\Oracle\Java\javapath;C:\WINDOWS\system32;C:\WINDOWS;C:\WINDOWS\System32\Wbem;C:\WINDOWS\System32\WindowsPowerShell\v1.0\;C:\WINDOWS\System32\OpenSSH\;C:\Program Files\Microsoft SQL Server\Client SDK\ODBC\170\Tools\Binn\;C:\Program Files (x86)\Microsoft SQL Server\150\Tools\Binn\;C:\Program Files\Microsoft SQL Server\150\Tools\Binn\;C:\Program Files\Microsoft SQL Server\150\DTS\Binn\;C:\Program Files (x86)\Microsoft SQL Server\150\DTS\Binn\;C:\Program Files\Git\cmd;C:\Users\dede9\anaconda3;C:\Users\dede9\anaconda3\Library\mingw-w64\bin;C:\Users\dede9\anaconda3\Library\usr\bin;C:\Users\dede9\anaconda3\Library\bin;C:\Users\dede9\anaconda3\Scripts;C:\Users\dede9\AppData\Local\Programs\Python\Python39\Scripts\;C:\Users\dede9\AppData\Local\Programs\Python\Python39\;C:\Users\dede9\AppData\Local\Microsoft\WindowsApps;C:\Program Files\Bandizip\;C:\Users\dede9\AppData\Local\Programs\Microsoft VS Code\bin;C:\Program Files\Azure Data Studio\bin;C:\Program Files\JetBrains\PyCharm Community Edition 2021.3.2\bin;;C:\Users\dede9\AppData\Local\GitHubDesktop\bin
USERNAME=dede9
OS=Windows_NT
PROCESSOR_IDENTIFIER=Intel64 Family 6 Model 140 Stepping 1, GenuineIntel



---------------  S Y S T E M  ---------------

OS: Windows 10 , 64 bit Build 19041 (10.0.19041.1706)
OS uptime: 4 days 7:13 hours

CPU:total 8 (initial active 8) (4 cores per cpu, 2 threads per core) family 6 model 140 stepping 1 microcode 0x8a, cmov, cx8, fxsr, mmx, sse, sse2, sse3, ssse3, sse4.1, sse4.2, popcnt, avx, avx2, aes, clmul, erms, 3dnowpref, lzcnt, ht, tsc, tscinvbit, bmi1, bmi2, adx, evex, sha, fma

Memory: 4k page, system-wide physical 7916M (385M free)
TotalPageFile size 16112M (AvailPageFile size 5M)
current process WorkingSet (physical memory assigned to process): 260M, peak: 260M
current process commit charge ("private bytes"): 307M, peak: 307M

vm_info: OpenJDK 64-Bit Server VM (11.0.12+7-b1504.28-7817840) for windows-amd64 JRE (11.0.12+7-b1504.28-7817840), built on Oct 13 2021 22:12:33 by "builder" with MS VC++ 14.0 (VS2015)

END.
