#
# There is insufficient memory for the Java Runtime Environment to continue.
# Native memory allocation (malloc) failed to allocate 1878096 bytes for Chunk::new
# Possible reasons:
#   The system is out of physical RAM or swap space
#   The process is running with CompressedOops enabled, and the Java Heap may be blocking the growth of the native heap
# Possible solutions:
#   Reduce memory load on the system
#   Increase physical memory or swap space
#   Check if swap backing store is full
#   Decrease Java heap size (-Xmx/-Xms)
#   Decrease number of Java threads
#   Decrease Java thread stack sizes (-Xss)
#   Set larger code cache with -XX:ReservedCodeCacheSize=
#   JVM is running with Unscaled Compressed Oops mode in which the Java heap is
#     placed in the first 4GB address space. The Java Heap base address is the
#     maximum limit for the native heap growth. Please use -XX:HeapBaseMinAddress
#     to set the Java Heap base and to place the Java Heap above 4GB virtual address.
# This output file may be truncated or incomplete.
#
#  Out of Memory Error (./src/hotspot/share/memory/arena.cpp:197), pid=18472, tid=2756
#
# JRE version: OpenJDK Runtime Environment (11.0.12+7) (build 11.0.12+7-b1504.28-7817840)
# Java VM: OpenJDK 64-Bit Server VM (11.0.12+7-b1504.28-7817840, mixed mode, tiered, compressed oops, g1 gc, windows-amd64)
# No core dump will be written. Minidumps are not enabled by default on client versions of Windows
#

---------------  S U M M A R Y ------------

Command Line: --add-opens=java.base/java.util=ALL-UNNAMED --add-opens=java.base/java.lang=ALL-UNNAMED --add-opens=java.base/java.lang.invoke=ALL-UNNAMED --add-opens=java.base/java.util=ALL-UNNAMED --add-opens=java.prefs/java.util.prefs=ALL-UNNAMED --add-opens=java.prefs/java.util.prefs=ALL-UNNAMED --add-opens=java.base/java.nio.charset=ALL-UNNAMED --add-opens=java.base/java.net=ALL-UNNAMED --add-opens=java.base/java.util.concurrent.atomic=ALL-UNNAMED -Xmx2048m -Dfile.encoding=UTF-8 -Duser.country=KR -Duser.language=ko -Duser.variant org.gradle.launcher.daemon.bootstrap.GradleDaemon 7.3.3

Host: 11th Gen Intel(R) Core(TM) i5-1135G7 @ 2.40GHz, 8 cores, 7G,  Windows 10 , 64 bit Build 19041 (10.0.19041.1706)
Time: Wed Jun 15 11:42:14 2022 대한민국 표준시 elapsed time: 6.488051 seconds (0d 0h 0m 6s)

---------------  T H R E A D  ---------------

Current thread (0x000001677ebf9000):  JavaThread "C2 CompilerThread1" daemon [_thread_in_native, id=2756, stack(0x0000001780900000,0x0000001780a00000)]


Current CompileTask:
C2:   6488 5573   !   4       java.net.URLClassLoader$1::run (63 bytes)

Stack: [0x0000001780900000,0x0000001780a00000]
Native frames: (J=compiled Java code, j=interpreted, Vv=VM code, C=native code)
V  [jvm.dll+0x5fbcea]
V  [jvm.dll+0x731905]
V  [jvm.dll+0x732f1d]
V  [jvm.dll+0x7335d3]
V  [jvm.dll+0x247bf8]
V  [jvm.dll+0xc018c]
V  [jvm.dll+0xc06cc]
V  [jvm.dll+0x35b31d]
V  [jvm.dll+0x19cebc]
V  [jvm.dll+0x20070e]
V  [jvm.dll+0x1ff794]
V  [jvm.dll+0x18868c]
V  [jvm.dll+0x20e0d7]
V  [jvm.dll+0x20c901]
V  [jvm.dll+0x6f9b7f]
V  [jvm.dll+0x6f26a5]
V  [jvm.dll+0x5fabf6]
C  [ucrtbase.dll+0x21bb2]
C  [KERNEL32.DLL+0x17034]
C  [ntdll.dll+0x52651]


---------------  P R O C E S S  ---------------

Threads class SMR info:
_java_thread_list=0x00000167026151a0, length=122, elements={
0x00000167609e6800, 0x000001677aea2000, 0x000001677aeaa800, 0x000001677b6de800,
0x000001677b6e3000, 0x000001677b737000, 0x000001677b738800, 0x000001677b746800,
0x000001677b750000, 0x000001677b8aa800, 0x000001677df4b800, 0x000001677e507800,
0x000001677babd800, 0x000001677e076000, 0x000001677d089800, 0x000001677dc0b800,
0x000001677e4b5800, 0x000001677e5d3800, 0x000001677e5b1800, 0x000001677e640000,
0x000001677e63c000, 0x000001677e641000, 0x000001677e63b000, 0x000001677ebf9000,
0x000001677e63d000, 0x000001677e63f800, 0x000001677e63d800, 0x000001677e63e800,
0x000001677e642000, 0x000001677ef39800, 0x000001677ef35800, 0x000001677ef34000,
0x000001677ef35000, 0x000001677ef37000, 0x000001677ef38000, 0x000001677ef39000,
0x000001677ef3a800, 0x000001677ef3c000, 0x000001677ef3b800, 0x000001677ef3e800,
0x000001677ef41000, 0x000001677ef40000, 0x000001677ef3d000, 0x000001677ef3e000,
0x000001677ef42000, 0x000001677ef42800, 0x000001677eeed800, 0x000001677eeef800,
0x000001677eeeb800, 0x000001677eeee800, 0x000001677eef2000, 0x000001677eef0000,
0x000001677eef1000, 0x000001677eeec000, 0x000001677eef2800, 0x000001677eeed000,
0x000001677eef6000, 0x000001677eef8800, 0x000001677eef5000, 0x000001677eef9000,
0x000001677eef6800, 0x000001677eef7800, 0x000001677eef3800, 0x000001677eefa000,
0x000001677eef4000, 0x0000016702248800, 0x0000016702248000, 0x0000016702245800,
0x0000016702246800, 0x0000016702243000, 0x0000016702247000, 0x0000016702249800,
0x0000016702244000, 0x000001670224a800, 0x0000016702244800, 0x0000016702250000,
0x0000016702251000, 0x000001670224c000, 0x000001670224d000, 0x000001670224b000,
0x000001670224e800, 0x0000016702251800, 0x000001670224d800, 0x000001670224f800,
0x000001677f3a1800, 0x000001677f3a3000, 0x000001677f3a2800, 0x000001677f3a4000,
0x000001677f3a4800, 0x000001677f3a0800, 0x000001677f3aa800, 0x000001677f3a5800,
0x000001677f3a8000, 0x000001677f3ac000, 0x000001677f3ab800, 0x000001677f3a6800,
0x000001677f3a9000, 0x000001677f3ad000, 0x000001677f3a7000, 0x000001677f3ae800,
0x000001677f3ad800, 0x000001677f3af800, 0x000001677f3a9800, 0x00000167009ea800,
0x00000167009eb800, 0x00000167009ec800, 0x00000167009ea000, 0x00000167009ed000,
0x00000167009ee000, 0x00000167009e8800, 0x00000167009ef000, 0x00000167009e9000,
0x00000167009f5800, 0x00000167009ef800, 0x00000167009f3000, 0x00000167009f2000,
0x00000167009f4800, 0x00000167009f3800, 0x00000167009f6000, 0x00000167009f0800,
0x00000167009f7000, 0x00000167009f1000
}

Java Threads: ( => current thread )
  0x00000167609e6800 JavaThread "main" [_thread_blocked, id=12436, stack(0x00000017fe200000,0x00000017fe300000)]
  0x000001677aea2000 JavaThread "Reference Handler" daemon [_thread_blocked, id=1428, stack(0x00000017fe900000,0x00000017fea00000)]
  0x000001677aeaa800 JavaThread "Finalizer" daemon [_thread_blocked, id=8796, stack(0x00000017fea00000,0x00000017feb00000)]
  0x000001677b6de800 JavaThread "Signal Dispatcher" daemon [_thread_blocked, id=7028, stack(0x00000017feb00000,0x00000017fec00000)]
  0x000001677b6e3000 JavaThread "Attach Listener" daemon [_thread_blocked, id=13592, stack(0x00000017fec00000,0x00000017fed00000)]
  0x000001677b737000 JavaThread "Service Thread" daemon [_thread_blocked, id=2156, stack(0x00000017fed00000,0x00000017fee00000)]
  0x000001677b738800 JavaThread "C2 CompilerThread0" daemon [_thread_in_native, id=14320, stack(0x00000017fee00000,0x00000017fef00000)]
  0x000001677b746800 JavaThread "C1 CompilerThread0" daemon [_thread_blocked, id=14576, stack(0x00000017fef00000,0x00000017ff000000)]
  0x000001677b750000 JavaThread "Sweeper thread" daemon [_thread_blocked, id=11984, stack(0x00000017ff000000,0x00000017ff100000)]
  0x000001677b8aa800 JavaThread "Common-Cleaner" daemon [_thread_blocked, id=20468, stack(0x00000017ff100000,0x00000017ff200000)]
  0x000001677df4b800 JavaThread "Daemon health stats" [_thread_blocked, id=4580, stack(0x00000017ff600000,0x00000017ff700000)]
  0x000001677e507800 JavaThread "Incoming local TCP Connector on port 50749" [_thread_in_native, id=4544, stack(0x00000017ff300000,0x00000017ff400000)]
  0x000001677babd800 JavaThread "Daemon periodic checks" [_thread_blocked, id=13876, stack(0x00000017ff400000,0x00000017ff500000)]
  0x000001677e076000 JavaThread "Daemon" [_thread_blocked, id=19208, stack(0x00000017ff700000,0x00000017ff800000)]
  0x000001677d089800 JavaThread "Handler for socket connection from /127.0.0.1:50749 to /127.0.0.1:50750" [_thread_in_native, id=2760, stack(0x00000017ff800000,0x00000017ff900000)]
  0x000001677dc0b800 JavaThread "Cancel handler" [_thread_blocked, id=17560, stack(0x00000017ff900000,0x00000017ffa00000)]
  0x000001677e4b5800 JavaThread "Daemon worker" [_thread_in_vm, id=3048, stack(0x00000017ffa00000,0x00000017ffb00000)]
  0x000001677e5d3800 JavaThread "Asynchronous log dispatcher for DefaultDaemonConnection: socket connection from /127.0.0.1:50749 to /127.0.0.1:50750" [_thread_blocked, id=12488, stack(0x00000017ffb00000,0x00000017ffc00000)]
  0x000001677e5b1800 JavaThread "Stdin handler" [_thread_blocked, id=8624, stack(0x00000017ffc00000,0x00000017ffd00000)]
  0x000001677e640000 JavaThread "Daemon client event forwarder" [_thread_blocked, id=15312, stack(0x00000017ffd00000,0x00000017ffe00000)]
  0x000001677e63c000 JavaThread "Cache worker for journal cache (C:\Users\dede9\.gradle\caches\journal-1)" [_thread_blocked, id=13600, stack(0x0000001780500000,0x0000001780600000)]
  0x000001677e641000 JavaThread "File lock request listener" [_thread_in_native, id=1572, stack(0x0000001780600000,0x0000001780700000)]
  0x000001677e63b000 JavaThread "Cache worker for file hash cache (C:\Users\dede9\.gradle\caches\7.3.3\fileHashes)" [_thread_blocked, id=2860, stack(0x0000001780800000,0x0000001780900000)]
=>0x000001677ebf9000 JavaThread "C2 CompilerThread1" daemon [_thread_in_native, id=2756, stack(0x0000001780900000,0x0000001780a00000)]
  0x000001677e63d000 JavaThread "Cache worker for file hash cache (C:\Users\dede9\AndroidStudioProjects\teamBUPJ\.gradle\7.3.3\fileHashes)" [_thread_blocked, id=11536, stack(0x0000001780a00000,0x0000001780b00000)]
  0x000001677e63f800 JavaThread "File watcher server" daemon [_thread_in_native, id=7792, stack(0x0000001780b00000,0x0000001780c00000)]
  0x000001677e63d800 JavaThread "File watcher consumer" daemon [_thread_blocked, id=10884, stack(0x0000001780c00000,0x0000001780d00000)]
  0x000001677e63e800 JavaThread "jar transforms" [_thread_blocked, id=10988, stack(0x0000001780d00000,0x0000001780e00000)]
  0x000001677e642000 JavaThread "jar transforms Thread 2" [_thread_blocked, id=4548, stack(0x0000001780e00000,0x0000001780f00000)]
  0x000001677ef39800 JavaThread "jar transforms Thread 3" [_thread_blocked, id=1880, stack(0x0000001780f00000,0x0000001781000000)]
  0x000001677ef35800 JavaThread "jar transforms Thread 4" [_thread_blocked, id=19060, stack(0x0000001781000000,0x0000001781100000)]
  0x000001677ef34000 JavaThread "jar transforms Thread 5" [_thread_blocked, id=13096, stack(0x0000001781100000,0x0000001781200000)]
  0x000001677ef35000 JavaThread "jar transforms Thread 6" [_thread_blocked, id=19072, stack(0x0000001781200000,0x0000001781300000)]
  0x000001677ef37000 JavaThread "jar transforms Thread 7" [_thread_blocked, id=14060, stack(0x0000001781300000,0x0000001781400000)]
  0x000001677ef38000 JavaThread "jar transforms Thread 8" [_thread_blocked, id=19004, stack(0x0000001781400000,0x0000001781500000)]
  0x000001677ef39000 JavaThread "Cache worker for checksums cache (C:\Users\dede9\AndroidStudioProjects\teamBUPJ\.gradle\7.3.3\checksums)" [_thread_blocked, id=11808, stack(0x0000001781500000,0x0000001781600000)]
  0x000001677ef3a800 JavaThread "Cache worker for cache directory md-supplier (C:\Users\dede9\.gradle\caches\7.3.3\md-supplier)" [_thread_blocked, id=6372, stack(0x0000001781600000,0x0000001781700000)]
  0x000001677ef3c000 JavaThread "Cache worker for cache directory md-rule (C:\Users\dede9\.gradle\caches\7.3.3\md-rule)" [_thread_blocked, id=16852, stack(0x0000001781700000,0x0000001781800000)]
  0x000001677ef3b800 JavaThread "Cache worker for execution history cache (C:\Users\dede9\.gradle\caches\7.3.3\executionHistory)" [_thread_blocked, id=764, stack(0x0000001781800000,0x0000001781900000)]
  0x000001677ef3e800 JavaThread "Cache worker for file content cache (C:\Users\dede9\.gradle\caches\7.3.3\fileContent)" [_thread_blocked, id=1648, stack(0x0000001781900000,0x0000001781a00000)]
  0x000001677ef41000 JavaThread "Cache worker for dependencies-accessors (C:\Users\dede9\AndroidStudioProjects\teamBUPJ\.gradle\7.3.3\dependencies-accessors)" [_thread_blocked, id=16664, stack(0x0000001781a00000,0x0000001781b00000)]
  0x000001677ef40000 JavaThread "Cache worker for Build Output Cleanup Cache (C:\Users\dede9\AndroidStudioProjects\teamBUPJ\.gradle\buildOutputCleanup)" [_thread_blocked, id=18700, stack(0x0000001781b00000,0x0000001781c00000)]
  0x000001677ef3d000 JavaThread "Unconstrained build operations" [_thread_blocked, id=10900, stack(0x0000001781c00000,0x0000001781d00000)]
  0x000001677ef3e000 JavaThread "Unconstrained build operations Thread 2" [_thread_blocked, id=17748, stack(0x0000001781d00000,0x0000001781e00000)]
  0x000001677ef42000 JavaThread "Unconstrained build operations Thread 3" [_thread_blocked, id=1288, stack(0x0000001781e00000,0x0000001781f00000)]
  0x000001677ef42800 JavaThread "Unconstrained build operations Thread 4" [_thread_blocked, id=18932, stack(0x0000001781f00000,0x0000001782000000)]
  0x000001677eeed800 JavaThread "Unconstrained build operations Thread 5" [_thread_blocked, id=15816, stack(0x0000001782000000,0x0000001782100000)]
  0x000001677eeef800 JavaThread "Unconstrained build operations Thread 6" [_thread_blocked, id=16096, stack(0x0000001782100000,0x0000001782200000)]
  0x000001677eeeb800 JavaThread "Unconstrained build operations Thread 7" [_thread_blocked, id=12408, stack(0x0000001782200000,0x0000001782300000)]
  0x000001677eeee800 JavaThread "Unconstrained build operations Thread 8" [_thread_blocked, id=19452, stack(0x0000001782300000,0x0000001782400000)]
  0x000001677eef2000 JavaThread "Unconstrained build operations Thread 9" [_thread_blocked, id=13852, stack(0x0000001782400000,0x0000001782500000)]
  0x000001677eef0000 JavaThread "Unconstrained build operations Thread 10" [_thread_blocked, id=13604, stack(0x0000001782500000,0x0000001782600000)]
  0x000001677eef1000 JavaThread "Unconstrained build operations Thread 11" [_thread_blocked, id=19604, stack(0x0000001782600000,0x0000001782700000)]
  0x000001677eeec000 JavaThread "Unconstrained build operations Thread 12" [_thread_blocked, id=11088, stack(0x0000001782700000,0x0000001782800000)]
  0x000001677eef2800 JavaThread "Unconstrained build operations Thread 13" [_thread_blocked, id=1836, stack(0x0000001782800000,0x0000001782900000)]
  0x000001677eeed000 JavaThread "Unconstrained build operations Thread 14" [_thread_blocked, id=10216, stack(0x0000001782900000,0x0000001782a00000)]
  0x000001677eef6000 JavaThread "Unconstrained build operations Thread 15" [_thread_blocked, id=2468, stack(0x0000001782a00000,0x0000001782b00000)]
  0x000001677eef8800 JavaThread "Unconstrained build operations Thread 16" [_thread_blocked, id=11720, stack(0x0000001782b00000,0x0000001782c00000)]
  0x000001677eef5000 JavaThread "Unconstrained build operations Thread 17" [_thread_blocked, id=17548, stack(0x0000001782c00000,0x0000001782d00000)]
  0x000001677eef9000 JavaThread "Unconstrained build operations Thread 18" [_thread_blocked, id=792, stack(0x0000001782d00000,0x0000001782e00000)]
  0x000001677eef6800 JavaThread "Unconstrained build operations Thread 19" [_thread_blocked, id=16576, stack(0x0000001782e00000,0x0000001782f00000)]
  0x000001677eef7800 JavaThread "Unconstrained build operations Thread 20" [_thread_blocked, id=16556, stack(0x0000001782f00000,0x0000001783000000)]
  0x000001677eef3800 JavaThread "Unconstrained build operations Thread 21" [_thread_blocked, id=10732, stack(0x0000001783000000,0x0000001783100000)]
  0x000001677eefa000 JavaThread "Unconstrained build operations Thread 22" [_thread_blocked, id=8040, stack(0x0000001783100000,0x0000001783200000)]
  0x000001677eef4000 JavaThread "Unconstrained build operations Thread 23" [_thread_blocked, id=11788, stack(0x0000001783200000,0x0000001783300000)]
  0x0000016702248800 JavaThread "Unconstrained build operations Thread 24" [_thread_blocked, id=2384, stack(0x0000001783300000,0x0000001783400000)]
  0x0000016702248000 JavaThread "Unconstrained build operations Thread 25" [_thread_blocked, id=10928, stack(0x0000001783400000,0x0000001783500000)]
  0x0000016702245800 JavaThread "Unconstrained build operations Thread 26" [_thread_blocked, id=8592, stack(0x0000001783500000,0x0000001783600000)]
  0x0000016702246800 JavaThread "Unconstrained build operations Thread 27" [_thread_blocked, id=2896, stack(0x0000001783600000,0x0000001783700000)]
  0x0000016702243000 JavaThread "Unconstrained build operations Thread 28" [_thread_blocked, id=10692, stack(0x0000001783700000,0x0000001783800000)]
  0x0000016702247000 JavaThread "Unconstrained build operations Thread 29" [_thread_blocked, id=2012, stack(0x0000001783800000,0x0000001783900000)]
  0x0000016702249800 JavaThread "Unconstrained build operations Thread 30" [_thread_blocked, id=12272, stack(0x0000001783900000,0x0000001783a00000)]
  0x0000016702244000 JavaThread "Unconstrained build operations Thread 31" [_thread_blocked, id=8852, stack(0x0000001783a00000,0x0000001783b00000)]
  0x000001670224a800 JavaThread "Unconstrained build operations Thread 32" [_thread_blocked, id=11992, stack(0x0000001783b00000,0x0000001783c00000)]
  0x0000016702244800 JavaThread "Unconstrained build operations Thread 33" [_thread_blocked, id=16392, stack(0x0000001783c00000,0x0000001783d00000)]
  0x0000016702250000 JavaThread "Unconstrained build operations Thread 34" [_thread_blocked, id=7488, stack(0x0000001783d00000,0x0000001783e00000)]
  0x0000016702251000 JavaThread "Unconstrained build operations Thread 35" [_thread_blocked, id=13696, stack(0x0000001783e00000,0x0000001783f00000)]
  0x000001670224c000 JavaThread "Unconstrained build operations Thread 36" [_thread_blocked, id=9920, stack(0x0000001783f00000,0x0000001784000000)]
  0x000001670224d000 JavaThread "Unconstrained build operations Thread 37" [_thread_blocked, id=18848, stack(0x0000001784000000,0x0000001784100000)]
  0x000001670224b000 JavaThread "Unconstrained build operations Thread 38" [_thread_blocked, id=2456, stack(0x0000001784100000,0x0000001784200000)]
  0x000001670224e800 JavaThread "Unconstrained build operations Thread 39" [_thread_blocked, id=8096, stack(0x0000001784200000,0x0000001784300000)]
  0x0000016702251800 JavaThread "Unconstrained build operations Thread 40" [_thread_blocked, id=1992, stack(0x0000001784300000,0x0000001784400000)]
  0x000001670224d800 JavaThread "Unconstrained build operations Thread 41" [_thread_blocked, id=8720, stack(0x0000001784400000,0x0000001784500000)]
  0x000001670224f800 JavaThread "Unconstrained build operations Thread 42" [_thread_blocked, id=4276, stack(0x0000001784500000,0x0000001784600000)]
  0x000001677f3a1800 JavaThread "Unconstrained build operations Thread 43" [_thread_blocked, id=13308, stack(0x0000001784600000,0x0000001784700000)]
  0x000001677f3a3000 JavaThread "Unconstrained build operations Thread 44" [_thread_blocked, id=20092, stack(0x0000001784700000,0x0000001784800000)]
  0x000001677f3a2800 JavaThread "Unconstrained build operations Thread 45" [_thread_blocked, id=19528, stack(0x0000001784800000,0x0000001784900000)]
  0x000001677f3a4000 JavaThread "Unconstrained build operations Thread 46" [_thread_blocked, id=8236, stack(0x0000001784900000,0x0000001784a00000)]
  0x000001677f3a4800 JavaThread "Unconstrained build operations Thread 47" [_thread_blocked, id=15912, stack(0x0000001784a00000,0x0000001784b00000)]
  0x000001677f3a0800 JavaThread "Unconstrained build operations Thread 48" [_thread_blocked, id=2512, stack(0x0000001784b00000,0x0000001784c00000)]
  0x000001677f3aa800 JavaThread "Unconstrained build operations Thread 49" [_thread_blocked, id=16624, stack(0x0000001784c00000,0x0000001784d00000)]
  0x000001677f3a5800 JavaThread "Unconstrained build operations Thread 50" [_thread_blocked, id=17988, stack(0x0000001784d00000,0x0000001784e00000)]
  0x000001677f3a8000 JavaThread "Unconstrained build operations Thread 51" [_thread_blocked, id=2988, stack(0x0000001784e00000,0x0000001784f00000)]
  0x000001677f3ac000 JavaThread "Unconstrained build operations Thread 52" [_thread_blocked, id=16684, stack(0x0000001784f00000,0x0000001785000000)]
  0x000001677f3ab800 JavaThread "Unconstrained build operations Thread 53" [_thread_blocked, id=276, stack(0x0000001785000000,0x0000001785100000)]
  0x000001677f3a6800 JavaThread "Unconstrained build operations Thread 54" [_thread_blocked, id=20444, stack(0x0000001785100000,0x0000001785200000)]
  0x000001677f3a9000 JavaThread "Unconstrained build operations Thread 55" [_thread_blocked, id=17284, stack(0x0000001785200000,0x0000001785300000)]
  0x000001677f3ad000 JavaThread "Unconstrained build operations Thread 56" [_thread_blocked, id=9724, stack(0x0000001785300000,0x0000001785400000)]
  0x000001677f3a7000 JavaThread "Unconstrained build operations Thread 57" [_thread_blocked, id=18724, stack(0x0000001785400000,0x0000001785500000)]
  0x000001677f3ae800 JavaThread "Unconstrained build operations Thread 58" [_thread_blocked, id=288, stack(0x0000001785500000,0x0000001785600000)]
  0x000001677f3ad800 JavaThread "Unconstrained build operations Thread 59" [_thread_blocked, id=10788, stack(0x0000001785600000,0x0000001785700000)]
  0x000001677f3af800 JavaThread "Unconstrained build operations Thread 60" [_thread_blocked, id=700, stack(0x0000001785700000,0x0000001785800000)]
  0x000001677f3a9800 JavaThread "Unconstrained build operations Thread 61" [_thread_blocked, id=12924, stack(0x0000001785800000,0x0000001785900000)]
  0x00000167009ea800 JavaThread "Unconstrained build operations Thread 62" [_thread_blocked, id=9408, stack(0x0000001785900000,0x0000001785a00000)]
  0x00000167009eb800 JavaThread "Unconstrained build operations Thread 63" [_thread_blocked, id=4704, stack(0x0000001785a00000,0x0000001785b00000)]
  0x00000167009ec800 JavaThread "Unconstrained build operations Thread 64" [_thread_blocked, id=17840, stack(0x0000001785b00000,0x0000001785c00000)]
  0x00000167009ea000 JavaThread "Unconstrained build operations Thread 65" [_thread_blocked, id=17376, stack(0x0000001785c00000,0x0000001785d00000)]
  0x00000167009ed000 JavaThread "Unconstrained build operations Thread 66" [_thread_blocked, id=6344, stack(0x0000001785d00000,0x0000001785e00000)]
  0x00000167009ee000 JavaThread "Unconstrained build operations Thread 67" [_thread_blocked, id=2348, stack(0x0000001785e00000,0x0000001785f00000)]
  0x00000167009e8800 JavaThread "Unconstrained build operations Thread 68" [_thread_blocked, id=9008, stack(0x0000001785f00000,0x0000001786000000)]
  0x00000167009ef000 JavaThread "Unconstrained build operations Thread 69" [_thread_blocked, id=8084, stack(0x0000001786000000,0x0000001786100000)]
  0x00000167009e9000 JavaThread "Unconstrained build operations Thread 70" [_thread_blocked, id=2324, stack(0x0000001786100000,0x0000001786200000)]
  0x00000167009f5800 JavaThread "Unconstrained build operations Thread 71" [_thread_blocked, id=4556, stack(0x0000001786200000,0x0000001786300000)]
  0x00000167009ef800 JavaThread "Unconstrained build operations Thread 72" [_thread_blocked, id=18928, stack(0x0000001786300000,0x0000001786400000)]
  0x00000167009f3000 JavaThread "Unconstrained build operations Thread 73" [_thread_blocked, id=12788, stack(0x0000001786400000,0x0000001786500000)]
  0x00000167009f2000 JavaThread "Unconstrained build operations Thread 74" [_thread_blocked, id=18624, stack(0x0000001786500000,0x0000001786600000)]
  0x00000167009f4800 JavaThread "Unconstrained build operations Thread 75" [_thread_blocked, id=17652, stack(0x0000001786600000,0x0000001786700000)]
  0x00000167009f3800 JavaThread "Unconstrained build operations Thread 76" [_thread_blocked, id=11496, stack(0x0000001786700000,0x0000001786800000)]
  0x00000167009f6000 JavaThread "Unconstrained build operations Thread 77" [_thread_blocked, id=1952, stack(0x0000001786800000,0x0000001786900000)]
  0x00000167009f0800 JavaThread "Unconstrained build operations Thread 78" [_thread_blocked, id=14644, stack(0x0000001786900000,0x0000001786a00000)]
  0x00000167009f7000 JavaThread "Unconstrained build operations Thread 79" [_thread_blocked, id=10160, stack(0x0000001786a00000,0x0000001786b00000)]
  0x00000167009f1000 JavaThread "Unconstrained build operations Thread 80" [_thread_blocked, id=16652, stack(0x0000001786b00000,0x0000001786c00000)]

Other Threads:
  0x000001677b6ca000 VMThread "VM Thread" [stack: 0x00000017fe800000,0x00000017fe900000] [id=16672]
  0x000001677b8cf800 WatcherThread [stack: 0x00000017ff200000,0x00000017ff300000] [id=2328]
  0x00000167609f9800 GCTaskThread "GC Thread#0" [stack: 0x00000017fe300000,0x00000017fe400000] [id=11488]
  0x000001677c7e9800 GCTaskThread "GC Thread#1" [stack: 0x00000017ff500000,0x00000017ff600000] [id=11768]
  0x000001677e6e8800 GCTaskThread "GC Thread#2" [stack: 0x00000017ffe00000,0x00000017fff00000] [id=19980]
  0x000001677cf64000 GCTaskThread "GC Thread#3" [stack: 0x00000017fff00000,0x0000001800000000] [id=19128]
  0x000001677d07c000 GCTaskThread "GC Thread#4" [stack: 0x0000001780000000,0x0000001780100000] [id=8396]
  0x000001677e364800 GCTaskThread "GC Thread#5" [stack: 0x0000001780100000,0x0000001780200000] [id=13476]
  0x000001677ce59000 GCTaskThread "GC Thread#6" [stack: 0x0000001780200000,0x0000001780300000] [id=8880]
  0x000001677d8a7000 GCTaskThread "GC Thread#7" [stack: 0x0000001780300000,0x0000001780400000] [id=5436]
  0x0000016760a2b800 ConcurrentGCThread "G1 Main Marker" [stack: 0x00000017fe400000,0x00000017fe500000] [id=8932]
  0x0000016760a2d000 ConcurrentGCThread "G1 Conc#0" [stack: 0x00000017fe500000,0x00000017fe600000] [id=19136]
  0x000001677dcb4800 ConcurrentGCThread "G1 Conc#1" [stack: 0x0000001780700000,0x0000001780800000] [id=19124]
  0x000001677acf6800 ConcurrentGCThread "G1 Refine#0" [stack: 0x00000017fe600000,0x00000017fe700000] [id=10952]
  0x000001677daa5800 ConcurrentGCThread "G1 Refine#1" [stack: 0x0000001780400000,0x0000001780500000] [id=9376]
  0x000001677acf7800 ConcurrentGCThread "G1 Young RemSet Sampling" [stack: 0x00000017fe700000,0x00000017fe800000] [id=15568]

Threads with active compile tasks:
C2 CompilerThread0   6514 5572       4       java.net.URLClassLoader$1::run (5 bytes)
C2 CompilerThread1   6514 5573   !   4       java.net.URLClassLoader$1::run (63 bytes)

VM state:not at safepoint (normal execution)

VM Mutex/Monitor currently owned by a thread: None

Heap address: 0x0000000080000000, size: 2048 MB, Compressed Oops mode: 32-bit
Narrow klass base: 0x0000000000000000, Narrow klass shift: 3
Compressed class space size: 1073741824 Address: 0x0000000100000000

Heap:
 garbage-first heap   total 126976K, used 85851K [0x0000000080000000, 0x0000000100000000)
  region size 1024K, 21 young (21504K), 5 survivors (5120K)
 Metaspace       used 53161K, capacity 54746K, committed 54860K, reserved 1097728K
  class space    used 6875K, capacity 7470K, committed 7500K, reserved 1048576K
Heap Regions: E=young(eden), S=young(survivor), O=old, HS=humongous(starts), HC=humongous(continues), CS=collection set, F=free, A=archive, TAMS=top-at-mark-start (previous, next)
|   0|0x0000000080000000, 0x0000000080100000, 0x0000000080100000|100%| O|  |TAMS 0x0000000080100000, 0x0000000080000000| Untracked 
|   1|0x0000000080100000, 0x0000000080200000, 0x0000000080200000|100%| O|  |TAMS 0x0000000080200000, 0x0000000080100000| Untracked 
|   2|0x0000000080200000, 0x0000000080300000, 0x0000000080300000|100%| O|  |TAMS 0x0000000080300000, 0x0000000080200000| Untracked 
|   3|0x0000000080300000, 0x0000000080400000, 0x0000000080400000|100%|HS|  |TAMS 0x0000000080400000, 0x0000000080300000| Complete 
|   4|0x0000000080400000, 0x0000000080500000, 0x0000000080500000|100%|HC|  |TAMS 0x0000000080500000, 0x0000000080400000| Complete 
|   5|0x0000000080500000, 0x0000000080600000, 0x0000000080600000|100%|HC|  |TAMS 0x0000000080600000, 0x0000000080500000| Complete 
|   6|0x0000000080600000, 0x0000000080700000, 0x0000000080700000|100%| O|  |TAMS 0x0000000080700000, 0x0000000080600000| Untracked 
|   7|0x0000000080700000, 0x0000000080800000, 0x0000000080800000|100%| O|  |TAMS 0x0000000080800000, 0x0000000080700000| Untracked 
|   8|0x0000000080800000, 0x0000000080900000, 0x0000000080900000|100%| O|  |TAMS 0x0000000080900000, 0x0000000080800000| Untracked 
|   9|0x0000000080900000, 0x0000000080a00000, 0x0000000080a00000|100%| O|  |TAMS 0x0000000080a00000, 0x0000000080900000| Untracked 
|  10|0x0000000080a00000, 0x0000000080b00000, 0x0000000080b00000|100%| O|  |TAMS 0x0000000080b00000, 0x0000000080a00000| Untracked 
|  11|0x0000000080b00000, 0x0000000080c00000, 0x0000000080c00000|100%| O|  |TAMS 0x0000000080c00000, 0x0000000080b00000| Untracked 
|  12|0x0000000080c00000, 0x0000000080d00000, 0x0000000080d00000|100%| O|  |TAMS 0x0000000080d00000, 0x0000000080c00000| Untracked 
|  13|0x0000000080d00000, 0x0000000080e00000, 0x0000000080e00000|100%| O|  |TAMS 0x0000000080e00000, 0x0000000080d00000| Untracked 
|  14|0x0000000080e00000, 0x0000000080f00000, 0x0000000080f00000|100%| O|  |TAMS 0x0000000080f00000, 0x0000000080e00000| Untracked 
|  15|0x0000000080f00000, 0x0000000081000000, 0x0000000081000000|100%| O|  |TAMS 0x0000000081000000, 0x0000000080f00000| Untracked 
|  16|0x0000000081000000, 0x0000000081100000, 0x0000000081100000|100%| O|  |TAMS 0x0000000081100000, 0x0000000081000000| Untracked 
|  17|0x0000000081100000, 0x0000000081200000, 0x0000000081200000|100%|HS|  |TAMS 0x0000000081200000, 0x0000000081100000| Complete 
|  18|0x0000000081200000, 0x0000000081300000, 0x0000000081300000|100%|HC|  |TAMS 0x0000000081300000, 0x0000000081200000| Complete 
|  19|0x0000000081300000, 0x0000000081400000, 0x0000000081400000|100%|HS|  |TAMS 0x0000000081400000, 0x0000000081300000| Complete 
|  20|0x0000000081400000, 0x0000000081500000, 0x0000000081500000|100%|HC|  |TAMS 0x0000000081500000, 0x0000000081400000| Complete 
|  21|0x0000000081500000, 0x0000000081600000, 0x0000000081600000|100%|HC|  |TAMS 0x0000000081600000, 0x0000000081500000| Complete 
|  22|0x0000000081600000, 0x0000000081700000, 0x0000000081700000|100%|HS|  |TAMS 0x0000000081700000, 0x0000000081600000| Complete 
|  23|0x0000000081700000, 0x0000000081800000, 0x0000000081800000|100%|HS|  |TAMS 0x0000000081800000, 0x0000000081700000| Complete 
|  24|0x0000000081800000, 0x0000000081900000, 0x0000000081900000|100%|HC|  |TAMS 0x0000000081900000, 0x0000000081800000| Complete 
|  25|0x0000000081900000, 0x0000000081a00000, 0x0000000081a00000|100%|HC|  |TAMS 0x0000000081a00000, 0x0000000081900000| Complete 
|  26|0x0000000081a00000, 0x0000000081b00000, 0x0000000081b00000|100%|HC|  |TAMS 0x0000000081b00000, 0x0000000081a00000| Complete 
|  27|0x0000000081b00000, 0x0000000081c00000, 0x0000000081c00000|100%| O|  |TAMS 0x0000000081c00000, 0x0000000081b00000| Untracked 
|  28|0x0000000081c00000, 0x0000000081d00000, 0x0000000081d00000|100%| O|  |TAMS 0x0000000081d00000, 0x0000000081c00000| Untracked 
|  29|0x0000000081d00000, 0x0000000081e00000, 0x0000000081e00000|100%| O|  |TAMS 0x0000000081e00000, 0x0000000081d00000| Untracked 
|  30|0x0000000081e00000, 0x0000000081f00000, 0x0000000081f00000|100%| O|  |TAMS 0x0000000081f00000, 0x0000000081e00000| Untracked 
|  31|0x0000000081f00000, 0x0000000082000000, 0x0000000082000000|100%| O|  |TAMS 0x0000000082000000, 0x0000000081f00000| Untracked 
|  32|0x0000000082000000, 0x0000000082100000, 0x0000000082100000|100%| O|  |TAMS 0x0000000082100000, 0x0000000082000000| Untracked 
|  33|0x0000000082100000, 0x0000000082200000, 0x0000000082200000|100%| O|  |TAMS 0x0000000082200000, 0x0000000082100000| Untracked 
|  34|0x0000000082200000, 0x0000000082300000, 0x0000000082300000|100%| O|  |TAMS 0x0000000082300000, 0x0000000082200000| Untracked 
|  35|0x0000000082300000, 0x0000000082400000, 0x0000000082400000|100%|HS|  |TAMS 0x0000000082400000, 0x0000000082300000| Complete 
|  36|0x0000000082400000, 0x0000000082500000, 0x0000000082500000|100%|HS|  |TAMS 0x0000000082500000, 0x0000000082400000| Complete 
|  37|0x0000000082500000, 0x0000000082600000, 0x0000000082600000|100%|HC|  |TAMS 0x0000000082600000, 0x0000000082500000| Complete 
|  38|0x0000000082600000, 0x0000000082700000, 0x0000000082700000|100%|HC|  |TAMS 0x0000000082700000, 0x0000000082600000| Complete 
|  39|0x0000000082700000, 0x0000000082800000, 0x0000000082800000|100%| O|  |TAMS 0x0000000082800000, 0x0000000082700000| Untracked 
|  40|0x0000000082800000, 0x0000000082900000, 0x0000000082900000|100%| O|  |TAMS 0x0000000082900000, 0x0000000082800000| Untracked 
|  41|0x0000000082900000, 0x0000000082a00000, 0x0000000082a00000|100%| O|  |TAMS 0x0000000082a00000, 0x0000000082900000| Untracked 
|  42|0x0000000082a00000, 0x0000000082b00000, 0x0000000082b00000|100%| O|  |TAMS 0x0000000082b00000, 0x0000000082a00000| Untracked 
|  43|0x0000000082b00000, 0x0000000082c00000, 0x0000000082c00000|100%| O|  |TAMS 0x0000000082c00000, 0x0000000082b00000| Untracked 
|  44|0x0000000082c00000, 0x0000000082d00000, 0x0000000082d00000|100%| O|  |TAMS 0x0000000082d00000, 0x0000000082c00000| Untracked 
|  45|0x0000000082d00000, 0x0000000082e00000, 0x0000000082e00000|100%| O|  |TAMS 0x0000000082e00000, 0x0000000082d00000| Untracked 
|  46|0x0000000082e00000, 0x0000000082f00000, 0x0000000082f00000|100%| O|  |TAMS 0x0000000082f00000, 0x0000000082e00000| Untracked 
|  47|0x0000000082f00000, 0x0000000083000000, 0x0000000083000000|100%| O|  |TAMS 0x0000000083000000, 0x0000000082f00000| Untracked 
|  48|0x0000000083000000, 0x0000000083100000, 0x0000000083100000|100%|HS|  |TAMS 0x0000000083100000, 0x0000000083000000| Complete 
|  49|0x0000000083100000, 0x0000000083200000, 0x0000000083200000|100%|HC|  |TAMS 0x0000000083200000, 0x0000000083100000| Complete 
|  50|0x0000000083200000, 0x0000000083300000, 0x0000000083300000|100%|HC|  |TAMS 0x0000000083300000, 0x0000000083200000| Complete 
|  51|0x0000000083300000, 0x0000000083400000, 0x0000000083400000|100%|HC|  |TAMS 0x0000000083400000, 0x0000000083300000| Complete 
|  52|0x0000000083400000, 0x0000000083500000, 0x0000000083500000|100%| O|  |TAMS 0x0000000083500000, 0x0000000083400000| Untracked 
|  53|0x0000000083500000, 0x0000000083600000, 0x0000000083600000|100%| O|  |TAMS 0x0000000083600000, 0x0000000083500000| Untracked 
|  54|0x0000000083600000, 0x0000000083700000, 0x0000000083700000|100%| O|  |TAMS 0x0000000083700000, 0x0000000083600000| Untracked 
|  55|0x0000000083700000, 0x0000000083800000, 0x0000000083800000|100%|HS|  |TAMS 0x0000000083800000, 0x0000000083700000| Complete 
|  56|0x0000000083800000, 0x0000000083900000, 0x0000000083900000|100%| O|  |TAMS 0x0000000083900000, 0x0000000083800000| Untracked 
|  57|0x0000000083900000, 0x0000000083a00000, 0x0000000083a00000|100%| O|  |TAMS 0x0000000083a00000, 0x0000000083900000| Untracked 
|  58|0x0000000083a00000, 0x0000000083b00000, 0x0000000083b00000|100%| O|  |TAMS 0x0000000083b00000, 0x0000000083a00000| Untracked 
|  59|0x0000000083b00000, 0x0000000083c00000, 0x0000000083c00000|100%|HS|  |TAMS 0x0000000083c00000, 0x0000000083b00000| Complete 
|  60|0x0000000083c00000, 0x0000000083d00000, 0x0000000083d00000|100%| O|  |TAMS 0x0000000083d00000, 0x0000000083c00000| Untracked 
|  61|0x0000000083d00000, 0x0000000083dd6e00, 0x0000000083e00000| 83%| O|  |TAMS 0x0000000083dd6e00, 0x0000000083d00000| Untracked 
|  62|0x0000000083e00000, 0x0000000083f00000, 0x0000000083f00000|100%|HS|  |TAMS 0x0000000083e00000, 0x0000000083e00000| Complete 
|  63|0x0000000083f00000, 0x0000000084000000, 0x0000000084000000|100%|HC|  |TAMS 0x0000000083f00000, 0x0000000083f00000| Complete 
|  64|0x0000000084000000, 0x0000000084000000, 0x0000000084100000|  0%| F|  |TAMS 0x0000000084000000, 0x0000000084000000| Untracked 
|  65|0x0000000084100000, 0x0000000084100000, 0x0000000084200000|  0%| F|  |TAMS 0x0000000084100000, 0x0000000084100000| Untracked 
|  66|0x0000000084200000, 0x0000000084200000, 0x0000000084300000|  0%| F|  |TAMS 0x0000000084200000, 0x0000000084200000| Untracked 
|  67|0x0000000084300000, 0x0000000084300000, 0x0000000084400000|  0%| F|  |TAMS 0x0000000084300000, 0x0000000084300000| Untracked 
|  68|0x0000000084400000, 0x0000000084400000, 0x0000000084500000|  0%| F|  |TAMS 0x0000000084400000, 0x0000000084400000| Untracked 
|  69|0x0000000084500000, 0x0000000084500000, 0x0000000084600000|  0%| F|  |TAMS 0x0000000084500000, 0x0000000084500000| Untracked 
|  70|0x0000000084600000, 0x0000000084600000, 0x0000000084700000|  0%| F|  |TAMS 0x0000000084600000, 0x0000000084600000| Untracked 
|  71|0x0000000084700000, 0x0000000084700000, 0x0000000084800000|  0%| F|  |TAMS 0x0000000084700000, 0x0000000084700000| Untracked 
|  72|0x0000000084800000, 0x0000000084800000, 0x0000000084900000|  0%| F|  |TAMS 0x0000000084800000, 0x0000000084800000| Untracked 
|  73|0x0000000084900000, 0x0000000084900000, 0x0000000084a00000|  0%| F|  |TAMS 0x0000000084900000, 0x0000000084900000| Untracked 
|  74|0x0000000084a00000, 0x0000000084a00000, 0x0000000084b00000|  0%| F|  |TAMS 0x0000000084a00000, 0x0000000084a00000| Untracked 
|  75|0x0000000084b00000, 0x0000000084b00000, 0x0000000084c00000|  0%| F|  |TAMS 0x0000000084b00000, 0x0000000084b00000| Untracked 
|  76|0x0000000084c00000, 0x0000000084c00000, 0x0000000084d00000|  0%| F|  |TAMS 0x0000000084c00000, 0x0000000084c00000| Untracked 
|  77|0x0000000084d00000, 0x0000000084d00000, 0x0000000084e00000|  0%| F|  |TAMS 0x0000000084d00000, 0x0000000084d00000| Untracked 
|  78|0x0000000084e00000, 0x0000000084e00000, 0x0000000084f00000|  0%| F|  |TAMS 0x0000000084e00000, 0x0000000084e00000| Untracked 
|  79|0x0000000084f00000, 0x0000000084f00000, 0x0000000085000000|  0%| F|  |TAMS 0x0000000084f00000, 0x0000000084f00000| Untracked 
|  80|0x0000000085000000, 0x0000000085000000, 0x0000000085100000|  0%| F|  |TAMS 0x0000000085000000, 0x0000000085000000| Untracked 
|  81|0x0000000085100000, 0x0000000085100000, 0x0000000085200000|  0%| F|  |TAMS 0x0000000085100000, 0x0000000085100000| Untracked 
|  82|0x0000000085200000, 0x0000000085200000, 0x0000000085300000|  0%| F|  |TAMS 0x0000000085200000, 0x0000000085200000| Untracked 
|  83|0x0000000085300000, 0x0000000085300000, 0x0000000085400000|  0%| F|  |TAMS 0x0000000085300000, 0x0000000085300000| Untracked 
|  84|0x0000000085400000, 0x0000000085400000, 0x0000000085500000|  0%| F|  |TAMS 0x0000000085400000, 0x0000000085400000| Untracked 
|  85|0x0000000085500000, 0x0000000085500000, 0x0000000085600000|  0%| F|  |TAMS 0x0000000085500000, 0x0000000085500000| Untracked 
|  86|0x0000000085600000, 0x0000000085600000, 0x0000000085700000|  0%| F|  |TAMS 0x0000000085600000, 0x0000000085600000| Untracked 
|  87|0x0000000085700000, 0x0000000085700000, 0x0000000085800000|  0%| F|  |TAMS 0x0000000085700000, 0x0000000085700000| Untracked 
|  88|0x0000000085800000, 0x0000000085800000, 0x0000000085900000|  0%| F|  |TAMS 0x0000000085800000, 0x0000000085800000| Untracked 
|  89|0x0000000085900000, 0x0000000085900000, 0x0000000085a00000|  0%| F|  |TAMS 0x0000000085900000, 0x0000000085900000| Untracked 
|  90|0x0000000085a00000, 0x0000000085a00000, 0x0000000085b00000|  0%| F|  |TAMS 0x0000000085a00000, 0x0000000085a00000| Untracked 
|  91|0x0000000085b00000, 0x0000000085b00000, 0x0000000085c00000|  0%| F|  |TAMS 0x0000000085b00000, 0x0000000085b00000| Untracked 
|  92|0x0000000085c00000, 0x0000000085c00000, 0x0000000085d00000|  0%| F|  |TAMS 0x0000000085c00000, 0x0000000085c00000| Untracked 
|  93|0x0000000085d00000, 0x0000000085d00000, 0x0000000085e00000|  0%| F|  |TAMS 0x0000000085d00000, 0x0000000085d00000| Untracked 
|  94|0x0000000085e00000, 0x0000000085e00000, 0x0000000085f00000|  0%| F|  |TAMS 0x0000000085e00000, 0x0000000085e00000| Untracked 
|  95|0x0000000085f00000, 0x0000000085f00000, 0x0000000086000000|  0%| F|  |TAMS 0x0000000085f00000, 0x0000000085f00000| Untracked 
|  96|0x0000000086000000, 0x0000000086000000, 0x0000000086100000|  0%| F|  |TAMS 0x0000000086000000, 0x0000000086000000| Untracked 
|  97|0x0000000086100000, 0x0000000086100000, 0x0000000086200000|  0%| F|  |TAMS 0x0000000086100000, 0x0000000086100000| Untracked 
|  98|0x0000000086200000, 0x0000000086200000, 0x0000000086300000|  0%| F|  |TAMS 0x0000000086200000, 0x0000000086200000| Untracked 
|  99|0x0000000086300000, 0x0000000086300000, 0x0000000086400000|  0%| F|  |TAMS 0x0000000086300000, 0x0000000086300000| Untracked 
| 100|0x0000000086400000, 0x0000000086400000, 0x0000000086500000|  0%| F|  |TAMS 0x0000000086400000, 0x0000000086400000| Untracked 
| 101|0x0000000086500000, 0x0000000086500000, 0x0000000086600000|  0%| F|  |TAMS 0x0000000086500000, 0x0000000086500000| Untracked 
| 102|0x0000000086600000, 0x0000000086672158, 0x0000000086700000| 44%| E|  |TAMS 0x0000000086600000, 0x0000000086600000| Complete 
| 103|0x0000000086700000, 0x0000000086800000, 0x0000000086800000|100%| E|CS|TAMS 0x0000000086700000, 0x0000000086700000| Complete 
| 104|0x0000000086800000, 0x0000000086900000, 0x0000000086900000|100%| E|CS|TAMS 0x0000000086800000, 0x0000000086800000| Complete 
| 105|0x0000000086900000, 0x0000000086a00000, 0x0000000086a00000|100%| E|CS|TAMS 0x0000000086900000, 0x0000000086900000| Complete 
| 106|0x0000000086a00000, 0x0000000086b00000, 0x0000000086b00000|100%| E|CS|TAMS 0x0000000086a00000, 0x0000000086a00000| Complete 
| 107|0x0000000086b00000, 0x0000000086c00000, 0x0000000086c00000|100%| E|CS|TAMS 0x0000000086b00000, 0x0000000086b00000| Complete 
| 108|0x0000000086c00000, 0x0000000086d00000, 0x0000000086d00000|100%| E|CS|TAMS 0x0000000086c00000, 0x0000000086c00000| Complete 
| 109|0x0000000086d00000, 0x0000000086e00000, 0x0000000086e00000|100%| E|CS|TAMS 0x0000000086d00000, 0x0000000086d00000| Complete 
| 110|0x0000000086e00000, 0x0000000086f00000, 0x0000000086f00000|100%| E|CS|TAMS 0x0000000086e00000, 0x0000000086e00000| Complete 
| 111|0x0000000086f00000, 0x0000000087000000, 0x0000000087000000|100%| E|CS|TAMS 0x0000000086f00000, 0x0000000086f00000| Complete 
| 112|0x0000000087000000, 0x0000000087100000, 0x0000000087100000|100%| E|CS|TAMS 0x0000000087000000, 0x0000000087000000| Complete 
| 113|0x0000000087100000, 0x0000000087200000, 0x0000000087200000|100%| S|CS|TAMS 0x0000000087100000, 0x0000000087100000| Complete 
| 114|0x0000000087200000, 0x0000000087300000, 0x0000000087300000|100%| S|CS|TAMS 0x0000000087200000, 0x0000000087200000| Complete 
| 115|0x0000000087300000, 0x0000000087400000, 0x0000000087400000|100%| S|CS|TAMS 0x0000000087300000, 0x0000000087300000| Complete 
| 116|0x0000000087400000, 0x0000000087500000, 0x0000000087500000|100%| S|CS|TAMS 0x0000000087400000, 0x0000000087400000| Complete 
| 117|0x0000000087500000, 0x0000000087600000, 0x0000000087600000|100%| S|CS|TAMS 0x0000000087500000, 0x0000000087500000| Complete 
| 118|0x0000000087600000, 0x0000000087700000, 0x0000000087700000|100%| E|CS|TAMS 0x0000000087600000, 0x0000000087600000| Complete 
| 119|0x0000000087700000, 0x0000000087800000, 0x0000000087800000|100%| E|CS|TAMS 0x0000000087700000, 0x0000000087700000| Complete 
| 120|0x0000000087800000, 0x0000000087900000, 0x0000000087900000|100%| E|CS|TAMS 0x0000000087800000, 0x0000000087800000| Complete 
| 121|0x0000000087900000, 0x0000000087a00000, 0x0000000087a00000|100%| E|CS|TAMS 0x0000000087900000, 0x0000000087900000| Complete 
| 122|0x0000000087a00000, 0x0000000087b00000, 0x0000000087b00000|100%| E|CS|TAMS 0x0000000087a00000, 0x0000000087a00000| Complete 
| 123|0x0000000087b00000, 0x0000000087c00000, 0x0000000087c00000|100%| E|CS|TAMS 0x0000000087b00000, 0x0000000087b00000| Complete 

Card table byte_map: [0x0000016773c20000,0x0000016774020000] _byte_map_base: 0x0000016773820000

Marking Bits (Prev, Next): (CMBitMap*) 0x0000016760a22ba8, (CMBitMap*) 0x0000016760a22be0
 Prev Bits: [0x0000016774420000, 0x0000016776420000)
 Next Bits: [0x0000016776420000, 0x0000016778420000)

Polling page: 0x00000167601c0000

Metaspace:

Usage:
  Non-class:     46.17 MB capacity,    45.23 MB ( 98%) used,   826.02 KB (  2%) free+waste,   144.31 KB ( <1%) overhead. 
      Class:      7.30 MB capacity,     6.72 MB ( 92%) used,   520.95 KB (  7%) free+waste,    69.94 KB ( <1%) overhead. 
       Both:     53.47 MB capacity,    51.95 MB ( 97%) used,     1.32 MB (  2%) free+waste,   214.25 KB ( <1%) overhead. 

Virtual space:
  Non-class space:       48.00 MB reserved,      46.25 MB ( 96%) committed 
      Class space:        1.00 GB reserved,       7.32 MB ( <1%) committed 
             Both:        1.05 GB reserved,      53.57 MB (  5%) committed 

Chunk freelists:
   Non-Class:  14.00 KB
       Class:  13.00 KB
        Both:  27.00 KB

MaxMetaspaceSize: 17179869184.00 GB
CompressedClassSpaceSize: 1.00 GB
Initial GC threshold: 20.80 MB
Current GC threshold: 86.79 MB
CDS: off

CodeHeap 'non-profiled nmethods': size=120000Kb used=2995Kb max_used=2995Kb free=117004Kb
 bounds [0x000001676bfc0000, 0x000001676c2b0000, 0x00000167734f0000]
CodeHeap 'profiled nmethods': size=120000Kb used=11643Kb max_used=11643Kb free=108357Kb
 bounds [0x0000016764a90000, 0x00000167655f0000, 0x000001676bfc0000]
CodeHeap 'non-nmethods': size=5760Kb used=2315Kb max_used=2374Kb free=3444Kb
 bounds [0x00000167644f0000, 0x0000016764760000, 0x0000016764a90000]
 total_blobs=6426 nmethods=5624 adapters=714
 compilation: enabled
              stopped_count=0, restarted_count=0
 full_count=0

Compilation events (20 events):
Event: 6.426 Thread 0x000001677b746800 5629       3       java.nio.HeapByteBuffer::getInt (25 bytes)
Event: 6.426 Thread 0x000001677b746800 nmethod 5629 0x00000167655e7090 code [0x00000167655e7280, 0x00000167655e7748]
Event: 6.427 Thread 0x000001677b746800 5630       3       java.lang.AbstractStringBuilder::append (60 bytes)
Event: 6.428 Thread 0x000001677b746800 nmethod 5630 0x00000167655e7910 code [0x00000167655e7b00, 0x00000167655e7e38]
Event: 6.428 Thread 0x000001677b746800 5631       3       java.lang.System$2::createOrGetClassLoaderValueMap (5 bytes)
Event: 6.428 Thread 0x000001677b746800 nmethod 5631 0x00000167655e7f90 code [0x00000167655e8140, 0x00000167655e82e8]
Event: 6.433 Thread 0x000001677b746800 5632       3       com.google.common.collect.MapMakerInternalMap$StrongKeyWeakValueEntry$Helper::setValue (14 bytes)
Event: 6.434 Thread 0x000001677b746800 nmethod 5632 0x00000167655e8390 code [0x00000167655e85a0, 0x00000167655e8c58]
Event: 6.434 Thread 0x000001677b746800 5633       3       com.google.common.collect.MapMakerInternalMap$StrongKeyWeakValueEntry$Helper::setValue (10 bytes)
Event: 6.434 Thread 0x000001677b746800 nmethod 5633 0x00000167655e8f10 code [0x00000167655e9100, 0x00000167655e9598]
Event: 6.434 Thread 0x000001677b746800 5634       3       com.google.common.collect.MapMakerInternalMap$StrongKeyWeakValueEntry::setValue (26 bytes)
Event: 6.434 Thread 0x000001677b746800 nmethod 5634 0x00000167655e9810 code [0x00000167655e9a00, 0x00000167655e9f68]
Event: 6.434 Thread 0x000001677b746800 5635       3       com.google.common.collect.MapMakerInternalMap$1::clear (1 bytes)
Event: 6.435 Thread 0x000001677b746800 nmethod 5635 0x00000167655ea110 code [0x00000167655ea2c0, 0x00000167655ea3b8]
Event: 6.435 Thread 0x000001677b746800 5636       3       org.gradle.internal.instantiation.generator.AsmBackedClassGenerator$ObjectCreationDetails::<init> (26 bytes)
Event: 6.435 Thread 0x000001677b746800 nmethod 5636 0x00000167655ea490 code [0x00000167655ea660, 0x00000167655ea938]
Event: 6.480 Thread 0x000001677b746800 5638       3       java.security.ProtectionDomain$Key::<init> (10 bytes)
Event: 6.480 Thread 0x000001677b746800 nmethod 5638 0x00000167655eaa10 code [0x00000167655eabc0, 0x00000167655ead78]
Event: 6.483 Thread 0x000001677b746800 5639       3       java.security.ProtectionDomain::<init> (99 bytes)
Event: 6.483 Thread 0x000001677b746800 nmethod 5639 0x00000167655eae10 code [0x00000167655eb040, 0x00000167655ebb28]

GC Heap History (20 events):
Event: 3.309 GC heap before
{Heap before GC invocations=4 (full 0):
 garbage-first heap   total 126976K, used 66076K [0x0000000080000000, 0x0000000100000000)
  region size 1024K, 50 young (51200K), 2 survivors (2048K)
 Metaspace       used 25743K, capacity 26384K, committed 26624K, reserved 1073152K
  class space    used 3313K, capacity 3537K, committed 3584K, reserved 1048576K
}
Event: 3.312 GC heap after
{Heap after GC invocations=5 (full 0):
 garbage-first heap   total 126976K, used 19587K [0x0000000080000000, 0x0000000100000000)
  region size 1024K, 3 young (3072K), 3 survivors (3072K)
 Metaspace       used 25743K, capacity 26384K, committed 26624K, reserved 1073152K
  class space    used 3313K, capacity 3537K, committed 3584K, reserved 1048576K
}
Event: 3.817 GC heap before
{Heap before GC invocations=5 (full 0):
 garbage-first heap   total 126976K, used 85123K [0x0000000080000000, 0x0000000100000000)
  region size 1024K, 57 young (58368K), 3 survivors (3072K)
 Metaspace       used 30630K, capacity 31514K, committed 31616K, reserved 1077248K
  class space    used 4080K, capacity 4395K, committed 4480K, reserved 1048576K
}
Event: 3.820 GC heap after
{Heap after GC invocations=6 (full 0):
 garbage-first heap   total 126976K, used 35305K [0x0000000080000000, 0x0000000100000000)
  region size 1024K, 8 young (8192K), 8 survivors (8192K)
 Metaspace       used 30630K, capacity 31514K, committed 31616K, reserved 1077248K
  class space    used 4080K, capacity 4395K, committed 4480K, reserved 1048576K
}
Event: 4.133 GC heap before
{Heap before GC invocations=6 (full 0):
 garbage-first heap   total 126976K, used 65001K [0x0000000080000000, 0x0000000100000000)
  region size 1024K, 38 young (38912K), 8 survivors (8192K)
 Metaspace       used 34818K, capacity 35797K, committed 35840K, reserved 1081344K
  class space    used 4646K, capacity 4991K, committed 4992K, reserved 1048576K
}
Event: 4.144 GC heap after
{Heap after GC invocations=7 (full 0):
 garbage-first heap   total 126976K, used 36977K [0x0000000080000000, 0x0000000100000000)
  region size 1024K, 2 young (2048K), 2 survivors (2048K)
 Metaspace       used 34818K, capacity 35797K, committed 35840K, reserved 1081344K
  class space    used 4646K, capacity 4991K, committed 4992K, reserved 1048576K
}
Event: 4.594 GC heap before
{Heap before GC invocations=8 (full 0):
 garbage-first heap   total 126976K, used 84081K [0x0000000080000000, 0x0000000100000000)
  region size 1024K, 46 young (47104K), 2 survivors (2048K)
 Metaspace       used 40796K, capacity 41845K, committed 41932K, reserved 1085440K
  class space    used 5192K, capacity 5577K, committed 5580K, reserved 1048576K
}
Event: 4.598 GC heap after
{Heap after GC invocations=9 (full 0):
 garbage-first heap   total 126976K, used 41012K [0x0000000080000000, 0x0000000100000000)
  region size 1024K, 6 young (6144K), 6 survivors (6144K)
 Metaspace       used 40796K, capacity 41845K, committed 41932K, reserved 1085440K
  class space    used 5192K, capacity 5577K, committed 5580K, reserved 1048576K
}
Event: 5.036 GC heap before
{Heap before GC invocations=9 (full 0):
 garbage-first heap   total 126976K, used 90164K [0x0000000080000000, 0x0000000100000000)
  region size 1024K, 50 young (51200K), 6 survivors (6144K)
 Metaspace       used 44269K, capacity 45395K, committed 45644K, reserved 1089536K
  class space    used 5704K, capacity 6134K, committed 6220K, reserved 1048576K
}
Event: 5.041 GC heap after
{Heap after GC invocations=10 (full 0):
 garbage-first heap   total 126976K, used 48057K [0x0000000080000000, 0x0000000100000000)
  region size 1024K, 4 young (4096K), 4 survivors (4096K)
 Metaspace       used 44269K, capacity 45395K, committed 45644K, reserved 1089536K
  class space    used 5704K, capacity 6134K, committed 6220K, reserved 1048576K
}
Event: 5.373 GC heap before
{Heap before GC invocations=10 (full 0):
 garbage-first heap   total 126976K, used 91065K [0x0000000080000000, 0x0000000100000000)
  region size 1024K, 46 young (47104K), 4 survivors (4096K)
 Metaspace       used 46629K, capacity 47801K, committed 47948K, reserved 1091584K
  class space    used 5923K, capacity 6376K, committed 6476K, reserved 1048576K
}
Event: 5.378 GC heap after
{Heap after GC invocations=11 (full 0):
 garbage-first heap   total 126976K, used 51803K [0x0000000080000000, 0x0000000100000000)
  region size 1024K, 4 young (4096K), 4 survivors (4096K)
 Metaspace       used 46629K, capacity 47801K, committed 47948K, reserved 1091584K
  class space    used 5923K, capacity 6376K, committed 6476K, reserved 1048576K
}
Event: 5.750 GC heap before
{Heap before GC invocations=11 (full 0):
 garbage-first heap   total 126976K, used 98907K [0x0000000080000000, 0x0000000100000000)
  region size 1024K, 46 young (47104K), 4 survivors (4096K)
 Metaspace       used 49465K, capacity 50941K, committed 51020K, reserved 1093632K
  class space    used 6405K, capacity 6957K, committed 6988K, reserved 1048576K
}
Event: 5.755 GC heap after
{Heap after GC invocations=12 (full 0):
 garbage-first heap   total 126976K, used 58805K [0x0000000080000000, 0x0000000100000000)
  region size 1024K, 4 young (4096K), 4 survivors (4096K)
 Metaspace       used 49465K, capacity 50941K, committed 51020K, reserved 1093632K
  class space    used 6405K, capacity 6957K, committed 6988K, reserved 1048576K
}
Event: 6.119 GC heap before
{Heap before GC invocations=12 (full 0):
 garbage-first heap   total 126976K, used 96693K [0x0000000080000000, 0x0000000100000000)
  region size 1024K, 42 young (43008K), 4 survivors (4096K)
 Metaspace       used 51354K, capacity 52942K, committed 53068K, reserved 1095680K
  class space    used 6638K, capacity 7193K, committed 7244K, reserved 1048576K
}
Event: 6.123 GC heap after
{Heap after GC invocations=13 (full 0):
 garbage-first heap   total 126976K, used 60775K [0x0000000080000000, 0x0000000100000000)
  region size 1024K, 5 young (5120K), 5 survivors (5120K)
 Metaspace       used 51354K, capacity 52942K, committed 53068K, reserved 1095680K
  class space    used 6638K, capacity 7193K, committed 7244K, reserved 1048576K
}
Event: 6.274 GC heap before
{Heap before GC invocations=13 (full 0):
 garbage-first heap   total 126976K, used 74087K [0x0000000080000000, 0x0000000100000000)
  region size 1024K, 19 young (19456K), 5 survivors (5120K)
 Metaspace       used 51710K, capacity 53271K, committed 53324K, reserved 1095680K
  class space    used 6674K, capacity 7234K, committed 7244K, reserved 1048576K
}
Event: 6.283 GC heap after
{Heap after GC invocations=14 (full 0):
 garbage-first heap   total 126976K, used 64152K [0x0000000080000000, 0x0000000100000000)
  region size 1024K, 5 young (5120K), 5 survivors (5120K)
 Metaspace       used 51710K, capacity 53271K, committed 53324K, reserved 1095680K
  class space    used 6674K, capacity 7234K, committed 7244K, reserved 1048576K
}
Event: 6.351 GC heap before
{Heap before GC invocations=15 (full 0):
 garbage-first heap   total 126976K, used 70296K [0x0000000080000000, 0x0000000100000000)
  region size 1024K, 11 young (11264K), 5 survivors (5120K)
 Metaspace       used 51710K, capacity 53259K, committed 53324K, reserved 1095680K
  class space    used 6672K, capacity 7230K, committed 7244K, reserved 1048576K
}
Event: 6.356 GC heap after
{Heap after GC invocations=16 (full 0):
 garbage-first heap   total 126976K, used 68443K [0x0000000080000000, 0x0000000100000000)
  region size 1024K, 5 young (5120K), 5 survivors (5120K)
 Metaspace       used 51710K, capacity 53259K, committed 53324K, reserved 1095680K
  class space    used 6672K, capacity 7230K, committed 7244K, reserved 1048576K
}

Deoptimization events (20 events):
Event: 6.143 Thread 0x000001677e63b000 DEOPT PACKING pc=0x0000016764da7bfa sp=0x00000017808fdf40
Event: 6.143 Thread 0x000001677e63b000 DEOPT UNPACKING pc=0x0000016764539d0e sp=0x00000017808fd378 mode 0
Event: 6.172 Thread 0x000001677ef37000 DEOPT PACKING pc=0x00000167651e2574 sp=0x00000017813fe9c0
Event: 6.172 Thread 0x000001677ef37000 DEOPT UNPACKING pc=0x0000016764539d0e sp=0x00000017813fdf60 mode 0
Event: 6.226 Thread 0x000001677e4b5800 DEOPT PACKING pc=0x0000016765400ef1 sp=0x00000017ffaf90f0
Event: 6.226 Thread 0x000001677e4b5800 DEOPT UNPACKING pc=0x0000016764539d0e sp=0x00000017ffaf85e8 mode 0
Event: 6.227 Thread 0x000001677e4b5800 DEOPT PACKING pc=0x0000016764b27fb4 sp=0x00000017ffaf9130
Event: 6.227 Thread 0x000001677e4b5800 DEOPT UNPACKING pc=0x0000016764539d0e sp=0x00000017ffaf8680 mode 0
Event: 6.231 Thread 0x000001677e4b5800 DEOPT PACKING pc=0x0000016765400ef1 sp=0x00000017ffaf90f0
Event: 6.231 Thread 0x000001677e4b5800 DEOPT UNPACKING pc=0x0000016764539d0e sp=0x00000017ffaf85e8 mode 0
Event: 6.285 Thread 0x000001677e4b5800 Uncommon trap: trap_request=0xffffff4d fr.pc=0x000001676c02f778 relative=0x00000000000012f8
Event: 6.285 Thread 0x000001677e4b5800 Uncommon trap: reason=unstable_if action=reinterpret pc=0x000001676c02f778 method=java.util.jar.JarFile.checkForSpecialAttributes()V @ 53 c2
Event: 6.285 Thread 0x000001677e4b5800 DEOPT PACKING pc=0x000001676c02f778 sp=0x00000017ffaefcc0
Event: 6.285 Thread 0x000001677e4b5800 DEOPT UNPACKING pc=0x00000167644f85af sp=0x00000017ffaefc80 mode 2
Event: 6.309 Thread 0x000001677e4b5800 Uncommon trap: trap_request=0xffffff4d fr.pc=0x000001676c0331ec relative=0x000000000000154c
Event: 6.309 Thread 0x000001677e4b5800 Uncommon trap: reason=unstable_if action=reinterpret pc=0x000001676c0331ec method=java.util.jar.JarFile.checkForSpecialAttributes()V @ 53 c2
Event: 6.309 Thread 0x000001677e4b5800 DEOPT PACKING pc=0x000001676c0331ec sp=0x00000017ffaefd10
Event: 6.309 Thread 0x000001677e4b5800 DEOPT UNPACKING pc=0x00000167644f85af sp=0x00000017ffaefc08 mode 2
Event: 6.364 Thread 0x000001677e4b5800 DEOPT PACKING pc=0x0000016764cf3c17 sp=0x00000017ffaef6f0
Event: 6.364 Thread 0x000001677e4b5800 DEOPT UNPACKING pc=0x0000016764539d0e sp=0x00000017ffaeec78 mode 0

Classes redefined (0 events):
No events

Internal exceptions (20 events):
Event: 6.310 Thread 0x000001677e4b5800 Exception <a 'java/security/PrivilegedActionException'{0x0000000087ade2e8}> (0x0000000087ade2e8) thrown at [./src/hotspot/share/prims/jvm.cpp, line 1306]
Event: 6.310 Thread 0x000001677e4b5800 Exception <a 'java/security/PrivilegedActionException'{0x0000000087adf850}> (0x0000000087adf850) thrown at [./src/hotspot/share/prims/jvm.cpp, line 1306]
Event: 6.310 Thread 0x000001677e4b5800 Exception <a 'java/security/PrivilegedActionException'{0x0000000087ae29d0}> (0x0000000087ae29d0) thrown at [./src/hotspot/share/prims/jvm.cpp, line 1306]
Event: 6.310 Thread 0x000001677e4b5800 Exception <a 'java/security/PrivilegedActionException'{0x0000000087ae3f38}> (0x0000000087ae3f38) thrown at [./src/hotspot/share/prims/jvm.cpp, line 1306]
Event: 6.310 Thread 0x000001677e4b5800 Exception <a 'java/security/PrivilegedActionException'{0x0000000087ae7108}> (0x0000000087ae7108) thrown at [./src/hotspot/share/prims/jvm.cpp, line 1306]
Event: 6.310 Thread 0x000001677e4b5800 Exception <a 'java/security/PrivilegedActionException'{0x0000000087ae8670}> (0x0000000087ae8670) thrown at [./src/hotspot/share/prims/jvm.cpp, line 1306]
Event: 6.310 Thread 0x000001677e4b5800 Exception <a 'java/security/PrivilegedActionException'{0x0000000087aeb8a0}> (0x0000000087aeb8a0) thrown at [./src/hotspot/share/prims/jvm.cpp, line 1306]
Event: 6.311 Thread 0x000001677e4b5800 Exception <a 'java/security/PrivilegedActionException'{0x0000000087aece08}> (0x0000000087aece08) thrown at [./src/hotspot/share/prims/jvm.cpp, line 1306]
Event: 6.373 Thread 0x000001677e4b5800 Exception <a 'java/lang/ClassNotFoundException'{0x0000000087a2f2b0}: org/gradle/api/tasks/Delete_DecoratedBeanInfo> (0x0000000087a2f2b0) thrown at [./src/hotspot/share/classfile/systemDictionary.cpp, line 231]
Event: 6.374 Thread 0x000001677e4b5800 Exception <a 'java/lang/ClassNotFoundException'{0x0000000087a5a410}: org/gradle/api/tasks/DeleteBeanInfo> (0x0000000087a5a410) thrown at [./src/hotspot/share/classfile/systemDictionary.cpp, line 231]
Event: 6.375 Thread 0x000001677e4b5800 Exception <a 'java/lang/ClassNotFoundException'{0x0000000087a88720}: org/gradle/api/internal/ConventionTaskBeanInfo> (0x0000000087a88720) thrown at [./src/hotspot/share/classfile/systemDictionary.cpp, line 231]
Event: 6.376 Thread 0x000001677e4b5800 Exception <a 'java/lang/ClassNotFoundException'{0x0000000087ab2510}: org/gradle/api/DefaultTaskBeanInfo> (0x0000000087ab2510) thrown at [./src/hotspot/share/classfile/systemDictionary.cpp, line 231]
Event: 6.377 Thread 0x000001677e4b5800 Exception <a 'java/lang/ClassNotFoundException'{0x0000000087ae0048}: org/gradle/api/internal/AbstractTaskBeanInfo> (0x0000000087ae0048) thrown at [./src/hotspot/share/classfile/systemDictionary.cpp, line 231]
Event: 6.378 Thread 0x000001677e4b5800 Exception <a 'java/lang/ClassNotFoundException'{0x000000008790e7b0}: org/gradle/api/internal/AbstractTaskCustomizer> (0x000000008790e7b0) thrown at [./src/hotspot/share/classfile/systemDictionary.cpp, line 231]
Event: 6.381 Thread 0x000001677e4b5800 Exception <a 'java/lang/ClassNotFoundException'{0x0000000087983808}: org/gradle/api/DefaultTaskCustomizer> (0x0000000087983808) thrown at [./src/hotspot/share/classfile/systemDictionary.cpp, line 231]
Event: 6.384 Thread 0x000001677e4b5800 Exception <a 'java/lang/ClassNotFoundException'{0x00000000878072a8}: org/gradle/api/internal/ConventionTaskCustomizer> (0x00000000878072a8) thrown at [./src/hotspot/share/classfile/systemDictionary.cpp, line 231]
Event: 6.386 Thread 0x000001677e4b5800 Exception <a 'java/lang/ClassNotFoundException'{0x0000000087841ae0}: org/gradle/api/tasks/DeleteCustomizer> (0x0000000087841ae0) thrown at [./src/hotspot/share/classfile/systemDictionary.cpp, line 231]
Event: 6.387 Thread 0x000001677e4b5800 Exception <a 'java/lang/ClassNotFoundException'{0x0000000087883890}: org/gradle/api/tasks/Delete_DecoratedCustomizer> (0x0000000087883890) thrown at [./src/hotspot/share/classfile/systemDictionary.cpp, line 231]
Event: 6.416 Thread 0x000001677e4b5800 Exception <a 'java/lang/ClassNotFoundException'{0x00000000877c4a20}: build_e8hajt9xfy95ux4z7z46sx7d4BeanInfo> (0x00000000877c4a20) thrown at [./src/hotspot/share/classfile/systemDictionary.cpp, line 231]
Event: 6.417 Thread 0x000001677e4b5800 Exception <a 'java/lang/ClassNotFoundException'{0x00000000877d0720}: build_e8hajt9xfy95ux4z7z46sx7d4Customizer> (0x00000000877d0720) thrown at [./src/hotspot/share/classfile/systemDictionary.cpp, line 231]

Events (20 events):
Event: 6.483 loading class org/gradle/api/services/BuildServiceSpec
Event: 6.483 loading class org/gradle/api/services/BuildServiceSpec done
Event: 6.483 loading class kotlin/Unit
Event: 6.483 loading class kotlin/Unit done
Event: 6.483 loading class kotlin/Unit
Event: 6.483 loading class kotlin/Unit done
Event: 6.484 loading class org/gradle/api/artifacts/repositories/ArtifactRepository
Event: 6.484 loading class org/gradle/api/artifacts/repositories/ArtifactRepository done
Event: 6.484 loading class com/android/build/gradle/api/AndroidSourceSet
Event: 6.484 loading class com/android/build/gradle/api/AndroidSourceSet done
Event: 6.484 loading class com/android/build/api/dsl/AndroidSourceSet
Event: 6.484 loading class com/android/build/api/dsl/AndroidSourceSet done
Event: 6.484 loading class org/gradle/api/Named
Event: 6.484 loading class org/gradle/api/Named done
Event: 6.484 loading class com/android/build/gradle/internal/scope/BuildFeatureValues
Event: 6.484 loading class com/android/build/gradle/internal/scope/BuildFeatureValues done
Event: 6.484 loading class com/android/build/gradle/internal/variant/LegacyVariantInputManager
Event: 6.484 loading class com/android/build/gradle/internal/variant/LegacyVariantInputManager done
Event: 6.485 loading class com/android/build/gradle/internal/variant/AbstractVariantInputManager
Event: 6.485 loading class com/android/build/gradle/internal/variant/AbstractVariantInputManager done


Dynamic libraries:
0x00007ff712870000 - 0x00007ff71287a000 	C:\Program Files\Android\Android Studio\jre\bin\java.exe
0x00007fff1db70000 - 0x00007fff1dd65000 	C:\WINDOWS\SYSTEM32\ntdll.dll
0x00007fff1d4d0000 - 0x00007fff1d58d000 	C:\WINDOWS\System32\KERNEL32.DLL
0x00007fff1b300000 - 0x00007fff1b5cd000 	C:\WINDOWS\System32\KERNELBASE.dll
0x00007fff1b5d0000 - 0x00007fff1b6d0000 	C:\WINDOWS\System32\ucrtbase.dll
0x00007fff05640000 - 0x00007fff05657000 	C:\Program Files\Android\Android Studio\jre\bin\VCRUNTIME140.dll
0x00007fff05620000 - 0x00007fff05639000 	C:\Program Files\Android\Android Studio\jre\bin\jli.dll
0x00007fff1c740000 - 0x00007fff1c8e0000 	C:\WINDOWS\System32\USER32.dll
0x00007fff1b740000 - 0x00007fff1b762000 	C:\WINDOWS\System32\win32u.dll
0x00007fff1d950000 - 0x00007fff1d97a000 	C:\WINDOWS\System32\GDI32.dll
0x00007fff1b8c0000 - 0x00007fff1b9cb000 	C:\WINDOWS\System32\gdi32full.dll
0x00007fff1b820000 - 0x00007fff1b8bd000 	C:\WINDOWS\System32\msvcp_win.dll
0x00007ffeeec00000 - 0x00007ffeeee9a000 	C:\WINDOWS\WinSxS\amd64_microsoft.windows.common-controls_6595b64144ccf1df_6.0.19041.1110_none_60b5254171f9507e\COMCTL32.dll
0x00007fff1cd60000 - 0x00007fff1cdfe000 	C:\WINDOWS\System32\msvcrt.dll
0x00007fff1cf40000 - 0x00007fff1cf70000 	C:\WINDOWS\System32\IMM32.DLL
0x00007ffede790000 - 0x00007ffede82d000 	C:\Program Files\Android\Android Studio\jre\bin\msvcp140.dll
0x00007ffeb4420000 - 0x00007ffeb4f05000 	C:\Program Files\Android\Android Studio\jre\bin\server\jvm.dll
0x00007fff1c560000 - 0x00007fff1c60e000 	C:\WINDOWS\System32\ADVAPI32.dll
0x00007fff1d6b0000 - 0x00007fff1d74c000 	C:\WINDOWS\System32\sechost.dll
0x00007fff1c610000 - 0x00007fff1c735000 	C:\WINDOWS\System32\RPCRT4.dll
0x00007fff1d940000 - 0x00007fff1d948000 	C:\WINDOWS\System32\PSAPI.DLL
0x00007fff05c50000 - 0x00007fff05c59000 	C:\WINDOWS\SYSTEM32\WSOCK32.dll
0x00007fff0f6d0000 - 0x00007fff0f6f7000 	C:\WINDOWS\SYSTEM32\WINMM.dll
0x00007fff19a10000 - 0x00007fff19a1a000 	C:\WINDOWS\SYSTEM32\VERSION.dll
0x00007fff1cf70000 - 0x00007fff1cfdb000 	C:\WINDOWS\System32\WS2_32.dll
0x00007fff19b10000 - 0x00007fff19b22000 	C:\WINDOWS\SYSTEM32\kernel.appcore.dll
0x00007fff05240000 - 0x00007fff05251000 	C:\Program Files\Android\Android Studio\jre\bin\verify.dll
0x00007fff176e0000 - 0x00007fff178c4000 	C:\WINDOWS\SYSTEM32\DBGHELP.DLL
0x00007fff125f0000 - 0x00007fff1261c000 	C:\WINDOWS\SYSTEM32\dbgcore.DLL
0x00007fff1b9d0000 - 0x00007fff1ba52000 	C:\WINDOWS\System32\bcryptPrimitives.dll
0x00007ffef1080000 - 0x00007ffef10a9000 	C:\Program Files\Android\Android Studio\jre\bin\java.dll
0x00007fff19ad0000 - 0x00007fff19adb000 	C:\Program Files\Android\Android Studio\jre\bin\jimage.dll
0x00007fff04a50000 - 0x00007fff04a68000 	C:\Program Files\Android\Android Studio\jre\bin\zip.dll
0x00007fff1bd50000 - 0x00007fff1c494000 	C:\WINDOWS\System32\SHELL32.dll
0x00007fff191c0000 - 0x00007fff19954000 	C:\WINDOWS\SYSTEM32\windows.storage.dll
0x00007fff1d0f0000 - 0x00007fff1d444000 	C:\WINDOWS\System32\combase.dll
0x00007fff1ace0000 - 0x00007fff1ad0c000 	C:\WINDOWS\SYSTEM32\Wldp.dll
0x00007fff1bca0000 - 0x00007fff1bd4d000 	C:\WINDOWS\System32\SHCORE.dll
0x00007fff1ce00000 - 0x00007fff1ce55000 	C:\WINDOWS\System32\shlwapi.dll
0x00007fff1b1c0000 - 0x00007fff1b1df000 	C:\WINDOWS\SYSTEM32\profapi.dll
0x00007ffef1610000 - 0x00007ffef162a000 	C:\Program Files\Android\Android Studio\jre\bin\net.dll
0x00007fff164f0000 - 0x00007fff165fa000 	C:\WINDOWS\SYSTEM32\WINHTTP.dll
0x00007fff1aa40000 - 0x00007fff1aaaa000 	C:\WINDOWS\system32\mswsock.dll
0x00007ffef1060000 - 0x00007ffef1074000 	C:\Program Files\Android\Android Studio\jre\bin\nio.dll
0x00007fff04ab0000 - 0x00007fff04ad7000 	C:\Users\dede9\.gradle\native\e1d6ef7f7dcc3fd88c89a11ec53ec762bb8ba0a96d01ffa2cd45eb1d1d8dd5c5\windows-amd64\native-platform.dll
0x00007ffed98b0000 - 0x00007ffed99f4000 	C:\Users\dede9\.gradle\native\5664cfc778a61ccfe75a443a1ab52a65af34e5dc3c78e0209fed803814484fcb\windows-amd64\native-platform-file-events.dll
0x00007fff19a90000 - 0x00007fff19a9a000 	C:\Program Files\Android\Android Studio\jre\bin\management.dll
0x00007fff133e0000 - 0x00007fff133ed000 	C:\Program Files\Android\Android Studio\jre\bin\management_ext.dll
0x00007fff1ac30000 - 0x00007fff1ac48000 	C:\WINDOWS\SYSTEM32\CRYPTSP.dll
0x00007fff1a350000 - 0x00007fff1a384000 	C:\WINDOWS\system32\rsaenh.dll
0x00007fff1b280000 - 0x00007fff1b2a7000 	C:\WINDOWS\System32\bcrypt.dll
0x00007fff1b180000 - 0x00007fff1b1ae000 	C:\WINDOWS\SYSTEM32\USERENV.dll
0x00007fff1ac50000 - 0x00007fff1ac5c000 	C:\WINDOWS\SYSTEM32\CRYPTBASE.dll
0x00007fff1a6e0000 - 0x00007fff1a71b000 	C:\WINDOWS\SYSTEM32\IPHLPAPI.DLL
0x00007fff1d930000 - 0x00007fff1d938000 	C:\WINDOWS\System32\NSI.dll
0x00007fff15930000 - 0x00007fff15947000 	C:\WINDOWS\SYSTEM32\dhcpcsvc6.DLL
0x00007fff15910000 - 0x00007fff1592d000 	C:\WINDOWS\SYSTEM32\dhcpcsvc.DLL
0x00007fff1a780000 - 0x00007fff1a84b000 	C:\WINDOWS\SYSTEM32\DNSAPI.dll

dbghelp: loaded successfully - version: 4.0.5 - missing functions: none
symbol engine: initialized successfully - sym options: 0x614 - pdb path: .;C:\Program Files\Android\Android Studio\jre\bin;C:\WINDOWS\SYSTEM32;C:\WINDOWS\WinSxS\amd64_microsoft.windows.common-controls_6595b64144ccf1df_6.0.19041.1110_none_60b5254171f9507e;C:\Program Files\Android\Android Studio\jre\bin\server;C:\Users\dede9\.gradle\native\e1d6ef7f7dcc3fd88c89a11ec53ec762bb8ba0a96d01ffa2cd45eb1d1d8dd5c5\windows-amd64;C:\Users\dede9\.gradle\native\5664cfc778a61ccfe75a443a1ab52a65af34e5dc3c78e0209fed803814484fcb\windows-amd64

VM Arguments:
jvm_args: --add-opens=java.base/java.util=ALL-UNNAMED --add-opens=java.base/java.lang=ALL-UNNAMED --add-opens=java.base/java.lang.invoke=ALL-UNNAMED --add-opens=java.base/java.util=ALL-UNNAMED --add-opens=java.prefs/java.util.prefs=ALL-UNNAMED --add-opens=java.prefs/java.util.prefs=ALL-UNNAMED --add-opens=java.base/java.nio.charset=ALL-UNNAMED --add-opens=java.base/java.net=ALL-UNNAMED --add-opens=java.base/java.util.concurrent.atomic=ALL-UNNAMED -Xmx2048m -Dfile.encoding=UTF-8 -Duser.country=KR -Duser.language=ko -Duser.variant 
java_command: org.gradle.launcher.daemon.bootstrap.GradleDaemon 7.3.3
java_class_path (initial): C:\Users\dede9\.gradle\wrapper\dists\gradle-7.3.3-bin\6a41zxkdtcxs8rphpq6y0069z\gradle-7.3.3\lib\gradle-launcher-7.3.3.jar
Launcher Type: SUN_STANDARD

[Global flags]
     intx CICompilerCount                          = 4                                         {product} {ergonomic}
     uint ConcGCThreads                            = 2                                         {product} {ergonomic}
     uint G1ConcRefinementThreads                  = 8                                         {product} {ergonomic}
   size_t G1HeapRegionSize                         = 1048576                                   {product} {ergonomic}
    uintx GCDrainStackTargetSize                   = 64                                        {product} {ergonomic}
   size_t InitialHeapSize                          = 130023424                                 {product} {ergonomic}
   size_t MarkStackSize                            = 4194304                                   {product} {ergonomic}
   size_t MaxHeapSize                              = 2147483648                                {product} {command line}
   size_t MaxNewSize                               = 1287651328                                {product} {ergonomic}
   size_t MinHeapDeltaBytes                        = 1048576                                   {product} {ergonomic}
    uintx NonNMethodCodeHeapSize                   = 5836300                                {pd product} {ergonomic}
    uintx NonProfiledCodeHeapSize                  = 122910970                              {pd product} {ergonomic}
    uintx ProfiledCodeHeapSize                     = 122910970                              {pd product} {ergonomic}
    uintx ReservedCodeCacheSize                    = 251658240                              {pd product} {ergonomic}
     bool SegmentedCodeCache                       = true                                      {product} {ergonomic}
     bool UseCompressedClassPointers               = true                                 {lp64_product} {ergonomic}
     bool UseCompressedOops                        = true                                 {lp64_product} {ergonomic}
     bool UseG1GC                                  = true                                      {product} {ergonomic}
     bool UseLargePagesIndividualAllocation        = false                                  {pd product} {ergonomic}

Logging:
Log output configuration:
 #0: stdout all=warning uptime,level,tags
 #1: stderr all=off uptime,level,tags

Environment Variables:
JAVA_HOME=C:\Program Files\Java\jdk1.8.0_321
CLASSPATH=.;C:\_server\apache-tomcat-9.0.45\lib\servlet-api.jar;C:\Program Files\Java\jdk1.8.0_321\lib\mssql-jdbc-9.2.1.jre15.jar
PATH=C:\Program Files (x86)\VMware\VMware Workstation\bin\;C:\app\dede9\product\18.0.0\dbhomeXE\bin;C:\Program Files (x86)\Windows Resource Kits\Tools\;C:\Program Files\Java\jdk1.8.0_321\bin;C:\_server\apache-tomcat-9.0.45\bin;C:\Program Files\Common Files\Oracle\Java\javapath;C:\Program Files (x86)\Common Files\Oracle\Java\javapath;C:\WINDOWS\system32;C:\WINDOWS;C:\WINDOWS\System32\Wbem;C:\WINDOWS\System32\WindowsPowerShell\v1.0\;C:\WINDOWS\System32\OpenSSH\;C:\Program Files\Microsoft SQL Server\Client SDK\ODBC\170\Tools\Binn\;C:\Program Files (x86)\Microsoft SQL Server\150\Tools\Binn\;C:\Program Files\Microsoft SQL Server\150\Tools\Binn\;C:\Program Files\Microsoft SQL Server\150\DTS\Binn\;C:\Program Files (x86)\Microsoft SQL Server\150\DTS\Binn\;C:\Program Files\Git\cmd;C:\Users\dede9\anaconda3;C:\Users\dede9\anaconda3\Library\mingw-w64\bin;C:\Users\dede9\anaconda3\Library\usr\bin;C:\Users\dede9\anaconda3\Library\bin;C:\Users\dede9\anaconda3\Scripts;C:\Users\dede9\AppData\Local\Programs\Python\Python39\Scripts\;C:\Users\dede9\AppData\Local\Programs\Python\Python39\;C:\Users\dede9\AppData\Local\Microsoft\WindowsApps;C:\Program Files\Bandizip\;C:\Users\dede9\AppData\Local\Programs\Microsoft VS Code\bin;C:\Program Files\Azure Data Studio\bin;C:\Program Files\JetBrains\PyCharm Community Edition 2021.3.2\bin;;C:\Users\dede9\AppData\Local\GitHubDesktop\bin
USERNAME=dede9
OS=Windows_NT
PROCESSOR_IDENTIFIER=Intel64 Family 6 Model 140 Stepping 1, GenuineIntel



---------------  S Y S T E M  ---------------

OS: Windows 10 , 64 bit Build 19041 (10.0.19041.1706)
OS uptime: 4 days 7:11 hours

CPU:total 8 (initial active 8) (4 cores per cpu, 2 threads per core) family 6 model 140 stepping 1 microcode 0x8a, cmov, cx8, fxsr, mmx, sse, sse2, sse3, ssse3, sse4.1, sse4.2, popcnt, avx, avx2, aes, clmul, erms, 3dnowpref, lzcnt, ht, tsc, tscinvbit, bmi1, bmi2, adx, evex, sha, fma

Memory: 4k page, system-wide physical 7916M (471M free)
TotalPageFile size 16112M (AvailPageFile size 5M)
current process WorkingSet (physical memory assigned to process): 332M, peak: 332M
current process commit charge ("private bytes"): 373M, peak: 375M

vm_info: OpenJDK 64-Bit Server VM (11.0.12+7-b1504.28-7817840) for windows-amd64 JRE (11.0.12+7-b1504.28-7817840), built on Oct 13 2021 22:12:33 by "builder" with MS VC++ 14.0 (VS2015)

END.
